000 (12832479.000.000) 05/09 12:24:13 Job submitted from host: <137.138.44.75:9618?addrs=137.138.44.75-9618+[2001-1458-d00-1a--b]-9618&alias=bigbird14.cern.ch&noUDP&sock=schedd_6333_7d5e>
...
040 (12832479.000.000) 05/09 12:29:52 Started transferring input files
	Transferring to host: <128.142.193.161:9618?addrs=128.142.193.161-9618+[2001-1458-301-8--100-1d]-9618&alias=b9g21p2244.cern.ch&noUDP&sock=slot1_4_6422_a13e_1582>
...
040 (12832479.000.000) 05/09 12:29:52 Finished transferring input files
...
001 (12832479.000.000) 05/09 12:29:53 Job executing on host: <128.142.193.161:9618?addrs=128.142.193.161-9618+[2001-1458-301-8--100-1d]-9618&alias=b9g21p2244.cern.ch&noUDP&sock=startd_5441_a6e3>
...
006 (12832479.000.000) 05/09 12:29:54 Image size of job updated: 5964
	1  -  MemoryUsage of job (MB)
	468  -  ResidentSetSize of job (KB)
...
040 (12832479.000.000) 05/09 12:29:54 Started transferring output files
...
040 (12832479.000.000) 05/09 12:29:54 Finished transferring output files
...
005 (12832479.000.000) 05/09 12:29:54 Job terminated.
	(1) Normal termination (return value 127)
		Usr 0 00:00:00, Sys 0 00:00:00  -  Run Remote Usage
		Usr 0 00:00:00, Sys 0 00:00:00  -  Run Local Usage
		Usr 0 00:00:00, Sys 0 00:00:00  -  Total Remote Usage
		Usr 0 00:00:00, Sys 0 00:00:00  -  Total Local Usage
	215  -  Run Bytes Sent By Job
	304  -  Run Bytes Received By Job
	215  -  Total Bytes Sent By Job
	304  -  Total Bytes Received By Job
	Partitionable Resources :    Usage  Request Allocated 
	   Cpus                 :        0        3         3 
	   Disk (KB)            :       24        1   1391107 
	   Memory (MB)          :        1     6000      6000 

	Job terminated of its own accord at 2024-05-09T10:29:54Z.
...
000 (12832502.000.000) 05/09 12:35:04 Job submitted from host: <137.138.44.75:9618?addrs=137.138.44.75-9618+[2001-1458-d00-1a--b]-9618&alias=bigbird14.cern.ch&noUDP&sock=schedd_6333_7d5e>
...
040 (12832502.000.000) 05/09 12:36:13 Started transferring input files
	Transferring to host: <188.184.185.61:9618?addrs=188.184.185.61-9618+[2001-1458-301-52--100-3c]-9618&alias=b9g37p3666.cern.ch&noUDP&sock=slot1_6_4139586_9248_300>
...
040 (12832502.000.000) 05/09 12:36:13 Finished transferring input files
...
001 (12832502.000.000) 05/09 12:36:14 Job executing on host: <188.184.185.61:9618?addrs=188.184.185.61-9618+[2001-1458-301-52--100-3c]-9618&alias=b9g37p3666.cern.ch&noUDP&sock=startd_3805_7df3>
...
006 (12832502.000.000) 05/09 12:36:14 Image size of job updated: 5884
	2  -  MemoryUsage of job (MB)
	1408  -  ResidentSetSize of job (KB)
...
040 (12832502.000.000) 05/09 12:36:14 Started transferring output files
...
040 (12832502.000.000) 05/09 12:36:14 Finished transferring output files
...
005 (12832502.000.000) 05/09 12:36:14 Job terminated.
	(1) Normal termination (return value 127)
		Usr 0 00:00:00, Sys 0 00:00:00  -  Run Remote Usage
		Usr 0 00:00:00, Sys 0 00:00:00  -  Run Local Usage
		Usr 0 00:00:00, Sys 0 00:00:00  -  Total Remote Usage
		Usr 0 00:00:00, Sys 0 00:00:00  -  Total Local Usage
	215  -  Run Bytes Sent By Job
	304  -  Run Bytes Received By Job
	215  -  Total Bytes Sent By Job
	304  -  Total Bytes Received By Job
	Partitionable Resources :    Usage  Request Allocated 
	   Cpus                 :                 3         3 
	   Disk (KB)            :       17        1   2840411 
	   Memory (MB)          :        2     6000      6000 

	Job terminated of its own accord at 2024-05-09T10:36:14Z.
...
