000 (12832566.000.000) 05/09 13:08:54 Job submitted from host: <137.138.44.75:9618?addrs=137.138.44.75-9618+[2001-1458-d00-1a--b]-9618&alias=bigbird14.cern.ch&noUDP&sock=schedd_6333_7d5e>
...
040 (12832566.000.000) 05/09 13:10:51 Started transferring input files
	Transferring to host: <188.184.162.121:9618?addrs=188.184.162.121-9618+[2001-1458-301-4a--100-73]-9618&alias=b9s11p7994.cern.ch&noUDP&sock=slot1_1_3182_c1ba_114619>
...
040 (12832566.000.000) 05/09 13:10:51 Finished transferring input files
...
001 (12832566.000.000) 05/09 13:10:52 Job executing on host: <188.184.162.121:9618?addrs=188.184.162.121-9618+[2001-1458-301-4a--100-73]-9618&alias=b9s11p7994.cern.ch&noUDP&sock=startd_3135_ed7e>
...
006 (12832566.000.000) 05/09 13:10:52 Image size of job updated: 5716
	1  -  MemoryUsage of job (MB)
	628  -  ResidentSetSize of job (KB)
...
040 (12832566.000.000) 05/09 13:10:52 Started transferring output files
...
040 (12832566.000.000) 05/09 13:10:53 Finished transferring output files
...
005 (12832566.000.000) 05/09 13:10:53 Job terminated.
	(1) Normal termination (return value 127)
		Usr 0 00:00:00, Sys 0 00:00:00  -  Run Remote Usage
		Usr 0 00:00:00, Sys 0 00:00:00  -  Run Local Usage
		Usr 0 00:00:00, Sys 0 00:00:00  -  Total Remote Usage
		Usr 0 00:00:00, Sys 0 00:00:00  -  Total Local Usage
	215  -  Run Bytes Sent By Job
	304  -  Run Bytes Received By Job
	215  -  Total Bytes Sent By Job
	304  -  Total Bytes Received By Job
	Partitionable Resources :    Usage  Request Allocated 
	   Cpus                 :        0        3         3 
	   Disk (KB)            :       25        1   2905895 
	   Memory (MB)          :        1     6000      6000 

	Job terminated of its own accord at 2024-05-09T11:10:52Z.
...
000 (12832602.000.000) 05/09 13:52:11 Job submitted from host: <137.138.44.75:9618?addrs=137.138.44.75-9618+[2001-1458-d00-1a--b]-9618&alias=bigbird14.cern.ch&noUDP&sock=schedd_6333_7d5e>
...
040 (12832602.000.000) 05/09 13:55:59 Started transferring input files
	Transferring to host: <188.184.164.149:9618?addrs=188.184.164.149-9618+[2001-1458-301-4e--100-8f]-9618&alias=b9s13p8100.cern.ch&noUDP&sock=slot1_2_3457_84e6_17177>
...
040 (12832602.000.000) 05/09 13:55:59 Finished transferring input files
...
001 (12832602.000.000) 05/09 13:56:00 Job executing on host: <188.184.164.149:9618?addrs=188.184.164.149-9618+[2001-1458-301-4e--100-8f]-9618&alias=b9s13p8100.cern.ch&noUDP&sock=startd_3404_7078>
...
006 (12832602.000.000) 05/09 13:56:01 Image size of job updated: 6316
	2  -  MemoryUsage of job (MB)
	1088  -  ResidentSetSize of job (KB)
...
040 (12832602.000.000) 05/09 13:56:01 Started transferring output files
...
040 (12832602.000.000) 05/09 13:56:01 Finished transferring output files
...
005 (12832602.000.000) 05/09 13:56:01 Job terminated.
	(1) Normal termination (return value 127)
		Usr 0 00:00:00, Sys 0 00:00:00  -  Run Remote Usage
		Usr 0 00:00:00, Sys 0 00:00:00  -  Run Local Usage
		Usr 0 00:00:00, Sys 0 00:00:00  -  Total Remote Usage
		Usr 0 00:00:00, Sys 0 00:00:00  -  Total Local Usage
	215  -  Run Bytes Sent By Job
	304  -  Run Bytes Received By Job
	215  -  Total Bytes Sent By Job
	304  -  Total Bytes Received By Job
	Partitionable Resources :    Usage  Request Allocated 
	   Cpus                 :        0        3         3 
	   Disk (KB)            :       25        1   2700784 
	   Memory (MB)          :        2     6000      6000 

	Job terminated of its own accord at 2024-05-09T11:56:01Z.
...
