000 (12832565.000.000) 05/09 13:08:53 Job submitted from host: <137.138.44.75:9618?addrs=137.138.44.75-9618+[2001-1458-d00-1a--b]-9618&alias=bigbird14.cern.ch&noUDP&sock=schedd_6333_7d5e>
...
040 (12832565.000.000) 05/09 13:10:51 Started transferring input files
	Transferring to host: <188.184.163.33:9618?addrs=188.184.163.33-9618+[2001-1458-301-4d--100-1b]-9618&alias=b9s12p6557.cern.ch&noUDP&sock=slot1_18_9794_8247_42495>
...
040 (12832565.000.000) 05/09 13:10:51 Finished transferring input files
...
001 (12832565.000.000) 05/09 13:10:52 Job executing on host: <188.184.163.33:9618?addrs=188.184.163.33-9618+[2001-1458-301-4d--100-1b]-9618&alias=b9s12p6557.cern.ch&noUDP&sock=startd_8203_2778>
...
006 (12832565.000.000) 05/09 13:10:52 Image size of job updated: 5752
	1  -  MemoryUsage of job (MB)
	768  -  ResidentSetSize of job (KB)
...
040 (12832565.000.000) 05/09 13:10:52 Started transferring output files
...
040 (12832565.000.000) 05/09 13:10:53 Finished transferring output files
...
005 (12832565.000.000) 05/09 13:10:53 Job terminated.
	(1) Normal termination (return value 127)
		Usr 0 00:00:00, Sys 0 00:00:00  -  Run Remote Usage
		Usr 0 00:00:00, Sys 0 00:00:00  -  Run Local Usage
		Usr 0 00:00:00, Sys 0 00:00:00  -  Total Remote Usage
		Usr 0 00:00:00, Sys 0 00:00:00  -  Total Local Usage
	215  -  Run Bytes Sent By Job
	304  -  Run Bytes Received By Job
	215  -  Total Bytes Sent By Job
	304  -  Total Bytes Received By Job
	Partitionable Resources :    Usage  Request Allocated 
	   Cpus                 :        0        3         3 
	   Disk (KB)            :       25        1   2944706 
	   Memory (MB)          :        1     6000      6000 

	Job terminated of its own accord at 2024-05-09T11:10:52Z.
...
000 (12832601.000.000) 05/09 13:52:10 Job submitted from host: <137.138.44.75:9618?addrs=137.138.44.75-9618+[2001-1458-d00-1a--b]-9618&alias=bigbird14.cern.ch&noUDP&sock=schedd_6333_7d5e>
...
040 (12832601.000.000) 05/09 13:55:58 Started transferring input files
	Transferring to host: <188.184.164.171:9618?addrs=188.184.164.171-9618+[2001-1458-301-4e--100-a5]-9618&alias=b9s13p1731.cern.ch&noUDP&sock=slot1_16_3375658_2fef_15378>
...
040 (12832601.000.000) 05/09 13:55:58 Finished transferring input files
...
001 (12832601.000.000) 05/09 13:55:59 Job executing on host: <188.184.164.171:9618?addrs=188.184.164.171-9618+[2001-1458-301-4e--100-a5]-9618&alias=b9s13p1731.cern.ch&noUDP&sock=startd_6581_98db>
...
006 (12832601.000.000) 05/09 13:55:59 Image size of job updated: 6124
	1  -  MemoryUsage of job (MB)
	816  -  ResidentSetSize of job (KB)
...
040 (12832601.000.000) 05/09 13:55:59 Started transferring output files
...
040 (12832601.000.000) 05/09 13:55:59 Finished transferring output files
...
005 (12832601.000.000) 05/09 13:55:59 Job terminated.
	(1) Normal termination (return value 127)
		Usr 0 00:00:00, Sys 0 00:00:00  -  Run Remote Usage
		Usr 0 00:00:00, Sys 0 00:00:00  -  Run Local Usage
		Usr 0 00:00:00, Sys 0 00:00:00  -  Total Remote Usage
		Usr 0 00:00:00, Sys 0 00:00:00  -  Total Local Usage
	215  -  Run Bytes Sent By Job
	304  -  Run Bytes Received By Job
	215  -  Total Bytes Sent By Job
	304  -  Total Bytes Received By Job
	Partitionable Resources :    Usage  Request Allocated 
	   Cpus                 :        0        3         3 
	   Disk (KB)            :       24        1   2936004 
	   Memory (MB)          :        1     6000      6000 

	Job terminated of its own accord at 2024-05-09T11:55:59Z.
...
000 (13802352.000.000) 10/12 20:24:38 Job submitted from host: <137.138.44.75:9618?addrs=137.138.44.75-9618+[2001-1458-d00-1a--b]-9618&alias=bigbird14.cern.ch&noUDP&sock=schedd_1981_6134>
...
040 (13802352.000.000) 10/12 20:26:06 Started transferring input files
	Transferring to host: <188.185.192.85:9618?addrs=188.185.192.85-9618+[2001-1458-303-1f--100-51]-9618&alias=b9p13p6636.cern.ch&noUDP&sock=slot1_15_40834_ff36_65824>
...
040 (13802352.000.000) 10/12 20:26:06 Finished transferring input files
...
001 (13802352.000.000) 10/12 20:26:08 Job executing on host: <188.185.192.85:9618?addrs=188.185.192.85-9618+[2001-1458-303-1f--100-51]-9618&alias=b9p13p6636.cern.ch&noUDP&sock=startd_3066501_3430>
	SlotName: slot1_15@b9p13p6636.cern.ch
	CondorScratchDir = "/pool/condor/dir_1212764"
	Cpus = 3
	Disk = 2934211
	Memory = 6000
...
006 (13802352.000.000) 10/12 20:26:16 Image size of job updated: 1
	0  -  MemoryUsage of job (MB)
	0  -  ResidentSetSize of job (KB)
...
006 (13802352.000.000) 10/12 20:26:34 Image size of job updated: 104188
	63  -  MemoryUsage of job (MB)
	64196  -  ResidentSetSize of job (KB)
...
040 (13802352.000.000) 10/12 20:26:34 Started transferring output files
...
040 (13802352.000.000) 10/12 20:26:34 Finished transferring output files
...
005 (13802352.000.000) 10/12 20:26:34 Job terminated.
	(1) Normal termination (return value 0)
		Usr 0 00:00:00, Sys 0 00:00:00  -  Run Remote Usage
		Usr 0 00:00:00, Sys 0 00:00:00  -  Run Local Usage
		Usr 0 00:00:00, Sys 0 00:00:00  -  Total Remote Usage
		Usr 0 00:00:00, Sys 0 00:00:00  -  Total Local Usage
	45101  -  Run Bytes Sent By Job
	377  -  Run Bytes Received By Job
	45101  -  Total Bytes Sent By Job
	377  -  Total Bytes Received By Job
	Partitionable Resources :    Usage  Request Allocated 
	   Cpus                 :        0        3         3 
	   Disk (KB)            :       68        1   2934211 
	   Memory (MB)          :       63     6000      6000 

	Job terminated of its own accord at 2024-10-12T18:26:34Z with exit-code 0.
...
000 (13802391.000.000) 10/12 20:31:34 Job submitted from host: <137.138.44.75:9618?addrs=137.138.44.75-9618+[2001-1458-d00-1a--b]-9618&alias=bigbird14.cern.ch&noUDP&sock=schedd_1981_6134>
...
040 (13802391.000.000) 10/12 20:32:38 Started transferring input files
	Transferring to host: <128.142.248.192:9618?addrs=128.142.248.192-9618+[2001-1458-301-73--100-bf]-9618&alias=b9g23p1177.cern.ch&noUDP&sock=slot1_9_1073282_0336_11142>
...
040 (13802391.000.000) 10/12 20:32:38 Finished transferring input files
...
001 (13802391.000.000) 10/12 20:32:39 Job executing on host: <128.142.248.192:9618?addrs=128.142.248.192-9618+[2001-1458-301-73--100-bf]-9618&alias=b9g23p1177.cern.ch&noUDP&sock=startd_7287_dab7>
	SlotName: slot1_9@b9g23p1177.cern.ch
	CondorScratchDir = "/pool/condor/dir_256804"
	Cpus = 3
	Disk = 3025251
	Memory = 6000
...
006 (13802391.000.000) 10/12 20:32:41 Image size of job updated: 394988
	348  -  MemoryUsage of job (MB)
	356196  -  ResidentSetSize of job (KB)
...
040 (13802391.000.000) 10/12 20:32:41 Started transferring output files
...
040 (13802391.000.000) 10/12 20:32:41 Finished transferring output files
...
005 (13802391.000.000) 10/12 20:32:41 Job terminated.
	(1) Normal termination (return value 0)
		Usr 0 00:00:00, Sys 0 00:00:00  -  Run Remote Usage
		Usr 0 00:00:00, Sys 0 00:00:00  -  Run Local Usage
		Usr 0 00:00:00, Sys 0 00:00:00  -  Total Remote Usage
		Usr 0 00:00:00, Sys 0 00:00:00  -  Total Local Usage
	45101  -  Run Bytes Sent By Job
	377  -  Run Bytes Received By Job
	45101  -  Total Bytes Sent By Job
	377  -  Total Bytes Received By Job
	Partitionable Resources :    Usage  Request Allocated 
	   Cpus                 :                 3         3 
	   Disk (KB)            :       61        1   3025251 
	   Memory (MB)          :      348     6000      6000 

	Job terminated of its own accord at 2024-10-12T18:32:41Z with exit-code 0.
...
000 (13808246.000.000) 10/14 06:56:13 Job submitted from host: <137.138.44.75:9618?addrs=137.138.44.75-9618+[2001-1458-d00-1a--b]-9618&alias=bigbird14.cern.ch&noUDP&sock=schedd_1981_6134>
...
040 (13808246.000.000) 10/14 07:01:01 Started transferring input files
	Transferring to host: <188.185.196.171:9618?addrs=188.185.196.171-9618+[2001-1458-303-23--100-a7]-9618&alias=b9p16p0160.cern.ch&noUDP&sock=slot1_1_9674_f542_3369>
...
040 (13808246.000.000) 10/14 07:01:01 Finished transferring input files
...
001 (13808246.000.000) 10/14 07:01:02 Job executing on host: <188.185.196.171:9618?addrs=188.185.196.171-9618+[2001-1458-303-23--100-a7]-9618&alias=b9p16p0160.cern.ch&noUDP&sock=startd_9629_4585>
	SlotName: slot1_1@b9p16p0160.cern.ch
	CondorScratchDir = "/pool/condor/dir_997327"
	Cpus = 3
	Disk = 2976134
	Memory = 6000
...
006 (13808246.000.000) 10/14 07:01:10 Image size of job updated: 87240
	86  -  MemoryUsage of job (MB)
	87116  -  ResidentSetSize of job (KB)
...
006 (13808246.000.000) 10/14 07:01:27 Image size of job updated: 471680
	386  -  MemoryUsage of job (MB)
	395056  -  ResidentSetSize of job (KB)
...
040 (13808246.000.000) 10/14 07:01:27 Started transferring output files
...
040 (13808246.000.000) 10/14 07:01:27 Finished transferring output files
...
005 (13808246.000.000) 10/14 07:01:27 Job terminated.
	(1) Normal termination (return value 0)
		Usr 0 00:00:07, Sys 0 00:00:00  -  Run Remote Usage
		Usr 0 00:00:00, Sys 0 00:00:00  -  Run Local Usage
		Usr 0 00:00:07, Sys 0 00:00:00  -  Total Remote Usage
		Usr 0 00:00:00, Sys 0 00:00:00  -  Total Local Usage
	6778  -  Run Bytes Sent By Job
	377  -  Run Bytes Received By Job
	6778  -  Total Bytes Sent By Job
	377  -  Total Bytes Received By Job
	Partitionable Resources :    Usage  Request Allocated 
	   Cpus                 :        0        3         3 
	   Disk (KB)            :       28        1   2976134 
	   Memory (MB)          :      386     6000      6000 

	Job terminated of its own accord at 2024-10-14T05:01:27Z with exit-code 0.
...
000 (13808785.000.000) 10/14 13:46:58 Job submitted from host: <137.138.44.75:9618?addrs=137.138.44.75-9618+[2001-1458-d00-1a--b]-9618&alias=bigbird14.cern.ch&noUDP&sock=schedd_1981_6134>
...
040 (13808785.000.000) 10/14 13:50:37 Started transferring input files
	Transferring to host: <188.185.193.115:9618?addrs=188.185.193.115-9618+[2001-1458-303-20--100-6f]-9618&alias=b9p19p4659.cern.ch&noUDP&sock=slot1_7_3041756_05a5_48592>
...
040 (13808785.000.000) 10/14 13:50:37 Finished transferring input files
...
001 (13808785.000.000) 10/14 13:50:38 Job executing on host: <188.185.193.115:9618?addrs=188.185.193.115-9618+[2001-1458-303-20--100-6f]-9618&alias=b9p19p4659.cern.ch&noUDP&sock=startd_128788_6f31>
	SlotName: slot1_7@b9p19p4659.cern.ch
	CondorScratchDir = "/pool/condor/dir_415845"
	Cpus = 3
	Disk = 2986249
	Memory = 6000
...
006 (13808785.000.000) 10/14 13:50:46 Image size of job updated: 1
	0  -  MemoryUsage of job (MB)
	0  -  ResidentSetSize of job (KB)
...
006 (13808785.000.000) 10/14 13:55:47 Image size of job updated: 420556
	410  -  MemoryUsage of job (MB)
	419324  -  ResidentSetSize of job (KB)
...
006 (13808785.000.000) 10/14 14:00:48 Image size of job updated: 458516
	448  -  MemoryUsage of job (MB)
	458516  -  ResidentSetSize of job (KB)
...
006 (13808785.000.000) 10/14 14:05:48 Image size of job updated: 488028
	477  -  MemoryUsage of job (MB)
	488028  -  ResidentSetSize of job (KB)
...
006 (13808785.000.000) 10/14 14:10:48 Image size of job updated: 512384
	501  -  MemoryUsage of job (MB)
	512132  -  ResidentSetSize of job (KB)
...
006 (13808785.000.000) 10/14 14:10:48 Image size of job updated: 512388
	501  -  MemoryUsage of job (MB)
	512132  -  ResidentSetSize of job (KB)
...
040 (13808785.000.000) 10/14 14:10:48 Started transferring output files
...
040 (13808785.000.000) 10/14 14:10:48 Finished transferring output files
...
009 (13808785.000.000) 10/14 14:10:48 Job was aborted.
	Job removed by SYSTEM_PERIODIC_REMOVE due to wall time exceeded allowed max.
...
000 (13809409.000.000) 10/14 19:38:36 Job submitted from host: <137.138.44.75:9618?addrs=137.138.44.75-9618+[2001-1458-d00-1a--b]-9618&alias=bigbird14.cern.ch&noUDP&sock=schedd_1981_6134>
...
040 (13809409.000.000) 10/14 19:43:11 Started transferring input files
	Transferring to host: <128.142.161.94:9618?addrs=128.142.161.94-9618+[2001-1458-301-b8--100-1c]-9618&alias=b9g03p0774.cern.ch&noUDP&sock=slot1_14_2301819_77bc_65963>
...
040 (13809409.000.000) 10/14 19:43:11 Finished transferring input files
...
001 (13809409.000.000) 10/14 19:43:12 Job executing on host: <128.142.161.94:9618?addrs=128.142.161.94-9618+[2001-1458-301-b8--100-1c]-9618&alias=b9g03p0774.cern.ch&noUDP&sock=startd_4586_316a>
	SlotName: slot1_14@b9g03p0774.cern.ch
	CondorScratchDir = "/pool/condor/dir_1253472"
	Cpus = 3
	Disk = 3194211
	Memory = 6000
...
006 (13809409.000.000) 10/14 19:43:21 Image size of job updated: 80660
	79  -  MemoryUsage of job (MB)
	80408  -  ResidentSetSize of job (KB)
...
006 (13809409.000.000) 10/14 19:48:22 Image size of job updated: 104528
	98  -  MemoryUsage of job (MB)
	99784  -  ResidentSetSize of job (KB)
...
006 (13809409.000.000) 10/14 19:53:23 Image size of job updated: 110904
	98  -  MemoryUsage of job (MB)
	99784  -  ResidentSetSize of job (KB)
...
006 (13809409.000.000) 10/14 19:58:23 Image size of job updated: 119556
	117  -  MemoryUsage of job (MB)
	119328  -  ResidentSetSize of job (KB)
...
006 (13809409.000.000) 10/14 19:59:26 Image size of job updated: 125464
	117  -  MemoryUsage of job (MB)
	119328  -  ResidentSetSize of job (KB)
...
040 (13809409.000.000) 10/14 19:59:26 Started transferring output files
...
040 (13809409.000.000) 10/14 19:59:26 Finished transferring output files
...
004 (13809409.000.000) 10/14 19:59:26 Job was evicted.
	(0) CPU times
		Usr 0 00:15:55, Sys 0 00:00:03  -  Run Remote Usage
		Usr 0 00:00:00, Sys 0 00:00:00  -  Run Local Usage
	6933  -  Run Bytes Sent By Job
	377  -  Run Bytes Received By Job
	Partitionable Resources :    Usage  Request Allocated 
	   Cpus                 :     0.99        3         3 
	   Disk (KB)            :    29           1   3194211 
	   Memory (MB)          :   117        6000      6000 
...
009 (13809409.000.000) 10/14 19:59:26 Job was aborted.
	via condor_rm (by user cagrawal)
...
000 (13809458.000.000) 10/14 21:03:39 Job submitted from host: <137.138.44.75:9618?addrs=137.138.44.75-9618+[2001-1458-d00-1a--b]-9618&alias=bigbird14.cern.ch&noUDP&sock=schedd_1981_6134>
...
040 (13809458.000.000) 10/14 21:05:32 Started transferring input files
	Transferring to host: <128.142.248.105:9618?addrs=128.142.248.105-9618+[2001-1458-301-73--100-159]-9618&alias=b9g23p9995.cern.ch&noUDP&sock=slot1_33_2365944_54cb_77729>
...
040 (13809458.000.000) 10/14 21:05:32 Finished transferring input files
...
001 (13809458.000.000) 10/14 21:05:33 Job executing on host: <128.142.248.105:9618?addrs=128.142.248.105-9618+[2001-1458-301-73--100-159]-9618&alias=b9g23p9995.cern.ch&noUDP&sock=startd_5256_c1de>
	SlotName: slot1_33@b9g23p9995.cern.ch
	CondorScratchDir = "/pool/condor/dir_1751122"
	Cpus = 3
	Disk = 2919005
	Memory = 6000
...
006 (13809458.000.000) 10/14 21:05:42 Image size of job updated: 69044
	68  -  MemoryUsage of job (MB)
	68824  -  ResidentSetSize of job (KB)
...
006 (13809458.000.000) 10/14 21:06:07 Image size of job updated: 463112
	378  -  MemoryUsage of job (MB)
	386924  -  ResidentSetSize of job (KB)
...
040 (13809458.000.000) 10/14 21:06:07 Started transferring output files
...
040 (13809458.000.000) 10/14 21:06:07 Finished transferring output files
...
005 (13809458.000.000) 10/14 21:06:07 Job terminated.
	(1) Normal termination (return value 0)
		Usr 0 00:00:12, Sys 0 00:00:00  -  Run Remote Usage
		Usr 0 00:00:00, Sys 0 00:00:00  -  Run Local Usage
		Usr 0 00:00:12, Sys 0 00:00:00  -  Total Remote Usage
		Usr 0 00:00:00, Sys 0 00:00:00  -  Total Local Usage
	6782  -  Run Bytes Sent By Job
	377  -  Run Bytes Received By Job
	6782  -  Total Bytes Sent By Job
	377  -  Total Bytes Received By Job
	Partitionable Resources :    Usage  Request Allocated 
	   Cpus                 :                 3         3 
	   Disk (KB)            :       22        1   2919005 
	   Memory (MB)          :      378     6000      6000 

	Job terminated of its own accord at 2024-10-14T19:06:07Z with exit-code 0.
...
000 (13810262.000.000) 10/15 07:39:41 Job submitted from host: <137.138.44.75:9618?addrs=137.138.44.75-9618+[2001-1458-d00-1a--b]-9618&alias=bigbird14.cern.ch&noUDP&sock=schedd_1981_6134>
...
040 (13810262.000.000) 10/15 07:42:13 Started transferring input files
	Transferring to host: <188.185.208.42:9618?addrs=188.185.208.42-9618+[2001-1458-303-f--100-27]-9618&alias=b9p09p6486.cern.ch&noUDP&sock=slot1_8_7592_002e_64858>
...
040 (13810262.000.000) 10/15 07:42:13 Finished transferring input files
...
001 (13810262.000.000) 10/15 07:42:14 Job executing on host: <188.185.208.42:9618?addrs=188.185.208.42-9618+[2001-1458-303-f--100-27]-9618&alias=b9p09p6486.cern.ch&noUDP&sock=startd_6610_7d1a>
	SlotName: slot1_8@b9p09p6486.cern.ch
	CondorScratchDir = "/pool/condor/dir_2703791"
	Cpus = 3
	Disk = 2663310
	Memory = 6000
...
006 (13810262.000.000) 10/15 07:42:23 Image size of job updated: 126600
	124  -  MemoryUsage of job (MB)
	126348  -  ResidentSetSize of job (KB)
...
006 (13810262.000.000) 10/15 07:42:38 Image size of job updated: 465212
	380  -  MemoryUsage of job (MB)
	388532  -  ResidentSetSize of job (KB)
...
040 (13810262.000.000) 10/15 07:42:38 Started transferring output files
...
040 (13810262.000.000) 10/15 07:42:38 Finished transferring output files
...
005 (13810262.000.000) 10/15 07:42:38 Job terminated.
	(1) Normal termination (return value 0)
		Usr 0 00:00:07, Sys 0 00:00:00  -  Run Remote Usage
		Usr 0 00:00:00, Sys 0 00:00:00  -  Run Local Usage
		Usr 0 00:00:07, Sys 0 00:00:00  -  Total Remote Usage
		Usr 0 00:00:00, Sys 0 00:00:00  -  Total Local Usage
	6782  -  Run Bytes Sent By Job
	377  -  Run Bytes Received By Job
	6782  -  Total Bytes Sent By Job
	377  -  Total Bytes Received By Job
	Partitionable Resources :    Usage  Request Allocated 
	   Cpus                 :        0        3         3 
	   Disk (KB)            :       32        1   2663310 
	   Memory (MB)          :      380     6000      6000 

	Job terminated of its own accord at 2024-10-15T05:42:38Z with exit-code 0.
...
000 (13810298.000.000) 10/15 08:12:07 Job submitted from host: <137.138.44.75:9618?addrs=137.138.44.75-9618+[2001-1458-d00-1a--b]-9618&alias=bigbird14.cern.ch&noUDP&sock=schedd_1981_6134>
...
040 (13810298.000.000) 10/15 08:13:58 Started transferring input files
	Transferring to host: <188.185.196.133:9618?addrs=188.185.196.133-9618+[2001-1458-303-23--100-81]-9618&alias=b9p16p2227.cern.ch&noUDP&sock=slot1_3_1318844_a7f7_18553>
...
040 (13810298.000.000) 10/15 08:13:58 Finished transferring input files
...
001 (13810298.000.000) 10/15 08:13:59 Job executing on host: <188.185.196.133:9618?addrs=188.185.196.133-9618+[2001-1458-303-23--100-81]-9618&alias=b9p16p2227.cern.ch&noUDP&sock=startd_174527_957d>
	SlotName: slot1_3@b9p16p2227.cern.ch
	CondorScratchDir = "/pool/condor/dir_3785000"
	Cpus = 3
	Disk = 3007844
	Memory = 6000
...
006 (13810298.000.000) 10/15 08:14:08 Image size of job updated: 123280
	121  -  MemoryUsage of job (MB)
	123268  -  ResidentSetSize of job (KB)
...
006 (13810298.000.000) 10/15 08:14:34 Image size of job updated: 472552
	387  -  MemoryUsage of job (MB)
	395832  -  ResidentSetSize of job (KB)
...
040 (13810298.000.000) 10/15 08:14:34 Started transferring output files
...
040 (13810298.000.000) 10/15 08:14:34 Finished transferring output files
...
005 (13810298.000.000) 10/15 08:14:34 Job terminated.
	(1) Normal termination (return value 0)
		Usr 0 00:00:10, Sys 0 00:00:00  -  Run Remote Usage
		Usr 0 00:00:00, Sys 0 00:00:00  -  Run Local Usage
		Usr 0 00:00:10, Sys 0 00:00:00  -  Total Remote Usage
		Usr 0 00:00:00, Sys 0 00:00:00  -  Total Local Usage
	6782  -  Run Bytes Sent By Job
	377  -  Run Bytes Received By Job
	6782  -  Total Bytes Sent By Job
	377  -  Total Bytes Received By Job
	Partitionable Resources :    Usage  Request Allocated 
	   Cpus                 :        0        3         3 
	   Disk (KB)            :       28        1   3007844 
	   Memory (MB)          :      387     6000      6000 

	Job terminated of its own accord at 2024-10-15T06:14:34Z with exit-code 0.
...
000 (13810446.000.000) 10/15 09:33:39 Job submitted from host: <137.138.44.75:9618?addrs=137.138.44.75-9618+[2001-1458-d00-1a--b]-9618&alias=bigbird14.cern.ch&noUDP&sock=schedd_1981_6134>
...
040 (13810446.000.000) 10/15 09:38:34 Started transferring input files
	Transferring to host: <128.142.248.166:9618?addrs=128.142.248.166-9618+[2001-1458-301-73--100-a5]-9618&alias=b9g23p1354.cern.ch&noUDP&sock=slot1_20_5375_ec74_78712>
...
040 (13810446.000.000) 10/15 09:38:34 Finished transferring input files
...
001 (13810446.000.000) 10/15 09:38:35 Job executing on host: <128.142.248.166:9618?addrs=128.142.248.166-9618+[2001-1458-301-73--100-a5]-9618&alias=b9g23p1354.cern.ch&noUDP&sock=startd_4154_e080>
	SlotName: slot1_20@b9g23p1354.cern.ch
	CondorScratchDir = "/pool/condor/dir_2140006"
	Cpus = 3
	Disk = 2883167
	Memory = 6000
...
006 (13810446.000.000) 10/15 09:38:45 Image size of job updated: 137496
	135  -  MemoryUsage of job (MB)
	137304  -  ResidentSetSize of job (KB)
...
006 (13810446.000.000) 10/15 09:39:06 Image size of job updated: 482284
	402  -  MemoryUsage of job (MB)
	411496  -  ResidentSetSize of job (KB)
...
040 (13810446.000.000) 10/15 09:39:06 Started transferring output files
...
040 (13810446.000.000) 10/15 09:39:06 Finished transferring output files
...
005 (13810446.000.000) 10/15 09:39:06 Job terminated.
	(1) Normal termination (return value 0)
		Usr 0 00:00:10, Sys 0 00:00:00  -  Run Remote Usage
		Usr 0 00:00:00, Sys 0 00:00:00  -  Run Local Usage
		Usr 0 00:00:10, Sys 0 00:00:00  -  Total Remote Usage
		Usr 0 00:00:00, Sys 0 00:00:00  -  Total Local Usage
	7441  -  Run Bytes Sent By Job
	377  -  Run Bytes Received By Job
	7441  -  Total Bytes Sent By Job
	377  -  Total Bytes Received By Job
	Partitionable Resources :    Usage  Request Allocated 
	   Cpus                 :                 3         3 
	   Disk (KB)            :       22        1   2883167 
	   Memory (MB)          :      402     6000      6000 

	Job terminated of its own accord at 2024-10-15T07:39:06Z with exit-code 0.
...
000 (13811540.000.000) 10/15 12:21:25 Job submitted from host: <137.138.44.75:9618?addrs=137.138.44.75-9618+[2001-1458-d00-1a--b]-9618&alias=bigbird14.cern.ch&noUDP&sock=schedd_1981_6134>
...
040 (13811540.000.000) 10/15 12:22:05 Started transferring input files
	Transferring to host: <188.185.194.67:9618?addrs=188.185.194.67-9618+[2001-1458-303-21--100-3f]-9618&alias=b9p20p0635.cern.ch&noUDP&sock=slot1_9_2467191_0081_9308>
...
040 (13811540.000.000) 10/15 12:22:05 Finished transferring input files
...
001 (13811540.000.000) 10/15 12:22:06 Job executing on host: <188.185.194.67:9618?addrs=188.185.194.67-9618+[2001-1458-303-21--100-3f]-9618&alias=b9p20p0635.cern.ch&noUDP&sock=startd_128372_17cb>
	SlotName: slot1_9@b9p20p0635.cern.ch
	CondorScratchDir = "/pool/condor/dir_30173"
	Cpus = 3
	Disk = 3081963
	Memory = 6000
...
006 (13811540.000.000) 10/15 12:22:14 Image size of job updated: 1
	0  -  MemoryUsage of job (MB)
	0  -  ResidentSetSize of job (KB)
...
006 (13811540.000.000) 10/15 12:22:51 Image size of job updated: 488800
	405  -  MemoryUsage of job (MB)
	414204  -  ResidentSetSize of job (KB)
...
040 (13811540.000.000) 10/15 12:22:51 Started transferring output files
...
040 (13811540.000.000) 10/15 12:22:51 Finished transferring output files
...
005 (13811540.000.000) 10/15 12:22:51 Job terminated.
	(1) Normal termination (return value 0)
		Usr 0 00:00:09, Sys 0 00:00:00  -  Run Remote Usage
		Usr 0 00:00:00, Sys 0 00:00:00  -  Run Local Usage
		Usr 0 00:00:09, Sys 0 00:00:00  -  Total Remote Usage
		Usr 0 00:00:00, Sys 0 00:00:00  -  Total Local Usage
	6783  -  Run Bytes Sent By Job
	377  -  Run Bytes Received By Job
	6783  -  Total Bytes Sent By Job
	377  -  Total Bytes Received By Job
	Partitionable Resources :    Usage  Request Allocated 
	   Cpus                 :        0        3         3 
	   Disk (KB)            :       28        1   3081963 
	   Memory (MB)          :      405     6000      6000 

	Job terminated of its own accord at 2024-10-15T10:22:51Z with exit-code 0.
...
000 (13811603.000.000) 10/15 12:35:05 Job submitted from host: <137.138.44.75:9618?addrs=137.138.44.75-9618+[2001-1458-d00-1a--b]-9618&alias=bigbird14.cern.ch&noUDP&sock=schedd_1981_6134>
...
040 (13811603.000.000) 10/15 12:52:07 Started transferring input files
	Transferring to host: <188.185.193.19:9618?addrs=188.185.193.19-9618+[2001-1458-303-20--100-f]-9618&alias=b9p19p4256.cern.ch&noUDP&sock=slot1_26_164562_90dd_22290>
...
040 (13811603.000.000) 10/15 12:52:07 Finished transferring input files
...
001 (13811603.000.000) 10/15 12:52:08 Job executing on host: <188.185.193.19:9618?addrs=188.185.193.19-9618+[2001-1458-303-20--100-f]-9618&alias=b9p19p4256.cern.ch&noUDP&sock=startd_128076_0fc3>
	SlotName: slot1_26@b9p19p4256.cern.ch
	CondorScratchDir = "/pool/condor/dir_1807183"
	Cpus = 3
	Disk = 2956415
	Memory = 6000
...
006 (13811603.000.000) 10/15 12:52:16 Image size of job updated: 124576
	122  -  MemoryUsage of job (MB)
	124576  -  ResidentSetSize of job (KB)
...
006 (13811603.000.000) 10/15 12:52:30 Image size of job updated: 471776
	386  -  MemoryUsage of job (MB)
	395176  -  ResidentSetSize of job (KB)
...
040 (13811603.000.000) 10/15 12:52:30 Started transferring output files
...
040 (13811603.000.000) 10/15 12:52:30 Finished transferring output files
...
005 (13811603.000.000) 10/15 12:52:30 Job terminated.
	(1) Normal termination (return value 0)
		Usr 0 00:00:09, Sys 0 00:00:00  -  Run Remote Usage
		Usr 0 00:00:00, Sys 0 00:00:00  -  Run Local Usage
		Usr 0 00:00:09, Sys 0 00:00:00  -  Total Remote Usage
		Usr 0 00:00:00, Sys 0 00:00:00  -  Total Local Usage
	6783  -  Run Bytes Sent By Job
	377  -  Run Bytes Received By Job
	6783  -  Total Bytes Sent By Job
	377  -  Total Bytes Received By Job
	Partitionable Resources :    Usage  Request Allocated 
	   Cpus                 :        0        3         3 
	   Disk (KB)            :       28        1   2956415 
	   Memory (MB)          :      386     6000      6000 

	Job terminated of its own accord at 2024-10-15T10:52:30Z with exit-code 0.
...
000 (13812183.000.000) 10/15 13:03:19 Job submitted from host: <137.138.44.75:9618?addrs=137.138.44.75-9618+[2001-1458-d00-1a--b]-9618&alias=bigbird14.cern.ch&noUDP&sock=schedd_1981_6134>
...
040 (13812183.000.000) 10/15 13:05:44 Started transferring input files
	Transferring to host: <188.185.194.168:9618?addrs=188.185.194.168-9618+[2001-1458-303-21--100-a4]-9618&alias=b9p20p7306.cern.ch&noUDP&sock=slot1_19_3644343_137d_17591>
...
040 (13812183.000.000) 10/15 13:05:44 Finished transferring input files
...
001 (13812183.000.000) 10/15 13:05:45 Job executing on host: <188.185.194.168:9618?addrs=188.185.194.168-9618+[2001-1458-303-21--100-a4]-9618&alias=b9p20p7306.cern.ch&noUDP&sock=startd_177979_5e6a>
	SlotName: slot1_19@b9p20p7306.cern.ch
	CondorScratchDir = "/pool/condor/dir_693859"
	Cpus = 3
	Disk = 3010830
	Memory = 6000
...
006 (13812183.000.000) 10/15 13:05:53 Image size of job updated: 154884
	152  -  MemoryUsage of job (MB)
	154884  -  ResidentSetSize of job (KB)
...
006 (13812183.000.000) 10/15 13:06:13 Image size of job updated: 506340
	422  -  MemoryUsage of job (MB)
	431996  -  ResidentSetSize of job (KB)
...
040 (13812183.000.000) 10/15 13:06:13 Started transferring output files
...
040 (13812183.000.000) 10/15 13:06:13 Finished transferring output files
...
005 (13812183.000.000) 10/15 13:06:13 Job terminated.
	(1) Normal termination (return value 0)
		Usr 0 00:00:10, Sys 0 00:00:00  -  Run Remote Usage
		Usr 0 00:00:00, Sys 0 00:00:00  -  Run Local Usage
		Usr 0 00:00:10, Sys 0 00:00:00  -  Total Remote Usage
		Usr 0 00:00:00, Sys 0 00:00:00  -  Total Local Usage
	6782  -  Run Bytes Sent By Job
	384  -  Run Bytes Received By Job
	6782  -  Total Bytes Sent By Job
	384  -  Total Bytes Received By Job
	Partitionable Resources :    Usage  Request Allocated 
	   Cpus                 :     0.08        3         3 
	   Disk (KB)            :    29           1   3010830 
	   Memory (MB)          :   422        6000      6000 

	Job terminated of its own accord at 2024-10-15T11:06:13Z with exit-code 0.
...
000 (13812470.000.000) 10/15 13:17:29 Job submitted from host: <137.138.44.75:9618?addrs=137.138.44.75-9618+[2001-1458-d00-1a--b]-9618&alias=bigbird14.cern.ch&noUDP&sock=schedd_1981_6134>
...
040 (13812470.000.000) 10/15 13:41:03 Started transferring input files
	Transferring to host: <188.185.204.244:9618?addrs=188.185.204.244-9618+[2001-1458-303-8--100-71]-9618&alias=b9p02p9926.cern.ch&noUDP&sock=slot1_28_4708_f639_56830>
...
040 (13812470.000.000) 10/15 13:41:03 Finished transferring input files
...
001 (13812470.000.000) 10/15 13:41:04 Job executing on host: <188.185.204.244:9618?addrs=188.185.204.244-9618+[2001-1458-303-8--100-71]-9618&alias=b9p02p9926.cern.ch&noUDP&sock=startd_3948_93fe>
	SlotName: slot1_28@b9p02p9926.cern.ch
	CondorScratchDir = "/pool/condor/dir_364662"
	Cpus = 3
	Disk = 2667968
	Memory = 6000
...
006 (13812470.000.000) 10/15 13:41:12 Image size of job updated: 172140
	169  -  MemoryUsage of job (MB)
	172140  -  ResidentSetSize of job (KB)
...
006 (13812470.000.000) 10/15 13:41:31 Image size of job updated: 499544
	426  -  MemoryUsage of job (MB)
	435444  -  ResidentSetSize of job (KB)
...
040 (13812470.000.000) 10/15 13:41:31 Started transferring output files
...
040 (13812470.000.000) 10/15 13:41:31 Finished transferring output files
...
005 (13812470.000.000) 10/15 13:41:31 Job terminated.
	(1) Normal termination (return value 0)
		Usr 0 00:00:07, Sys 0 00:00:00  -  Run Remote Usage
		Usr 0 00:00:00, Sys 0 00:00:00  -  Run Local Usage
		Usr 0 00:00:07, Sys 0 00:00:00  -  Total Remote Usage
		Usr 0 00:00:00, Sys 0 00:00:00  -  Total Local Usage
	7213  -  Run Bytes Sent By Job
	391  -  Run Bytes Received By Job
	7213  -  Total Bytes Sent By Job
	391  -  Total Bytes Received By Job
	Partitionable Resources :    Usage  Request Allocated 
	   Cpus                 :        0        3         3 
	   Disk (KB)            :       34        1   2667968 
	   Memory (MB)          :      426     6000      6000 

	Job terminated of its own accord at 2024-10-15T11:41:31Z with exit-code 0.
...
000 (13818214.000.000) 10/15 19:48:20 Job submitted from host: <137.138.44.75:9618?addrs=137.138.44.75-9618+[2001-1458-d00-1a--b]-9618&alias=bigbird14.cern.ch&noUDP&sock=schedd_1981_6134>
...
040 (13818214.000.000) 10/15 19:52:03 Started transferring input files
	Transferring to host: <188.185.209.83:9618?addrs=188.185.209.83-9618+[2001-1458-303-11--100-50]-9618&alias=b9p11p6576.cern.ch&noUDP&sock=slot1_24_64708_63c0_181260>
...
040 (13818214.000.000) 10/15 19:52:03 Finished transferring input files
...
001 (13818214.000.000) 10/15 19:52:04 Job executing on host: <188.185.209.83:9618?addrs=188.185.209.83-9618+[2001-1458-303-11--100-50]-9618&alias=b9p11p6576.cern.ch&noUDP&sock=startd_3697_69b8>
	SlotName: slot1_24@b9p11p6576.cern.ch
	CondorScratchDir = "/pool/condor/dir_12951"
	Cpus = 3
	Disk = 2838108
	Memory = 6000
...
006 (13818214.000.000) 10/15 19:52:14 Image size of job updated: 141016
	138  -  MemoryUsage of job (MB)
	140772  -  ResidentSetSize of job (KB)
...
006 (13818214.000.000) 10/15 19:52:35 Image size of job updated: 486412
	401  -  MemoryUsage of job (MB)
	409740  -  ResidentSetSize of job (KB)
...
040 (13818214.000.000) 10/15 19:52:36 Started transferring output files
...
040 (13818214.000.000) 10/15 19:52:36 Finished transferring output files
...
005 (13818214.000.000) 10/15 19:52:36 Job terminated.
	(1) Normal termination (return value 0)
		Usr 0 00:00:08, Sys 0 00:00:01  -  Run Remote Usage
		Usr 0 00:00:00, Sys 0 00:00:00  -  Run Local Usage
		Usr 0 00:00:08, Sys 0 00:00:01  -  Total Remote Usage
		Usr 0 00:00:00, Sys 0 00:00:00  -  Total Local Usage
	6807  -  Run Bytes Sent By Job
	391  -  Run Bytes Received By Job
	6807  -  Total Bytes Sent By Job
	391  -  Total Bytes Received By Job
	Partitionable Resources :    Usage  Request Allocated 
	   Cpus                 :        0        3         3 
	   Disk (KB)            :       34        1   2838108 
	   Memory (MB)          :      401     6000      6000 

	Job terminated of its own accord at 2024-10-15T17:52:35Z with exit-code 0.
...
000 (13821683.000.000) 10/16 04:52:44 Job submitted from host: <137.138.44.75:9618?addrs=137.138.44.75-9618+[2001-1458-d00-1a--b]-9618&alias=bigbird14.cern.ch&noUDP&sock=schedd_1981_6134>
...
040 (13821683.000.000) 10/16 04:54:55 Started transferring input files
	Transferring to host: <188.185.193.57:9618?addrs=188.185.193.57-9618+[2001-1458-303-20--100-35]-9618&alias=b9p19p6242.cern.ch&noUDP&sock=slot1_24_8349_602d_53248>
...
040 (13821683.000.000) 10/16 04:54:55 Finished transferring input files
...
001 (13821683.000.000) 10/16 04:54:56 Job executing on host: <188.185.193.57:9618?addrs=188.185.193.57-9618+[2001-1458-303-20--100-35]-9618&alias=b9p19p6242.cern.ch&noUDP&sock=startd_7882_f991>
	SlotName: slot1_24@b9p19p6242.cern.ch
	CondorScratchDir = "/pool/condor/dir_3426121"
	Cpus = 3
	Disk = 2872413
	Memory = 6000
...
006 (13821683.000.000) 10/16 04:55:05 Image size of job updated: 260868
	255  -  MemoryUsage of job (MB)
	260728  -  ResidentSetSize of job (KB)
...
006 (13821683.000.000) 10/16 04:55:40 Image size of job updated: 607432
	525  -  MemoryUsage of job (MB)
	536880  -  ResidentSetSize of job (KB)
...
040 (13821683.000.000) 10/16 04:55:40 Started transferring output files
...
040 (13821683.000.000) 10/16 04:55:40 Finished transferring output files
...
005 (13821683.000.000) 10/16 04:55:40 Job terminated.
	(1) Normal termination (return value 0)
		Usr 0 00:00:11, Sys 0 00:00:00  -  Run Remote Usage
		Usr 0 00:00:00, Sys 0 00:00:00  -  Run Local Usage
		Usr 0 00:00:11, Sys 0 00:00:00  -  Total Remote Usage
		Usr 0 00:00:00, Sys 0 00:00:00  -  Total Local Usage
	6807  -  Run Bytes Sent By Job
	391  -  Run Bytes Received By Job
	6807  -  Total Bytes Sent By Job
	391  -  Total Bytes Received By Job
	Partitionable Resources :    Usage  Request Allocated 
	   Cpus                 :        0        3         3 
	   Disk (KB)            :       29        1   2872413 
	   Memory (MB)          :      525     6000      6000 

	Job terminated of its own accord at 2024-10-16T02:55:40Z with exit-code 0.
...
000 (13822180.000.000) 10/16 05:47:04 Job submitted from host: <137.138.44.75:9618?addrs=137.138.44.75-9618+[2001-1458-d00-1a--b]-9618&alias=bigbird14.cern.ch&noUDP&sock=schedd_1981_6134>
...
040 (13822180.000.000) 10/16 05:50:18 Started transferring input files
	Transferring to host: <188.185.195.171:9618?addrs=188.185.195.171-9618+[2001-1458-303-22--100-a7]-9618&alias=b9p17p1073.cern.ch&noUDP&sock=slot1_3_3712762_737b_59594>
...
040 (13822180.000.000) 10/16 05:50:18 Finished transferring input files
...
001 (13822180.000.000) 10/16 05:50:19 Job executing on host: <188.185.195.171:9618?addrs=188.185.195.171-9618+[2001-1458-303-22--100-a7]-9618&alias=b9p17p1073.cern.ch&noUDP&sock=startd_178171_1099>
	SlotName: slot1_3@b9p17p1073.cern.ch
	CondorScratchDir = "/pool/condor/dir_1604656"
	Cpus = 3
	Disk = 3009381
	Memory = 6000
...
006 (13822180.000.000) 10/16 05:50:28 Image size of job updated: 1
	0  -  MemoryUsage of job (MB)
	0  -  ResidentSetSize of job (KB)
...
006 (13822180.000.000) 10/16 05:51:26 Image size of job updated: 471436
	386  -  MemoryUsage of job (MB)
	394876  -  ResidentSetSize of job (KB)
...
040 (13822180.000.000) 10/16 05:51:26 Started transferring output files
...
040 (13822180.000.000) 10/16 05:51:26 Finished transferring output files
...
005 (13822180.000.000) 10/16 05:51:26 Job terminated.
	(1) Normal termination (return value 0)
		Usr 0 00:00:08, Sys 0 00:00:00  -  Run Remote Usage
		Usr 0 00:00:00, Sys 0 00:00:00  -  Run Local Usage
		Usr 0 00:00:08, Sys 0 00:00:00  -  Total Remote Usage
		Usr 0 00:00:00, Sys 0 00:00:00  -  Total Local Usage
	6807  -  Run Bytes Sent By Job
	391  -  Run Bytes Received By Job
	6807  -  Total Bytes Sent By Job
	391  -  Total Bytes Received By Job
	Partitionable Resources :    Usage  Request Allocated 
	   Cpus                 :        0        3         3 
	   Disk (KB)            :       29        1   3009381 
	   Memory (MB)          :      386     6000      6000 

	Job terminated of its own accord at 2024-10-16T03:51:26Z with exit-code 0.
...
