000 (13810308.000.000) 10/15 08:12:14 Job submitted from host: <137.138.44.75:9618?addrs=137.138.44.75-9618+[2001-1458-d00-1a--b]-9618&alias=bigbird14.cern.ch&noUDP&sock=schedd_1981_6134>
...
040 (13810308.000.000) 10/15 08:14:00 Started transferring input files
	Transferring to host: <188.185.209.223:9618?addrs=188.185.209.223-9618+[2001-1458-303-12--100-5c]-9618&alias=b9p12p3371.cern.ch&noUDP&sock=slot1_13_2500741_0315_57282>
...
040 (13810308.000.000) 10/15 08:14:00 Finished transferring input files
...
001 (13810308.000.000) 10/15 08:14:01 Job executing on host: <188.185.209.223:9618?addrs=188.185.209.223-9618+[2001-1458-303-12--100-5c]-9618&alias=b9p12p3371.cern.ch&noUDP&sock=startd_4330_992b>
	SlotName: slot1_13@b9p12p3371.cern.ch
	CondorScratchDir = "/pool/condor/dir_3461567"
	Cpus = 3
	Disk = 2712115
	Memory = 6000
...
006 (13810308.000.000) 10/15 08:14:10 Image size of job updated: 119596
	117  -  MemoryUsage of job (MB)
	119596  -  ResidentSetSize of job (KB)
...
006 (13810308.000.000) 10/15 08:15:11 Image size of job updated: 716480
	626  -  MemoryUsage of job (MB)
	640368  -  ResidentSetSize of job (KB)
...
040 (13810308.000.000) 10/15 08:15:11 Started transferring output files
...
040 (13810308.000.000) 10/15 08:15:11 Finished transferring output files
...
005 (13810308.000.000) 10/15 08:15:11 Job terminated.
	(1) Normal termination (return value 0)
		Usr 0 00:00:16, Sys 0 00:00:01  -  Run Remote Usage
		Usr 0 00:00:00, Sys 0 00:00:00  -  Run Local Usage
		Usr 0 00:00:16, Sys 0 00:00:01  -  Total Remote Usage
		Usr 0 00:00:00, Sys 0 00:00:00  -  Total Local Usage
	6841  -  Run Bytes Sent By Job
	377  -  Run Bytes Received By Job
	6841  -  Total Bytes Sent By Job
	377  -  Total Bytes Received By Job
	Partitionable Resources :    Usage  Request Allocated 
	   Cpus                 :        0        3         3 
	   Disk (KB)            :       32        1   2712115 
	   Memory (MB)          :      626     6000      6000 

	Job terminated of its own accord at 2024-10-15T06:15:11Z with exit-code 0.
...
000 (13810455.000.000) 10/15 09:33:45 Job submitted from host: <137.138.44.75:9618?addrs=137.138.44.75-9618+[2001-1458-d00-1a--b]-9618&alias=bigbird14.cern.ch&noUDP&sock=schedd_1981_6134>
...
040 (13810455.000.000) 10/15 09:38:37 Started transferring input files
	Transferring to host: <188.185.205.111:9618?addrs=188.185.205.111-9618+[2001-1458-303-9--100-6c]-9618&alias=b9p03p6423.cern.ch&noUDP&sock=slot1_2_13997_e712_7153>
...
040 (13810455.000.000) 10/15 09:38:37 Finished transferring input files
...
001 (13810455.000.000) 10/15 09:38:38 Job executing on host: <188.185.205.111:9618?addrs=188.185.205.111-9618+[2001-1458-303-9--100-6c]-9618&alias=b9p03p6423.cern.ch&noUDP&sock=startd_12601_d0fd>
	SlotName: slot1_2@b9p03p6423.cern.ch
	CondorScratchDir = "/pool/condor/dir_537472"
	Cpus = 3
	Disk = 2740482
	Memory = 6000
...
006 (13810455.000.000) 10/15 09:38:47 Image size of job updated: 142620
	140  -  MemoryUsage of job (MB)
	142620  -  ResidentSetSize of job (KB)
...
006 (13810455.000.000) 10/15 09:39:17 Image size of job updated: 721808
	627  -  MemoryUsage of job (MB)
	641764  -  ResidentSetSize of job (KB)
...
040 (13810455.000.000) 10/15 09:39:17 Started transferring output files
...
040 (13810455.000.000) 10/15 09:39:17 Finished transferring output files
...
005 (13810455.000.000) 10/15 09:39:17 Job terminated.
	(1) Normal termination (return value 0)
		Usr 0 00:00:14, Sys 0 00:00:01  -  Run Remote Usage
		Usr 0 00:00:00, Sys 0 00:00:00  -  Run Local Usage
		Usr 0 00:00:14, Sys 0 00:00:01  -  Total Remote Usage
		Usr 0 00:00:00, Sys 0 00:00:00  -  Total Local Usage
	7503  -  Run Bytes Sent By Job
	377  -  Run Bytes Received By Job
	7503  -  Total Bytes Sent By Job
	377  -  Total Bytes Received By Job
	Partitionable Resources :    Usage  Request Allocated 
	   Cpus                 :        0        3         3 
	   Disk (KB)            :       33        1   2740482 
	   Memory (MB)          :      627     6000      6000 

	Job terminated of its own accord at 2024-10-15T07:39:17Z with exit-code 0.
...
000 (13811549.000.000) 10/15 12:21:34 Job submitted from host: <137.138.44.75:9618?addrs=137.138.44.75-9618+[2001-1458-d00-1a--b]-9618&alias=bigbird14.cern.ch&noUDP&sock=schedd_1981_6134>
...
040 (13811549.000.000) 10/15 12:22:08 Started transferring input files
	Transferring to host: <188.185.208.71:9618?addrs=188.185.208.71-9618+[2001-1458-303-f--100-44]-9618&alias=b9p09p5977.cern.ch&noUDP&sock=slot1_61_5472_44d8_244944>
...
040 (13811549.000.000) 10/15 12:22:08 Finished transferring input files
...
001 (13811549.000.000) 10/15 12:22:09 Job executing on host: <188.185.208.71:9618?addrs=188.185.208.71-9618+[2001-1458-303-f--100-44]-9618&alias=b9p09p5977.cern.ch&noUDP&sock=startd_4471_5006>
	SlotName: slot1_61@b9p09p5977.cern.ch
	CondorScratchDir = "/pool/condor/dir_129521"
	Cpus = 3
	Disk = 2830666
	Memory = 6000
...
006 (13811549.000.000) 10/15 12:22:17 Image size of job updated: 139120
	136  -  MemoryUsage of job (MB)
	139120  -  ResidentSetSize of job (KB)
...
006 (13811549.000.000) 10/15 12:22:47 Image size of job updated: 732900
	640  -  MemoryUsage of job (MB)
	655200  -  ResidentSetSize of job (KB)
...
040 (13811549.000.000) 10/15 12:22:47 Started transferring output files
...
040 (13811549.000.000) 10/15 12:22:47 Finished transferring output files
...
005 (13811549.000.000) 10/15 12:22:48 Job terminated.
	(1) Normal termination (return value 0)
		Usr 0 00:00:14, Sys 0 00:00:01  -  Run Remote Usage
		Usr 0 00:00:00, Sys 0 00:00:00  -  Run Local Usage
		Usr 0 00:00:14, Sys 0 00:00:01  -  Total Remote Usage
		Usr 0 00:00:00, Sys 0 00:00:00  -  Total Local Usage
	6833  -  Run Bytes Sent By Job
	377  -  Run Bytes Received By Job
	6833  -  Total Bytes Sent By Job
	377  -  Total Bytes Received By Job
	Partitionable Resources :    Usage  Request Allocated 
	   Cpus                 :        0        3         3 
	   Disk (KB)            :       34        1   2830666 
	   Memory (MB)          :      640     6000      6000 

	Job terminated of its own accord at 2024-10-15T10:22:47Z with exit-code 0.
...
000 (13811617.000.000) 10/15 12:35:18 Job submitted from host: <137.138.44.75:9618?addrs=137.138.44.75-9618+[2001-1458-d00-1a--b]-9618&alias=bigbird14.cern.ch&noUDP&sock=schedd_1981_6134>
...
040 (13811617.000.000) 10/15 12:52:11 Started transferring input files
	Transferring to host: <128.142.248.240:9618?addrs=128.142.248.240-9618+[2001-1458-301-73--100-ef]-9618&alias=b9g23p3798.cern.ch&noUDP&sock=slot1_26_5982_9c2c_64190>
...
040 (13811617.000.000) 10/15 12:52:11 Finished transferring input files
...
001 (13811617.000.000) 10/15 12:52:12 Job executing on host: <128.142.248.240:9618?addrs=128.142.248.240-9618+[2001-1458-301-73--100-ef]-9618&alias=b9g23p3798.cern.ch&noUDP&sock=startd_4914_2c7a>
	SlotName: slot1_26@b9g23p3798.cern.ch
	CondorScratchDir = "/pool/condor/dir_2187448"
	Cpus = 3
	Disk = 2918970
	Memory = 6000
...
006 (13811617.000.000) 10/15 12:52:20 Image size of job updated: 141968
	139  -  MemoryUsage of job (MB)
	141968  -  ResidentSetSize of job (KB)
...
006 (13811617.000.000) 10/15 12:52:53 Image size of job updated: 726408
	633  -  MemoryUsage of job (MB)
	648060  -  ResidentSetSize of job (KB)
...
040 (13811617.000.000) 10/15 12:52:53 Started transferring output files
...
040 (13811617.000.000) 10/15 12:52:54 Finished transferring output files
...
005 (13811617.000.000) 10/15 12:52:54 Job terminated.
	(1) Normal termination (return value 0)
		Usr 0 00:00:19, Sys 0 00:00:01  -  Run Remote Usage
		Usr 0 00:00:00, Sys 0 00:00:00  -  Run Local Usage
		Usr 0 00:00:19, Sys 0 00:00:01  -  Total Remote Usage
		Usr 0 00:00:00, Sys 0 00:00:00  -  Total Local Usage
	6833  -  Run Bytes Sent By Job
	377  -  Run Bytes Received By Job
	6833  -  Total Bytes Sent By Job
	377  -  Total Bytes Received By Job
	Partitionable Resources :    Usage  Request Allocated 
	   Cpus                 :                 3         3 
	   Disk (KB)            :       21        1   2918970 
	   Memory (MB)          :      633     6000      6000 

	Job terminated of its own accord at 2024-10-15T10:52:53Z with exit-code 0.
...
000 (13812198.000.000) 10/15 13:03:30 Job submitted from host: <137.138.44.75:9618?addrs=137.138.44.75-9618+[2001-1458-d00-1a--b]-9618&alias=bigbird14.cern.ch&noUDP&sock=schedd_1981_6134>
...
040 (13812198.000.000) 10/15 13:05:47 Started transferring input files
	Transferring to host: <188.185.205.199:9618?addrs=188.185.205.199-9618+[2001-1458-303-a--100-44]-9618&alias=b9p04p8089.cern.ch&noUDP&sock=slot1_18_3860_7816_77595>
...
040 (13812198.000.000) 10/15 13:05:47 Finished transferring input files
...
001 (13812198.000.000) 10/15 13:05:48 Job executing on host: <188.185.205.199:9618?addrs=188.185.205.199-9618+[2001-1458-303-a--100-44]-9618&alias=b9p04p8089.cern.ch&noUDP&sock=startd_3647_1dfc>
	SlotName: slot1_18@b9p04p8089.cern.ch
	CondorScratchDir = "/pool/condor/dir_3124330"
	Cpus = 3
	Disk = 2647874
	Memory = 6000
...
006 (13812198.000.000) 10/15 13:05:57 Image size of job updated: 127740
	125  -  MemoryUsage of job (MB)
	127740  -  ResidentSetSize of job (KB)
...
006 (13812198.000.000) 10/15 13:07:24 Image size of job updated: 717340
	623  -  MemoryUsage of job (MB)
	637592  -  ResidentSetSize of job (KB)
...
040 (13812198.000.000) 10/15 13:07:24 Started transferring output files
...
040 (13812198.000.000) 10/15 13:07:24 Finished transferring output files
...
005 (13812198.000.000) 10/15 13:07:24 Job terminated.
	(1) Normal termination (return value 0)
		Usr 0 00:00:16, Sys 0 00:00:01  -  Run Remote Usage
		Usr 0 00:00:00, Sys 0 00:00:00  -  Run Local Usage
		Usr 0 00:00:16, Sys 0 00:00:01  -  Total Remote Usage
		Usr 0 00:00:00, Sys 0 00:00:00  -  Total Local Usage
	6834  -  Run Bytes Sent By Job
	384  -  Run Bytes Received By Job
	6834  -  Total Bytes Sent By Job
	384  -  Total Bytes Received By Job
	Partitionable Resources :    Usage  Request Allocated 
	   Cpus                 :        0        3         3 
	   Disk (KB)            :       32        1   2647874 
	   Memory (MB)          :      623     6000      6000 

	Job terminated of its own accord at 2024-10-15T11:07:24Z with exit-code 0.
...
000 (13812485.000.000) 10/15 13:17:41 Job submitted from host: <137.138.44.75:9618?addrs=137.138.44.75-9618+[2001-1458-d00-1a--b]-9618&alias=bigbird14.cern.ch&noUDP&sock=schedd_1981_6134>
...
040 (13812485.000.000) 10/15 13:41:06 Started transferring input files
	Transferring to host: <188.185.198.172:9618?addrs=188.185.198.172-9618+[2001-1458-303-25--100-a8]-9618&alias=b9p15p6943.cern.ch&noUDP&sock=slot1_4_4071966_2a0a_19237>
...
040 (13812485.000.000) 10/15 13:41:06 Finished transferring input files
...
001 (13812485.000.000) 10/15 13:41:07 Job executing on host: <188.185.198.172:9618?addrs=188.185.198.172-9618+[2001-1458-303-25--100-a8]-9618&alias=b9p15p6943.cern.ch&noUDP&sock=startd_3324_90e5>
	SlotName: slot1_4@b9p15p6943.cern.ch
	CondorScratchDir = "/pool/condor/dir_3795061"
	Cpus = 3
	Disk = 2858676
	Memory = 6000
...
006 (13812485.000.000) 10/15 13:41:16 Image size of job updated: 490792
	480  -  MemoryUsage of job (MB)
	490588  -  ResidentSetSize of job (KB)
...
006 (13812485.000.000) 10/15 13:41:54 Image size of job updated: 1071264
	981  -  MemoryUsage of job (MB)
	1003524  -  ResidentSetSize of job (KB)
...
040 (13812485.000.000) 10/15 13:41:55 Started transferring output files
...
040 (13812485.000.000) 10/15 13:41:56 Finished transferring output files
...
005 (13812485.000.000) 10/15 13:41:58 Job terminated.
	(1) Normal termination (return value 0)
		Usr 0 00:00:20, Sys 0 00:00:01  -  Run Remote Usage
		Usr 0 00:00:00, Sys 0 00:00:00  -  Run Local Usage
		Usr 0 00:00:20, Sys 0 00:00:01  -  Total Remote Usage
		Usr 0 00:00:00, Sys 0 00:00:00  -  Total Local Usage
	7289  -  Run Bytes Sent By Job
	391  -  Run Bytes Received By Job
	7289  -  Total Bytes Sent By Job
	391  -  Total Bytes Received By Job
	Partitionable Resources :    Usage  Request Allocated 
	   Cpus                 :        0        3         3 
	   Disk (KB)            :       29        1   2858676 
	   Memory (MB)          :      981     6000      6000 

	Job terminated of its own accord at 2024-10-15T11:41:54Z with exit-code 0.
...
000 (13818232.000.000) 10/15 19:48:34 Job submitted from host: <137.138.44.75:9618?addrs=137.138.44.75-9618+[2001-1458-d00-1a--b]-9618&alias=bigbird14.cern.ch&noUDP&sock=schedd_1981_6134>
...
040 (13818232.000.000) 10/15 19:52:06 Started transferring input files
	Transferring to host: <128.142.192.147:9618?addrs=128.142.192.147-9618+[2001-1458-301-56--100-f]-9618&alias=b9g18p8447.cern.ch&noUDP&sock=slot1_43_6763_e52c_49858>
...
040 (13818232.000.000) 10/15 19:52:06 Finished transferring input files
...
001 (13818232.000.000) 10/15 19:52:07 Job executing on host: <128.142.192.147:9618?addrs=128.142.192.147-9618+[2001-1458-301-56--100-f]-9618&alias=b9g18p8447.cern.ch&noUDP&sock=startd_6404_3097>
	SlotName: slot1_43@b9g18p8447.cern.ch
	CondorScratchDir = "/pool/condor/dir_1045233"
	Cpus = 3
	Disk = 2896271
	Memory = 6000
...
006 (13818232.000.000) 10/15 19:52:16 Image size of job updated: 126608
	124  -  MemoryUsage of job (MB)
	126608  -  ResidentSetSize of job (KB)
...
006 (13818232.000.000) 10/15 19:53:01 Image size of job updated: 720312
	626  -  MemoryUsage of job (MB)
	640744  -  ResidentSetSize of job (KB)
...
040 (13818232.000.000) 10/15 19:53:02 Started transferring output files
...
040 (13818232.000.000) 10/15 19:53:02 Finished transferring output files
...
005 (13818232.000.000) 10/15 19:53:02 Job terminated.
	(1) Normal termination (return value 0)
		Usr 0 00:00:21, Sys 0 00:00:01  -  Run Remote Usage
		Usr 0 00:00:00, Sys 0 00:00:00  -  Run Local Usage
		Usr 0 00:00:21, Sys 0 00:00:01  -  Total Remote Usage
		Usr 0 00:00:00, Sys 0 00:00:00  -  Total Local Usage
	6859  -  Run Bytes Sent By Job
	391  -  Run Bytes Received By Job
	6859  -  Total Bytes Sent By Job
	391  -  Total Bytes Received By Job
	Partitionable Resources :    Usage  Request Allocated 
	   Cpus                 :        0        3         3 
	   Disk (KB)            :       29        1   2896271 
	   Memory (MB)          :      626     6000      6000 

	Job terminated of its own accord at 2024-10-15T17:53:01Z with exit-code 0.
...
000 (13821692.000.000) 10/16 04:52:49 Job submitted from host: <137.138.44.75:9618?addrs=137.138.44.75-9618+[2001-1458-d00-1a--b]-9618&alias=bigbird14.cern.ch&noUDP&sock=schedd_1981_6134>
...
040 (13821692.000.000) 10/16 04:54:58 Started transferring input files
	Transferring to host: <128.142.248.101:9618?addrs=128.142.248.101-9618+[2001-1458-301-73--100-155]-9618&alias=b9g23p7156.cern.ch&noUDP&sock=slot1_43_3275445_1024_63798>
...
040 (13821692.000.000) 10/16 04:54:58 Finished transferring input files
...
001 (13821692.000.000) 10/16 04:54:59 Job executing on host: <128.142.248.101:9618?addrs=128.142.248.101-9618+[2001-1458-301-73--100-155]-9618&alias=b9g23p7156.cern.ch&noUDP&sock=startd_5542_edf4>
	SlotName: slot1_43@b9g23p7156.cern.ch
	CondorScratchDir = "/pool/condor/dir_2027093"
	Cpus = 3
	Disk = 2939601
	Memory = 6000
...
006 (13821692.000.000) 10/16 04:55:07 Image size of job updated: 119768
	117  -  MemoryUsage of job (MB)
	119768  -  ResidentSetSize of job (KB)
...
006 (13821692.000.000) 10/16 04:55:45 Image size of job updated: 718856
	625  -  MemoryUsage of job (MB)
	639312  -  ResidentSetSize of job (KB)
...
040 (13821692.000.000) 10/16 04:55:45 Started transferring output files
...
040 (13821692.000.000) 10/16 04:55:45 Finished transferring output files
...
005 (13821692.000.000) 10/16 04:55:45 Job terminated.
	(1) Normal termination (return value 0)
		Usr 0 00:00:21, Sys 0 00:00:01  -  Run Remote Usage
		Usr 0 00:00:00, Sys 0 00:00:00  -  Run Local Usage
		Usr 0 00:00:21, Sys 0 00:00:01  -  Total Remote Usage
		Usr 0 00:00:00, Sys 0 00:00:00  -  Total Local Usage
	6859  -  Run Bytes Sent By Job
	391  -  Run Bytes Received By Job
	6859  -  Total Bytes Sent By Job
	391  -  Total Bytes Received By Job
	Partitionable Resources :    Usage  Request Allocated 
	   Cpus                 :                 3         3 
	   Disk (KB)            :       22        1   2939601 
	   Memory (MB)          :      625     6000      6000 

	Job terminated of its own accord at 2024-10-16T02:55:45Z with exit-code 0.
...
000 (13822189.000.000) 10/16 05:47:09 Job submitted from host: <137.138.44.75:9618?addrs=137.138.44.75-9618+[2001-1458-d00-1a--b]-9618&alias=bigbird14.cern.ch&noUDP&sock=schedd_1981_6134>
...
040 (13822189.000.000) 10/16 05:50:21 Started transferring input files
	Transferring to host: <188.185.192.85:9618?addrs=188.185.192.85-9618+[2001-1458-303-1f--100-51]-9618&alias=b9p13p6636.cern.ch&noUDP&sock=slot1_5_40834_ff36_70195>
...
040 (13822189.000.000) 10/16 05:50:21 Finished transferring input files
...
001 (13822189.000.000) 10/16 05:50:22 Job executing on host: <188.185.192.85:9618?addrs=188.185.192.85-9618+[2001-1458-303-1f--100-51]-9618&alias=b9p13p6636.cern.ch&noUDP&sock=startd_3066501_3430>
	SlotName: slot1_5@b9p13p6636.cern.ch
	CondorScratchDir = "/pool/condor/dir_4063224"
	Cpus = 3
	Disk = 2932303
	Memory = 6000
...
006 (13822189.000.000) 10/16 05:50:31 Image size of job updated: 1
	0  -  MemoryUsage of job (MB)
	0  -  ResidentSetSize of job (KB)
...
006 (13822189.000.000) 10/16 05:51:35 Image size of job updated: 734624
	642  -  MemoryUsage of job (MB)
	657020  -  ResidentSetSize of job (KB)
...
040 (13822189.000.000) 10/16 05:51:36 Started transferring output files
...
040 (13822189.000.000) 10/16 05:51:36 Finished transferring output files
...
005 (13822189.000.000) 10/16 05:51:36 Job terminated.
	(1) Normal termination (return value 0)
		Usr 0 00:00:20, Sys 0 00:00:01  -  Run Remote Usage
		Usr 0 00:00:00, Sys 0 00:00:00  -  Run Local Usage
		Usr 0 00:00:20, Sys 0 00:00:01  -  Total Remote Usage
		Usr 0 00:00:00, Sys 0 00:00:00  -  Total Local Usage
	6859  -  Run Bytes Sent By Job
	391  -  Run Bytes Received By Job
	6859  -  Total Bytes Sent By Job
	391  -  Total Bytes Received By Job
	Partitionable Resources :    Usage  Request Allocated 
	   Cpus                 :        0        3         3 
	   Disk (KB)            :       29        1   2932303 
	   Memory (MB)          :      642     6000      6000 

	Job terminated of its own accord at 2024-10-16T03:51:35Z with exit-code 0.
...
