000 (12832562.000.000) 05/09 13:08:50 Job submitted from host: <137.138.44.75:9618?addrs=137.138.44.75-9618+[2001-1458-d00-1a--b]-9618&alias=bigbird14.cern.ch&noUDP&sock=schedd_6333_7d5e>
...
000 (12832578.000.000) 05/09 13:09:04 Job submitted from host: <137.138.44.75:9618?addrs=137.138.44.75-9618+[2001-1458-d00-1a--b]-9618&alias=bigbird14.cern.ch&noUDP&sock=schedd_6333_7d5e>
...
040 (12832562.000.000) 05/09 13:10:50 Started transferring input files
	Transferring to host: <188.184.164.148:9618?addrs=188.184.164.148-9618+[2001-1458-301-4e--100-8e]-9618&alias=b9s13p4149.cern.ch&noUDP&sock=slot1_6_6526_e842_44286>
...
040 (12832562.000.000) 05/09 13:10:50 Finished transferring input files
...
001 (12832562.000.000) 05/09 13:10:51 Job executing on host: <188.184.164.148:9618?addrs=188.184.164.148-9618+[2001-1458-301-4e--100-8e]-9618&alias=b9s13p4149.cern.ch&noUDP&sock=startd_4910_6e19>
...
006 (12832562.000.000) 05/09 13:10:51 Image size of job updated: 6836
	1  -  MemoryUsage of job (MB)
	880  -  ResidentSetSize of job (KB)
...
040 (12832562.000.000) 05/09 13:10:51 Started transferring output files
...
040 (12832562.000.000) 05/09 13:10:51 Finished transferring output files
...
005 (12832562.000.000) 05/09 13:10:51 Job terminated.
	(1) Normal termination (return value 127)
		Usr 0 00:00:00, Sys 0 00:00:00  -  Run Remote Usage
		Usr 0 00:00:00, Sys 0 00:00:00  -  Run Local Usage
		Usr 0 00:00:00, Sys 0 00:00:00  -  Total Remote Usage
		Usr 0 00:00:00, Sys 0 00:00:00  -  Total Local Usage
	215  -  Run Bytes Sent By Job
	304  -  Run Bytes Received By Job
	215  -  Total Bytes Sent By Job
	304  -  Total Bytes Received By Job
	Partitionable Resources :    Usage  Request Allocated 
	   Cpus                 :        0        3         3 
	   Disk (KB)            :       25        1   2998586 
	   Memory (MB)          :        1     6000      6000 

	Job terminated of its own accord at 2024-05-09T11:10:51Z.
...
040 (12832578.000.000) 05/09 13:10:56 Started transferring input files
	Transferring to host: <188.184.162.18:9618?addrs=188.184.162.18-9618+[2001-1458-301-4a--100-c]-9618&alias=b9s11p5986.cern.ch&noUDP&sock=slot1_8_3955284_23c1_29942>
...
040 (12832578.000.000) 05/09 13:10:56 Finished transferring input files
...
001 (12832578.000.000) 05/09 13:10:57 Job executing on host: <188.184.162.18:9618?addrs=188.184.162.18-9618+[2001-1458-301-4a--100-c]-9618&alias=b9s11p5986.cern.ch&noUDP&sock=startd_365148_bc19>
...
006 (12832578.000.000) 05/09 13:10:58 Image size of job updated: 5960
	2  -  MemoryUsage of job (MB)
	1392  -  ResidentSetSize of job (KB)
...
040 (12832578.000.000) 05/09 13:10:58 Started transferring output files
...
040 (12832578.000.000) 05/09 13:10:58 Finished transferring output files
...
005 (12832578.000.000) 05/09 13:10:58 Job terminated.
	(1) Normal termination (return value 127)
		Usr 0 00:00:00, Sys 0 00:00:00  -  Run Remote Usage
		Usr 0 00:00:00, Sys 0 00:00:00  -  Run Local Usage
		Usr 0 00:00:00, Sys 0 00:00:00  -  Total Remote Usage
		Usr 0 00:00:00, Sys 0 00:00:00  -  Total Local Usage
	215  -  Run Bytes Sent By Job
	304  -  Run Bytes Received By Job
	215  -  Total Bytes Sent By Job
	304  -  Total Bytes Received By Job
	Partitionable Resources :    Usage  Request Allocated 
	   Cpus                 :        0        3         3 
	   Disk (KB)            :       25        1   2879008 
	   Memory (MB)          :        2     6000      6000 

	Job terminated of its own accord at 2024-05-09T11:10:58Z.
...
000 (12832598.000.000) 05/09 13:52:08 Job submitted from host: <137.138.44.75:9618?addrs=137.138.44.75-9618+[2001-1458-d00-1a--b]-9618&alias=bigbird14.cern.ch&noUDP&sock=schedd_6333_7d5e>
...
000 (12832614.000.000) 05/09 13:52:18 Job submitted from host: <137.138.44.75:9618?addrs=137.138.44.75-9618+[2001-1458-d00-1a--b]-9618&alias=bigbird14.cern.ch&noUDP&sock=schedd_6333_7d5e>
...
040 (12832598.000.000) 05/09 13:55:58 Started transferring input files
	Transferring to host: <188.184.163.159:9618?addrs=188.184.163.159-9618+[2001-1458-301-4d--100-99]-9618&alias=b9s12p8963.cern.ch&noUDP&sock=slot1_8_507753_ac01_33245>
...
040 (12832598.000.000) 05/09 13:55:58 Finished transferring input files
...
001 (12832598.000.000) 05/09 13:55:59 Job executing on host: <188.184.163.159:9618?addrs=188.184.163.159-9618+[2001-1458-301-4d--100-99]-9618&alias=b9s12p8963.cern.ch&noUDP&sock=startd_3182_2a72>
...
006 (12832598.000.000) 05/09 13:56:00 Image size of job updated: 7292
	2  -  MemoryUsage of job (MB)
	1872  -  ResidentSetSize of job (KB)
...
040 (12832598.000.000) 05/09 13:56:00 Started transferring output files
...
040 (12832598.000.000) 05/09 13:56:00 Finished transferring output files
...
005 (12832598.000.000) 05/09 13:56:00 Job terminated.
	(1) Normal termination (return value 127)
		Usr 0 00:00:00, Sys 0 00:00:00  -  Run Remote Usage
		Usr 0 00:00:00, Sys 0 00:00:00  -  Run Local Usage
		Usr 0 00:00:00, Sys 0 00:00:00  -  Total Remote Usage
		Usr 0 00:00:00, Sys 0 00:00:00  -  Total Local Usage
	215  -  Run Bytes Sent By Job
	304  -  Run Bytes Received By Job
	215  -  Total Bytes Sent By Job
	304  -  Total Bytes Received By Job
	Partitionable Resources :    Usage  Request Allocated 
	   Cpus                 :        0        3         3 
	   Disk (KB)            :       24        1   2991286 
	   Memory (MB)          :        2     6000      6000 

	Job terminated of its own accord at 2024-05-09T11:56:00Z.
...
040 (12832614.000.000) 05/09 13:56:03 Started transferring input files
	Transferring to host: <128.142.161.146:9618?addrs=128.142.161.146-9618+[2001-1458-301-b9--100-f]-9618&alias=b9g03p9555.cern.ch&noUDP&sock=slot1_6_492020_59a1_4397>
...
040 (12832614.000.000) 05/09 13:56:03 Finished transferring input files
...
001 (12832614.000.000) 05/09 13:56:04 Job executing on host: <128.142.161.146:9618?addrs=128.142.161.146-9618+[2001-1458-301-b9--100-f]-9618&alias=b9g03p9555.cern.ch&noUDP&sock=startd_2852_d031>
...
006 (12832614.000.000) 05/09 13:56:05 Image size of job updated: 10752
	6  -  MemoryUsage of job (MB)
	5940  -  ResidentSetSize of job (KB)
...
040 (12832614.000.000) 05/09 13:56:05 Started transferring output files
...
040 (12832614.000.000) 05/09 13:56:05 Finished transferring output files
...
005 (12832614.000.000) 05/09 13:56:05 Job terminated.
	(1) Normal termination (return value 127)
		Usr 0 00:00:00, Sys 0 00:00:00  -  Run Remote Usage
		Usr 0 00:00:00, Sys 0 00:00:00  -  Run Local Usage
		Usr 0 00:00:00, Sys 0 00:00:00  -  Total Remote Usage
		Usr 0 00:00:00, Sys 0 00:00:00  -  Total Local Usage
	215  -  Run Bytes Sent By Job
	304  -  Run Bytes Received By Job
	215  -  Total Bytes Sent By Job
	304  -  Total Bytes Received By Job
	Partitionable Resources :    Usage  Request Allocated 
	   Cpus                 :        0        3         3 
	   Disk (KB)            :       24        1   3001117 
	   Memory (MB)          :        6     6000      6000 

	Job terminated of its own accord at 2024-05-09T11:56:05Z.
...
000 (13802349.000.000) 10/12 20:24:36 Job submitted from host: <137.138.44.75:9618?addrs=137.138.44.75-9618+[2001-1458-d00-1a--b]-9618&alias=bigbird14.cern.ch&noUDP&sock=schedd_1981_6134>
...
000 (13802363.000.000) 10/12 20:24:49 Job submitted from host: <137.138.44.75:9618?addrs=137.138.44.75-9618+[2001-1458-d00-1a--b]-9618&alias=bigbird14.cern.ch&noUDP&sock=schedd_1981_6134>
...
040 (13802349.000.000) 10/12 20:26:05 Started transferring input files
	Transferring to host: <128.142.161.80:9618?addrs=128.142.161.80-9618+[2001-1458-301-b8--100-e]-9618&alias=b9g03p6247.cern.ch&noUDP&sock=slot1_3_546976_d2dc_18628>
...
040 (13802349.000.000) 10/12 20:26:05 Finished transferring input files
...
001 (13802349.000.000) 10/12 20:26:06 Job executing on host: <128.142.161.80:9618?addrs=128.142.161.80-9618+[2001-1458-301-b8--100-e]-9618&alias=b9g03p6247.cern.ch&noUDP&sock=startd_6316_d442>
	SlotName: slot1_3@b9g03p6247.cern.ch
	CondorScratchDir = "/pool/condor/dir_648465"
	Cpus = 3
	Disk = 2996909
	Memory = 6000
...
006 (13802349.000.000) 10/12 20:26:08 Image size of job updated: 426168
	379  -  MemoryUsage of job (MB)
	387732  -  ResidentSetSize of job (KB)
...
040 (13802349.000.000) 10/12 20:26:08 Started transferring output files
...
040 (13802349.000.000) 10/12 20:26:09 Finished transferring output files
...
005 (13802349.000.000) 10/12 20:26:09 Job terminated.
	(1) Normal termination (return value 0)
		Usr 0 00:00:00, Sys 0 00:00:00  -  Run Remote Usage
		Usr 0 00:00:00, Sys 0 00:00:00  -  Run Local Usage
		Usr 0 00:00:00, Sys 0 00:00:00  -  Total Remote Usage
		Usr 0 00:00:00, Sys 0 00:00:00  -  Total Local Usage
	45089  -  Run Bytes Sent By Job
	377  -  Run Bytes Received By Job
	45089  -  Total Bytes Sent By Job
	377  -  Total Bytes Received By Job
	Partitionable Resources :    Usage  Request Allocated 
	   Cpus                 :        0        3         3 
	   Disk (KB)            :       68        1   2996909 
	   Memory (MB)          :      379     6000      6000 

	Job terminated of its own accord at 2024-10-12T18:26:08Z with exit-code 0.
...
040 (13802363.000.000) 10/12 20:26:11 Started transferring input files
	Transferring to host: <128.142.51.213:9618?addrs=128.142.51.213-9618+[2001-1458-301-3--100-12]-9618&alias=b9g02p5705.cern.ch&noUDP&sock=slot1_45_7250_07e0_55354>
...
040 (13802363.000.000) 10/12 20:26:11 Finished transferring input files
...
001 (13802363.000.000) 10/12 20:26:12 Job executing on host: <128.142.51.213:9618?addrs=128.142.51.213-9618+[2001-1458-301-3--100-12]-9618&alias=b9g02p5705.cern.ch&noUDP&sock=startd_6612_dc4a>
	SlotName: slot1_45@b9g02p5705.cern.ch
	CondorScratchDir = "/pool/condor/dir_3080619"
	Cpus = 3
	Disk = 2957298
	Memory = 6000
...
006 (13802363.000.000) 10/12 20:26:14 Image size of job updated: 218136
	176  -  MemoryUsage of job (MB)
	179696  -  ResidentSetSize of job (KB)
...
040 (13802363.000.000) 10/12 20:26:15 Started transferring output files
...
040 (13802363.000.000) 10/12 20:26:15 Finished transferring output files
...
005 (13802363.000.000) 10/12 20:26:16 Job terminated.
	(1) Normal termination (return value 0)
		Usr 0 00:00:00, Sys 0 00:00:00  -  Run Remote Usage
		Usr 0 00:00:00, Sys 0 00:00:00  -  Run Local Usage
		Usr 0 00:00:00, Sys 0 00:00:00  -  Total Remote Usage
		Usr 0 00:00:00, Sys 0 00:00:00  -  Total Local Usage
	45089  -  Run Bytes Sent By Job
	377  -  Run Bytes Received By Job
	45089  -  Total Bytes Sent By Job
	377  -  Total Bytes Received By Job
	Partitionable Resources :    Usage  Request Allocated 
	   Cpus                 :        0        3         3 
	   Disk (KB)            :       69        1   2957298 
	   Memory (MB)          :      176     6000      6000 

	Job terminated of its own accord at 2024-10-12T18:26:14Z with exit-code 0.
...
000 (13802388.000.000) 10/12 20:31:31 Job submitted from host: <137.138.44.75:9618?addrs=137.138.44.75-9618+[2001-1458-d00-1a--b]-9618&alias=bigbird14.cern.ch&noUDP&sock=schedd_1981_6134>
...
000 (13802406.000.000) 10/12 20:31:47 Job submitted from host: <137.138.44.75:9618?addrs=137.138.44.75-9618+[2001-1458-d00-1a--b]-9618&alias=bigbird14.cern.ch&noUDP&sock=schedd_1981_6134>
...
040 (13802388.000.000) 10/12 20:32:38 Started transferring input files
	Transferring to host: <188.185.210.148:9618?addrs=188.185.210.148-9618+[2001-1458-303-15--100-10]-9618&alias=b9p22p2244.cern.ch&noUDP&sock=slot1_16_5528_b9da_61798>
...
040 (13802388.000.000) 10/12 20:32:38 Finished transferring input files
...
001 (13802388.000.000) 10/12 20:32:39 Job executing on host: <188.185.210.148:9618?addrs=188.185.210.148-9618+[2001-1458-303-15--100-10]-9618&alias=b9p22p2244.cern.ch&noUDP&sock=startd_4707_305f>
	SlotName: slot1_16@b9p22p2244.cern.ch
	CondorScratchDir = "/pool/condor/dir_2046884"
	Cpus = 3
	Disk = 2932875
	Memory = 6000
...
006 (13802388.000.000) 10/12 20:32:40 Image size of job updated: 79320
	40  -  MemoryUsage of job (MB)
	40860  -  ResidentSetSize of job (KB)
...
040 (13802388.000.000) 10/12 20:32:40 Started transferring output files
...
040 (13802388.000.000) 10/12 20:32:40 Finished transferring output files
...
005 (13802388.000.000) 10/12 20:32:40 Job terminated.
	(1) Normal termination (return value 0)
		Usr 0 00:00:00, Sys 0 00:00:00  -  Run Remote Usage
		Usr 0 00:00:00, Sys 0 00:00:00  -  Run Local Usage
		Usr 0 00:00:00, Sys 0 00:00:00  -  Total Remote Usage
		Usr 0 00:00:00, Sys 0 00:00:00  -  Total Local Usage
	45089  -  Run Bytes Sent By Job
	377  -  Run Bytes Received By Job
	45089  -  Total Bytes Sent By Job
	377  -  Total Bytes Received By Job
	Partitionable Resources :    Usage  Request Allocated 
	   Cpus                 :                 3         3 
	   Disk (KB)            :       61        1   2932875 
	   Memory (MB)          :       40     6000      6000 

	Job terminated of its own accord at 2024-10-12T18:32:40Z with exit-code 0.
...
040 (13802406.000.000) 10/12 20:32:41 Started transferring input files
	Transferring to host: <128.142.137.187:9618?addrs=128.142.137.187-9618+[2001-1458-301-5e--100-af]-9618&alias=b9g19p9406.cern.ch&noUDP&sock=slot1_22_2765_f14a_163783>
...
040 (13802406.000.000) 10/12 20:32:41 Finished transferring input files
...
001 (13802406.000.000) 10/12 20:32:42 Job executing on host: <128.142.137.187:9618?addrs=128.142.137.187-9618+[2001-1458-301-5e--100-af]-9618&alias=b9g19p9406.cern.ch&noUDP&sock=startd_2411_52ed>
	SlotName: slot1_22@b9g19p9406.cern.ch
	CondorScratchDir = "/pool/condor/dir_337594"
	Cpus = 3
	Disk = 1777582
	Memory = 6000
...
006 (13802406.000.000) 10/12 20:32:43 Image size of job updated: 47212
	47  -  MemoryUsage of job (MB)
	47212  -  ResidentSetSize of job (KB)
...
040 (13802406.000.000) 10/12 20:32:43 Started transferring output files
...
040 (13802406.000.000) 10/12 20:32:43 Finished transferring output files
...
005 (13802406.000.000) 10/12 20:32:43 Job terminated.
	(1) Normal termination (return value 0)
		Usr 0 00:00:00, Sys 0 00:00:00  -  Run Remote Usage
		Usr 0 00:00:00, Sys 0 00:00:00  -  Run Local Usage
		Usr 0 00:00:00, Sys 0 00:00:00  -  Total Remote Usage
		Usr 0 00:00:00, Sys 0 00:00:00  -  Total Local Usage
	45089  -  Run Bytes Sent By Job
	377  -  Run Bytes Received By Job
	45089  -  Total Bytes Sent By Job
	377  -  Total Bytes Received By Job
	Partitionable Resources :    Usage  Request Allocated 
	   Cpus                 :        0        3         3 
	   Disk (KB)            :       69        1   1777582 
	   Memory (MB)          :       47     6000      6000 

	Job terminated of its own accord at 2024-10-12T18:32:43Z with exit-code 0.
...
000 (13808243.000.000) 10/14 06:56:11 Job submitted from host: <137.138.44.75:9618?addrs=137.138.44.75-9618+[2001-1458-d00-1a--b]-9618&alias=bigbird14.cern.ch&noUDP&sock=schedd_1981_6134>
...
000 (13808261.000.000) 10/14 06:56:23 Job submitted from host: <137.138.44.75:9618?addrs=137.138.44.75-9618+[2001-1458-d00-1a--b]-9618&alias=bigbird14.cern.ch&noUDP&sock=schedd_1981_6134>
...
040 (13808243.000.000) 10/14 07:01:00 Started transferring input files
	Transferring to host: <188.185.196.41:9618?addrs=188.185.196.41-9618+[2001-1458-303-23--100-25]-9618&alias=b9p16p3487.cern.ch&noUDP&sock=slot1_15_501821_0a8f_54904>
...
040 (13808243.000.000) 10/14 07:01:00 Finished transferring input files
...
001 (13808243.000.000) 10/14 07:01:01 Job executing on host: <188.185.196.41:9618?addrs=188.185.196.41-9618+[2001-1458-303-23--100-25]-9618&alias=b9p16p3487.cern.ch&noUDP&sock=startd_174787_ec1c>
	SlotName: slot1_15@b9p16p3487.cern.ch
	CondorScratchDir = "/pool/condor/dir_2735640"
	Cpus = 3
	Disk = 3036829
	Memory = 6000
...
040 (13808261.000.000) 10/14 07:01:06 Started transferring input files
	Transferring to host: <188.185.193.157:9618?addrs=188.185.193.157-9618+[2001-1458-303-20--100-99]-9618&alias=b9p19p5254.cern.ch&noUDP&sock=slot1_10_313587_28e9_48681>
...
040 (13808261.000.000) 10/14 07:01:06 Finished transferring input files
...
001 (13808261.000.000) 10/14 07:01:07 Job executing on host: <188.185.193.157:9618?addrs=188.185.193.157-9618+[2001-1458-303-20--100-99]-9618&alias=b9p19p5254.cern.ch&noUDP&sock=startd_6765_ce48>
	SlotName: slot1_10@b9p19p5254.cern.ch
	CondorScratchDir = "/pool/condor/dir_3192132"
	Cpus = 3
	Disk = 2874863
	Memory = 6000
...
006 (13808243.000.000) 10/14 07:01:10 Image size of job updated: 488532
	477  -  MemoryUsage of job (MB)
	488364  -  ResidentSetSize of job (KB)
...
006 (13808261.000.000) 10/14 07:01:16 Image size of job updated: 515432
	504  -  MemoryUsage of job (MB)
	515312  -  ResidentSetSize of job (KB)
...
006 (13808261.000.000) 10/14 07:02:30 Image size of job updated: 928196
	828  -  MemoryUsage of job (MB)
	846956  -  ResidentSetSize of job (KB)
...
040 (13808261.000.000) 10/14 07:02:30 Started transferring output files
...
040 (13808261.000.000) 10/14 07:02:30 Finished transferring output files
...
005 (13808261.000.000) 10/14 07:02:30 Job terminated.
	(1) Normal termination (return value 0)
		Usr 0 00:00:05, Sys 0 00:00:01  -  Run Remote Usage
		Usr 0 00:00:00, Sys 0 00:00:00  -  Run Local Usage
		Usr 0 00:00:05, Sys 0 00:00:01  -  Total Remote Usage
		Usr 0 00:00:00, Sys 0 00:00:00  -  Total Local Usage
	12193  -  Run Bytes Sent By Job
	377  -  Run Bytes Received By Job
	12193  -  Total Bytes Sent By Job
	377  -  Total Bytes Received By Job
	Partitionable Resources :    Usage  Request Allocated 
	   Cpus                 :        0        3         3 
	   Disk (KB)            :       34        1   2874863 
	   Memory (MB)          :      828     6000      6000 

	Job terminated of its own accord at 2024-10-14T05:02:30Z with exit-code 0.
...
006 (13808243.000.000) 10/14 07:02:44 Image size of job updated: 942116
	842  -  MemoryUsage of job (MB)
	861292  -  ResidentSetSize of job (KB)
...
040 (13808243.000.000) 10/14 07:02:44 Started transferring output files
...
040 (13808243.000.000) 10/14 07:02:44 Finished transferring output files
...
005 (13808243.000.000) 10/14 07:02:44 Job terminated.
	(1) Normal termination (return value 0)
		Usr 0 00:00:06, Sys 0 00:00:01  -  Run Remote Usage
		Usr 0 00:00:00, Sys 0 00:00:00  -  Run Local Usage
		Usr 0 00:00:06, Sys 0 00:00:01  -  Total Remote Usage
		Usr 0 00:00:00, Sys 0 00:00:00  -  Total Local Usage
	12365  -  Run Bytes Sent By Job
	377  -  Run Bytes Received By Job
	12365  -  Total Bytes Sent By Job
	377  -  Total Bytes Received By Job
	Partitionable Resources :    Usage  Request Allocated 
	   Cpus                 :        0        3         3 
	   Disk (KB)            :       34        1   3036829 
	   Memory (MB)          :      842     6000      6000 

	Job terminated of its own accord at 2024-10-14T05:02:44Z with exit-code 0.
...
