000 (12832563.000.000) 05/09 13:08:51 Job submitted from host: <137.138.44.75:9618?addrs=137.138.44.75-9618+[2001-1458-d00-1a--b]-9618&alias=bigbird14.cern.ch&noUDP&sock=schedd_6333_7d5e>
...
040 (12832563.000.000) 05/09 13:10:52 Started transferring input files
	Transferring to host: <188.184.164.54:9618?addrs=188.184.164.54-9618+[2001-1458-301-4e--100-30]-9618&alias=b9s13p8253.cern.ch&noUDP&sock=slot1_42_11423_496a_44171>
...
040 (12832563.000.000) 05/09 13:10:53 Finished transferring input files
...
001 (12832563.000.000) 05/09 13:10:53 Job executing on host: <188.184.164.54:9618?addrs=188.184.164.54-9618+[2001-1458-301-4e--100-30]-9618&alias=b9s13p8253.cern.ch&noUDP&sock=startd_10558_7d01>
...
006 (12832563.000.000) 05/09 13:10:54 Image size of job updated: 6340
	2  -  MemoryUsage of job (MB)
	1148  -  ResidentSetSize of job (KB)
...
040 (12832563.000.000) 05/09 13:10:54 Started transferring output files
...
040 (12832563.000.000) 05/09 13:10:54 Finished transferring output files
...
005 (12832563.000.000) 05/09 13:10:54 Job terminated.
	(1) Normal termination (return value 127)
		Usr 0 00:00:00, Sys 0 00:00:00  -  Run Remote Usage
		Usr 0 00:00:00, Sys 0 00:00:00  -  Run Local Usage
		Usr 0 00:00:00, Sys 0 00:00:00  -  Total Remote Usage
		Usr 0 00:00:00, Sys 0 00:00:00  -  Total Local Usage
	215  -  Run Bytes Sent By Job
	304  -  Run Bytes Received By Job
	215  -  Total Bytes Sent By Job
	304  -  Total Bytes Received By Job
	Partitionable Resources :    Usage  Request Allocated 
	   Cpus                 :        0        3         3 
	   Disk (KB)            :       25        1   2910122 
	   Memory (MB)          :        2     6000      6000 

	Job terminated of its own accord at 2024-05-09T11:10:54Z.
...
000 (12832599.000.000) 05/09 13:52:09 Job submitted from host: <137.138.44.75:9618?addrs=137.138.44.75-9618+[2001-1458-d00-1a--b]-9618&alias=bigbird14.cern.ch&noUDP&sock=schedd_6333_7d5e>
...
040 (12832599.000.000) 05/09 13:56:00 Started transferring input files
	Transferring to host: <188.184.160.30:9618?addrs=188.184.160.30-9618+[2001-1458-301-48--100-18]-9618&alias=b9s09p3429.cern.ch&noUDP&sock=slot1_13_2451122_f013_14516>
...
040 (12832599.000.000) 05/09 13:56:00 Finished transferring input files
...
001 (12832599.000.000) 05/09 13:56:01 Job executing on host: <188.184.160.30:9618?addrs=188.184.160.30-9618+[2001-1458-301-48--100-18]-9618&alias=b9s09p3429.cern.ch&noUDP&sock=startd_6994_e178>
...
006 (12832599.000.000) 05/09 13:56:02 Image size of job updated: 5880
	2  -  MemoryUsage of job (MB)
	1288  -  ResidentSetSize of job (KB)
...
040 (12832599.000.000) 05/09 13:56:02 Started transferring output files
...
040 (12832599.000.000) 05/09 13:56:02 Finished transferring output files
...
005 (12832599.000.000) 05/09 13:56:02 Job terminated.
	(1) Normal termination (return value 127)
		Usr 0 00:00:00, Sys 0 00:00:00  -  Run Remote Usage
		Usr 0 00:00:00, Sys 0 00:00:00  -  Run Local Usage
		Usr 0 00:00:00, Sys 0 00:00:00  -  Total Remote Usage
		Usr 0 00:00:00, Sys 0 00:00:00  -  Total Local Usage
	215  -  Run Bytes Sent By Job
	304  -  Run Bytes Received By Job
	215  -  Total Bytes Sent By Job
	304  -  Total Bytes Received By Job
	Partitionable Resources :    Usage  Request Allocated 
	   Cpus                 :        0        3         3 
	   Disk (KB)            :       24        1   2874038 
	   Memory (MB)          :        2     6000      6000 

	Job terminated of its own accord at 2024-05-09T11:56:02Z.
...
