000 (12832556.000.000) 05/09 13:08:44 Job submitted from host: <137.138.44.75:9618?addrs=137.138.44.75-9618+[2001-1458-d00-1a--b]-9618&alias=bigbird14.cern.ch&noUDP&sock=schedd_6333_7d5e>
...
000 (12832572.000.000) 05/09 13:08:59 Job submitted from host: <137.138.44.75:9618?addrs=137.138.44.75-9618+[2001-1458-d00-1a--b]-9618&alias=bigbird14.cern.ch&noUDP&sock=schedd_6333_7d5e>
...
040 (12832556.000.000) 05/09 13:10:49 Started transferring input files
	Transferring to host: <188.184.160.76:9618?addrs=188.184.160.76-9618+[2001-1458-301-48--100-46]-9618&alias=b9s09p9451.cern.ch&noUDP&sock=slot1_4_6393_325d_24850>
...
040 (12832556.000.000) 05/09 13:10:49 Finished transferring input files
...
001 (12832556.000.000) 05/09 13:10:50 Job executing on host: <188.184.160.76:9618?addrs=188.184.160.76-9618+[2001-1458-301-48--100-46]-9618&alias=b9s09p9451.cern.ch&noUDP&sock=startd_6337_3bbf>
...
006 (12832556.000.000) 05/09 13:10:50 Image size of job updated: 5992
	1  -  MemoryUsage of job (MB)
	380  -  ResidentSetSize of job (KB)
...
040 (12832556.000.000) 05/09 13:10:50 Started transferring output files
...
040 (12832556.000.000) 05/09 13:10:50 Finished transferring output files
...
005 (12832556.000.000) 05/09 13:10:50 Job terminated.
	(1) Normal termination (return value 127)
		Usr 0 00:00:00, Sys 0 00:00:00  -  Run Remote Usage
		Usr 0 00:00:00, Sys 0 00:00:00  -  Run Local Usage
		Usr 0 00:00:00, Sys 0 00:00:00  -  Total Remote Usage
		Usr 0 00:00:00, Sys 0 00:00:00  -  Total Local Usage
	215  -  Run Bytes Sent By Job
	304  -  Run Bytes Received By Job
	215  -  Total Bytes Sent By Job
	304  -  Total Bytes Received By Job
	Partitionable Resources :    Usage  Request Allocated 
	   Cpus                 :        0        3         3 
	   Disk (KB)            :       25        1   2954597 
	   Memory (MB)          :        1     6000      6000 

	Job terminated of its own accord at 2024-05-09T11:10:50Z.
...
040 (12832572.000.000) 05/09 13:10:54 Started transferring input files
	Transferring to host: <188.184.163.12:9618?addrs=188.184.163.12-9618+[2001-1458-301-4d--100-6]-9618&alias=b9s12p9062.cern.ch&noUDP&sock=slot1_8_639121_4fdf_38426>
...
040 (12832572.000.000) 05/09 13:10:54 Finished transferring input files
...
001 (12832572.000.000) 05/09 13:10:55 Job executing on host: <188.184.163.12:9618?addrs=188.184.163.12-9618+[2001-1458-301-4d--100-6]-9618&alias=b9s12p9062.cern.ch&noUDP&sock=startd_6707_05c9>
...
006 (12832572.000.000) 05/09 13:10:56 Image size of job updated: 8048
	4  -  MemoryUsage of job (MB)
	3312  -  ResidentSetSize of job (KB)
...
040 (12832572.000.000) 05/09 13:10:56 Started transferring output files
...
040 (12832572.000.000) 05/09 13:10:56 Finished transferring output files
...
005 (12832572.000.000) 05/09 13:10:56 Job terminated.
	(1) Normal termination (return value 127)
		Usr 0 00:00:00, Sys 0 00:00:00  -  Run Remote Usage
		Usr 0 00:00:00, Sys 0 00:00:00  -  Run Local Usage
		Usr 0 00:00:00, Sys 0 00:00:00  -  Total Remote Usage
		Usr 0 00:00:00, Sys 0 00:00:00  -  Total Local Usage
	215  -  Run Bytes Sent By Job
	304  -  Run Bytes Received By Job
	215  -  Total Bytes Sent By Job
	304  -  Total Bytes Received By Job
	Partitionable Resources :    Usage  Request Allocated 
	   Cpus                 :        0        3         3 
	   Disk (KB)            :       24        1   3008404 
	   Memory (MB)          :        4     6000      6000 

	Job terminated of its own accord at 2024-05-09T11:10:56Z.
...
000 (12832592.000.000) 05/09 13:52:04 Job submitted from host: <137.138.44.75:9618?addrs=137.138.44.75-9618+[2001-1458-d00-1a--b]-9618&alias=bigbird14.cern.ch&noUDP&sock=schedd_6333_7d5e>
...
000 (12832608.000.000) 05/09 13:52:14 Job submitted from host: <137.138.44.75:9618?addrs=137.138.44.75-9618+[2001-1458-d00-1a--b]-9618&alias=bigbird14.cern.ch&noUDP&sock=schedd_6333_7d5e>
...
040 (12832592.000.000) 05/09 13:55:56 Started transferring input files
	Transferring to host: <188.184.160.77:9618?addrs=188.184.160.77-9618+[2001-1458-301-48--100-47]-9618&alias=b9s09p3280.cern.ch&noUDP&sock=slot1_28_363373_e692_123127>
...
040 (12832592.000.000) 05/09 13:55:56 Finished transferring input files
...
001 (12832592.000.000) 05/09 13:55:57 Job executing on host: <188.184.160.77:9618?addrs=188.184.160.77-9618+[2001-1458-301-48--100-47]-9618&alias=b9s09p3280.cern.ch&noUDP&sock=startd_363334_7b4d>
...
006 (12832592.000.000) 05/09 13:55:57 Image size of job updated: 6324
	2  -  MemoryUsage of job (MB)
	1108  -  ResidentSetSize of job (KB)
...
040 (12832592.000.000) 05/09 13:55:57 Started transferring output files
...
040 (12832592.000.000) 05/09 13:55:57 Finished transferring output files
...
005 (12832592.000.000) 05/09 13:55:57 Job terminated.
	(1) Normal termination (return value 127)
		Usr 0 00:00:00, Sys 0 00:00:00  -  Run Remote Usage
		Usr 0 00:00:00, Sys 0 00:00:00  -  Run Local Usage
		Usr 0 00:00:00, Sys 0 00:00:00  -  Total Remote Usage
		Usr 0 00:00:00, Sys 0 00:00:00  -  Total Local Usage
	215  -  Run Bytes Sent By Job
	304  -  Run Bytes Received By Job
	215  -  Total Bytes Sent By Job
	304  -  Total Bytes Received By Job
	Partitionable Resources :    Usage  Request Allocated 
	   Cpus                 :        0        3         3 
	   Disk (KB)            :       25        1   2962504 
	   Memory (MB)          :        2     6000      6000 

	Job terminated of its own accord at 2024-05-09T11:55:57Z.
...
040 (12832608.000.000) 05/09 13:56:01 Started transferring input files
	Transferring to host: <188.184.163.15:9618?addrs=188.184.163.15-9618+[2001-1458-301-4d--100-9]-9618&alias=b9s12p3062.cern.ch&noUDP&sock=slot1_7_6618_bac6_42555>
...
040 (12832608.000.000) 05/09 13:56:01 Finished transferring input files
...
001 (12832608.000.000) 05/09 13:56:02 Job executing on host: <188.184.163.15:9618?addrs=188.184.163.15-9618+[2001-1458-301-4d--100-9]-9618&alias=b9s12p3062.cern.ch&noUDP&sock=startd_5099_1180>
...
006 (12832608.000.000) 05/09 13:56:03 Image size of job updated: 6496
	2  -  MemoryUsage of job (MB)
	1264  -  ResidentSetSize of job (KB)
...
040 (12832608.000.000) 05/09 13:56:03 Started transferring output files
...
040 (12832608.000.000) 05/09 13:56:03 Finished transferring output files
...
005 (12832608.000.000) 05/09 13:56:03 Job terminated.
	(1) Normal termination (return value 127)
		Usr 0 00:00:00, Sys 0 00:00:00  -  Run Remote Usage
		Usr 0 00:00:00, Sys 0 00:00:00  -  Run Local Usage
		Usr 0 00:00:00, Sys 0 00:00:00  -  Total Remote Usage
		Usr 0 00:00:00, Sys 0 00:00:00  -  Total Local Usage
	215  -  Run Bytes Sent By Job
	304  -  Run Bytes Received By Job
	215  -  Total Bytes Sent By Job
	304  -  Total Bytes Received By Job
	Partitionable Resources :    Usage  Request Allocated 
	   Cpus                 :        0        3         3 
	   Disk (KB)            :       25        1   2939311 
	   Memory (MB)          :        2     6000      6000 

	Job terminated of its own accord at 2024-05-09T11:56:03Z.
...
000 (13802344.000.000) 10/12 20:24:32 Job submitted from host: <137.138.44.75:9618?addrs=137.138.44.75-9618+[2001-1458-d00-1a--b]-9618&alias=bigbird14.cern.ch&noUDP&sock=schedd_1981_6134>
...
000 (13802358.000.000) 10/12 20:24:44 Job submitted from host: <137.138.44.75:9618?addrs=137.138.44.75-9618+[2001-1458-d00-1a--b]-9618&alias=bigbird14.cern.ch&noUDP&sock=schedd_1981_6134>
...
040 (13802344.000.000) 10/12 20:26:02 Started transferring input files
	Transferring to host: <128.142.161.107:9618?addrs=128.142.161.107-9618+[2001-1458-301-b8--100-29]-9618&alias=b9g03p5993.cern.ch&noUDP&sock=slot1_4_4044458_4a2c_15098>
...
040 (13802344.000.000) 10/12 20:26:02 Finished transferring input files
...
001 (13802344.000.000) 10/12 20:26:04 Job executing on host: <128.142.161.107:9618?addrs=128.142.161.107-9618+[2001-1458-301-b8--100-29]-9618&alias=b9g03p5993.cern.ch&noUDP&sock=startd_3192_0664>
	SlotName: slot1_4@b9g03p5993.cern.ch
	CondorScratchDir = "/pool/condor/dir_461459"
	Cpus = 3
	Disk = 2973381
	Memory = 6000
...
006 (13802344.000.000) 10/12 20:26:07 Image size of job updated: 397800
	351  -  MemoryUsage of job (MB)
	359184  -  ResidentSetSize of job (KB)
...
040 (13802344.000.000) 10/12 20:26:08 Started transferring output files
...
040 (13802344.000.000) 10/12 20:26:08 Finished transferring output files
...
005 (13802344.000.000) 10/12 20:26:09 Job terminated.
	(1) Normal termination (return value 0)
		Usr 0 00:00:00, Sys 0 00:00:00  -  Run Remote Usage
		Usr 0 00:00:00, Sys 0 00:00:00  -  Run Local Usage
		Usr 0 00:00:00, Sys 0 00:00:00  -  Total Remote Usage
		Usr 0 00:00:00, Sys 0 00:00:00  -  Total Local Usage
	45105  -  Run Bytes Sent By Job
	377  -  Run Bytes Received By Job
	45105  -  Total Bytes Sent By Job
	377  -  Total Bytes Received By Job
	Partitionable Resources :    Usage  Request Allocated 
	   Cpus                 :        0        3         3 
	   Disk (KB)            :       68        1   2973381 
	   Memory (MB)          :      351     6000      6000 

	Job terminated of its own accord at 2024-10-12T18:26:07Z with exit-code 0.
...
040 (13802358.000.000) 10/12 20:26:09 Started transferring input files
	Transferring to host: <188.185.192.61:9618?addrs=188.185.192.61-9618+[2001-1458-303-1f--100-39]-9618&alias=b9p13p5469.cern.ch&noUDP&sock=slot1_38_2486760_21fc_51661>
...
040 (13802358.000.000) 10/12 20:26:09 Finished transferring input files
...
001 (13802358.000.000) 10/12 20:26:11 Job executing on host: <188.185.192.61:9618?addrs=188.185.192.61-9618+[2001-1458-303-1f--100-39]-9618&alias=b9p13p5469.cern.ch&noUDP&sock=startd_128094_6877>
	SlotName: slot1_38@b9p13p5469.cern.ch
	CondorScratchDir = "/pool/condor/dir_2614223"
	Cpus = 3
	Disk = 2885609
	Memory = 6000
...
006 (13802358.000.000) 10/12 20:26:19 Image size of job updated: 1
	0  -  MemoryUsage of job (MB)
	0  -  ResidentSetSize of job (KB)
...
006 (13802358.000.000) 10/12 20:26:37 Image size of job updated: 131008
	94  -  MemoryUsage of job (MB)
	95772  -  ResidentSetSize of job (KB)
...
040 (13802358.000.000) 10/12 20:26:37 Started transferring output files
...
040 (13802358.000.000) 10/12 20:26:37 Finished transferring output files
...
005 (13802358.000.000) 10/12 20:26:37 Job terminated.
	(1) Normal termination (return value 0)
		Usr 0 00:00:00, Sys 0 00:00:00  -  Run Remote Usage
		Usr 0 00:00:00, Sys 0 00:00:00  -  Run Local Usage
		Usr 0 00:00:00, Sys 0 00:00:00  -  Total Remote Usage
		Usr 0 00:00:00, Sys 0 00:00:00  -  Total Local Usage
	45105  -  Run Bytes Sent By Job
	377  -  Run Bytes Received By Job
	45105  -  Total Bytes Sent By Job
	377  -  Total Bytes Received By Job
	Partitionable Resources :    Usage  Request Allocated 
	   Cpus                 :        0        3         3 
	   Disk (KB)            :       69        1   2885609 
	   Memory (MB)          :       94     6000      6000 

	Job terminated of its own accord at 2024-10-12T18:26:37Z with exit-code 0.
...
000 (13802381.000.000) 10/12 20:31:26 Job submitted from host: <137.138.44.75:9618?addrs=137.138.44.75-9618+[2001-1458-d00-1a--b]-9618&alias=bigbird14.cern.ch&noUDP&sock=schedd_1981_6134>
...
000 (13802399.000.000) 10/12 20:31:39 Job submitted from host: <137.138.44.75:9618?addrs=137.138.44.75-9618+[2001-1458-d00-1a--b]-9618&alias=bigbird14.cern.ch&noUDP&sock=schedd_1981_6134>
...
040 (13802381.000.000) 10/12 20:32:35 Started transferring input files
	Transferring to host: <188.185.209.189:9618?addrs=188.185.209.189-9618+[2001-1458-303-12--100-3a]-9618&alias=b9p12p5961.cern.ch&noUDP&sock=slot1_26_3731474_bf74_163000>
...
040 (13802381.000.000) 10/12 20:32:35 Finished transferring input files
...
001 (13802381.000.000) 10/12 20:32:36 Job executing on host: <188.185.209.189:9618?addrs=188.185.209.189-9618+[2001-1458-303-12--100-3a]-9618&alias=b9p12p5961.cern.ch&noUDP&sock=startd_1532964_6041>
	SlotName: slot1_26@b9p12p5961.cern.ch
	CondorScratchDir = "/pool/condor/dir_1221860"
	Cpus = 3
	Disk = 2837279
	Memory = 6000
...
006 (13802381.000.000) 10/12 20:32:37 Image size of job updated: 74244
	36  -  MemoryUsage of job (MB)
	36112  -  ResidentSetSize of job (KB)
...
040 (13802381.000.000) 10/12 20:32:37 Started transferring output files
...
040 (13802381.000.000) 10/12 20:32:37 Finished transferring output files
...
005 (13802381.000.000) 10/12 20:32:37 Job terminated.
	(1) Normal termination (return value 0)
		Usr 0 00:00:00, Sys 0 00:00:00  -  Run Remote Usage
		Usr 0 00:00:00, Sys 0 00:00:00  -  Run Local Usage
		Usr 0 00:00:00, Sys 0 00:00:00  -  Total Remote Usage
		Usr 0 00:00:00, Sys 0 00:00:00  -  Total Local Usage
	45105  -  Run Bytes Sent By Job
	377  -  Run Bytes Received By Job
	45105  -  Total Bytes Sent By Job
	377  -  Total Bytes Received By Job
	Partitionable Resources :    Usage  Request Allocated 
	   Cpus                 :        0        3         3 
	   Disk (KB)            :       71        1   2837279 
	   Memory (MB)          :       36     6000      6000 

	Job terminated of its own accord at 2024-10-12T18:32:37Z with exit-code 0.
...
040 (13802399.000.000) 10/12 20:32:44 Started transferring input files
	Transferring to host: <128.142.132.179:9618?addrs=128.142.132.179-9618+[2001-1458-301-5a--100-a7]-9618&alias=b9g12p2820.cern.ch&noUDP&sock=slot1_31_2761_1fc9_203209>
...
040 (13802399.000.000) 10/12 20:32:44 Finished transferring input files
...
001 (13802399.000.000) 10/12 20:32:45 Job executing on host: <128.142.132.179:9618?addrs=128.142.132.179-9618+[2001-1458-301-5a--100-a7]-9618&alias=b9g12p2820.cern.ch&noUDP&sock=startd_2373_4254>
	SlotName: slot1_31@b9g12p2820.cern.ch
	CondorScratchDir = "/pool/condor/dir_176170"
	Cpus = 3
	Disk = 1730289
	Memory = 6000
...
006 (13802399.000.000) 10/12 20:32:46 Image size of job updated: 13548
	14  -  MemoryUsage of job (MB)
	13548  -  ResidentSetSize of job (KB)
...
040 (13802399.000.000) 10/12 20:32:46 Started transferring output files
...
040 (13802399.000.000) 10/12 20:32:46 Finished transferring output files
...
005 (13802399.000.000) 10/12 20:32:46 Job terminated.
	(1) Normal termination (return value 0)
		Usr 0 00:00:00, Sys 0 00:00:00  -  Run Remote Usage
		Usr 0 00:00:00, Sys 0 00:00:00  -  Run Local Usage
		Usr 0 00:00:00, Sys 0 00:00:00  -  Total Remote Usage
		Usr 0 00:00:00, Sys 0 00:00:00  -  Total Local Usage
	45105  -  Run Bytes Sent By Job
	377  -  Run Bytes Received By Job
	45105  -  Total Bytes Sent By Job
	377  -  Total Bytes Received By Job
	Partitionable Resources :    Usage  Request Allocated 
	   Cpus                 :        0        3         3 
	   Disk (KB)            :       69        1   1730289 
	   Memory (MB)          :       14     6000      6000 

	Job terminated of its own accord at 2024-10-12T18:32:46Z with exit-code 0.
...
000 (13808236.000.000) 10/14 06:56:06 Job submitted from host: <137.138.44.75:9618?addrs=137.138.44.75-9618+[2001-1458-d00-1a--b]-9618&alias=bigbird14.cern.ch&noUDP&sock=schedd_1981_6134>
...
000 (13808254.000.000) 10/14 06:56:18 Job submitted from host: <137.138.44.75:9618?addrs=137.138.44.75-9618+[2001-1458-d00-1a--b]-9618&alias=bigbird14.cern.ch&noUDP&sock=schedd_1981_6134>
...
040 (13808236.000.000) 10/14 07:00:58 Started transferring input files
	Transferring to host: <188.185.215.160:9618?addrs=188.185.215.160-9618+[2001-1458-303-26--100-1c]-9618&alias=b9p18p9531.cern.ch&noUDP&sock=slot1_17_1695785_b0b8_69010>
...
040 (13808236.000.000) 10/14 07:00:58 Finished transferring input files
...
001 (13808236.000.000) 10/14 07:00:59 Job executing on host: <188.185.215.160:9618?addrs=188.185.215.160-9618+[2001-1458-303-26--100-1c]-9618&alias=b9p18p9531.cern.ch&noUDP&sock=startd_11213_c389>
	SlotName: slot1_17@b9p18p9531.cern.ch
	CondorScratchDir = "/pool/condor/dir_515697"
	Cpus = 3
	Disk = 3010537
	Memory = 6000
...
040 (13808254.000.000) 10/14 07:01:04 Started transferring input files
	Transferring to host: <188.185.196.120:9618?addrs=188.185.196.120-9618+[2001-1458-303-23--100-74]-9618&alias=b9p16p8413.cern.ch&noUDP&sock=slot1_3_3304790_452d_74729>
...
040 (13808254.000.000) 10/14 07:01:04 Finished transferring input files
...
001 (13808254.000.000) 10/14 07:01:05 Job executing on host: <188.185.196.120:9618?addrs=188.185.196.120-9618+[2001-1458-303-23--100-74]-9618&alias=b9p16p8413.cern.ch&noUDP&sock=startd_177318_fa50>
	SlotName: slot1_3@b9p16p8413.cern.ch
	CondorScratchDir = "/pool/condor/dir_923777"
	Cpus = 3
	Disk = 2955797
	Memory = 6000
...
006 (13808236.000.000) 10/14 07:01:07 Image size of job updated: 80432
	74  -  MemoryUsage of job (MB)
	74836  -  ResidentSetSize of job (KB)
...
006 (13808254.000.000) 10/14 07:01:13 Image size of job updated: 172988
	164  -  MemoryUsage of job (MB)
	167264  -  ResidentSetSize of job (KB)
...
006 (13808236.000.000) 10/14 07:04:16 Image size of job updated: 2017388
	1872  -  MemoryUsage of job (MB)
	1915928  -  ResidentSetSize of job (KB)
...
040 (13808236.000.000) 10/14 07:04:16 Started transferring output files
...
040 (13808236.000.000) 10/14 07:04:16 Finished transferring output files
...
005 (13808236.000.000) 10/14 07:04:17 Job terminated.
	(1) Normal termination (return value 0)
		Usr 0 00:00:41, Sys 0 00:00:03  -  Run Remote Usage
		Usr 0 00:00:00, Sys 0 00:00:00  -  Run Local Usage
		Usr 0 00:00:41, Sys 0 00:00:03  -  Total Remote Usage
		Usr 0 00:00:00, Sys 0 00:00:00  -  Total Local Usage
	8825  -  Run Bytes Sent By Job
	377  -  Run Bytes Received By Job
	8825  -  Total Bytes Sent By Job
	377  -  Total Bytes Received By Job
	Partitionable Resources :    Usage  Request Allocated 
	   Cpus                 :        0        3         3 
	   Disk (KB)            :       30        1   3010537 
	   Memory (MB)          :     1872     6000      6000 

	Job terminated of its own accord at 2024-10-14T05:04:16Z with exit-code 0.
...
006 (13808254.000.000) 10/14 07:06:14 Image size of job updated: 1256012
	1227  -  MemoryUsage of job (MB)
	1255768  -  ResidentSetSize of job (KB)
...
006 (13808254.000.000) 10/14 07:08:34 Image size of job updated: 2091812
	1948  -  MemoryUsage of job (MB)
	1994288  -  ResidentSetSize of job (KB)
...
040 (13808254.000.000) 10/14 07:08:34 Started transferring output files
...
040 (13808254.000.000) 10/14 07:08:34 Finished transferring output files
...
005 (13808254.000.000) 10/14 07:08:34 Job terminated.
	(1) Normal termination (return value 0)
		Usr 0 00:00:41, Sys 0 00:00:03  -  Run Remote Usage
		Usr 0 00:00:00, Sys 0 00:00:00  -  Run Local Usage
		Usr 0 00:00:41, Sys 0 00:00:03  -  Total Remote Usage
		Usr 0 00:00:00, Sys 0 00:00:00  -  Total Local Usage
	8645  -  Run Bytes Sent By Job
	377  -  Run Bytes Received By Job
	8645  -  Total Bytes Sent By Job
	377  -  Total Bytes Received By Job
	Partitionable Resources :    Usage  Request Allocated 
	   Cpus                 :        0        3         3 
	   Disk (KB)            :       31        1   2955797 
	   Memory (MB)          :     1948     6000      6000 

	Job terminated of its own accord at 2024-10-14T05:08:34Z with exit-code 0.
...
000 (13808778.000.000) 10/14 13:46:50 Job submitted from host: <137.138.44.75:9618?addrs=137.138.44.75-9618+[2001-1458-d00-1a--b]-9618&alias=bigbird14.cern.ch&noUDP&sock=schedd_1981_6134>
...
040 (13808778.000.000) 10/14 13:50:35 Started transferring input files
	Transferring to host: <188.185.192.115:9618?addrs=188.185.192.115-9618+[2001-1458-303-1f--100-6f]-9618&alias=b9p13p8115.cern.ch&noUDP&sock=slot1_28_3676287_8390_11110>
...
040 (13808778.000.000) 10/14 13:50:35 Finished transferring input files
...
001 (13808778.000.000) 10/14 13:50:36 Job executing on host: <188.185.192.115:9618?addrs=188.185.192.115-9618+[2001-1458-303-1f--100-6f]-9618&alias=b9p13p8115.cern.ch&noUDP&sock=startd_128147_c2fc>
	SlotName: slot1_28@b9p13p8115.cern.ch
	CondorScratchDir = "/pool/condor/dir_3420150"
	Cpus = 3
	Disk = 2942914
	Memory = 6000
...
006 (13808778.000.000) 10/14 13:50:45 Image size of job updated: 1
	0  -  MemoryUsage of job (MB)
	0  -  ResidentSetSize of job (KB)
...
006 (13808778.000.000) 10/14 13:55:46 Image size of job updated: 190472
	186  -  MemoryUsage of job (MB)
	190260  -  ResidentSetSize of job (KB)
...
006 (13808778.000.000) 10/14 14:00:47 Image size of job updated: 237236
	232  -  MemoryUsage of job (MB)
	237236  -  ResidentSetSize of job (KB)
...
006 (13808778.000.000) 10/14 14:05:47 Image size of job updated: 265680
	232  -  MemoryUsage of job (MB)
	237236  -  ResidentSetSize of job (KB)
...
006 (13808778.000.000) 10/14 14:10:47 Image size of job updated: 265680
	249  -  MemoryUsage of job (MB)
	254456  -  ResidentSetSize of job (KB)
...
040 (13808778.000.000) 10/14 14:10:47 Started transferring output files
...
040 (13808778.000.000) 10/14 14:10:47 Finished transferring output files
...
009 (13808778.000.000) 10/14 14:10:47 Job was aborted.
	Job removed by SYSTEM_PERIODIC_REMOVE due to wall time exceeded allowed max.
...
000 (13809402.000.000) 10/14 19:38:31 Job submitted from host: <137.138.44.75:9618?addrs=137.138.44.75-9618+[2001-1458-d00-1a--b]-9618&alias=bigbird14.cern.ch&noUDP&sock=schedd_1981_6134>
...
040 (13809402.000.000) 10/14 19:43:09 Started transferring input files
	Transferring to host: <188.185.195.24:9618?addrs=188.185.195.24-9618+[2001-1458-303-22--100-14]-9618&alias=b9p17p3186.cern.ch&noUDP&sock=slot1_19_956551_768b_48789>
...
040 (13809402.000.000) 10/14 19:43:09 Finished transferring input files
...
001 (13809402.000.000) 10/14 19:43:10 Job executing on host: <188.185.195.24:9618?addrs=188.185.195.24-9618+[2001-1458-303-22--100-14]-9618&alias=b9p17p3186.cern.ch&noUDP&sock=startd_4714_fd89>
	SlotName: slot1_19@b9p17p3186.cern.ch
	CondorScratchDir = "/pool/condor/dir_1586314"
	Cpus = 3
	Disk = 2920785
	Memory = 6000
...
006 (13809402.000.000) 10/14 19:43:18 Image size of job updated: 270204
	264  -  MemoryUsage of job (MB)
	270204  -  ResidentSetSize of job (KB)
...
006 (13809402.000.000) 10/14 19:48:18 Image size of job updated: 388584
	380  -  MemoryUsage of job (MB)
	388248  -  ResidentSetSize of job (KB)
...
006 (13809402.000.000) 10/14 19:53:19 Image size of job updated: 399112
	380  -  MemoryUsage of job (MB)
	388248  -  ResidentSetSize of job (KB)
...
040 (13809402.000.000) 10/14 19:58:51 Started transferring output files
...
040 (13809402.000.000) 10/14 19:58:51 Finished transferring output files
...
004 (13809402.000.000) 10/14 19:58:51 Job was evicted.
	(0) CPU times
		Usr 0 00:15:05, Sys 0 00:00:00  -  Run Remote Usage
		Usr 0 00:00:00, Sys 0 00:00:00  -  Run Local Usage
	6658  -  Run Bytes Sent By Job
	377  -  Run Bytes Received By Job
	Partitionable Resources :    Usage  Request Allocated 
	   Cpus                 :     0.97        3         3 
	   Disk (KB)            :    29           1   2920785 
	   Memory (MB)          :   380        6000      6000 
...
009 (13809402.000.000) 10/14 19:58:51 Job was aborted.
	via condor_rm (by user cagrawal)
...
000 (13809451.000.000) 10/14 21:03:33 Job submitted from host: <137.138.44.75:9618?addrs=137.138.44.75-9618+[2001-1458-d00-1a--b]-9618&alias=bigbird14.cern.ch&noUDP&sock=schedd_1981_6134>
...
040 (13809451.000.000) 10/14 21:05:23 Started transferring input files
	Transferring to host: <188.184.185.69:9618?addrs=188.184.185.69-9618+[2001-1458-301-52--100-44]-9618&alias=b9g37p2364.cern.ch&noUDP&sock=slot1_15_2434816_e2bc_20492>
...
040 (13809451.000.000) 10/14 21:05:23 Finished transferring input files
...
001 (13809451.000.000) 10/14 21:05:24 Job executing on host: <188.184.185.69:9618?addrs=188.184.185.69-9618+[2001-1458-301-52--100-44]-9618&alias=b9g37p2364.cern.ch&noUDP&sock=startd_2548_4b67>
	SlotName: slot1_15@b9g37p2364.cern.ch
	CondorScratchDir = "/pool/condor/dir_2630167"
	Cpus = 3
	Disk = 2679931
	Memory = 6000
...
006 (13809451.000.000) 10/14 21:05:32 Image size of job updated: 95192
	89  -  MemoryUsage of job (MB)
	90152  -  ResidentSetSize of job (KB)
...
006 (13809451.000.000) 10/14 21:10:32 Image size of job updated: 1245288
	1217  -  MemoryUsage of job (MB)
	1245288  -  ResidentSetSize of job (KB)
...
006 (13809451.000.000) 10/14 21:12:12 Image size of job updated: 2053684
	1909  -  MemoryUsage of job (MB)
	1954144  -  ResidentSetSize of job (KB)
...
040 (13809451.000.000) 10/14 21:12:12 Started transferring output files
...
040 (13809451.000.000) 10/14 21:12:12 Finished transferring output files
...
005 (13809451.000.000) 10/14 21:12:12 Job terminated.
	(1) Normal termination (return value 0)
		Usr 0 00:00:49, Sys 0 00:00:03  -  Run Remote Usage
		Usr 0 00:00:00, Sys 0 00:00:00  -  Run Local Usage
		Usr 0 00:00:49, Sys 0 00:00:03  -  Total Remote Usage
		Usr 0 00:00:00, Sys 0 00:00:00  -  Total Local Usage
	8675  -  Run Bytes Sent By Job
	377  -  Run Bytes Received By Job
	8675  -  Total Bytes Sent By Job
	377  -  Total Bytes Received By Job
	Partitionable Resources :    Usage  Request Allocated 
	   Cpus                 :     0.04        3         3 
	   Disk (KB)            :    31           1   2679931 
	   Memory (MB)          :  1909        6000      6000 

	Job terminated of its own accord at 2024-10-14T19:12:12Z with exit-code 0.
...
000 (13810255.000.000) 10/15 07:39:35 Job submitted from host: <137.138.44.75:9618?addrs=137.138.44.75-9618+[2001-1458-d00-1a--b]-9618&alias=bigbird14.cern.ch&noUDP&sock=schedd_1981_6134>
...
040 (13810255.000.000) 10/15 07:42:10 Started transferring input files
	Transferring to host: <188.185.207.67:9618?addrs=188.185.207.67-9618+[2001-1458-303-d--100-40]-9618&alias=b9p07p9028.cern.ch&noUDP&sock=slot1_8_12074_f9a4_126758>
...
040 (13810255.000.000) 10/15 07:42:10 Finished transferring input files
...
001 (13810255.000.000) 10/15 07:42:11 Job executing on host: <188.185.207.67:9618?addrs=188.185.207.67-9618+[2001-1458-303-d--100-40]-9618&alias=b9p07p9028.cern.ch&noUDP&sock=startd_11057_c2c3>
	SlotName: slot1_8@b9p07p9028.cern.ch
	CondorScratchDir = "/pool/condor/dir_4159662"
	Cpus = 3
	Disk = 2958733
	Memory = 6000
...
006 (13810255.000.000) 10/15 07:42:20 Image size of job updated: 88144
	81  -  MemoryUsage of job (MB)
	82440  -  ResidentSetSize of job (KB)
...
006 (13810255.000.000) 10/15 07:42:23 Image size of job updated: 399984
	81  -  MemoryUsage of job (MB)
	82440  -  ResidentSetSize of job (KB)
...
040 (13810255.000.000) 10/15 07:42:24 Started transferring output files
...
040 (13810255.000.000) 10/15 07:42:24 Finished transferring output files
...
005 (13810255.000.000) 10/15 07:42:24 Job terminated.
	(1) Normal termination (return value 139)
		Usr 0 00:00:02, Sys 0 00:00:01  -  Run Remote Usage
		Usr 0 00:00:00, Sys 0 00:00:00  -  Run Local Usage
		Usr 0 00:00:02, Sys 0 00:00:01  -  Total Remote Usage
		Usr 0 00:00:00, Sys 0 00:00:00  -  Total Local Usage
	8440  -  Run Bytes Sent By Job
	377  -  Run Bytes Received By Job
	8440  -  Total Bytes Sent By Job
	377  -  Total Bytes Received By Job
	Partitionable Resources :    Usage  Request Allocated 
	   Cpus                 :        0        3         3 
	   Disk (KB)            :       31        1   2958733 
	   Memory (MB)          :       81     6000      6000 

	Job terminated of its own accord at 2024-10-15T05:42:23Z with exit-code 139.
...
000 (13810291.000.000) 10/15 08:12:02 Job submitted from host: <137.138.44.75:9618?addrs=137.138.44.75-9618+[2001-1458-d00-1a--b]-9618&alias=bigbird14.cern.ch&noUDP&sock=schedd_1981_6134>
...
040 (13810291.000.000) 10/15 08:13:55 Started transferring input files
	Transferring to host: <188.185.195.106:9618?addrs=188.185.195.106-9618+[2001-1458-303-22--100-66]-9618&alias=b9p17p8074.cern.ch&noUDP&sock=slot1_3_288521_e52e_19555>
...
040 (13810291.000.000) 10/15 08:13:55 Finished transferring input files
...
001 (13810291.000.000) 10/15 08:13:56 Job executing on host: <188.185.195.106:9618?addrs=188.185.195.106-9618+[2001-1458-303-22--100-66]-9618&alias=b9p17p8074.cern.ch&noUDP&sock=startd_288321_cd8f>
	SlotName: slot1_3@b9p17p8074.cern.ch
	CondorScratchDir = "/pool/condor/dir_1787954"
	Cpus = 3
	Disk = 2651414
	Memory = 6000
...
006 (13810291.000.000) 10/15 08:14:05 Image size of job updated: 1
	0  -  MemoryUsage of job (MB)
	0  -  ResidentSetSize of job (KB)
...
006 (13810291.000.000) 10/15 08:14:36 Image size of job updated: 804636
	439  -  MemoryUsage of job (MB)
	449252  -  ResidentSetSize of job (KB)
...
040 (13810291.000.000) 10/15 08:14:36 Started transferring output files
...
040 (13810291.000.000) 10/15 08:14:36 Finished transferring output files
...
005 (13810291.000.000) 10/15 08:14:36 Job terminated.
	(1) Normal termination (return value 139)
		Usr 0 00:00:04, Sys 0 00:00:01  -  Run Remote Usage
		Usr 0 00:00:00, Sys 0 00:00:00  -  Run Local Usage
		Usr 0 00:00:04, Sys 0 00:00:01  -  Total Remote Usage
		Usr 0 00:00:00, Sys 0 00:00:00  -  Total Local Usage
	8440  -  Run Bytes Sent By Job
	377  -  Run Bytes Received By Job
	8440  -  Total Bytes Sent By Job
	377  -  Total Bytes Received By Job
	Partitionable Resources :    Usage  Request Allocated 
	   Cpus                 :        0        3         3 
	   Disk (KB)            :       30        1   2651414 
	   Memory (MB)          :      439     6000      6000 

	Job terminated of its own accord at 2024-10-15T06:14:36Z with exit-code 139.
...
000 (13810439.000.000) 10/15 09:33:33 Job submitted from host: <137.138.44.75:9618?addrs=137.138.44.75-9618+[2001-1458-d00-1a--b]-9618&alias=bigbird14.cern.ch&noUDP&sock=schedd_1981_6134>
...
040 (13810439.000.000) 10/15 09:38:32 Started transferring input files
	Transferring to host: <188.185.192.100:9618?addrs=188.185.192.100-9618+[2001-1458-303-1f--100-60]-9618&alias=b9p13p1244.cern.ch&noUDP&sock=slot1_21_2713268_8277_25912>
...
040 (13810439.000.000) 10/15 09:38:32 Finished transferring input files
...
001 (13810439.000.000) 10/15 09:38:33 Job executing on host: <188.185.192.100:9618?addrs=188.185.192.100-9618+[2001-1458-303-1f--100-60]-9618&alias=b9p13p1244.cern.ch&noUDP&sock=startd_128368_596a>
	SlotName: slot1_21@b9p13p1244.cern.ch
	CondorScratchDir = "/pool/condor/dir_872817"
	Cpus = 3
	Disk = 2952924
	Memory = 6000
...
006 (13810439.000.000) 10/15 09:38:41 Image size of job updated: 87736
	80  -  MemoryUsage of job (MB)
	80960  -  ResidentSetSize of job (KB)
...
006 (13810439.000.000) 10/15 09:38:46 Image size of job updated: 391788
	80  -  MemoryUsage of job (MB)
	81216  -  ResidentSetSize of job (KB)
...
040 (13810439.000.000) 10/15 09:38:46 Started transferring output files
...
040 (13810439.000.000) 10/15 09:38:46 Finished transferring output files
...
005 (13810439.000.000) 10/15 09:38:46 Job terminated.
	(1) Normal termination (return value 139)
		Usr 0 00:00:04, Sys 0 00:00:00  -  Run Remote Usage
		Usr 0 00:00:00, Sys 0 00:00:00  -  Run Local Usage
		Usr 0 00:00:04, Sys 0 00:00:00  -  Total Remote Usage
		Usr 0 00:00:00, Sys 0 00:00:00  -  Total Local Usage
	8440  -  Run Bytes Sent By Job
	377  -  Run Bytes Received By Job
	8440  -  Total Bytes Sent By Job
	377  -  Total Bytes Received By Job
	Partitionable Resources :    Usage  Request Allocated 
	   Cpus                 :        0        3         3 
	   Disk (KB)            :       31        1   2952924 
	   Memory (MB)          :       80     6000      6000 

	Job terminated of its own accord at 2024-10-15T07:38:46Z with exit-code 139.
...
000 (13811532.000.000) 10/15 12:21:19 Job submitted from host: <137.138.44.75:9618?addrs=137.138.44.75-9618+[2001-1458-d00-1a--b]-9618&alias=bigbird14.cern.ch&noUDP&sock=schedd_1981_6134>
...
040 (13811532.000.000) 10/15 12:22:02 Started transferring input files
	Transferring to host: <188.185.205.179:9618?addrs=188.185.205.179-9618+[2001-1458-303-a--100-30]-9618&alias=b9p04p5046.cern.ch&noUDP&sock=slot1_46_3602_af4c_79185>
...
040 (13811532.000.000) 10/15 12:22:02 Finished transferring input files
...
001 (13811532.000.000) 10/15 12:22:03 Job executing on host: <188.185.205.179:9618?addrs=188.185.205.179-9618+[2001-1458-303-a--100-30]-9618&alias=b9p04p5046.cern.ch&noUDP&sock=startd_3271_3660>
	SlotName: slot1_46@b9p04p5046.cern.ch
	CondorScratchDir = "/pool/condor/dir_2813801"
	Cpus = 3
	Disk = 2570319
	Memory = 6000
...
006 (13811532.000.000) 10/15 12:22:12 Image size of job updated: 221812
	216  -  MemoryUsage of job (MB)
	221020  -  ResidentSetSize of job (KB)
...
006 (13811532.000.000) 10/15 12:22:14 Image size of job updated: 419216
	216  -  MemoryUsage of job (MB)
	221020  -  ResidentSetSize of job (KB)
...
040 (13811532.000.000) 10/15 12:22:14 Started transferring output files
...
040 (13811532.000.000) 10/15 12:22:14 Finished transferring output files
...
005 (13811532.000.000) 10/15 12:22:14 Job terminated.
	(1) Normal termination (return value 139)
		Usr 0 00:00:03, Sys 0 00:00:01  -  Run Remote Usage
		Usr 0 00:00:00, Sys 0 00:00:00  -  Run Local Usage
		Usr 0 00:00:03, Sys 0 00:00:01  -  Total Remote Usage
		Usr 0 00:00:00, Sys 0 00:00:00  -  Total Local Usage
	8440  -  Run Bytes Sent By Job
	377  -  Run Bytes Received By Job
	8440  -  Total Bytes Sent By Job
	377  -  Total Bytes Received By Job
	Partitionable Resources :    Usage  Request Allocated 
	   Cpus                 :        0        3         3 
	   Disk (KB)            :       36        1   2570319 
	   Memory (MB)          :      216     6000      6000 

	Job terminated of its own accord at 2024-10-15T10:22:14Z with exit-code 139.
...
000 (13811589.000.000) 10/15 12:34:52 Job submitted from host: <137.138.44.75:9618?addrs=137.138.44.75-9618+[2001-1458-d00-1a--b]-9618&alias=bigbird14.cern.ch&noUDP&sock=schedd_1981_6134>
...
040 (13811589.000.000) 10/15 12:52:10 Started transferring input files
	Transferring to host: <188.185.194.176:9618?addrs=188.185.194.176-9618+[2001-1458-303-21--100-ac]-9618&alias=b9p20p3585.cern.ch&noUDP&sock=slot1_18_2273488_b71c_61240>
...
040 (13811589.000.000) 10/15 12:52:10 Finished transferring input files
...
001 (13811589.000.000) 10/15 12:52:11 Job executing on host: <188.185.194.176:9618?addrs=188.185.194.176-9618+[2001-1458-303-21--100-ac]-9618&alias=b9p20p3585.cern.ch&noUDP&sock=startd_3047025_49ad>
	SlotName: slot1_18@b9p20p3585.cern.ch
	CondorScratchDir = "/pool/condor/dir_326307"
	Cpus = 3
	Disk = 3042647
	Memory = 6000
...
006 (13811589.000.000) 10/15 12:52:19 Image size of job updated: 80128
	73  -  MemoryUsage of job (MB)
	74556  -  ResidentSetSize of job (KB)
...
006 (13811589.000.000) 10/15 12:52:22 Image size of job updated: 385352
	73  -  MemoryUsage of job (MB)
	74556  -  ResidentSetSize of job (KB)
...
040 (13811589.000.000) 10/15 12:52:22 Started transferring output files
...
040 (13811589.000.000) 10/15 12:52:22 Finished transferring output files
...
005 (13811589.000.000) 10/15 12:52:22 Job terminated.
	(1) Normal termination (return value 139)
		Usr 0 00:00:04, Sys 0 00:00:01  -  Run Remote Usage
		Usr 0 00:00:00, Sys 0 00:00:00  -  Run Local Usage
		Usr 0 00:00:04, Sys 0 00:00:01  -  Total Remote Usage
		Usr 0 00:00:00, Sys 0 00:00:00  -  Total Local Usage
	8440  -  Run Bytes Sent By Job
	377  -  Run Bytes Received By Job
	8440  -  Total Bytes Sent By Job
	377  -  Total Bytes Received By Job
	Partitionable Resources :    Usage  Request Allocated 
	   Cpus                 :        0        3         3 
	   Disk (KB)            :       30        1   3042647 
	   Memory (MB)          :       73     6000      6000 

	Job terminated of its own accord at 2024-10-15T10:52:22Z with exit-code 139.
...
000 (13812172.000.000) 10/15 13:03:11 Job submitted from host: <137.138.44.75:9618?addrs=137.138.44.75-9618+[2001-1458-d00-1a--b]-9618&alias=bigbird14.cern.ch&noUDP&sock=schedd_1981_6134>
...
040 (13812172.000.000) 10/15 13:05:41 Started transferring input files
	Transferring to host: <188.185.198.178:9618?addrs=188.185.198.178-9618+[2001-1458-303-25--100-ae]-9618&alias=b9p15p6631.cern.ch&noUDP&sock=slot1_20_8896_c963_68332>
...
040 (13812172.000.000) 10/15 13:05:41 Finished transferring input files
...
001 (13812172.000.000) 10/15 13:05:42 Job executing on host: <188.185.198.178:9618?addrs=188.185.198.178-9618+[2001-1458-303-25--100-ae]-9618&alias=b9p15p6631.cern.ch&noUDP&sock=startd_8754_1827>
	SlotName: slot1_20@b9p15p6631.cern.ch
	CondorScratchDir = "/pool/condor/dir_2987573"
	Cpus = 3
	Disk = 3029904
	Memory = 6000
...
006 (13812172.000.000) 10/15 13:05:51 Image size of job updated: 79820
	73  -  MemoryUsage of job (MB)
	74216  -  ResidentSetSize of job (KB)
...
006 (13812172.000.000) 10/15 13:05:54 Image size of job updated: 370800
	73  -  MemoryUsage of job (MB)
	74216  -  ResidentSetSize of job (KB)
...
040 (13812172.000.000) 10/15 13:05:54 Started transferring output files
...
040 (13812172.000.000) 10/15 13:05:54 Finished transferring output files
...
005 (13812172.000.000) 10/15 13:05:54 Job terminated.
	(1) Normal termination (return value 139)
		Usr 0 00:00:04, Sys 0 00:00:00  -  Run Remote Usage
		Usr 0 00:00:00, Sys 0 00:00:00  -  Run Local Usage
		Usr 0 00:00:04, Sys 0 00:00:00  -  Total Remote Usage
		Usr 0 00:00:00, Sys 0 00:00:00  -  Total Local Usage
	8440  -  Run Bytes Sent By Job
	384  -  Run Bytes Received By Job
	8440  -  Total Bytes Sent By Job
	384  -  Total Bytes Received By Job
	Partitionable Resources :    Usage  Request Allocated 
	   Cpus                 :        0        3         3 
	   Disk (KB)            :       31        1   3029904 
	   Memory (MB)          :       73     6000      6000 

	Job terminated of its own accord at 2024-10-15T11:05:54Z with exit-code 139.
...
000 (13812459.000.000) 10/15 13:17:22 Job submitted from host: <137.138.44.75:9618?addrs=137.138.44.75-9618+[2001-1458-d00-1a--b]-9618&alias=bigbird14.cern.ch&noUDP&sock=schedd_1981_6134>
...
040 (13812459.000.000) 10/15 13:41:01 Started transferring input files
	Transferring to host: <188.185.194.11:9618?addrs=188.185.194.11-9618+[2001-1458-303-21--100-7]-9618&alias=b9p20p3359.cern.ch&noUDP&sock=slot1_17_500710_3dc2_48546>
...
040 (13812459.000.000) 10/15 13:41:01 Finished transferring input files
...
001 (13812459.000.000) 10/15 13:41:02 Job executing on host: <188.185.194.11:9618?addrs=188.185.194.11-9618+[2001-1458-303-21--100-7]-9618&alias=b9p20p3359.cern.ch&noUDP&sock=startd_4658_943b>
	SlotName: slot1_17@b9p20p3359.cern.ch
	CondorScratchDir = "/pool/condor/dir_4067209"
	Cpus = 3
	Disk = 2919390
	Memory = 6000
...
006 (13812459.000.000) 10/15 13:41:11 Image size of job updated: 118388
	112  -  MemoryUsage of job (MB)
	114232  -  ResidentSetSize of job (KB)
...
006 (13812459.000.000) 10/15 13:41:16 Image size of job updated: 421580
	112  -  MemoryUsage of job (MB)
	114232  -  ResidentSetSize of job (KB)
...
040 (13812459.000.000) 10/15 13:41:16 Started transferring output files
...
040 (13812459.000.000) 10/15 13:41:16 Finished transferring output files
...
005 (13812459.000.000) 10/15 13:41:16 Job terminated.
	(1) Normal termination (return value 139)
		Usr 0 00:00:04, Sys 0 00:00:00  -  Run Remote Usage
		Usr 0 00:00:00, Sys 0 00:00:00  -  Run Local Usage
		Usr 0 00:00:04, Sys 0 00:00:00  -  Total Remote Usage
		Usr 0 00:00:00, Sys 0 00:00:00  -  Total Local Usage
	8680  -  Run Bytes Sent By Job
	391  -  Run Bytes Received By Job
	8680  -  Total Bytes Sent By Job
	391  -  Total Bytes Received By Job
	Partitionable Resources :    Usage  Request Allocated 
	   Cpus                 :        0        3         3 
	   Disk (KB)            :       31        1   2919390 
	   Memory (MB)          :      112     6000      6000 

	Job terminated of its own accord at 2024-10-15T11:41:16Z with exit-code 139.
...
000 (13818199.000.000) 10/15 19:48:12 Job submitted from host: <137.138.44.75:9618?addrs=137.138.44.75-9618+[2001-1458-d00-1a--b]-9618&alias=bigbird14.cern.ch&noUDP&sock=schedd_1981_6134>
...
040 (13818199.000.000) 10/15 19:52:01 Started transferring input files
	Transferring to host: <188.185.195.118:9618?addrs=188.185.195.118-9618+[2001-1458-303-22--100-72]-9618&alias=b9p17p8451.cern.ch&noUDP&sock=slot1_19_2121115_2708_66874>
...
040 (13818199.000.000) 10/15 19:52:01 Finished transferring input files
...
001 (13818199.000.000) 10/15 19:52:02 Job executing on host: <188.185.195.118:9618?addrs=188.185.195.118-9618+[2001-1458-303-22--100-72]-9618&alias=b9p17p8451.cern.ch&noUDP&sock=startd_127875_3139>
	SlotName: slot1_19@b9p17p8451.cern.ch
	CondorScratchDir = "/pool/condor/dir_3559934"
	Cpus = 3
	Disk = 2969401
	Memory = 6000
...
006 (13818199.000.000) 10/15 19:52:11 Image size of job updated: 1
	0  -  MemoryUsage of job (MB)
	0  -  ResidentSetSize of job (KB)
...
006 (13818199.000.000) 10/15 19:57:12 Image size of job updated: 1789732
	1748  -  MemoryUsage of job (MB)
	1789732  -  ResidentSetSize of job (KB)
...
006 (13818199.000.000) 10/15 19:57:52 Image size of job updated: 2380048
	2230  -  MemoryUsage of job (MB)
	2282852  -  ResidentSetSize of job (KB)
...
040 (13818199.000.000) 10/15 19:57:52 Started transferring output files
...
040 (13818199.000.000) 10/15 19:57:53 Finished transferring output files
...
005 (13818199.000.000) 10/15 19:57:53 Job terminated.
	(1) Normal termination (return value 0)
		Usr 0 00:00:30, Sys 0 00:00:01  -  Run Remote Usage
		Usr 0 00:00:00, Sys 0 00:00:00  -  Run Local Usage
		Usr 0 00:00:30, Sys 0 00:00:01  -  Total Remote Usage
		Usr 0 00:00:00, Sys 0 00:00:00  -  Total Local Usage
	8700  -  Run Bytes Sent By Job
	391  -  Run Bytes Received By Job
	8700  -  Total Bytes Sent By Job
	391  -  Total Bytes Received By Job
	Partitionable Resources :    Usage  Request Allocated 
	   Cpus                 :        0        3         3 
	   Disk (KB)            :       30        1   2969401 
	   Memory (MB)          :     2230     6000      6000 

	Job terminated of its own accord at 2024-10-15T17:57:52Z with exit-code 0.
...
000 (13821676.000.000) 10/16 04:52:40 Job submitted from host: <137.138.44.75:9618?addrs=137.138.44.75-9618+[2001-1458-d00-1a--b]-9618&alias=bigbird14.cern.ch&noUDP&sock=schedd_1981_6134>
...
040 (13821676.000.000) 10/16 04:54:55 Started transferring input files
	Transferring to host: <188.185.193.63:9618?addrs=188.185.193.63-9618+[2001-1458-303-20--100-3b]-9618&alias=b9p19p4126.cern.ch&noUDP&sock=slot1_41_900240_44f9_12569>
...
040 (13821676.000.000) 10/16 04:54:55 Finished transferring input files
...
001 (13821676.000.000) 10/16 04:54:56 Job executing on host: <188.185.193.63:9618?addrs=188.185.193.63-9618+[2001-1458-303-20--100-3b]-9618&alias=b9p19p4126.cern.ch&noUDP&sock=startd_128140_f5d2>
	SlotName: slot1_41@b9p19p4126.cern.ch
	CondorScratchDir = "/pool/condor/dir_786475"
	Cpus = 3
	Disk = 3035825
	Memory = 6000
...
006 (13821676.000.000) 10/16 04:55:05 Image size of job updated: 488880
	472  -  MemoryUsage of job (MB)
	482976  -  ResidentSetSize of job (KB)
...
006 (13821676.000.000) 10/16 05:00:06 Image size of job updated: 1669632
	1631  -  MemoryUsage of job (MB)
	1669632  -  ResidentSetSize of job (KB)
...
006 (13821676.000.000) 10/16 05:02:20 Image size of job updated: 2194008
	2036  -  MemoryUsage of job (MB)
	2084464  -  ResidentSetSize of job (KB)
...
040 (13821676.000.000) 10/16 05:02:21 Started transferring output files
...
040 (13821676.000.000) 10/16 05:02:21 Finished transferring output files
...
005 (13821676.000.000) 10/16 05:02:21 Job terminated.
	(1) Normal termination (return value 0)
		Usr 0 00:00:39, Sys 0 00:00:03  -  Run Remote Usage
		Usr 0 00:00:00, Sys 0 00:00:00  -  Run Local Usage
		Usr 0 00:00:39, Sys 0 00:00:03  -  Total Remote Usage
		Usr 0 00:00:00, Sys 0 00:00:00  -  Total Local Usage
	6358  -  Run Bytes Sent By Job
	391  -  Run Bytes Received By Job
	6358  -  Total Bytes Sent By Job
	391  -  Total Bytes Received By Job
	Partitionable Resources :    Usage  Request Allocated 
	   Cpus                 :     0.03        3         3 
	   Disk (KB)            :    28           1   3035825 
	   Memory (MB)          :  2036        6000      6000 

	Job terminated of its own accord at 2024-10-16T03:02:20Z with exit-code 0.
...
000 (13822173.000.000) 10/16 05:47:00 Job submitted from host: <137.138.44.75:9618?addrs=137.138.44.75-9618+[2001-1458-d00-1a--b]-9618&alias=bigbird14.cern.ch&noUDP&sock=schedd_1981_6134>
...
040 (13822173.000.000) 10/16 05:50:16 Started transferring input files
	Transferring to host: <128.142.51.209:9618?addrs=128.142.51.209-9618+[2001-1458-301-3--100-e]-9618&alias=b9g02p0891.cern.ch&noUDP&sock=slot1_28_7278_c261_17917>
...
040 (13822173.000.000) 10/16 05:50:16 Finished transferring input files
...
001 (13822173.000.000) 10/16 05:50:17 Job executing on host: <128.142.51.209:9618?addrs=128.142.51.209-9618+[2001-1458-301-3--100-e]-9618&alias=b9g02p0891.cern.ch&noUDP&sock=startd_5829_c9a2>
	SlotName: slot1_28@b9g02p0891.cern.ch
	CondorScratchDir = "/pool/condor/dir_792274"
	Cpus = 3
	Disk = 2990454
	Memory = 6000
...
006 (13822173.000.000) 10/16 05:50:26 Image size of job updated: 80756
	74  -  MemoryUsage of job (MB)
	75420  -  ResidentSetSize of job (KB)
...
006 (13822173.000.000) 10/16 05:54:25 Image size of job updated: 1921108
	1777  -  MemoryUsage of job (MB)
	1819312  -  ResidentSetSize of job (KB)
...
040 (13822173.000.000) 10/16 05:54:25 Started transferring output files
...
040 (13822173.000.000) 10/16 05:54:25 Finished transferring output files
...
005 (13822173.000.000) 10/16 05:54:25 Job terminated.
	(1) Normal termination (return value 0)
		Usr 0 00:00:41, Sys 0 00:00:03  -  Run Remote Usage
		Usr 0 00:00:00, Sys 0 00:00:00  -  Run Local Usage
		Usr 0 00:00:41, Sys 0 00:00:03  -  Total Remote Usage
		Usr 0 00:00:00, Sys 0 00:00:00  -  Total Local Usage
	8700  -  Run Bytes Sent By Job
	391  -  Run Bytes Received By Job
	8700  -  Total Bytes Sent By Job
	391  -  Total Bytes Received By Job
	Partitionable Resources :    Usage  Request Allocated 
	   Cpus                 :     0.06        3         3 
	   Disk (KB)            :    31           1   2990454 
	   Memory (MB)          :  1777        6000      6000 

	Job terminated of its own accord at 2024-10-16T03:54:25Z with exit-code 0.
...
