000 (13802393.000.000) 10/12 20:31:35 Job submitted from host: <137.138.44.75:9618?addrs=137.138.44.75-9618+[2001-1458-d00-1a--b]-9618&alias=bigbird14.cern.ch&noUDP&sock=schedd_1981_6134>
...
040 (13802393.000.000) 10/12 20:32:41 Started transferring input files
	Transferring to host: <188.185.206.48:9618?addrs=188.185.206.48-9618+[2001-1458-303-b--100-2d]-9618&alias=b9p05p9890.cern.ch&noUDP&sock=slot1_19_3689_fbef_61278>
...
040 (13802393.000.000) 10/12 20:32:41 Finished transferring input files
...
001 (13802393.000.000) 10/12 20:32:42 Job executing on host: <188.185.206.48:9618?addrs=188.185.206.48-9618+[2001-1458-303-b--100-2d]-9618&alias=b9p05p9890.cern.ch&noUDP&sock=startd_3624_574e>
	SlotName: slot1_19@b9p05p9890.cern.ch
	CondorScratchDir = "/pool/condor/dir_4053925"
	Cpus = 3
	Disk = 2919511
	Memory = 6000
...
006 (13802393.000.000) 10/12 20:32:43 Image size of job updated: 77300
	36  -  MemoryUsage of job (MB)
	36836  -  ResidentSetSize of job (KB)
...
040 (13802393.000.000) 10/12 20:32:43 Started transferring output files
...
040 (13802393.000.000) 10/12 20:32:43 Finished transferring output files
...
005 (13802393.000.000) 10/12 20:32:43 Job terminated.
	(1) Normal termination (return value 0)
		Usr 0 00:00:00, Sys 0 00:00:00  -  Run Remote Usage
		Usr 0 00:00:00, Sys 0 00:00:00  -  Run Local Usage
		Usr 0 00:00:00, Sys 0 00:00:00  -  Total Remote Usage
		Usr 0 00:00:00, Sys 0 00:00:00  -  Total Local Usage
	45127  -  Run Bytes Sent By Job
	377  -  Run Bytes Received By Job
	45127  -  Total Bytes Sent By Job
	377  -  Total Bytes Received By Job
	Partitionable Resources :    Usage  Request Allocated 
	   Cpus                 :        0        3         3 
	   Disk (KB)            :       72        1   2919511 
	   Memory (MB)          :       36     6000      6000 

	Job terminated of its own accord at 2024-10-12T18:32:43Z with exit-code 0.
...
000 (13808248.000.000) 10/14 06:56:14 Job submitted from host: <137.138.44.75:9618?addrs=137.138.44.75-9618+[2001-1458-d00-1a--b]-9618&alias=bigbird14.cern.ch&noUDP&sock=schedd_1981_6134>
...
040 (13808248.000.000) 10/14 07:01:02 Started transferring input files
	Transferring to host: <188.185.196.79:9618?addrs=188.185.196.79-9618+[2001-1458-303-23--100-4b]-9618&alias=b9p16p8791.cern.ch&noUDP&sock=slot1_14_1800094_d129_8261>
...
040 (13808248.000.000) 10/14 07:01:02 Finished transferring input files
...
001 (13808248.000.000) 10/14 07:01:03 Job executing on host: <188.185.196.79:9618?addrs=188.185.196.79-9618+[2001-1458-303-23--100-4b]-9618&alias=b9p16p8791.cern.ch&noUDP&sock=startd_177601_179e>
	SlotName: slot1_14@b9p16p8791.cern.ch
	CondorScratchDir = "/pool/condor/dir_3789738"
	Cpus = 3
	Disk = 2989694
	Memory = 6000
...
006 (13808248.000.000) 10/14 07:01:12 Image size of job updated: 170140
	167  -  MemoryUsage of job (MB)
	170140  -  ResidentSetSize of job (KB)
...
006 (13808248.000.000) 10/14 07:01:15 Image size of job updated: 247412
	173  -  MemoryUsage of job (MB)
	176444  -  ResidentSetSize of job (KB)
...
040 (13808248.000.000) 10/14 07:01:15 Started transferring output files
...
040 (13808248.000.000) 10/14 07:01:15 Finished transferring output files
...
005 (13808248.000.000) 10/14 07:01:15 Job terminated.
	(1) Normal termination (return value 0)
		Usr 0 00:00:03, Sys 0 00:00:00  -  Run Remote Usage
		Usr 0 00:00:00, Sys 0 00:00:00  -  Run Local Usage
		Usr 0 00:00:03, Sys 0 00:00:00  -  Total Remote Usage
		Usr 0 00:00:00, Sys 0 00:00:00  -  Total Local Usage
	6850  -  Run Bytes Sent By Job
	377  -  Run Bytes Received By Job
	6850  -  Total Bytes Sent By Job
	377  -  Total Bytes Received By Job
	Partitionable Resources :    Usage  Request Allocated 
	   Cpus                 :        0        3         3 
	   Disk (KB)            :       29        1   2989694 
	   Memory (MB)          :      173     6000      6000 

	Job terminated of its own accord at 2024-10-14T05:01:15Z with exit-code 0.
...
000 (13808787.000.000) 10/14 13:46:59 Job submitted from host: <137.138.44.75:9618?addrs=137.138.44.75-9618+[2001-1458-d00-1a--b]-9618&alias=bigbird14.cern.ch&noUDP&sock=schedd_1981_6134>
...
040 (13808787.000.000) 10/14 13:50:40 Started transferring input files
	Transferring to host: <128.142.248.24:9618?addrs=128.142.248.24-9618+[2001-1458-301-73--100-108]-9618&alias=b9g23p8366.cern.ch&noUDP&sock=slot1_10_6414_fe3e_19921>
...
040 (13808787.000.000) 10/14 13:50:40 Finished transferring input files
...
001 (13808787.000.000) 10/14 13:50:41 Job executing on host: <128.142.248.24:9618?addrs=128.142.248.24-9618+[2001-1458-301-73--100-108]-9618&alias=b9g23p8366.cern.ch&noUDP&sock=startd_5687_6330>
	SlotName: slot1_10@b9g23p8366.cern.ch
	CondorScratchDir = "/pool/condor/dir_965338"
	Cpus = 3
	Disk = 3010377
	Memory = 6000
...
006 (13808787.000.000) 10/14 13:50:49 Image size of job updated: 100284
	98  -  MemoryUsage of job (MB)
	100284  -  ResidentSetSize of job (KB)
...
006 (13808787.000.000) 10/14 13:55:01 Image size of job updated: 195192
	121  -  MemoryUsage of job (MB)
	123284  -  ResidentSetSize of job (KB)
...
040 (13808787.000.000) 10/14 13:55:01 Started transferring output files
...
040 (13808787.000.000) 10/14 13:55:01 Finished transferring output files
...
005 (13808787.000.000) 10/14 13:55:01 Job terminated.
	(1) Normal termination (return value 0)
		Usr 0 00:04:13, Sys 0 00:00:00  -  Run Remote Usage
		Usr 0 00:00:00, Sys 0 00:00:00  -  Run Local Usage
		Usr 0 00:04:13, Sys 0 00:00:00  -  Total Remote Usage
		Usr 0 00:00:00, Sys 0 00:00:00  -  Total Local Usage
	6764  -  Run Bytes Sent By Job
	377  -  Run Bytes Received By Job
	6764  -  Total Bytes Sent By Job
	377  -  Total Bytes Received By Job
	Partitionable Resources :    Usage  Request Allocated 
	   Cpus                 :        0        3         3 
	   Disk (KB)            :       29        1   3010377 
	   Memory (MB)          :      121     6000      6000 

	Job terminated of its own accord at 2024-10-14T11:55:01Z with exit-code 0.
...
000 (13809411.000.000) 10/14 19:38:37 Job submitted from host: <137.138.44.75:9618?addrs=137.138.44.75-9618+[2001-1458-d00-1a--b]-9618&alias=bigbird14.cern.ch&noUDP&sock=schedd_1981_6134>
...
040 (13809411.000.000) 10/14 19:43:11 Started transferring input files
	Transferring to host: <128.142.161.83:9618?addrs=128.142.161.83-9618+[2001-1458-301-b8--100-11]-9618&alias=b9g03p4706.cern.ch&noUDP&sock=slot1_9_5532_8b5a_467>
...
040 (13809411.000.000) 10/14 19:43:11 Finished transferring input files
...
001 (13809411.000.000) 10/14 19:43:12 Job executing on host: <128.142.161.83:9618?addrs=128.142.161.83-9618+[2001-1458-301-b8--100-11]-9618&alias=b9g03p4706.cern.ch&noUDP&sock=startd_4252_18c8>
	SlotName: slot1_9@b9g03p4706.cern.ch
	CondorScratchDir = "/pool/condor/dir_471408"
	Cpus = 3
	Disk = 3151015
	Memory = 6000
...
006 (13809411.000.000) 10/14 19:43:21 Image size of job updated: 113688
	112  -  MemoryUsage of job (MB)
	113688  -  ResidentSetSize of job (KB)
...
006 (13809411.000.000) 10/14 19:46:38 Image size of job updated: 205240
	131  -  MemoryUsage of job (MB)
	133252  -  ResidentSetSize of job (KB)
...
040 (13809411.000.000) 10/14 19:46:38 Started transferring output files
...
040 (13809411.000.000) 10/14 19:46:38 Finished transferring output files
...
005 (13809411.000.000) 10/14 19:46:38 Job terminated.
	(1) Normal termination (return value 0)
		Usr 0 00:03:19, Sys 0 00:00:00  -  Run Remote Usage
		Usr 0 00:00:00, Sys 0 00:00:00  -  Run Local Usage
		Usr 0 00:03:19, Sys 0 00:00:00  -  Total Remote Usage
		Usr 0 00:00:00, Sys 0 00:00:00  -  Total Local Usage
	7214  -  Run Bytes Sent By Job
	377  -  Run Bytes Received By Job
	7214  -  Total Bytes Sent By Job
	377  -  Total Bytes Received By Job
	Partitionable Resources :    Usage  Request Allocated 
	   Cpus                 :        0        3         3 
	   Disk (KB)            :       29        1   3151015 
	   Memory (MB)          :      131     6000      6000 

	Job terminated of its own accord at 2024-10-14T17:46:38Z with exit-code 0.
...
000 (13809460.000.000) 10/14 21:03:41 Job submitted from host: <137.138.44.75:9618?addrs=137.138.44.75-9618+[2001-1458-d00-1a--b]-9618&alias=bigbird14.cern.ch&noUDP&sock=schedd_1981_6134>
...
040 (13809460.000.000) 10/14 21:06:03 Started transferring input files
	Transferring to host: <128.142.248.105:9618?addrs=128.142.248.105-9618+[2001-1458-301-73--100-159]-9618&alias=b9g23p9995.cern.ch&noUDP&sock=slot1_1_2365944_54cb_77731>
...
040 (13809460.000.000) 10/14 21:06:03 Finished transferring input files
...
001 (13809460.000.000) 10/14 21:06:04 Job executing on host: <128.142.248.105:9618?addrs=128.142.248.105-9618+[2001-1458-301-73--100-159]-9618&alias=b9g23p9995.cern.ch&noUDP&sock=startd_5256_c1de>
	SlotName: slot1_1@b9g23p9995.cern.ch
	CondorScratchDir = "/pool/condor/dir_1751711"
	Cpus = 3
	Disk = 2919051
	Memory = 6000
...
006 (13809460.000.000) 10/14 21:06:13 Image size of job updated: 175388
	172  -  MemoryUsage of job (MB)
	175128  -  ResidentSetSize of job (KB)
...
006 (13809460.000.000) 10/14 21:06:14 Image size of job updated: 187416
	172  -  MemoryUsage of job (MB)
	175384  -  ResidentSetSize of job (KB)
...
040 (13809460.000.000) 10/14 21:06:14 Started transferring output files
...
040 (13809460.000.000) 10/14 21:06:14 Finished transferring output files
...
005 (13809460.000.000) 10/14 21:06:14 Job terminated.
	(1) Normal termination (return value 0)
		Usr 0 00:00:03, Sys 0 00:00:00  -  Run Remote Usage
		Usr 0 00:00:00, Sys 0 00:00:00  -  Run Local Usage
		Usr 0 00:00:03, Sys 0 00:00:00  -  Total Remote Usage
		Usr 0 00:00:00, Sys 0 00:00:00  -  Total Local Usage
	6851  -  Run Bytes Sent By Job
	377  -  Run Bytes Received By Job
	6851  -  Total Bytes Sent By Job
	377  -  Total Bytes Received By Job
	Partitionable Resources :    Usage  Request Allocated 
	   Cpus                 :                 3         3 
	   Disk (KB)            :       22        1   2919051 
	   Memory (MB)          :      172     6000      6000 

	Job terminated of its own accord at 2024-10-14T19:06:14Z with exit-code 0.
...
000 (13810264.000.000) 10/15 07:39:42 Job submitted from host: <137.138.44.75:9618?addrs=137.138.44.75-9618+[2001-1458-d00-1a--b]-9618&alias=bigbird14.cern.ch&noUDP&sock=schedd_1981_6134>
...
040 (13810264.000.000) 10/15 07:42:13 Started transferring input files
	Transferring to host: <188.185.196.87:9618?addrs=188.185.196.87-9618+[2001-1458-303-23--100-53]-9618&alias=b9p16p3622.cern.ch&noUDP&sock=slot1_2_1811499_abd9_57895>
...
040 (13810264.000.000) 10/15 07:42:13 Finished transferring input files
...
001 (13810264.000.000) 10/15 07:42:14 Job executing on host: <188.185.196.87:9618?addrs=188.185.196.87-9618+[2001-1458-303-23--100-53]-9618&alias=b9p16p3622.cern.ch&noUDP&sock=startd_175337_2d33>
	SlotName: slot1_2@b9p16p3622.cern.ch
	CondorScratchDir = "/pool/condor/dir_3103117"
	Cpus = 3
	Disk = 2903341
	Memory = 6000
...
006 (13810264.000.000) 10/15 07:42:23 Image size of job updated: 211976
	139  -  MemoryUsage of job (MB)
	141812  -  ResidentSetSize of job (KB)
...
040 (13810264.000.000) 10/15 07:42:23 Started transferring output files
...
040 (13810264.000.000) 10/15 07:42:23 Finished transferring output files
...
005 (13810264.000.000) 10/15 07:42:23 Job terminated.
	(1) Normal termination (return value 0)
		Usr 0 00:00:02, Sys 0 00:00:00  -  Run Remote Usage
		Usr 0 00:00:00, Sys 0 00:00:00  -  Run Local Usage
		Usr 0 00:00:02, Sys 0 00:00:00  -  Total Remote Usage
		Usr 0 00:00:00, Sys 0 00:00:00  -  Total Local Usage
	6851  -  Run Bytes Sent By Job
	377  -  Run Bytes Received By Job
	6851  -  Total Bytes Sent By Job
	377  -  Total Bytes Received By Job
	Partitionable Resources :    Usage  Request Allocated 
	   Cpus                 :        0        3         3 
	   Disk (KB)            :       29        1   2903341 
	   Memory (MB)          :      139     6000      6000 

	Job terminated of its own accord at 2024-10-15T05:42:23Z with exit-code 0.
...
000 (13810300.000.000) 10/15 08:12:09 Job submitted from host: <137.138.44.75:9618?addrs=137.138.44.75-9618+[2001-1458-d00-1a--b]-9618&alias=bigbird14.cern.ch&noUDP&sock=schedd_1981_6134>
...
040 (13810300.000.000) 10/15 08:13:59 Started transferring input files
	Transferring to host: <188.185.215.154:9618?addrs=188.185.215.154-9618+[2001-1458-303-26--100-16]-9618&alias=b9p18p1524.cern.ch&noUDP&sock=slot1_6_3800282_3562_19197>
...
040 (13810300.000.000) 10/15 08:13:59 Finished transferring input files
...
001 (13810300.000.000) 10/15 08:14:00 Job executing on host: <188.185.215.154:9618?addrs=188.185.215.154-9618+[2001-1458-303-26--100-16]-9618&alias=b9p18p1524.cern.ch&noUDP&sock=startd_11531_e2a7>
	SlotName: slot1_6@b9p18p1524.cern.ch
	CondorScratchDir = "/pool/condor/dir_2331404"
	Cpus = 3
	Disk = 2931370
	Memory = 6000
...
006 (13810300.000.000) 10/15 08:14:09 Image size of job updated: 92392
	91  -  MemoryUsage of job (MB)
	92392  -  ResidentSetSize of job (KB)
...
006 (13810300.000.000) 10/15 08:14:26 Image size of job updated: 200136
	125  -  MemoryUsage of job (MB)
	127208  -  ResidentSetSize of job (KB)
...
040 (13810300.000.000) 10/15 08:14:27 Started transferring output files
...
040 (13810300.000.000) 10/15 08:14:27 Finished transferring output files
...
005 (13810300.000.000) 10/15 08:14:27 Job terminated.
	(1) Normal termination (return value 0)
		Usr 0 00:00:03, Sys 0 00:00:00  -  Run Remote Usage
		Usr 0 00:00:00, Sys 0 00:00:00  -  Run Local Usage
		Usr 0 00:00:03, Sys 0 00:00:00  -  Total Remote Usage
		Usr 0 00:00:00, Sys 0 00:00:00  -  Total Local Usage
	6851  -  Run Bytes Sent By Job
	377  -  Run Bytes Received By Job
	6851  -  Total Bytes Sent By Job
	377  -  Total Bytes Received By Job
	Partitionable Resources :    Usage  Request Allocated 
	   Cpus                 :        0        3         3 
	   Disk (KB)            :       28        1   2931370 
	   Memory (MB)          :      125     6000      6000 

	Job terminated of its own accord at 2024-10-15T06:14:26Z with exit-code 0.
...
000 (13810448.000.000) 10/15 09:33:40 Job submitted from host: <137.138.44.75:9618?addrs=137.138.44.75-9618+[2001-1458-d00-1a--b]-9618&alias=bigbird14.cern.ch&noUDP&sock=schedd_1981_6134>
...
040 (13810448.000.000) 10/15 09:38:35 Started transferring input files
	Transferring to host: <188.185.192.43:9618?addrs=188.185.192.43-9618+[2001-1458-303-1f--100-27]-9618&alias=b9p13p3492.cern.ch&noUDP&sock=slot1_20_6740_b08b_61099>
...
040 (13810448.000.000) 10/15 09:38:35 Finished transferring input files
...
001 (13810448.000.000) 10/15 09:38:36 Job executing on host: <188.185.192.43:9618?addrs=188.185.192.43-9618+[2001-1458-303-1f--100-27]-9618&alias=b9p13p3492.cern.ch&noUDP&sock=startd_6201_f2dd>
	SlotName: slot1_20@b9p13p3492.cern.ch
	CondorScratchDir = "/pool/condor/dir_1072796"
	Cpus = 3
	Disk = 2942465
	Memory = 6000
...
006 (13810448.000.000) 10/15 09:38:45 Image size of job updated: 228248
	152  -  MemoryUsage of job (MB)
	155252  -  ResidentSetSize of job (KB)
...
040 (13810448.000.000) 10/15 09:38:45 Started transferring output files
...
040 (13810448.000.000) 10/15 09:38:45 Finished transferring output files
...
005 (13810448.000.000) 10/15 09:38:45 Job terminated.
	(1) Normal termination (return value 0)
		Usr 0 00:00:03, Sys 0 00:00:00  -  Run Remote Usage
		Usr 0 00:00:00, Sys 0 00:00:00  -  Run Local Usage
		Usr 0 00:00:03, Sys 0 00:00:00  -  Total Remote Usage
		Usr 0 00:00:00, Sys 0 00:00:00  -  Total Local Usage
	7510  -  Run Bytes Sent By Job
	377  -  Run Bytes Received By Job
	7510  -  Total Bytes Sent By Job
	377  -  Total Bytes Received By Job
	Partitionable Resources :    Usage  Request Allocated 
	   Cpus                 :        0        3         3 
	   Disk (KB)            :       30        1   2942465 
	   Memory (MB)          :      152     6000      6000 

	Job terminated of its own accord at 2024-10-15T07:38:45Z with exit-code 0.
...
000 (13811542.000.000) 10/15 12:21:27 Job submitted from host: <137.138.44.75:9618?addrs=137.138.44.75-9618+[2001-1458-d00-1a--b]-9618&alias=bigbird14.cern.ch&noUDP&sock=schedd_1981_6134>
...
040 (13811542.000.000) 10/15 12:22:05 Started transferring input files
	Transferring to host: <188.185.207.136:9618?addrs=188.185.207.136-9618+[2001-1458-303-e--100-5]-9618&alias=b9p08p2600.cern.ch&noUDP&sock=slot1_16_64702_2980_185767>
...
040 (13811542.000.000) 10/15 12:22:05 Finished transferring input files
...
001 (13811542.000.000) 10/15 12:22:06 Job executing on host: <188.185.207.136:9618?addrs=188.185.207.136-9618+[2001-1458-303-e--100-5]-9618&alias=b9p08p2600.cern.ch&noUDP&sock=startd_3558_120e>
	SlotName: slot1_16@b9p08p2600.cern.ch
	CondorScratchDir = "/pool/condor/dir_3751216"
	Cpus = 3
	Disk = 2800656
	Memory = 6000
...
006 (13811542.000.000) 10/15 12:22:14 Image size of job updated: 148752
	145  -  MemoryUsage of job (MB)
	148328  -  ResidentSetSize of job (KB)
...
006 (13811542.000.000) 10/15 12:22:16 Image size of job updated: 214532
	145  -  MemoryUsage of job (MB)
	148328  -  ResidentSetSize of job (KB)
...
040 (13811542.000.000) 10/15 12:22:16 Started transferring output files
...
040 (13811542.000.000) 10/15 12:22:16 Finished transferring output files
...
005 (13811542.000.000) 10/15 12:22:17 Job terminated.
	(1) Normal termination (return value 0)
		Usr 0 00:00:02, Sys 0 00:00:00  -  Run Remote Usage
		Usr 0 00:00:00, Sys 0 00:00:00  -  Run Local Usage
		Usr 0 00:00:02, Sys 0 00:00:00  -  Total Remote Usage
		Usr 0 00:00:00, Sys 0 00:00:00  -  Total Local Usage
	6847  -  Run Bytes Sent By Job
	377  -  Run Bytes Received By Job
	6847  -  Total Bytes Sent By Job
	377  -  Total Bytes Received By Job
	Partitionable Resources :    Usage  Request Allocated 
	   Cpus                 :     0.10        3         3 
	   Disk (KB)            :    32           1   2800656 
	   Memory (MB)          :   145        6000      6000 

	Job terminated of its own accord at 2024-10-15T10:22:16Z with exit-code 0.
...
000 (13811606.000.000) 10/15 12:35:08 Job submitted from host: <137.138.44.75:9618?addrs=137.138.44.75-9618+[2001-1458-d00-1a--b]-9618&alias=bigbird14.cern.ch&noUDP&sock=schedd_1981_6134>
...
040 (13811606.000.000) 10/15 12:52:08 Started transferring input files
	Transferring to host: <188.185.195.149:9618?addrs=188.185.195.149-9618+[2001-1458-303-22--100-91]-9618&alias=b9p17p9437.cern.ch&noUDP&sock=slot1_17_2329897_f572_22745>
...
040 (13811606.000.000) 10/15 12:52:08 Finished transferring input files
...
001 (13811606.000.000) 10/15 12:52:09 Job executing on host: <188.185.195.149:9618?addrs=188.185.195.149-9618+[2001-1458-303-22--100-91]-9618&alias=b9p17p9437.cern.ch&noUDP&sock=startd_128268_c1f2>
	SlotName: slot1_17@b9p17p9437.cern.ch
	CondorScratchDir = "/pool/condor/dir_1491206"
	Cpus = 3
	Disk = 3002232
	Memory = 6000
...
006 (13811606.000.000) 10/15 12:52:17 Image size of job updated: 130852
	128  -  MemoryUsage of job (MB)
	130852  -  ResidentSetSize of job (KB)
...
006 (13811606.000.000) 10/15 12:52:22 Image size of job updated: 214464
	141  -  MemoryUsage of job (MB)
	143644  -  ResidentSetSize of job (KB)
...
040 (13811606.000.000) 10/15 12:52:22 Started transferring output files
...
040 (13811606.000.000) 10/15 12:52:22 Finished transferring output files
...
005 (13811606.000.000) 10/15 12:52:22 Job terminated.
	(1) Normal termination (return value 0)
		Usr 0 00:00:03, Sys 0 00:00:00  -  Run Remote Usage
		Usr 0 00:00:00, Sys 0 00:00:00  -  Run Local Usage
		Usr 0 00:00:03, Sys 0 00:00:00  -  Total Remote Usage
		Usr 0 00:00:00, Sys 0 00:00:00  -  Total Local Usage
	6847  -  Run Bytes Sent By Job
	377  -  Run Bytes Received By Job
	6847  -  Total Bytes Sent By Job
	377  -  Total Bytes Received By Job
	Partitionable Resources :    Usage  Request Allocated 
	   Cpus                 :        0        3         3 
	   Disk (KB)            :       29        1   3002232 
	   Memory (MB)          :      141     6000      6000 

	Job terminated of its own accord at 2024-10-15T10:52:22Z with exit-code 0.
...
000 (13812186.000.000) 10/15 13:03:22 Job submitted from host: <137.138.44.75:9618?addrs=137.138.44.75-9618+[2001-1458-d00-1a--b]-9618&alias=bigbird14.cern.ch&noUDP&sock=schedd_1981_6134>
...
040 (13812186.000.000) 10/15 13:05:45 Started transferring input files
	Transferring to host: <188.185.192.127:9618?addrs=188.185.192.127-9618+[2001-1458-303-1f--100-7b]-9618&alias=b9p13p1188.cern.ch&noUDP&sock=slot1_11_3354360_d1cd_13870>
...
040 (13812186.000.000) 10/15 13:05:45 Finished transferring input files
...
001 (13812186.000.000) 10/15 13:05:46 Job executing on host: <188.185.192.127:9618?addrs=188.185.192.127-9618+[2001-1458-303-1f--100-7b]-9618&alias=b9p13p1188.cern.ch&noUDP&sock=startd_127406_7f4f>
	SlotName: slot1_11@b9p13p1188.cern.ch
	CondorScratchDir = "/pool/condor/dir_2524057"
	Cpus = 3
	Disk = 2954476
	Memory = 6000
...
006 (13812186.000.000) 10/15 13:05:54 Image size of job updated: 292336
	286  -  MemoryUsage of job (MB)
	292336  -  ResidentSetSize of job (KB)
...
006 (13812186.000.000) 10/15 13:05:55 Image size of job updated: 324296
	286  -  MemoryUsage of job (MB)
	292336  -  ResidentSetSize of job (KB)
...
040 (13812186.000.000) 10/15 13:05:55 Started transferring output files
...
040 (13812186.000.000) 10/15 13:05:55 Finished transferring output files
...
005 (13812186.000.000) 10/15 13:05:55 Job terminated.
	(1) Normal termination (return value 0)
		Usr 0 00:00:03, Sys 0 00:00:00  -  Run Remote Usage
		Usr 0 00:00:00, Sys 0 00:00:00  -  Run Local Usage
		Usr 0 00:00:03, Sys 0 00:00:00  -  Total Remote Usage
		Usr 0 00:00:00, Sys 0 00:00:00  -  Total Local Usage
	6845  -  Run Bytes Sent By Job
	384  -  Run Bytes Received By Job
	6845  -  Total Bytes Sent By Job
	384  -  Total Bytes Received By Job
	Partitionable Resources :    Usage  Request Allocated 
	   Cpus                 :        0        3         3 
	   Disk (KB)            :       29        1   2954476 
	   Memory (MB)          :      286     6000      6000 

	Job terminated of its own accord at 2024-10-15T11:05:55Z with exit-code 0.
...
000 (13812473.000.000) 10/15 13:17:33 Job submitted from host: <137.138.44.75:9618?addrs=137.138.44.75-9618+[2001-1458-d00-1a--b]-9618&alias=bigbird14.cern.ch&noUDP&sock=schedd_1981_6134>
...
040 (13812473.000.000) 10/15 13:43:38 Started transferring input files
	Transferring to host: <188.185.198.175:9618?addrs=188.185.198.175-9618+[2001-1458-303-25--100-ab]-9618&alias=b9p15p0995.cern.ch&noUDP&sock=slot1_28_148001_d7db_26170>
...
001 (13812473.000.000) 10/15 13:43:48 Job executing on host: <188.185.198.175:9618?addrs=188.185.198.175-9618+[2001-1458-303-25--100-ab]-9618&alias=b9p15p0995.cern.ch&noUDP&sock=startd_10664_320b>
	SlotName: slot1_28@b9p15p0995.cern.ch
	CondorScratchDir = "/pool/condor/dir_1899063"
	Cpus = 3
	Disk = 2978163
	Memory = 6000
...
040 (13812473.000.000) 10/15 13:43:48 Finished transferring input files
...
006 (13812473.000.000) 10/15 13:43:57 Image size of job updated: 173488
	170  -  MemoryUsage of job (MB)
	173488  -  ResidentSetSize of job (KB)
...
006 (13812473.000.000) 10/15 13:43:57 Image size of job updated: 174004
	170  -  MemoryUsage of job (MB)
	173488  -  ResidentSetSize of job (KB)
...
040 (13812473.000.000) 10/15 13:44:04 Started transferring output files
...
040 (13812473.000.000) 10/15 13:44:07 Finished transferring output files
...
005 (13812473.000.000) 10/15 13:44:11 Job terminated.
	(1) Normal termination (return value 0)
		Usr 0 00:00:03, Sys 0 00:00:00  -  Run Remote Usage
		Usr 0 00:00:00, Sys 0 00:00:00  -  Run Local Usage
		Usr 0 00:00:03, Sys 0 00:00:00  -  Total Remote Usage
		Usr 0 00:00:00, Sys 0 00:00:00  -  Total Local Usage
	7302  -  Run Bytes Sent By Job
	391  -  Run Bytes Received By Job
	7302  -  Total Bytes Sent By Job
	391  -  Total Bytes Received By Job
	Partitionable Resources :    Usage  Request Allocated 
	   Cpus                 :                 3         3 
	   Disk (KB)            :       23        1   2978163 
	   Memory (MB)          :      170     6000      6000 

	Job terminated of its own accord at 2024-10-15T11:43:57Z with exit-code 0.
...
000 (13818218.000.000) 10/15 19:48:21 Job submitted from host: <137.138.44.75:9618?addrs=137.138.44.75-9618+[2001-1458-d00-1a--b]-9618&alias=bigbird14.cern.ch&noUDP&sock=schedd_1981_6134>
...
040 (13818218.000.000) 10/15 19:52:04 Started transferring input files
	Transferring to host: <128.142.248.82:9618?addrs=128.142.248.82-9618+[2001-1458-301-73--100-142]-9618&alias=b9g23p0904.cern.ch&noUDP&sock=slot1_29_571552_d6c3_209171>
...
040 (13818218.000.000) 10/15 19:52:04 Finished transferring input files
...
001 (13818218.000.000) 10/15 19:52:05 Job executing on host: <128.142.248.82:9618?addrs=128.142.248.82-9618+[2001-1458-301-73--100-142]-9618&alias=b9g23p0904.cern.ch&noUDP&sock=startd_5887_9221>
	SlotName: slot1_29@b9g23p0904.cern.ch
	CondorScratchDir = "/pool/condor/dir_1394428"
	Cpus = 3
	Disk = 3040497
	Memory = 6000
...
006 (13818218.000.000) 10/15 19:52:13 Image size of job updated: 203936
	128  -  MemoryUsage of job (MB)
	130896  -  ResidentSetSize of job (KB)
...
040 (13818218.000.000) 10/15 19:52:13 Started transferring output files
...
040 (13818218.000.000) 10/15 19:52:14 Finished transferring output files
...
005 (13818218.000.000) 10/15 19:52:14 Job terminated.
	(1) Normal termination (return value 0)
		Usr 0 00:00:02, Sys 0 00:00:00  -  Run Remote Usage
		Usr 0 00:00:00, Sys 0 00:00:00  -  Run Local Usage
		Usr 0 00:00:02, Sys 0 00:00:00  -  Total Remote Usage
		Usr 0 00:00:00, Sys 0 00:00:00  -  Total Local Usage
	6870  -  Run Bytes Sent By Job
	391  -  Run Bytes Received By Job
	6870  -  Total Bytes Sent By Job
	391  -  Total Bytes Received By Job
	Partitionable Resources :    Usage  Request Allocated 
	   Cpus                 :        0        3         3 
	   Disk (KB)            :       29        1   3040497 
	   Memory (MB)          :      128     6000      6000 

	Job terminated of its own accord at 2024-10-15T17:52:13Z with exit-code 0.
...
000 (13821685.000.000) 10/16 04:52:45 Job submitted from host: <137.138.44.75:9618?addrs=137.138.44.75-9618+[2001-1458-d00-1a--b]-9618&alias=bigbird14.cern.ch&noUDP&sock=schedd_1981_6134>
...
040 (13821685.000.000) 10/16 04:54:55 Started transferring input files
	Transferring to host: <128.142.161.118:9618?addrs=128.142.161.118-9618+[2001-1458-301-b8--100-34]-9618&alias=b9g03p9322.cern.ch&noUDP&sock=slot1_13_8015_0adf_8224>
...
040 (13821685.000.000) 10/16 04:54:55 Finished transferring input files
...
001 (13821685.000.000) 10/16 04:54:56 Job executing on host: <128.142.161.118:9618?addrs=128.142.161.118-9618+[2001-1458-301-b8--100-34]-9618&alias=b9g03p9322.cern.ch&noUDP&sock=startd_6876_f14b>
	SlotName: slot1_13@b9g03p9322.cern.ch
	CondorScratchDir = "/pool/condor/dir_4142012"
	Cpus = 3
	Disk = 3213572
	Memory = 6000
...
006 (13821685.000.000) 10/16 04:55:05 Image size of job updated: 170460
	167  -  MemoryUsage of job (MB)
	170460  -  ResidentSetSize of job (KB)
...
006 (13821685.000.000) 10/16 04:55:06 Image size of job updated: 194780
	167  -  MemoryUsage of job (MB)
	170460  -  ResidentSetSize of job (KB)
...
040 (13821685.000.000) 10/16 04:55:06 Started transferring output files
...
040 (13821685.000.000) 10/16 04:55:06 Finished transferring output files
...
005 (13821685.000.000) 10/16 04:55:06 Job terminated.
	(1) Normal termination (return value 0)
		Usr 0 00:00:03, Sys 0 00:00:00  -  Run Remote Usage
		Usr 0 00:00:00, Sys 0 00:00:00  -  Run Local Usage
		Usr 0 00:00:03, Sys 0 00:00:00  -  Total Remote Usage
		Usr 0 00:00:00, Sys 0 00:00:00  -  Total Local Usage
	6870  -  Run Bytes Sent By Job
	391  -  Run Bytes Received By Job
	6870  -  Total Bytes Sent By Job
	391  -  Total Bytes Received By Job
	Partitionable Resources :    Usage  Request Allocated 
	   Cpus                 :                 3         3 
	   Disk (KB)            :       21        1   3213572 
	   Memory (MB)          :      167     6000      6000 

	Job terminated of its own accord at 2024-10-16T02:55:06Z with exit-code 0.
...
000 (13822182.000.000) 10/16 05:47:05 Job submitted from host: <137.138.44.75:9618?addrs=137.138.44.75-9618+[2001-1458-d00-1a--b]-9618&alias=bigbird14.cern.ch&noUDP&sock=schedd_1981_6134>
...
040 (13822182.000.000) 10/16 05:50:19 Started transferring input files
	Transferring to host: <188.185.194.100:9618?addrs=188.185.194.100-9618+[2001-1458-303-21--100-60]-9618&alias=b9p20p2262.cern.ch&noUDP&sock=slot1_5_3164808_49b1_8715>
...
040 (13822182.000.000) 10/16 05:50:19 Finished transferring input files
...
001 (13822182.000.000) 10/16 05:50:20 Job executing on host: <188.185.194.100:9618?addrs=188.185.194.100-9618+[2001-1458-303-21--100-60]-9618&alias=b9p20p2262.cern.ch&noUDP&sock=startd_127759_a03d>
	SlotName: slot1_5@b9p20p2262.cern.ch
	CondorScratchDir = "/pool/condor/dir_2699071"
	Cpus = 3
	Disk = 2903806
	Memory = 6000
...
006 (13822182.000.000) 10/16 05:50:28 Image size of job updated: 1
	0  -  MemoryUsage of job (MB)
	0  -  ResidentSetSize of job (KB)
...
006 (13822182.000.000) 10/16 05:50:54 Image size of job updated: 209392
	134  -  MemoryUsage of job (MB)
	136592  -  ResidentSetSize of job (KB)
...
040 (13822182.000.000) 10/16 05:50:54 Started transferring output files
...
040 (13822182.000.000) 10/16 05:50:54 Finished transferring output files
...
005 (13822182.000.000) 10/16 05:50:54 Job terminated.
	(1) Normal termination (return value 0)
		Usr 0 00:00:03, Sys 0 00:00:00  -  Run Remote Usage
		Usr 0 00:00:00, Sys 0 00:00:00  -  Run Local Usage
		Usr 0 00:00:03, Sys 0 00:00:00  -  Total Remote Usage
		Usr 0 00:00:00, Sys 0 00:00:00  -  Total Local Usage
	6870  -  Run Bytes Sent By Job
	391  -  Run Bytes Received By Job
	6870  -  Total Bytes Sent By Job
	391  -  Total Bytes Received By Job
	Partitionable Resources :    Usage  Request Allocated 
	   Cpus                 :        0        3         3 
	   Disk (KB)            :       29        1   2903806 
	   Memory (MB)          :      134     6000      6000 

	Job terminated of its own accord at 2024-10-16T03:50:54Z with exit-code 0.
...
