000 (12832548.000.000) 05/09 13:08:32 Job submitted from host: <137.138.44.75:9618?addrs=137.138.44.75-9618+[2001-1458-d00-1a--b]-9618&alias=bigbird14.cern.ch&noUDP&sock=schedd_6333_7d5e>
...
040 (12832548.000.000) 05/09 13:10:46 Started transferring input files
	Transferring to host: <188.184.185.15:9618?addrs=188.184.185.15-9618+[2001-1458-301-52--100-e]-9618&alias=b9g37p2792.cern.ch&noUDP&sock=slot1_12_1409209_f932_119308>
...
040 (12832548.000.000) 05/09 13:10:46 Finished transferring input files
...
001 (12832548.000.000) 05/09 13:10:47 Job executing on host: <188.184.185.15:9618?addrs=188.184.185.15-9618+[2001-1458-301-52--100-e]-9618&alias=b9g37p2792.cern.ch&noUDP&sock=startd_5107_8e41>
...
006 (12832548.000.000) 05/09 13:10:48 Image size of job updated: 2428
	3  -  MemoryUsage of job (MB)
	2428  -  ResidentSetSize of job (KB)
...
040 (12832548.000.000) 05/09 13:10:48 Started transferring output files
...
040 (12832548.000.000) 05/09 13:10:48 Finished transferring output files
...
005 (12832548.000.000) 05/09 13:10:48 Job terminated.
	(1) Normal termination (return value 127)
		Usr 0 00:00:00, Sys 0 00:00:00  -  Run Remote Usage
		Usr 0 00:00:00, Sys 0 00:00:00  -  Run Local Usage
		Usr 0 00:00:00, Sys 0 00:00:00  -  Total Remote Usage
		Usr 0 00:00:00, Sys 0 00:00:00  -  Total Local Usage
	215  -  Run Bytes Sent By Job
	304  -  Run Bytes Received By Job
	215  -  Total Bytes Sent By Job
	304  -  Total Bytes Received By Job
	Partitionable Resources :    Usage  Request Allocated 
	   Cpus                 :                 3         3 
	   Disk (KB)            :       17        1   2461569 
	   Memory (MB)          :        3     6000      6000 

	Job terminated of its own accord at 2024-05-09T11:10:48Z.
...
000 (12832584.000.000) 05/09 13:51:59 Job submitted from host: <137.138.44.75:9618?addrs=137.138.44.75-9618+[2001-1458-d00-1a--b]-9618&alias=bigbird14.cern.ch&noUDP&sock=schedd_6333_7d5e>
...
040 (12832584.000.000) 05/09 13:55:53 Started transferring input files
	Transferring to host: <128.142.193.169:9618?addrs=128.142.193.169-9618+[2001-1458-301-8--100-25]-9618&alias=b9g21p7313.cern.ch&noUDP&sock=slot1_9_3220_87fc_1004>
...
040 (12832584.000.000) 05/09 13:55:53 Finished transferring input files
...
001 (12832584.000.000) 05/09 13:55:54 Job executing on host: <128.142.193.169:9618?addrs=128.142.193.169-9618+[2001-1458-301-8--100-25]-9618&alias=b9g21p7313.cern.ch&noUDP&sock=startd_3170_ef4f>
...
006 (12832584.000.000) 05/09 13:55:55 Image size of job updated: 5996
	1  -  MemoryUsage of job (MB)
	524  -  ResidentSetSize of job (KB)
...
040 (12832584.000.000) 05/09 13:55:55 Started transferring output files
...
040 (12832584.000.000) 05/09 13:55:55 Finished transferring output files
...
005 (12832584.000.000) 05/09 13:55:55 Job terminated.
	(1) Normal termination (return value 127)
		Usr 0 00:00:00, Sys 0 00:00:00  -  Run Remote Usage
		Usr 0 00:00:00, Sys 0 00:00:00  -  Run Local Usage
		Usr 0 00:00:00, Sys 0 00:00:00  -  Total Remote Usage
		Usr 0 00:00:00, Sys 0 00:00:00  -  Total Local Usage
	215  -  Run Bytes Sent By Job
	304  -  Run Bytes Received By Job
	215  -  Total Bytes Sent By Job
	304  -  Total Bytes Received By Job
	Partitionable Resources :    Usage  Request Allocated 
	   Cpus                 :                 3         3 
	   Disk (KB)            :       17        1   1312612 
	   Memory (MB)          :        1     6000      6000 

	Job terminated of its own accord at 2024-05-09T11:55:55Z.
...
000 (13802337.000.000) 10/12 20:24:27 Job submitted from host: <137.138.44.75:9618?addrs=137.138.44.75-9618+[2001-1458-d00-1a--b]-9618&alias=bigbird14.cern.ch&noUDP&sock=schedd_1981_6134>
...
040 (13802337.000.000) 10/12 20:26:00 Started transferring input files
	Transferring to host: <128.142.248.175:9618?addrs=128.142.248.175-9618+[2001-1458-301-73--100-ae]-9618&alias=b9g23p9695.cern.ch&noUDP&sock=slot1_50_2331849_51c1_20300>
...
040 (13802337.000.000) 10/12 20:26:00 Finished transferring input files
...
001 (13802337.000.000) 10/12 20:26:01 Job executing on host: <128.142.248.175:9618?addrs=128.142.248.175-9618+[2001-1458-301-73--100-ae]-9618&alias=b9g23p9695.cern.ch&noUDP&sock=startd_6696_7a3f>
	SlotName: slot1_50@b9g23p9695.cern.ch
	CondorScratchDir = "/pool/condor/dir_3450590"
	Cpus = 3
	Disk = 2940432
	Memory = 6000
...
006 (13802337.000.000) 10/12 20:26:03 Image size of job updated: 100484
	61  -  MemoryUsage of job (MB)
	62040  -  ResidentSetSize of job (KB)
...
040 (13802337.000.000) 10/12 20:26:03 Started transferring output files
...
040 (13802337.000.000) 10/12 20:26:04 Finished transferring output files
...
005 (13802337.000.000) 10/12 20:26:05 Job terminated.
	(1) Normal termination (return value 0)
		Usr 0 00:00:00, Sys 0 00:00:00  -  Run Remote Usage
		Usr 0 00:00:00, Sys 0 00:00:00  -  Run Local Usage
		Usr 0 00:00:00, Sys 0 00:00:00  -  Total Remote Usage
		Usr 0 00:00:00, Sys 0 00:00:00  -  Total Local Usage
	45111  -  Run Bytes Sent By Job
	377  -  Run Bytes Received By Job
	45111  -  Total Bytes Sent By Job
	377  -  Total Bytes Received By Job
	Partitionable Resources :    Usage  Request Allocated 
	   Cpus                 :                 3         3 
	   Disk (KB)            :       61        1   2940432 
	   Memory (MB)          :       61     6000      6000 

	Job terminated of its own accord at 2024-10-12T18:26:03Z with exit-code 0.
...
000 (13802372.000.000) 10/12 20:31:18 Job submitted from host: <137.138.44.75:9618?addrs=137.138.44.75-9618+[2001-1458-d00-1a--b]-9618&alias=bigbird14.cern.ch&noUDP&sock=schedd_1981_6134>
...
040 (13802372.000.000) 10/12 20:32:33 Started transferring input files
	Transferring to host: <128.142.248.104:9618?addrs=128.142.248.104-9618+[2001-1458-301-73--100-158]-9618&alias=b9g23p5105.cern.ch&noUDP&sock=slot1_8_5601_293d_26122>
...
040 (13802372.000.000) 10/12 20:32:33 Finished transferring input files
...
001 (13802372.000.000) 10/12 20:32:34 Job executing on host: <128.142.248.104:9618?addrs=128.142.248.104-9618+[2001-1458-301-73--100-158]-9618&alias=b9g23p5105.cern.ch&noUDP&sock=startd_4318_5e08>
	SlotName: slot1_8@b9g23p5105.cern.ch
	CondorScratchDir = "/pool/condor/dir_218137"
	Cpus = 3
	Disk = 2938343
	Memory = 6000
...
006 (13802372.000.000) 10/12 20:32:35 Image size of job updated: 165368
	125  -  MemoryUsage of job (MB)
	127776  -  ResidentSetSize of job (KB)
...
040 (13802372.000.000) 10/12 20:32:35 Started transferring output files
...
040 (13802372.000.000) 10/12 20:32:35 Finished transferring output files
...
005 (13802372.000.000) 10/12 20:32:35 Job terminated.
	(1) Normal termination (return value 0)
		Usr 0 00:00:00, Sys 0 00:00:00  -  Run Remote Usage
		Usr 0 00:00:00, Sys 0 00:00:00  -  Run Local Usage
		Usr 0 00:00:00, Sys 0 00:00:00  -  Total Remote Usage
		Usr 0 00:00:00, Sys 0 00:00:00  -  Total Local Usage
	45111  -  Run Bytes Sent By Job
	377  -  Run Bytes Received By Job
	45111  -  Total Bytes Sent By Job
	377  -  Total Bytes Received By Job
	Partitionable Resources :    Usage  Request Allocated 
	   Cpus                 :        0        3         3 
	   Disk (KB)            :       69        1   2938343 
	   Memory (MB)          :      125     6000      6000 

	Job terminated of its own accord at 2024-10-12T18:32:35Z with exit-code 0.
...
000 (13808227.000.000) 10/14 06:55:59 Job submitted from host: <137.138.44.75:9618?addrs=137.138.44.75-9618+[2001-1458-d00-1a--b]-9618&alias=bigbird14.cern.ch&noUDP&sock=schedd_1981_6134>
...
040 (13808227.000.000) 10/14 07:00:56 Started transferring input files
	Transferring to host: <188.184.185.32:9618?addrs=188.184.185.32-9618+[2001-1458-301-52--100-1f]-9618&alias=b9g37p0831.cern.ch&noUDP&sock=slot1_12_5335_bd72_22430>
...
040 (13808227.000.000) 10/14 07:00:56 Finished transferring input files
...
001 (13808227.000.000) 10/14 07:00:57 Job executing on host: <188.184.185.32:9618?addrs=188.184.185.32-9618+[2001-1458-301-52--100-1f]-9618&alias=b9g37p0831.cern.ch&noUDP&sock=startd_4308_8216>
	SlotName: slot1_12@b9g37p0831.cern.ch
	CondorScratchDir = "/pool/condor/dir_4082376"
	Cpus = 3
	Disk = 2411815
	Memory = 6000
...
006 (13808227.000.000) 10/14 07:01:05 Image size of job updated: 135976
	133  -  MemoryUsage of job (MB)
	135748  -  ResidentSetSize of job (KB)
...
006 (13808227.000.000) 10/14 07:05:29 Image size of job updated: 2081588
	1933  -  MemoryUsage of job (MB)
	1979336  -  ResidentSetSize of job (KB)
...
040 (13808227.000.000) 10/14 07:05:29 Started transferring output files
...
040 (13808227.000.000) 10/14 07:05:29 Finished transferring output files
...
005 (13808227.000.000) 10/14 07:05:29 Job terminated.
	(1) Normal termination (return value 0)
		Usr 0 00:00:48, Sys 0 00:00:04  -  Run Remote Usage
		Usr 0 00:00:00, Sys 0 00:00:00  -  Run Local Usage
		Usr 0 00:00:48, Sys 0 00:00:04  -  Total Remote Usage
		Usr 0 00:00:00, Sys 0 00:00:00  -  Total Local Usage
	8673  -  Run Bytes Sent By Job
	377  -  Run Bytes Received By Job
	8673  -  Total Bytes Sent By Job
	377  -  Total Bytes Received By Job
	Partitionable Resources :    Usage  Request Allocated 
	   Cpus                 :                 3         3 
	   Disk (KB)            :       23        1   2411815 
	   Memory (MB)          :     1933     6000      6000 

	Job terminated of its own accord at 2024-10-14T05:05:29Z with exit-code 0.
...
000 (13808772.000.000) 10/14 13:46:44 Job submitted from host: <137.138.44.75:9618?addrs=137.138.44.75-9618+[2001-1458-d00-1a--b]-9618&alias=bigbird14.cern.ch&noUDP&sock=schedd_1981_6134>
...
040 (13808772.000.000) 10/14 13:50:33 Started transferring input files
	Transferring to host: <128.142.33.20:9618?addrs=128.142.33.20-9618+[2001-1458-301-53--100-11]-9618&alias=b9g34p2113.cern.ch&noUDP&sock=slot1_5_3062_34b6_52893>
...
040 (13808772.000.000) 10/14 13:50:33 Finished transferring input files
...
001 (13808772.000.000) 10/14 13:50:34 Job executing on host: <128.142.33.20:9618?addrs=128.142.33.20-9618+[2001-1458-301-53--100-11]-9618&alias=b9g34p2113.cern.ch&noUDP&sock=startd_2413_b21e>
	SlotName: slot1_5@b9g34p2113.cern.ch
	CondorScratchDir = "/pool/condor/dir_1542441"
	Cpus = 3
	Disk = 2500289
	Memory = 6000
...
006 (13808772.000.000) 10/14 13:50:43 Image size of job updated: 84016
	83  -  MemoryUsage of job (MB)
	84012  -  ResidentSetSize of job (KB)
...
006 (13808772.000.000) 10/14 13:55:44 Image size of job updated: 165664
	162  -  MemoryUsage of job (MB)
	165464  -  ResidentSetSize of job (KB)
...
006 (13808772.000.000) 10/14 14:00:45 Image size of job updated: 205600
	201  -  MemoryUsage of job (MB)
	205596  -  ResidentSetSize of job (KB)
...
006 (13808772.000.000) 10/14 14:05:45 Image size of job updated: 236132
	231  -  MemoryUsage of job (MB)
	235876  -  ResidentSetSize of job (KB)
...
006 (13808772.000.000) 10/14 14:10:45 Image size of job updated: 260224
	231  -  MemoryUsage of job (MB)
	235876  -  ResidentSetSize of job (KB)
...
040 (13808772.000.000) 10/14 14:10:45 Started transferring output files
...
040 (13808772.000.000) 10/14 14:10:45 Finished transferring output files
...
009 (13808772.000.000) 10/14 14:10:45 Job was aborted.
	Job removed by SYSTEM_PERIODIC_REMOVE due to wall time exceeded allowed max.
...
000 (13809396.000.000) 10/14 19:38:25 Job submitted from host: <137.138.44.75:9618?addrs=137.138.44.75-9618+[2001-1458-d00-1a--b]-9618&alias=bigbird14.cern.ch&noUDP&sock=schedd_1981_6134>
...
040 (13809396.000.000) 10/14 19:43:13 Started transferring input files
	Transferring to host: <128.142.33.20:9618?addrs=128.142.33.20-9618+[2001-1458-301-53--100-11]-9618&alias=b9g34p2113.cern.ch&noUDP&sock=slot1_4_3062_34b6_53186>
...
040 (13809396.000.000) 10/14 19:43:13 Finished transferring input files
...
001 (13809396.000.000) 10/14 19:43:14 Job executing on host: <128.142.33.20:9618?addrs=128.142.33.20-9618+[2001-1458-301-53--100-11]-9618&alias=b9g34p2113.cern.ch&noUDP&sock=startd_2413_b21e>
	SlotName: slot1_4@b9g34p2113.cern.ch
	CondorScratchDir = "/pool/condor/dir_2118540"
	Cpus = 3
	Disk = 2468496
	Memory = 6000
...
006 (13809396.000.000) 10/14 19:43:23 Image size of job updated: 139232
	136  -  MemoryUsage of job (MB)
	139232  -  ResidentSetSize of job (KB)
...
006 (13809396.000.000) 10/14 19:48:24 Image size of job updated: 226204
	221  -  MemoryUsage of job (MB)
	225628  -  ResidentSetSize of job (KB)
...
006 (13809396.000.000) 10/14 19:53:24 Image size of job updated: 268024
	262  -  MemoryUsage of job (MB)
	268024  -  ResidentSetSize of job (KB)
...
006 (13809396.000.000) 10/14 19:57:47 Image size of job updated: 293196
	262  -  MemoryUsage of job (MB)
	268024  -  ResidentSetSize of job (KB)
...
040 (13809396.000.000) 10/14 19:57:47 Started transferring output files
...
040 (13809396.000.000) 10/14 19:57:47 Finished transferring output files
...
004 (13809396.000.000) 10/14 19:57:47 Job was evicted.
	(0) CPU times
		Usr 0 00:13:51, Sys 0 00:00:01  -  Run Remote Usage
		Usr 0 00:00:00, Sys 0 00:00:00  -  Run Local Usage
	6661  -  Run Bytes Sent By Job
	377  -  Run Bytes Received By Job
	Partitionable Resources :    Usage  Request Allocated 
	   Cpus                 :     0.92        3         3 
	   Disk (KB)            :    29           1   2468496 
	   Memory (MB)          :   262        6000      6000 
...
009 (13809396.000.000) 10/14 19:57:47 Job was aborted.
	via condor_rm (by user cagrawal)
...
000 (13809445.000.000) 10/14 21:03:23 Job submitted from host: <137.138.44.75:9618?addrs=137.138.44.75-9618+[2001-1458-d00-1a--b]-9618&alias=bigbird14.cern.ch&noUDP&sock=schedd_1981_6134>
...
040 (13809445.000.000) 10/14 21:05:14 Started transferring input files
	Transferring to host: <128.142.33.18:9618?addrs=128.142.33.18-9618+[2001-1458-301-53--100-3f]-9618&alias=b9g34p6562.cern.ch&noUDP&sock=slot1_10_6461_1be0_18623>
...
040 (13809445.000.000) 10/14 21:05:14 Finished transferring input files
...
001 (13809445.000.000) 10/14 21:05:15 Job executing on host: <128.142.33.18:9618?addrs=128.142.33.18-9618+[2001-1458-301-53--100-3f]-9618&alias=b9g34p6562.cern.ch&noUDP&sock=startd_5730_e1c2>
	SlotName: slot1_10@b9g34p6562.cern.ch
	CondorScratchDir = "/pool/condor/dir_3114958"
	Cpus = 3
	Disk = 2939651
	Memory = 6000
...
006 (13809445.000.000) 10/14 21:05:24 Image size of job updated: 183636
	180  -  MemoryUsage of job (MB)
	183452  -  ResidentSetSize of job (KB)
...
006 (13809445.000.000) 10/14 21:09:41 Image size of job updated: 2125408
	1975  -  MemoryUsage of job (MB)
	2021900  -  ResidentSetSize of job (KB)
...
040 (13809445.000.000) 10/14 21:09:41 Started transferring output files
...
040 (13809445.000.000) 10/14 21:09:41 Finished transferring output files
...
005 (13809445.000.000) 10/14 21:09:41 Job terminated.
	(1) Normal termination (return value 0)
		Usr 0 00:00:48, Sys 0 00:00:03  -  Run Remote Usage
		Usr 0 00:00:00, Sys 0 00:00:00  -  Run Local Usage
		Usr 0 00:00:48, Sys 0 00:00:03  -  Total Remote Usage
		Usr 0 00:00:00, Sys 0 00:00:00  -  Total Local Usage
	8691  -  Run Bytes Sent By Job
	377  -  Run Bytes Received By Job
	8691  -  Total Bytes Sent By Job
	377  -  Total Bytes Received By Job
	Partitionable Resources :    Usage  Request Allocated 
	   Cpus                 :        0        3         3 
	   Disk (KB)            :       30        1   2939651 
	   Memory (MB)          :     1975     6000      6000 

	Job terminated of its own accord at 2024-10-14T19:09:41Z with exit-code 0.
...
000 (13810249.000.000) 10/15 07:39:25 Job submitted from host: <137.138.44.75:9618?addrs=137.138.44.75-9618+[2001-1458-d00-1a--b]-9618&alias=bigbird14.cern.ch&noUDP&sock=schedd_1981_6134>
...
040 (13810249.000.000) 10/15 07:42:08 Started transferring input files
	Transferring to host: <188.185.208.229:9618?addrs=188.185.208.229-9618+[2001-1458-303-10--100-62]-9618&alias=b9p10p0621.cern.ch&noUDP&sock=slot1_8_9970_844f_246424>
...
040 (13810249.000.000) 10/15 07:42:08 Finished transferring input files
...
001 (13810249.000.000) 10/15 07:42:09 Job executing on host: <188.185.208.229:9618?addrs=188.185.208.229-9618+[2001-1458-303-10--100-62]-9618&alias=b9p10p0621.cern.ch&noUDP&sock=startd_8497_d050>
	SlotName: slot1_8@b9p10p0621.cern.ch
	CondorScratchDir = "/pool/condor/dir_943373"
	Cpus = 3
	Disk = 2805649
	Memory = 6000
...
006 (13810249.000.000) 10/15 07:42:14 Image size of job updated: 409280
	39  -  MemoryUsage of job (MB)
	39056  -  ResidentSetSize of job (KB)
...
040 (13810249.000.000) 10/15 07:42:14 Started transferring output files
...
040 (13810249.000.000) 10/15 07:42:14 Finished transferring output files
...
005 (13810249.000.000) 10/15 07:42:15 Job terminated.
	(1) Normal termination (return value 139)
		Usr 0 00:00:02, Sys 0 00:00:01  -  Run Remote Usage
		Usr 0 00:00:00, Sys 0 00:00:00  -  Run Local Usage
		Usr 0 00:00:02, Sys 0 00:00:01  -  Total Remote Usage
		Usr 0 00:00:00, Sys 0 00:00:00  -  Total Local Usage
	8448  -  Run Bytes Sent By Job
	377  -  Run Bytes Received By Job
	8448  -  Total Bytes Sent By Job
	377  -  Total Bytes Received By Job
	Partitionable Resources :    Usage  Request Allocated 
	   Cpus                 :        0        3         3 
	   Disk (KB)            :       35        1   2805649 
	   Memory (MB)          :       39     6000      6000 

	Job terminated of its own accord at 2024-10-15T05:42:14Z with exit-code 139.
...
000 (13810285.000.000) 10/15 08:11:56 Job submitted from host: <137.138.44.75:9618?addrs=137.138.44.75-9618+[2001-1458-d00-1a--b]-9618&alias=bigbird14.cern.ch&noUDP&sock=schedd_1981_6134>
...
040 (13810285.000.000) 10/15 08:13:54 Started transferring input files
	Transferring to host: <128.142.33.25:9618?addrs=128.142.33.25-9618+[2001-1458-301-53--100-16]-9618&alias=b9g34p3939.cern.ch&noUDP&sock=slot1_3_1751974_ec85_86474>
...
040 (13810285.000.000) 10/15 08:13:54 Finished transferring input files
...
001 (13810285.000.000) 10/15 08:13:55 Job executing on host: <128.142.33.25:9618?addrs=128.142.33.25-9618+[2001-1458-301-53--100-16]-9618&alias=b9g34p3939.cern.ch&noUDP&sock=startd_4124_4ca9>
	SlotName: slot1_3@b9g34p3939.cern.ch
	CondorScratchDir = "/pool/condor/dir_2418487"
	Cpus = 3
	Disk = 2527874
	Memory = 6000
...
006 (13810285.000.000) 10/15 08:14:00 Image size of job updated: 46976
	46  -  MemoryUsage of job (MB)
	46976  -  ResidentSetSize of job (KB)
...
040 (13810285.000.000) 10/15 08:14:00 Started transferring output files
...
040 (13810285.000.000) 10/15 08:14:01 Finished transferring output files
...
005 (13810285.000.000) 10/15 08:14:01 Job terminated.
	(1) Normal termination (return value 139)
		Usr 0 00:00:04, Sys 0 00:00:01  -  Run Remote Usage
		Usr 0 00:00:00, Sys 0 00:00:00  -  Run Local Usage
		Usr 0 00:00:04, Sys 0 00:00:01  -  Total Remote Usage
		Usr 0 00:00:00, Sys 0 00:00:00  -  Total Local Usage
	8448  -  Run Bytes Sent By Job
	377  -  Run Bytes Received By Job
	8448  -  Total Bytes Sent By Job
	377  -  Total Bytes Received By Job
	Partitionable Resources :    Usage  Request Allocated 
	   Cpus                 :                 3         3 
	   Disk (KB)            :       23        1   2527874 
	   Memory (MB)          :       46     6000      6000 

	Job terminated of its own accord at 2024-10-15T06:14:00Z with exit-code 139.
...
000 (13810433.000.000) 10/15 09:33:25 Job submitted from host: <137.138.44.75:9618?addrs=137.138.44.75-9618+[2001-1458-d00-1a--b]-9618&alias=bigbird14.cern.ch&noUDP&sock=schedd_1981_6134>
...
040 (13810433.000.000) 10/15 09:38:30 Started transferring input files
	Transferring to host: <188.184.185.32:9618?addrs=188.184.185.32-9618+[2001-1458-301-52--100-1f]-9618&alias=b9g37p0831.cern.ch&noUDP&sock=slot1_19_5335_bd72_23678>
...
040 (13810433.000.000) 10/15 09:38:30 Finished transferring input files
...
001 (13810433.000.000) 10/15 09:38:31 Job executing on host: <188.184.185.32:9618?addrs=188.184.185.32-9618+[2001-1458-301-52--100-1f]-9618&alias=b9g37p0831.cern.ch&noUDP&sock=startd_4308_8216>
	SlotName: slot1_19@b9g37p0831.cern.ch
	CondorScratchDir = "/pool/condor/dir_3042522"
	Cpus = 3
	Disk = 2404554
	Memory = 6000
...
006 (13810433.000.000) 10/15 09:38:37 Image size of job updated: 462172
	108  -  MemoryUsage of job (MB)
	110012  -  ResidentSetSize of job (KB)
...
040 (13810433.000.000) 10/15 09:38:37 Started transferring output files
...
040 (13810433.000.000) 10/15 09:38:37 Finished transferring output files
...
005 (13810433.000.000) 10/15 09:38:37 Job terminated.
	(1) Normal termination (return value 139)
		Usr 0 00:00:04, Sys 0 00:00:01  -  Run Remote Usage
		Usr 0 00:00:00, Sys 0 00:00:00  -  Run Local Usage
		Usr 0 00:00:04, Sys 0 00:00:01  -  Total Remote Usage
		Usr 0 00:00:00, Sys 0 00:00:00  -  Total Local Usage
	8448  -  Run Bytes Sent By Job
	377  -  Run Bytes Received By Job
	8448  -  Total Bytes Sent By Job
	377  -  Total Bytes Received By Job
	Partitionable Resources :    Usage  Request Allocated 
	   Cpus                 :                 3         3 
	   Disk (KB)            :       23        1   2404554 
	   Memory (MB)          :      108     6000      6000 

	Job terminated of its own accord at 2024-10-15T07:38:37Z with exit-code 139.
...
000 (13811526.000.000) 10/15 12:21:09 Job submitted from host: <137.138.44.75:9618?addrs=137.138.44.75-9618+[2001-1458-d00-1a--b]-9618&alias=bigbird14.cern.ch&noUDP&sock=schedd_1981_6134>
...
040 (13811526.000.000) 10/15 12:22:00 Started transferring input files
	Transferring to host: <188.185.193.165:9618?addrs=188.185.193.165-9618&alias=b9p19p8780.cern.ch&noUDP&sock=slot1_1_2628428_0dfd_47416>
...
040 (13811526.000.000) 10/15 12:22:00 Finished transferring input files
...
001 (13811526.000.000) 10/15 12:22:01 Job executing on host: <188.185.193.165:9618?addrs=188.185.193.165-9618&alias=b9p19p8780.cern.ch&noUDP&sock=startd_2969322_7e2c>
	SlotName: slot1_1@b9p19p8780.cern.ch
	CondorScratchDir = "/pool/condor/dir_484784"
	Cpus = 3
	Disk = 2981703
	Memory = 6000
...
006 (13811526.000.000) 10/15 12:22:08 Image size of job updated: 426152
	63  -  MemoryUsage of job (MB)
	63856  -  ResidentSetSize of job (KB)
...
040 (13811526.000.000) 10/15 12:22:08 Started transferring output files
...
040 (13811526.000.000) 10/15 12:22:08 Finished transferring output files
...
005 (13811526.000.000) 10/15 12:22:08 Job terminated.
	(1) Normal termination (return value 139)
		Usr 0 00:00:04, Sys 0 00:00:00  -  Run Remote Usage
		Usr 0 00:00:00, Sys 0 00:00:00  -  Run Local Usage
		Usr 0 00:00:04, Sys 0 00:00:00  -  Total Remote Usage
		Usr 0 00:00:00, Sys 0 00:00:00  -  Total Local Usage
	8448  -  Run Bytes Sent By Job
	377  -  Run Bytes Received By Job
	8448  -  Total Bytes Sent By Job
	377  -  Total Bytes Received By Job
	Partitionable Resources :    Usage  Request Allocated 
	   Cpus                 :        0        3         3 
	   Disk (KB)            :       30        1   2981703 
	   Memory (MB)          :       63     6000      6000 

	Job terminated of its own accord at 2024-10-15T10:22:08Z with exit-code 139.
...
000 (13811578.000.000) 10/15 12:34:47 Job submitted from host: <137.138.44.75:9618?addrs=137.138.44.75-9618+[2001-1458-d00-1a--b]-9618&alias=bigbird14.cern.ch&noUDP&sock=schedd_1981_6134>
...
040 (13811578.000.000) 10/15 12:52:03 Started transferring input files
	Transferring to host: <128.142.33.41:9618?addrs=128.142.33.41-9618+[2001-1458-301-53--100-26]-9618&alias=b9g34p3999.cern.ch&noUDP&sock=slot1_23_4972_f943_61396>
...
040 (13811578.000.000) 10/15 12:52:03 Finished transferring input files
...
001 (13811578.000.000) 10/15 12:52:04 Job executing on host: <128.142.33.41:9618?addrs=128.142.33.41-9618+[2001-1458-301-53--100-26]-9618&alias=b9g34p3999.cern.ch&noUDP&sock=startd_4058_0769>
	SlotName: slot1_23@b9g34p3999.cern.ch
	CondorScratchDir = "/pool/condor/dir_1180844"
	Cpus = 3
	Disk = 2660689
	Memory = 6000
...
006 (13811578.000.000) 10/15 12:52:09 Image size of job updated: 387404
	30  -  MemoryUsage of job (MB)
	30112  -  ResidentSetSize of job (KB)
...
040 (13811578.000.000) 10/15 12:52:09 Started transferring output files
...
040 (13811578.000.000) 10/15 12:52:09 Finished transferring output files
...
005 (13811578.000.000) 10/15 12:52:09 Job terminated.
	(1) Normal termination (return value 139)
		Usr 0 00:00:04, Sys 0 00:00:01  -  Run Remote Usage
		Usr 0 00:00:00, Sys 0 00:00:00  -  Run Local Usage
		Usr 0 00:00:04, Sys 0 00:00:01  -  Total Remote Usage
		Usr 0 00:00:00, Sys 0 00:00:00  -  Total Local Usage
	8448  -  Run Bytes Sent By Job
	377  -  Run Bytes Received By Job
	8448  -  Total Bytes Sent By Job
	377  -  Total Bytes Received By Job
	Partitionable Resources :    Usage  Request Allocated 
	   Cpus                 :                 3         3 
	   Disk (KB)            :       23        1   2660689 
	   Memory (MB)          :       30     6000      6000 

	Job terminated of its own accord at 2024-10-15T10:52:09Z with exit-code 139.
...
000 (13812160.000.000) 10/15 13:03:05 Job submitted from host: <137.138.44.75:9618?addrs=137.138.44.75-9618+[2001-1458-d00-1a--b]-9618&alias=bigbird14.cern.ch&noUDP&sock=schedd_1981_6134>
...
040 (13812160.000.000) 10/15 13:05:40 Started transferring input files
	Transferring to host: <128.142.161.107:9618?addrs=128.142.161.107-9618+[2001-1458-301-b8--100-29]-9618&alias=b9g03p5993.cern.ch&noUDP&sock=slot1_2_4044458_4a2c_18991>
...
040 (13812160.000.000) 10/15 13:05:40 Finished transferring input files
...
001 (13812160.000.000) 10/15 13:05:41 Job executing on host: <128.142.161.107:9618?addrs=128.142.161.107-9618+[2001-1458-301-b8--100-29]-9618&alias=b9g03p5993.cern.ch&noUDP&sock=startd_3192_0664>
	SlotName: slot1_2@b9g03p5993.cern.ch
	CondorScratchDir = "/pool/condor/dir_2639007"
	Cpus = 3
	Disk = 3236308
	Memory = 6000
...
006 (13812160.000.000) 10/15 13:05:46 Image size of job updated: 381044
	19  -  MemoryUsage of job (MB)
	19264  -  ResidentSetSize of job (KB)
...
040 (13812160.000.000) 10/15 13:05:46 Started transferring output files
...
040 (13812160.000.000) 10/15 13:05:46 Finished transferring output files
...
005 (13812160.000.000) 10/15 13:05:46 Job terminated.
	(1) Normal termination (return value 139)
		Usr 0 00:00:04, Sys 0 00:00:00  -  Run Remote Usage
		Usr 0 00:00:00, Sys 0 00:00:00  -  Run Local Usage
		Usr 0 00:00:04, Sys 0 00:00:00  -  Total Remote Usage
		Usr 0 00:00:00, Sys 0 00:00:00  -  Total Local Usage
	8448  -  Run Bytes Sent By Job
	384  -  Run Bytes Received By Job
	8448  -  Total Bytes Sent By Job
	384  -  Total Bytes Received By Job
	Partitionable Resources :    Usage  Request Allocated 
	   Cpus                 :        0        3         3 
	   Disk (KB)            :       30        1   3236308 
	   Memory (MB)          :       19     6000      6000 

	Job terminated of its own accord at 2024-10-15T11:05:46Z with exit-code 139.
...
000 (13812449.000.000) 10/15 13:17:15 Job submitted from host: <137.138.44.75:9618?addrs=137.138.44.75-9618+[2001-1458-d00-1a--b]-9618&alias=bigbird14.cern.ch&noUDP&sock=schedd_1981_6134>
...
040 (13812449.000.000) 10/15 13:40:59 Started transferring input files
	Transferring to host: <188.185.198.175:9618?addrs=188.185.198.175-9618+[2001-1458-303-25--100-ab]-9618&alias=b9p15p0995.cern.ch&noUDP&sock=slot1_28_148001_d7db_26164>
...
040 (13812449.000.000) 10/15 13:41:00 Finished transferring input files
...
001 (13812449.000.000) 10/15 13:41:00 Job executing on host: <188.185.198.175:9618?addrs=188.185.198.175-9618+[2001-1458-303-25--100-ab]-9618&alias=b9p15p0995.cern.ch&noUDP&sock=startd_10664_320b>
	SlotName: slot1_28@b9p15p0995.cern.ch
	CondorScratchDir = "/pool/condor/dir_1872959"
	Cpus = 3
	Disk = 2978548
	Memory = 6000
...
006 (13812449.000.000) 10/15 13:41:05 Image size of job updated: 488528
	125  -  MemoryUsage of job (MB)
	127952  -  ResidentSetSize of job (KB)
...
040 (13812449.000.000) 10/15 13:41:05 Started transferring output files
...
040 (13812449.000.000) 10/15 13:41:05 Finished transferring output files
...
005 (13812449.000.000) 10/15 13:41:05 Job terminated.
	(1) Normal termination (return value 139)
		Usr 0 00:00:03, Sys 0 00:00:01  -  Run Remote Usage
		Usr 0 00:00:00, Sys 0 00:00:00  -  Run Local Usage
		Usr 0 00:00:03, Sys 0 00:00:01  -  Total Remote Usage
		Usr 0 00:00:00, Sys 0 00:00:00  -  Total Local Usage
	8691  -  Run Bytes Sent By Job
	391  -  Run Bytes Received By Job
	8691  -  Total Bytes Sent By Job
	391  -  Total Bytes Received By Job
	Partitionable Resources :    Usage  Request Allocated 
	   Cpus                 :        0        3         3 
	   Disk (KB)            :       30        1   2978548 
	   Memory (MB)          :      125     6000      6000 

	Job terminated of its own accord at 2024-10-15T11:41:05Z with exit-code 139.
...
000 (13818187.000.000) 10/15 19:48:07 Job submitted from host: <137.138.44.75:9618?addrs=137.138.44.75-9618+[2001-1458-d00-1a--b]-9618&alias=bigbird14.cern.ch&noUDP&sock=schedd_1981_6134>
...
040 (13818187.000.000) 10/15 19:51:59 Started transferring input files
	Transferring to host: <128.142.248.33:9618?addrs=128.142.248.33-9618+[2001-1458-301-73--100-111]-9618&alias=b9g23p1094.cern.ch&noUDP&sock=slot1_13_2557074_b4e8_19488>
...
040 (13818187.000.000) 10/15 19:51:59 Finished transferring input files
...
001 (13818187.000.000) 10/15 19:52:00 Job executing on host: <128.142.248.33:9618?addrs=128.142.248.33-9618+[2001-1458-301-73--100-111]-9618&alias=b9g23p1094.cern.ch&noUDP&sock=startd_6722_4fb5>
	SlotName: slot1_13@b9g23p1094.cern.ch
	CondorScratchDir = "/pool/condor/dir_2093920"
	Cpus = 3
	Disk = 2998930
	Memory = 6000
...
006 (13818187.000.000) 10/15 19:52:04 Image size of job updated: 427040
	68  -  MemoryUsage of job (MB)
	69440  -  ResidentSetSize of job (KB)
...
040 (13818187.000.000) 10/15 19:52:05 Started transferring output files
...
040 (13818187.000.000) 10/15 19:52:05 Finished transferring output files
...
005 (13818187.000.000) 10/15 19:52:05 Job terminated.
	(1) Normal termination (return value 139)
		Usr 0 00:00:03, Sys 0 00:00:00  -  Run Remote Usage
		Usr 0 00:00:00, Sys 0 00:00:00  -  Run Local Usage
		Usr 0 00:00:03, Sys 0 00:00:00  -  Total Remote Usage
		Usr 0 00:00:00, Sys 0 00:00:00  -  Total Local Usage
	8473  -  Run Bytes Sent By Job
	391  -  Run Bytes Received By Job
	8473  -  Total Bytes Sent By Job
	391  -  Total Bytes Received By Job
	Partitionable Resources :    Usage  Request Allocated 
	   Cpus                 :        0        3         3 
	   Disk (KB)            :       30        1   2998930 
	   Memory (MB)          :       68     6000      6000 

	Job terminated of its own accord at 2024-10-15T17:52:04Z with exit-code 139.
...
000 (13821670.000.000) 10/16 04:52:37 Job submitted from host: <137.138.44.75:9618?addrs=137.138.44.75-9618+[2001-1458-d00-1a--b]-9618&alias=bigbird14.cern.ch&noUDP&sock=schedd_1981_6134>
...
040 (13821670.000.000) 10/16 04:54:50 Started transferring input files
	Transferring to host: <128.142.33.35:9618?addrs=128.142.33.35-9618+[2001-1458-301-53--100-20]-9618&alias=b9g34p7363.cern.ch&noUDP&sock=slot1_28_2844112_f1c0_11388>
...
040 (13821670.000.000) 10/16 04:54:50 Finished transferring input files
...
001 (13821670.000.000) 10/16 04:54:51 Job executing on host: <128.142.33.35:9618?addrs=128.142.33.35-9618+[2001-1458-301-53--100-20]-9618&alias=b9g34p7363.cern.ch&noUDP&sock=startd_4252_18c8>
	SlotName: slot1_28@b9g34p7363.cern.ch
	CondorScratchDir = "/pool/condor/dir_1250020"
	Cpus = 3
	Disk = 2868356
	Memory = 6000
...
006 (13821670.000.000) 10/16 04:54:56 Image size of job updated: 405828
	50  -  MemoryUsage of job (MB)
	50464  -  ResidentSetSize of job (KB)
...
040 (13821670.000.000) 10/16 04:54:56 Started transferring output files
...
040 (13821670.000.000) 10/16 04:54:56 Finished transferring output files
...
005 (13821670.000.000) 10/16 04:54:56 Job terminated.
	(1) Normal termination (return value 139)
		Usr 0 00:00:04, Sys 0 00:00:01  -  Run Remote Usage
		Usr 0 00:00:00, Sys 0 00:00:00  -  Run Local Usage
		Usr 0 00:00:04, Sys 0 00:00:01  -  Total Remote Usage
		Usr 0 00:00:00, Sys 0 00:00:00  -  Total Local Usage
	8473  -  Run Bytes Sent By Job
	391  -  Run Bytes Received By Job
	8473  -  Total Bytes Sent By Job
	391  -  Total Bytes Received By Job
	Partitionable Resources :    Usage  Request Allocated 
	   Cpus                 :        0        3         3 
	   Disk (KB)            :       30        1   2868356 
	   Memory (MB)          :       50     6000      6000 

	Job terminated of its own accord at 2024-10-16T02:54:56Z with exit-code 139.
...
000 (13822167.000.000) 10/16 05:46:57 Job submitted from host: <137.138.44.75:9618?addrs=137.138.44.75-9618+[2001-1458-d00-1a--b]-9618&alias=bigbird14.cern.ch&noUDP&sock=schedd_1981_6134>
...
040 (13822167.000.000) 10/16 05:50:14 Started transferring input files
	Transferring to host: <128.142.161.94:9618?addrs=128.142.161.94-9618+[2001-1458-301-b8--100-1c]-9618&alias=b9g03p0774.cern.ch&noUDP&sock=slot1_9_2301819_77bc_67691>
...
040 (13822167.000.000) 10/16 05:50:14 Finished transferring input files
...
001 (13822167.000.000) 10/16 05:50:15 Job executing on host: <128.142.161.94:9618?addrs=128.142.161.94-9618+[2001-1458-301-b8--100-1c]-9618&alias=b9g03p0774.cern.ch&noUDP&sock=startd_4586_316a>
	SlotName: slot1_9@b9g03p0774.cern.ch
	CondorScratchDir = "/pool/condor/dir_2357073"
	Cpus = 3
	Disk = 3133863
	Memory = 6000
...
006 (13822167.000.000) 10/16 05:50:23 Image size of job updated: 271868
	266  -  MemoryUsage of job (MB)
	271868  -  ResidentSetSize of job (KB)
...
006 (13822167.000.000) 10/16 05:53:12 Image size of job updated: 2180252
	2026  -  MemoryUsage of job (MB)
	2074264  -  ResidentSetSize of job (KB)
...
040 (13822167.000.000) 10/16 05:53:12 Started transferring output files
...
040 (13822167.000.000) 10/16 05:53:13 Finished transferring output files
...
005 (13822167.000.000) 10/16 05:53:13 Job terminated.
	(1) Normal termination (return value 0)
		Usr 0 00:00:35, Sys 0 00:00:02  -  Run Remote Usage
		Usr 0 00:00:00, Sys 0 00:00:00  -  Run Local Usage
		Usr 0 00:00:35, Sys 0 00:00:02  -  Total Remote Usage
		Usr 0 00:00:00, Sys 0 00:00:00  -  Total Local Usage
	8714  -  Run Bytes Sent By Job
	391  -  Run Bytes Received By Job
	8714  -  Total Bytes Sent By Job
	391  -  Total Bytes Received By Job
	Partitionable Resources :    Usage  Request Allocated 
	   Cpus                 :        0        3         3 
	   Disk (KB)            :       30        1   3133863 
	   Memory (MB)          :     2026     6000      6000 

	Job terminated of its own accord at 2024-10-16T03:53:12Z with exit-code 0.
...
