000 (12832554.000.000) 05/09 13:08:42 Job submitted from host: <137.138.44.75:9618?addrs=137.138.44.75-9618+[2001-1458-d00-1a--b]-9618&alias=bigbird14.cern.ch&noUDP&sock=schedd_6333_7d5e>
...
040 (12832554.000.000) 05/09 13:10:49 Started transferring input files
	Transferring to host: <188.184.185.34:9618?addrs=188.184.185.34-9618+[2001-1458-301-52--100-21]-9618&alias=b9g37p2729.cern.ch&noUDP&sock=slot1_5_8605_c037_181434>
...
040 (12832554.000.000) 05/09 13:10:49 Finished transferring input files
...
001 (12832554.000.000) 05/09 13:10:50 Job executing on host: <188.184.185.34:9618?addrs=188.184.185.34-9618+[2001-1458-301-52--100-21]-9618&alias=b9g37p2729.cern.ch&noUDP&sock=startd_7880_9a61>
...
006 (12832554.000.000) 05/09 13:10:50 Image size of job updated: 932
	1  -  MemoryUsage of job (MB)
	932  -  ResidentSetSize of job (KB)
...
040 (12832554.000.000) 05/09 13:10:50 Started transferring output files
...
040 (12832554.000.000) 05/09 13:10:50 Finished transferring output files
...
005 (12832554.000.000) 05/09 13:10:50 Job terminated.
	(1) Normal termination (return value 127)
		Usr 0 00:00:00, Sys 0 00:00:00  -  Run Remote Usage
		Usr 0 00:00:00, Sys 0 00:00:00  -  Run Local Usage
		Usr 0 00:00:00, Sys 0 00:00:00  -  Total Remote Usage
		Usr 0 00:00:00, Sys 0 00:00:00  -  Total Local Usage
	215  -  Run Bytes Sent By Job
	304  -  Run Bytes Received By Job
	215  -  Total Bytes Sent By Job
	304  -  Total Bytes Received By Job
	Partitionable Resources :    Usage  Request Allocated 
	   Cpus                 :                 3         3 
	   Disk (KB)            :       17        1   2600194 
	   Memory (MB)          :        1     6000      6000 

	Job terminated of its own accord at 2024-05-09T11:10:50Z.
...
000 (12832590.000.000) 05/09 13:52:03 Job submitted from host: <137.138.44.75:9618?addrs=137.138.44.75-9618+[2001-1458-d00-1a--b]-9618&alias=bigbird14.cern.ch&noUDP&sock=schedd_6333_7d5e>
...
040 (12832590.000.000) 05/09 13:55:55 Started transferring input files
	Transferring to host: <188.184.162.63:9618?addrs=188.184.162.63-9618+[2001-1458-301-4a--100-39]-9618&alias=b9s11p6639.cern.ch&noUDP&sock=slot1_4_8680_985a_1974>
...
040 (12832590.000.000) 05/09 13:55:55 Finished transferring input files
...
001 (12832590.000.000) 05/09 13:55:56 Job executing on host: <188.184.162.63:9618?addrs=188.184.162.63-9618+[2001-1458-301-4a--100-39]-9618&alias=b9s11p6639.cern.ch&noUDP&sock=startd_7812_f5f0>
...
006 (12832590.000.000) 05/09 13:55:57 Image size of job updated: 6192
	1  -  MemoryUsage of job (MB)
	628  -  ResidentSetSize of job (KB)
...
040 (12832590.000.000) 05/09 13:55:57 Started transferring output files
...
040 (12832590.000.000) 05/09 13:55:57 Finished transferring output files
...
005 (12832590.000.000) 05/09 13:55:57 Job terminated.
	(1) Normal termination (return value 127)
		Usr 0 00:00:00, Sys 0 00:00:00  -  Run Remote Usage
		Usr 0 00:00:00, Sys 0 00:00:00  -  Run Local Usage
		Usr 0 00:00:00, Sys 0 00:00:00  -  Total Remote Usage
		Usr 0 00:00:00, Sys 0 00:00:00  -  Total Local Usage
	215  -  Run Bytes Sent By Job
	304  -  Run Bytes Received By Job
	215  -  Total Bytes Sent By Job
	304  -  Total Bytes Received By Job
	Partitionable Resources :    Usage  Request Allocated 
	   Cpus                 :        0        3         3 
	   Disk (KB)            :       25        1   3121387 
	   Memory (MB)          :        1     6000      6000 

	Job terminated of its own accord at 2024-05-09T11:55:57Z.
...
