000 (12832568.000.000) 05/09 13:08:56 Job submitted from host: <137.138.44.75:9618?addrs=137.138.44.75-9618+[2001-1458-d00-1a--b]-9618&alias=bigbird14.cern.ch&noUDP&sock=schedd_6333_7d5e>
...
040 (12832568.000.000) 05/09 13:10:52 Started transferring input files
	Transferring to host: <188.184.162.129:9618?addrs=188.184.162.129-9618+[2001-1458-301-4a--100-7b]-9618&alias=b9s11p6231.cern.ch&noUDP&sock=slot1_8_6744_820b_22269>
...
040 (12832568.000.000) 05/09 13:10:53 Finished transferring input files
...
001 (12832568.000.000) 05/09 13:10:53 Job executing on host: <188.184.162.129:9618?addrs=188.184.162.129-9618+[2001-1458-301-4a--100-7b]-9618&alias=b9s11p6231.cern.ch&noUDP&sock=startd_5871_989d>
...
006 (12832568.000.000) 05/09 13:10:54 Image size of job updated: 6344
	2  -  MemoryUsage of job (MB)
	1528  -  ResidentSetSize of job (KB)
...
040 (12832568.000.000) 05/09 13:10:54 Started transferring output files
...
040 (12832568.000.000) 05/09 13:10:54 Finished transferring output files
...
005 (12832568.000.000) 05/09 13:10:54 Job terminated.
	(1) Normal termination (return value 127)
		Usr 0 00:00:00, Sys 0 00:00:00  -  Run Remote Usage
		Usr 0 00:00:00, Sys 0 00:00:00  -  Run Local Usage
		Usr 0 00:00:00, Sys 0 00:00:00  -  Total Remote Usage
		Usr 0 00:00:00, Sys 0 00:00:00  -  Total Local Usage
	215  -  Run Bytes Sent By Job
	304  -  Run Bytes Received By Job
	215  -  Total Bytes Sent By Job
	304  -  Total Bytes Received By Job
	Partitionable Resources :    Usage  Request Allocated 
	   Cpus                 :        0        3         3 
	   Disk (KB)            :       25        1   2987077 
	   Memory (MB)          :        2     6000      6000 

	Job terminated of its own accord at 2024-05-09T11:10:54Z.
...
000 (12832604.000.000) 05/09 13:52:12 Job submitted from host: <137.138.44.75:9618?addrs=137.138.44.75-9618+[2001-1458-d00-1a--b]-9618&alias=bigbird14.cern.ch&noUDP&sock=schedd_6333_7d5e>
...
040 (12832604.000.000) 05/09 13:56:00 Started transferring input files
	Transferring to host: <188.184.163.206:9618?addrs=188.184.163.206-9618+[2001-1458-301-4d--100-c8]-9618&alias=b9s12p5063.cern.ch&noUDP&sock=slot1_25_6219_9916_43354>
...
040 (12832604.000.000) 05/09 13:56:00 Finished transferring input files
...
001 (12832604.000.000) 05/09 13:56:01 Job executing on host: <188.184.163.206:9618?addrs=188.184.163.206-9618+[2001-1458-301-4d--100-c8]-9618&alias=b9s12p5063.cern.ch&noUDP&sock=startd_4862_818d>
...
006 (12832604.000.000) 05/09 13:56:02 Image size of job updated: 6588
	2  -  MemoryUsage of job (MB)
	1168  -  ResidentSetSize of job (KB)
...
040 (12832604.000.000) 05/09 13:56:02 Started transferring output files
...
040 (12832604.000.000) 05/09 13:56:02 Finished transferring output files
...
005 (12832604.000.000) 05/09 13:56:02 Job terminated.
	(1) Normal termination (return value 127)
		Usr 0 00:00:00, Sys 0 00:00:00  -  Run Remote Usage
		Usr 0 00:00:00, Sys 0 00:00:00  -  Run Local Usage
		Usr 0 00:00:00, Sys 0 00:00:00  -  Total Remote Usage
		Usr 0 00:00:00, Sys 0 00:00:00  -  Total Local Usage
	215  -  Run Bytes Sent By Job
	304  -  Run Bytes Received By Job
	215  -  Total Bytes Sent By Job
	304  -  Total Bytes Received By Job
	Partitionable Resources :    Usage  Request Allocated 
	   Cpus                 :        0        3         3 
	   Disk (KB)            :       25        1   2932021 
	   Memory (MB)          :        2     6000      6000 

	Job terminated of its own accord at 2024-05-09T11:56:02Z.
...
