000 (12832551.000.000) 05/09 13:08:40 Job submitted from host: <137.138.44.75:9618?addrs=137.138.44.75-9618+[2001-1458-d00-1a--b]-9618&alias=bigbird14.cern.ch&noUDP&sock=schedd_6333_7d5e>
...
040 (12832551.000.000) 05/09 13:10:47 Started transferring input files
	Transferring to host: <188.184.185.138:9618?addrs=188.184.185.138-9618+[2001-1458-301-52--100-89]-9618&alias=b9g37p0065.cern.ch&noUDP&sock=slot1_20_5141_0caa_16387>
...
040 (12832551.000.000) 05/09 13:10:47 Finished transferring input files
...
001 (12832551.000.000) 05/09 13:10:48 Job executing on host: <188.184.185.138:9618?addrs=188.184.185.138-9618+[2001-1458-301-52--100-89]-9618&alias=b9g37p0065.cern.ch&noUDP&sock=startd_4214_082f>
...
006 (12832551.000.000) 05/09 13:10:49 Image size of job updated: 5792
	1  -  MemoryUsage of job (MB)
	556  -  ResidentSetSize of job (KB)
...
040 (12832551.000.000) 05/09 13:10:49 Started transferring output files
...
040 (12832551.000.000) 05/09 13:10:49 Finished transferring output files
...
005 (12832551.000.000) 05/09 13:10:49 Job terminated.
	(1) Normal termination (return value 127)
		Usr 0 00:00:00, Sys 0 00:00:00  -  Run Remote Usage
		Usr 0 00:00:00, Sys 0 00:00:00  -  Run Local Usage
		Usr 0 00:00:00, Sys 0 00:00:00  -  Total Remote Usage
		Usr 0 00:00:00, Sys 0 00:00:00  -  Total Local Usage
	215  -  Run Bytes Sent By Job
	304  -  Run Bytes Received By Job
	215  -  Total Bytes Sent By Job
	304  -  Total Bytes Received By Job
	Partitionable Resources :    Usage  Request Allocated 
	   Cpus                 :                 3         3 
	   Disk (KB)            :       17        1   2826633 
	   Memory (MB)          :        1     6000      6000 

	Job terminated of its own accord at 2024-05-09T11:10:49Z.
...
000 (12832587.000.000) 05/09 13:52:01 Job submitted from host: <137.138.44.75:9618?addrs=137.138.44.75-9618+[2001-1458-d00-1a--b]-9618&alias=bigbird14.cern.ch&noUDP&sock=schedd_6333_7d5e>
...
040 (12832587.000.000) 05/09 13:55:54 Started transferring input files
	Transferring to host: <188.184.164.46:9618?addrs=188.184.164.46-9618+[2001-1458-301-4e--100-28]-9618&alias=b9s13p2658.cern.ch&noUDP&sock=slot1_34_6137_d253_44149>
...
040 (12832587.000.000) 05/09 13:55:54 Finished transferring input files
...
001 (12832587.000.000) 05/09 13:55:55 Job executing on host: <188.184.164.46:9618?addrs=188.184.164.46-9618+[2001-1458-301-4e--100-28]-9618&alias=b9s13p2658.cern.ch&noUDP&sock=startd_4616_c541>
...
006 (12832587.000.000) 05/09 13:55:56 Image size of job updated: 6728
	2  -  MemoryUsage of job (MB)
	1216  -  ResidentSetSize of job (KB)
...
040 (12832587.000.000) 05/09 13:55:56 Started transferring output files
...
040 (12832587.000.000) 05/09 13:55:56 Finished transferring output files
...
005 (12832587.000.000) 05/09 13:55:56 Job terminated.
	(1) Normal termination (return value 127)
		Usr 0 00:00:00, Sys 0 00:00:00  -  Run Remote Usage
		Usr 0 00:00:00, Sys 0 00:00:00  -  Run Local Usage
		Usr 0 00:00:00, Sys 0 00:00:00  -  Total Remote Usage
		Usr 0 00:00:00, Sys 0 00:00:00  -  Total Local Usage
	215  -  Run Bytes Sent By Job
	304  -  Run Bytes Received By Job
	215  -  Total Bytes Sent By Job
	304  -  Total Bytes Received By Job
	Partitionable Resources :    Usage  Request Allocated 
	   Cpus                 :                 3         3 
	   Disk (KB)            :       17        1   2955826 
	   Memory (MB)          :        2     6000      6000 

	Job terminated of its own accord at 2024-05-09T11:55:56Z.
...
