000 (13808550.000.000) 10/14 09:43:59 Job submitted from host: <137.138.44.75:9618?addrs=137.138.44.75-9618+[2001-1458-d00-1a--b]-9618&alias=bigbird14.cern.ch&noUDP&sock=schedd_1981_6134>
...
040 (13808550.000.000) 10/14 09:48:02 Started transferring input files
	Transferring to host: <188.184.185.156:9618?addrs=188.184.185.156-9618+[2001-1458-301-52--100-9b]-9618&alias=b9g37p3214.cern.ch&noUDP&sock=slot1_2_3641522_6d2a_51248>
...
040 (13808550.000.000) 10/14 09:48:02 Finished transferring input files
...
001 (13808550.000.000) 10/14 09:48:03 Job executing on host: <188.184.185.156:9618?addrs=188.184.185.156-9618+[2001-1458-301-52--100-9b]-9618&alias=b9g37p3214.cern.ch&noUDP&sock=startd_5249_f4b4>
	SlotName: slot1_2@b9g37p3214.cern.ch
	CondorScratchDir = "/pool/condor/dir_2824205"
	Cpus = 3
	Disk = 2933974
	Memory = 6000
...
006 (13808550.000.000) 10/14 09:48:11 Image size of job updated: 1
	0  -  MemoryUsage of job (MB)
	0  -  ResidentSetSize of job (KB)
...
006 (13808550.000.000) 10/14 09:48:33 Image size of job updated: 433504
	60  -  MemoryUsage of job (MB)
	61320  -  ResidentSetSize of job (KB)
...
040 (13808550.000.000) 10/14 09:48:33 Started transferring output files
...
040 (13808550.000.000) 10/14 09:48:33 Finished transferring output files
...
005 (13808550.000.000) 10/14 09:48:33 Job terminated.
	(1) Normal termination (return value 139)
		Usr 0 00:00:04, Sys 0 00:00:01  -  Run Remote Usage
		Usr 0 00:00:00, Sys 0 00:00:00  -  Run Local Usage
		Usr 0 00:00:04, Sys 0 00:00:01  -  Total Remote Usage
		Usr 0 00:00:00, Sys 0 00:00:00  -  Total Local Usage
	8821  -  Run Bytes Sent By Job
	377  -  Run Bytes Received By Job
	8821  -  Total Bytes Sent By Job
	377  -  Total Bytes Received By Job
	Partitionable Resources :    Usage  Request Allocated 
	   Cpus                 :        0        3         3 
	   Disk (KB)            :       30        1   2933974 
	   Memory (MB)          :       60     6000      6000 

	Job terminated of its own accord at 2024-10-14T07:48:33Z with exit-code 139.
...
000 (13808790.000.000) 10/14 13:47:02 Job submitted from host: <137.138.44.75:9618?addrs=137.138.44.75-9618+[2001-1458-d00-1a--b]-9618&alias=bigbird14.cern.ch&noUDP&sock=schedd_1981_6134>
...
040 (13808790.000.000) 10/14 13:50:38 Started transferring input files
	Transferring to host: <188.185.192.69:9618?addrs=188.185.192.69-9618+[2001-1458-303-1f--100-41]-9618&alias=b9p13p8505.cern.ch&noUDP&sock=slot1_1_6769_1f6c_19833>
...
040 (13808790.000.000) 10/14 13:50:38 Finished transferring input files
...
001 (13808790.000.000) 10/14 13:50:39 Job executing on host: <188.185.192.69:9618?addrs=188.185.192.69-9618+[2001-1458-303-1f--100-41]-9618&alias=b9p13p8505.cern.ch&noUDP&sock=startd_6248_2fd1>
	SlotName: slot1_1@b9p13p8505.cern.ch
	CondorScratchDir = "/pool/condor/dir_2187542"
	Cpus = 3
	Disk = 3007587
	Memory = 6000
...
006 (13808790.000.000) 10/14 13:50:48 Image size of job updated: 299564
	291  -  MemoryUsage of job (MB)
	297012  -  ResidentSetSize of job (KB)
...
006 (13808790.000.000) 10/14 13:55:49 Image size of job updated: 395536
	387  -  MemoryUsage of job (MB)
	395304  -  ResidentSetSize of job (KB)
...
006 (13808790.000.000) 10/14 14:00:50 Image size of job updated: 444772
	435  -  MemoryUsage of job (MB)
	444768  -  ResidentSetSize of job (KB)
...
006 (13808790.000.000) 10/14 14:05:50 Image size of job updated: 479288
	468  -  MemoryUsage of job (MB)
	479128  -  ResidentSetSize of job (KB)
...
006 (13808790.000.000) 10/14 14:10:50 Image size of job updated: 507888
	468  -  MemoryUsage of job (MB)
	479128  -  ResidentSetSize of job (KB)
...
040 (13808790.000.000) 10/14 14:10:50 Started transferring output files
...
040 (13808790.000.000) 10/14 14:10:50 Finished transferring output files
...
009 (13808790.000.000) 10/14 14:10:50 Job was aborted.
	Job removed by SYSTEM_PERIODIC_REMOVE due to wall time exceeded allowed max.
...
000 (13809414.000.000) 10/14 19:38:40 Job submitted from host: <137.138.44.75:9618?addrs=137.138.44.75-9618+[2001-1458-d00-1a--b]-9618&alias=bigbird14.cern.ch&noUDP&sock=schedd_1981_6134>
...
040 (13809414.000.000) 10/14 19:43:12 Started transferring input files
	Transferring to host: <188.185.193.139:9618?addrs=188.185.193.139-9618+[2001-1458-303-20--100-87]-9618&alias=b9p19p7149.cern.ch&noUDP&sock=slot1_13_1698390_2602_17820>
...
040 (13809414.000.000) 10/14 19:43:12 Finished transferring input files
...
001 (13809414.000.000) 10/14 19:43:13 Job executing on host: <188.185.193.139:9618?addrs=188.185.193.139-9618+[2001-1458-303-20--100-87]-9618&alias=b9p19p7149.cern.ch&noUDP&sock=startd_164005_5dfb>
	SlotName: slot1_13@b9p19p7149.cern.ch
	CondorScratchDir = "/pool/condor/dir_3427941"
	Cpus = 3
	Disk = 3053415
	Memory = 6000
...
006 (13809414.000.000) 10/14 19:43:21 Image size of job updated: 114804
	113  -  MemoryUsage of job (MB)
	114804  -  ResidentSetSize of job (KB)
...
006 (13809414.000.000) 10/14 19:48:21 Image size of job updated: 236452
	231  -  MemoryUsage of job (MB)
	236200  -  ResidentSetSize of job (KB)
...
006 (13809414.000.000) 10/14 19:53:22 Image size of job updated: 289584
	283  -  MemoryUsage of job (MB)
	289336  -  ResidentSetSize of job (KB)
...
006 (13809414.000.000) 10/14 19:58:22 Image size of job updated: 329588
	322  -  MemoryUsage of job (MB)
	329396  -  ResidentSetSize of job (KB)
...
006 (13809414.000.000) 10/14 19:59:38 Image size of job updated: 338668
	322  -  MemoryUsage of job (MB)
	329396  -  ResidentSetSize of job (KB)
...
040 (13809414.000.000) 10/14 19:59:38 Started transferring output files
...
040 (13809414.000.000) 10/14 19:59:38 Finished transferring output files
...
004 (13809414.000.000) 10/14 19:59:38 Job was evicted.
	(0) CPU times
		Usr 0 00:15:30, Sys 0 00:00:01  -  Run Remote Usage
		Usr 0 00:00:00, Sys 0 00:00:00  -  Run Local Usage
	6930  -  Run Bytes Sent By Job
	377  -  Run Bytes Received By Job
	Partitionable Resources :    Usage  Request Allocated 
	   Cpus                 :     0.96        3         3 
	   Disk (KB)            :    29           1   3053415 
	   Memory (MB)          :   322        6000      6000 
...
009 (13809414.000.000) 10/14 19:59:38 Job was aborted.
	via condor_rm (by user cagrawal)
...
000 (13809463.000.000) 10/14 21:03:43 Job submitted from host: <137.138.44.75:9618?addrs=137.138.44.75-9618+[2001-1458-d00-1a--b]-9618&alias=bigbird14.cern.ch&noUDP&sock=schedd_1981_6134>
...
040 (13809463.000.000) 10/14 21:06:13 Started transferring input files
	Transferring to host: <128.142.248.105:9618?addrs=128.142.248.105-9618+[2001-1458-301-73--100-159]-9618&alias=b9g23p9995.cern.ch&noUDP&sock=slot1_33_2365944_54cb_77732>
...
040 (13809463.000.000) 10/14 21:06:13 Finished transferring input files
...
001 (13809463.000.000) 10/14 21:06:14 Job executing on host: <128.142.248.105:9618?addrs=128.142.248.105-9618+[2001-1458-301-73--100-159]-9618&alias=b9g23p9995.cern.ch&noUDP&sock=startd_5256_c1de>
	SlotName: slot1_33@b9g23p9995.cern.ch
	CondorScratchDir = "/pool/condor/dir_1752138"
	Cpus = 3
	Disk = 2919051
	Memory = 6000
...
006 (13809463.000.000) 10/14 21:06:22 Image size of job updated: 118608
	116  -  MemoryUsage of job (MB)
	118604  -  ResidentSetSize of job (KB)
...
006 (13809463.000.000) 10/14 21:11:22 Image size of job updated: 1449644
	1416  -  MemoryUsage of job (MB)
	1449644  -  ResidentSetSize of job (KB)
...
006 (13809463.000.000) 10/14 21:16:23 Image size of job updated: 3409772
	3330  -  MemoryUsage of job (MB)
	3409520  -  ResidentSetSize of job (KB)
...
006 (13809463.000.000) 10/14 21:18:01 Image size of job updated: 4672000
	4449  -  MemoryUsage of job (MB)
	4555452  -  ResidentSetSize of job (KB)
...
040 (13809463.000.000) 10/14 21:18:01 Started transferring output files
...
040 (13809463.000.000) 10/14 21:18:01 Finished transferring output files
...
005 (13809463.000.000) 10/14 21:18:01 Job terminated.
	(1) Normal termination (return value 0)
		Usr 0 00:01:53, Sys 0 00:00:05  -  Run Remote Usage
		Usr 0 00:00:00, Sys 0 00:00:00  -  Run Local Usage
		Usr 0 00:01:53, Sys 0 00:00:05  -  Total Remote Usage
		Usr 0 00:00:00, Sys 0 00:00:00  -  Total Local Usage
	8649  -  Run Bytes Sent By Job
	377  -  Run Bytes Received By Job
	8649  -  Total Bytes Sent By Job
	377  -  Total Bytes Received By Job
	Partitionable Resources :    Usage  Request Allocated 
	   Cpus                 :     0.24        3         3 
	   Disk (KB)            :    31           1   2919051 
	   Memory (MB)          :  4449        6000      6000 

	Job terminated of its own accord at 2024-10-14T19:18:01Z with exit-code 0.
...
000 (13810267.000.000) 10/15 07:39:44 Job submitted from host: <137.138.44.75:9618?addrs=137.138.44.75-9618+[2001-1458-d00-1a--b]-9618&alias=bigbird14.cern.ch&noUDP&sock=schedd_1981_6134>
...
040 (13810267.000.000) 10/15 07:42:14 Started transferring input files
	Transferring to host: <188.185.196.175:9618?addrs=188.185.196.175-9618+[2001-1458-303-23--100-ab]-9618&alias=b9p16p3224.cern.ch&noUDP&sock=slot1_1_781793_a488_16318>
...
040 (13810267.000.000) 10/15 07:42:14 Finished transferring input files
...
001 (13810267.000.000) 10/15 07:42:15 Job executing on host: <188.185.196.175:9618?addrs=188.185.196.175-9618+[2001-1458-303-23--100-ab]-9618&alias=b9p16p3224.cern.ch&noUDP&sock=startd_127796_013e>
	SlotName: slot1_1@b9p16p3224.cern.ch
	CondorScratchDir = "/pool/condor/dir_3832919"
	Cpus = 3
	Disk = 2813341
	Memory = 6000
...
006 (13810267.000.000) 10/15 07:42:24 Image size of job updated: 519528
	508  -  MemoryUsage of job (MB)
	519528  -  ResidentSetSize of job (KB)
...
006 (13810267.000.000) 10/15 07:47:25 Image size of job updated: 3465296
	3354  -  MemoryUsage of job (MB)
	3433524  -  ResidentSetSize of job (KB)
...
006 (13810267.000.000) 10/15 07:50:49 Image size of job updated: 5297836
	5054  -  MemoryUsage of job (MB)
	5174848  -  ResidentSetSize of job (KB)
...
040 (13810267.000.000) 10/15 07:50:49 Started transferring output files
...
040 (13810267.000.000) 10/15 07:50:49 Finished transferring output files
...
005 (13810267.000.000) 10/15 07:50:50 Job terminated.
	(1) Normal termination (return value 0)
		Usr 0 00:01:54, Sys 0 00:00:05  -  Run Remote Usage
		Usr 0 00:00:00, Sys 0 00:00:00  -  Run Local Usage
		Usr 0 00:01:54, Sys 0 00:00:05  -  Total Remote Usage
		Usr 0 00:00:00, Sys 0 00:00:00  -  Total Local Usage
	8649  -  Run Bytes Sent By Job
	377  -  Run Bytes Received By Job
	8649  -  Total Bytes Sent By Job
	377  -  Total Bytes Received By Job
	Partitionable Resources :    Usage  Request Allocated 
	   Cpus                 :     0.18        3         3 
	   Disk (KB)            :    31           1   2813341 
	   Memory (MB)          :  5054        6000      6000 

	Job terminated of its own accord at 2024-10-15T05:50:49Z with exit-code 0.
...
000 (13810304.000.000) 10/15 08:12:11 Job submitted from host: <137.138.44.75:9618?addrs=137.138.44.75-9618+[2001-1458-d00-1a--b]-9618&alias=bigbird14.cern.ch&noUDP&sock=schedd_1981_6134>
...
040 (13810304.000.000) 10/15 08:13:58 Started transferring input files
	Transferring to host: <188.185.207.225:9618?addrs=188.185.207.225-9618+[2001-1458-303-e--100-5e]-9618&alias=b9p08p2248.cern.ch&noUDP&sock=slot1_20_7780_76b5_62260>
...
040 (13810304.000.000) 10/15 08:13:58 Finished transferring input files
...
001 (13810304.000.000) 10/15 08:13:59 Job executing on host: <188.185.207.225:9618?addrs=188.185.207.225-9618+[2001-1458-303-e--100-5e]-9618&alias=b9p08p2248.cern.ch&noUDP&sock=startd_6748_252b>
	SlotName: slot1_20@b9p08p2248.cern.ch
	CondorScratchDir = "/pool/condor/dir_1374619"
	Cpus = 3
	Disk = 2621768
	Memory = 6000
...
006 (13810304.000.000) 10/15 08:14:08 Image size of job updated: 118180
	116  -  MemoryUsage of job (MB)
	117932  -  ResidentSetSize of job (KB)
...
006 (13810304.000.000) 10/15 08:19:09 Image size of job updated: 1709892
	1670  -  MemoryUsage of job (MB)
	1709892  -  ResidentSetSize of job (KB)
...
006 (13810304.000.000) 10/15 08:24:09 Image size of job updated: 2800812
	2736  -  MemoryUsage of job (MB)
	2800812  -  ResidentSetSize of job (KB)
...
006 (13810304.000.000) 10/15 08:29:09 Image size of job updated: 4769292
	4658  -  MemoryUsage of job (MB)
	4769292  -  ResidentSetSize of job (KB)
...
006 (13810304.000.000) 10/15 08:29:26 Image size of job updated: 4900588
	4664  -  MemoryUsage of job (MB)
	4775624  -  ResidentSetSize of job (KB)
...
040 (13810304.000.000) 10/15 08:29:26 Started transferring output files
...
040 (13810304.000.000) 10/15 08:29:26 Finished transferring output files
...
005 (13810304.000.000) 10/15 08:29:26 Job terminated.
	(1) Normal termination (return value 0)
		Usr 0 00:01:28, Sys 0 00:00:06  -  Run Remote Usage
		Usr 0 00:00:00, Sys 0 00:00:00  -  Run Local Usage
		Usr 0 00:01:28, Sys 0 00:00:06  -  Total Remote Usage
		Usr 0 00:00:00, Sys 0 00:00:00  -  Total Local Usage
	8649  -  Run Bytes Sent By Job
	377  -  Run Bytes Received By Job
	8649  -  Total Bytes Sent By Job
	377  -  Total Bytes Received By Job
	Partitionable Resources :    Usage  Request Allocated 
	   Cpus                 :     0.06        3         3 
	   Disk (KB)            :    35           1   2621768 
	   Memory (MB)          :  4664        6000      6000 

	Job terminated of its own accord at 2024-10-15T06:29:26Z with exit-code 0.
...
000 (13810451.000.000) 10/15 09:33:43 Job submitted from host: <137.138.44.75:9618?addrs=137.138.44.75-9618+[2001-1458-d00-1a--b]-9618&alias=bigbird14.cern.ch&noUDP&sock=schedd_1981_6134>
...
040 (13810451.000.000) 10/15 09:38:36 Started transferring input files
	Transferring to host: <188.185.207.55:9618?addrs=188.185.207.55-9618+[2001-1458-303-d--100-34]-9618&alias=b9p07p0358.cern.ch&noUDP&sock=slot1_5_2103965_6d0e_191784>
...
040 (13810451.000.000) 10/15 09:38:36 Finished transferring input files
...
001 (13810451.000.000) 10/15 09:38:37 Job executing on host: <188.185.207.55:9618?addrs=188.185.207.55-9618+[2001-1458-303-d--100-34]-9618&alias=b9p07p0358.cern.ch&noUDP&sock=startd_2103919_0418>
	SlotName: slot1_5@b9p07p0358.cern.ch
	CondorScratchDir = "/pool/condor/dir_3060921"
	Cpus = 3
	Disk = 2752350
	Memory = 6000
...
006 (13810451.000.000) 10/15 09:38:46 Image size of job updated: 138936
	136  -  MemoryUsage of job (MB)
	138440  -  ResidentSetSize of job (KB)
...
006 (13810451.000.000) 10/15 09:43:47 Image size of job updated: 3540500
	3458  -  MemoryUsage of job (MB)
	3540148  -  ResidentSetSize of job (KB)
...
006 (13810451.000.000) 10/15 09:45:12 Image size of job updated: 4916000
	4683  -  MemoryUsage of job (MB)
	4794972  -  ResidentSetSize of job (KB)
...
040 (13810451.000.000) 10/15 09:45:12 Started transferring output files
...
040 (13810451.000.000) 10/15 09:45:12 Finished transferring output files
...
005 (13810451.000.000) 10/15 09:45:12 Job terminated.
	(1) Normal termination (return value 0)
		Usr 0 00:01:12, Sys 0 00:00:06  -  Run Remote Usage
		Usr 0 00:00:00, Sys 0 00:00:00  -  Run Local Usage
		Usr 0 00:01:12, Sys 0 00:00:06  -  Total Remote Usage
		Usr 0 00:00:00, Sys 0 00:00:00  -  Total Local Usage
	10635  -  Run Bytes Sent By Job
	377  -  Run Bytes Received By Job
	10635  -  Total Bytes Sent By Job
	377  -  Total Bytes Received By Job
	Partitionable Resources :    Usage  Request Allocated 
	   Cpus                 :     0.08        3         3 
	   Disk (KB)            :    37           1   2752350 
	   Memory (MB)          :  4683        6000      6000 

	Job terminated of its own accord at 2024-10-15T07:45:12Z with exit-code 0.
...
000 (13811545.000.000) 10/15 12:21:30 Job submitted from host: <137.138.44.75:9618?addrs=137.138.44.75-9618+[2001-1458-d00-1a--b]-9618&alias=bigbird14.cern.ch&noUDP&sock=schedd_1981_6134>
...
040 (13811545.000.000) 10/15 12:22:06 Started transferring input files
	Transferring to host: <188.185.206.161:9618?addrs=188.185.206.161-9618+[2001-1458-303-c--100-1e]-9618&alias=b9p06p4981.cern.ch&noUDP&sock=slot1_50_1517628_f78b_26748>
...
040 (13811545.000.000) 10/15 12:22:06 Finished transferring input files
...
001 (13811545.000.000) 10/15 12:22:07 Job executing on host: <188.185.206.161:9618?addrs=188.185.206.161-9618+[2001-1458-303-c--100-1e]-9618&alias=b9p06p4981.cern.ch&noUDP&sock=startd_7325_eb51>
	SlotName: slot1_50@b9p06p4981.cern.ch
	CondorScratchDir = "/pool/condor/dir_1417730"
	Cpus = 3
	Disk = 2765326
	Memory = 6000
...
006 (13811545.000.000) 10/15 12:22:16 Image size of job updated: 135260
	133  -  MemoryUsage of job (MB)
	135260  -  ResidentSetSize of job (KB)
...
006 (13811545.000.000) 10/15 12:24:37 Image size of job updated: 982292
	880  -  MemoryUsage of job (MB)
	900776  -  ResidentSetSize of job (KB)
...
040 (13811545.000.000) 10/15 12:24:37 Started transferring output files
...
040 (13811545.000.000) 10/15 12:24:37 Finished transferring output files
...
004 (13811545.000.000) 10/15 12:24:37 Job was evicted.
	(0) CPU times
		Usr 0 00:00:14, Sys 0 00:00:01  -  Run Remote Usage
		Usr 0 00:00:00, Sys 0 00:00:00  -  Run Local Usage
	6515  -  Run Bytes Sent By Job
	377  -  Run Bytes Received By Job
	Partitionable Resources :    Usage  Request Allocated 
	   Cpus                 :        0        3         3 
	   Disk (KB)            :       32        1   2765326 
	   Memory (MB)          :      880     6000      6000 
...
009 (13811545.000.000) 10/15 12:24:37 Job was aborted.
	via condor_rm (by user cagrawal)
...
000 (13811611.000.000) 10/15 12:35:15 Job submitted from host: <137.138.44.75:9618?addrs=137.138.44.75-9618+[2001-1458-d00-1a--b]-9618&alias=bigbird14.cern.ch&noUDP&sock=schedd_1981_6134>
...
040 (13811611.000.000) 10/15 12:52:09 Started transferring input files
	Transferring to host: <188.185.192.115:9618?addrs=188.185.192.115-9618+[2001-1458-303-1f--100-6f]-9618&alias=b9p13p8115.cern.ch&noUDP&sock=slot1_15_3676287_8390_12197>
...
040 (13811611.000.000) 10/15 12:52:09 Finished transferring input files
...
001 (13811611.000.000) 10/15 12:52:10 Job executing on host: <188.185.192.115:9618?addrs=188.185.192.115-9618+[2001-1458-303-1f--100-6f]-9618&alias=b9p13p8115.cern.ch&noUDP&sock=startd_128147_c2fc>
	SlotName: slot1_15@b9p13p8115.cern.ch
	CondorScratchDir = "/pool/condor/dir_2561065"
	Cpus = 3
	Disk = 2848229
	Memory = 6000
...
006 (13811611.000.000) 10/15 12:52:18 Image size of job updated: 1
	0  -  MemoryUsage of job (MB)
	0  -  ResidentSetSize of job (KB)
...
006 (13811611.000.000) 10/15 12:53:58 Image size of job updated: 905352
	805  -  MemoryUsage of job (MB)
	824200  -  ResidentSetSize of job (KB)
...
040 (13811611.000.000) 10/15 12:53:58 Started transferring output files
...
040 (13811611.000.000) 10/15 12:53:58 Finished transferring output files
...
004 (13811611.000.000) 10/15 12:53:58 Job was evicted.
	(0) CPU times
		Usr 0 00:00:12, Sys 0 00:00:01  -  Run Remote Usage
		Usr 0 00:00:00, Sys 0 00:00:00  -  Run Local Usage
	6495  -  Run Bytes Sent By Job
	377  -  Run Bytes Received By Job
	Partitionable Resources :    Usage  Request Allocated 
	   Cpus                 :        0        3         3 
	   Disk (KB)            :       29        1   2848229 
	   Memory (MB)          :      805     6000      6000 
...
009 (13811611.000.000) 10/15 12:53:58 Job was aborted.
	via condor_rm (by user cagrawal)
...
000 (13812192.000.000) 10/15 13:03:26 Job submitted from host: <137.138.44.75:9618?addrs=137.138.44.75-9618+[2001-1458-d00-1a--b]-9618&alias=bigbird14.cern.ch&noUDP&sock=schedd_1981_6134>
...
040 (13812192.000.000) 10/15 13:05:46 Started transferring input files
	Transferring to host: <128.142.161.101:9618?addrs=128.142.161.101-9618+[2001-1458-301-b8--100-23]-9618&alias=b9g03p0845.cern.ch&noUDP&sock=slot1_1_3260_b6fe_7257>
...
040 (13812192.000.000) 10/15 13:05:46 Finished transferring input files
...
001 (13812192.000.000) 10/15 13:05:47 Job executing on host: <128.142.161.101:9618?addrs=128.142.161.101-9618+[2001-1458-301-b8--100-23]-9618&alias=b9g03p0845.cern.ch&noUDP&sock=startd_3186_e8d3>
	SlotName: slot1_1@b9g03p0845.cern.ch
	CondorScratchDir = "/pool/condor/dir_2549463"
	Cpus = 3
	Disk = 3152007
	Memory = 6000
...
006 (13812192.000.000) 10/15 13:05:55 Image size of job updated: 173580
	170  -  MemoryUsage of job (MB)
	173580  -  ResidentSetSize of job (KB)
...
006 (13812192.000.000) 10/15 13:10:55 Image size of job updated: 1718560
	1679  -  MemoryUsage of job (MB)
	1718340  -  ResidentSetSize of job (KB)
...
006 (13812192.000.000) 10/15 13:13:31 Image size of job updated: 3545924
	3343  -  MemoryUsage of job (MB)
	3422460  -  ResidentSetSize of job (KB)
...
040 (13812192.000.000) 10/15 13:13:31 Started transferring output files
...
040 (13812192.000.000) 10/15 13:13:31 Finished transferring output files
...
004 (13812192.000.000) 10/15 13:13:31 Job was evicted.
	(0) CPU times
		Usr 0 00:01:08, Sys 0 00:00:03  -  Run Remote Usage
		Usr 0 00:00:00, Sys 0 00:00:00  -  Run Local Usage
	8346  -  Run Bytes Sent By Job
	384  -  Run Bytes Received By Job
	Partitionable Resources :    Usage  Request Allocated 
	   Cpus                 :        0        3         3 
	   Disk (KB)            :       30        1   3152007 
	   Memory (MB)          :     3343     6000      6000 
...
009 (13812192.000.000) 10/15 13:13:31 Job was aborted.
	via condor_rm (by user cagrawal)
...
000 (13812478.000.000) 10/15 13:17:36 Job submitted from host: <137.138.44.75:9618?addrs=137.138.44.75-9618+[2001-1458-d00-1a--b]-9618&alias=bigbird14.cern.ch&noUDP&sock=schedd_1981_6134>
...
040 (13812478.000.000) 10/15 13:41:06 Started transferring input files
	Transferring to host: <188.185.205.63:9618?addrs=188.185.205.63-9618+[2001-1458-303-9--100-b3]-9618&alias=b9p03p3877.cern.ch&noUDP&sock=slot1_35_3649_cced_76278>
...
040 (13812478.000.000) 10/15 13:41:06 Finished transferring input files
...
001 (13812478.000.000) 10/15 13:41:07 Job executing on host: <188.185.205.63:9618?addrs=188.185.205.63-9618+[2001-1458-303-9--100-b3]-9618&alias=b9p03p3877.cern.ch&noUDP&sock=startd_3280_62ba>
	SlotName: slot1_35@b9p03p3877.cern.ch
	CondorScratchDir = "/pool/condor/dir_3975161"
	Cpus = 3
	Disk = 2565108
	Memory = 6000
...
006 (13812478.000.000) 10/15 13:41:16 Image size of job updated: 134544
	132  -  MemoryUsage of job (MB)
	134292  -  ResidentSetSize of job (KB)
...
006 (13812478.000.000) 10/15 13:46:17 Image size of job updated: 3368720
	3290  -  MemoryUsage of job (MB)
	3368380  -  ResidentSetSize of job (KB)
...
006 (13812478.000.000) 10/15 13:48:45 Image size of job updated: 4897868
	4663  -  MemoryUsage of job (MB)
	4774816  -  ResidentSetSize of job (KB)
...
040 (13812478.000.000) 10/15 13:48:45 Started transferring output files
...
040 (13812478.000.000) 10/15 13:48:45 Finished transferring output files
...
005 (13812478.000.000) 10/15 13:48:45 Job terminated.
	(1) Normal termination (return value 0)
		Usr 0 00:01:18, Sys 0 00:00:06  -  Run Remote Usage
		Usr 0 00:00:00, Sys 0 00:00:00  -  Run Local Usage
		Usr 0 00:01:18, Sys 0 00:00:06  -  Total Remote Usage
		Usr 0 00:00:00, Sys 0 00:00:00  -  Total Local Usage
	9084  -  Run Bytes Sent By Job
	391  -  Run Bytes Received By Job
	9084  -  Total Bytes Sent By Job
	391  -  Total Bytes Received By Job
	Partitionable Resources :    Usage  Request Allocated 
	   Cpus                 :     0.47        3         3 
	   Disk (KB)            :    35           1   2565108 
	   Memory (MB)          :  4663        6000      6000 

	Job terminated of its own accord at 2024-10-15T11:48:45Z with exit-code 0.
...
000 (13818224.000.000) 10/15 19:48:23 Job submitted from host: <137.138.44.75:9618?addrs=137.138.44.75-9618+[2001-1458-d00-1a--b]-9618&alias=bigbird14.cern.ch&noUDP&sock=schedd_1981_6134>
...
040 (13818224.000.000) 10/15 19:52:05 Started transferring input files
	Transferring to host: <188.185.209.223:9618?addrs=188.185.209.223-9618+[2001-1458-303-12--100-5c]-9618&alias=b9p12p3371.cern.ch&noUDP&sock=slot1_4_2500741_0315_57943>
...
040 (13818224.000.000) 10/15 19:52:05 Finished transferring input files
...
001 (13818224.000.000) 10/15 19:52:07 Job executing on host: <188.185.209.223:9618?addrs=188.185.209.223-9618+[2001-1458-303-12--100-5c]-9618&alias=b9p12p3371.cern.ch&noUDP&sock=startd_4330_992b>
	SlotName: slot1_4@b9p12p3371.cern.ch
	CondorScratchDir = "/pool/condor/dir_2171238"
	Cpus = 3
	Disk = 2756739
	Memory = 6000
...
006 (13818224.000.000) 10/15 19:52:15 Image size of job updated: 130124
	128  -  MemoryUsage of job (MB)
	130124  -  ResidentSetSize of job (KB)
...
006 (13818224.000.000) 10/15 19:57:15 Image size of job updated: 3285936
	3209  -  MemoryUsage of job (MB)
	3285936  -  ResidentSetSize of job (KB)
...
006 (13818224.000.000) 10/15 19:59:21 Image size of job updated: 4899636
	4664  -  MemoryUsage of job (MB)
	4775196  -  ResidentSetSize of job (KB)
...
040 (13818224.000.000) 10/15 19:59:22 Started transferring output files
...
040 (13818224.000.000) 10/15 19:59:22 Finished transferring output files
...
005 (13818224.000.000) 10/15 19:59:22 Job terminated.
	(1) Normal termination (return value 0)
		Usr 0 00:01:01, Sys 0 00:00:04  -  Run Remote Usage
		Usr 0 00:00:00, Sys 0 00:00:00  -  Run Local Usage
		Usr 0 00:01:01, Sys 0 00:00:04  -  Total Remote Usage
		Usr 0 00:00:00, Sys 0 00:00:00  -  Total Local Usage
	8674  -  Run Bytes Sent By Job
	391  -  Run Bytes Received By Job
	8674  -  Total Bytes Sent By Job
	391  -  Total Bytes Received By Job
	Partitionable Resources :    Usage  Request Allocated 
	   Cpus                 :        0        3         3 
	   Disk (KB)            :       36        1   2756739 
	   Memory (MB)          :     4664     6000      6000 

	Job terminated of its own accord at 2024-10-15T17:59:21Z with exit-code 0.
...
000 (13821688.000.000) 10/16 04:52:47 Job submitted from host: <137.138.44.75:9618?addrs=137.138.44.75-9618+[2001-1458-d00-1a--b]-9618&alias=bigbird14.cern.ch&noUDP&sock=schedd_1981_6134>
...
040 (13821688.000.000) 10/16 04:54:56 Started transferring input files
	Transferring to host: <128.142.161.147:9618?addrs=128.142.161.147-9618+[2001-1458-301-b9--100-10]-9618&alias=b9g03p5707.cern.ch&noUDP&sock=slot1_9_3721734_0968_14038>
...
040 (13821688.000.000) 10/16 04:54:56 Finished transferring input files
...
001 (13821688.000.000) 10/16 04:54:57 Job executing on host: <128.142.161.147:9618?addrs=128.142.161.147-9618+[2001-1458-301-b9--100-10]-9618&alias=b9g03p5707.cern.ch&noUDP&sock=startd_4473_af36>
	SlotName: slot1_9@b9g03p5707.cern.ch
	CondorScratchDir = "/pool/condor/dir_3240578"
	Cpus = 3
	Disk = 3092585
	Memory = 6000
...
006 (13821688.000.000) 10/16 04:55:06 Image size of job updated: 157244
	154  -  MemoryUsage of job (MB)
	156792  -  ResidentSetSize of job (KB)
...
006 (13821688.000.000) 10/16 05:00:07 Image size of job updated: 3247284
	3159  -  MemoryUsage of job (MB)
	3234168  -  ResidentSetSize of job (KB)
...
006 (13821688.000.000) 10/16 05:03:20 Image size of job updated: 4761284
	4530  -  MemoryUsage of job (MB)
	4638024  -  ResidentSetSize of job (KB)
...
040 (13821688.000.000) 10/16 05:03:20 Started transferring output files
...
040 (13821688.000.000) 10/16 05:03:20 Finished transferring output files
...
005 (13821688.000.000) 10/16 05:03:20 Job terminated.
	(1) Normal termination (return value 0)
		Usr 0 00:01:19, Sys 0 00:00:04  -  Run Remote Usage
		Usr 0 00:00:00, Sys 0 00:00:00  -  Run Local Usage
		Usr 0 00:01:19, Sys 0 00:00:04  -  Total Remote Usage
		Usr 0 00:00:00, Sys 0 00:00:00  -  Total Local Usage
	6332  -  Run Bytes Sent By Job
	391  -  Run Bytes Received By Job
	6332  -  Total Bytes Sent By Job
	391  -  Total Bytes Received By Job
	Partitionable Resources :    Usage  Request Allocated 
	   Cpus                 :        0        3         3 
	   Disk (KB)            :       28        1   3092585 
	   Memory (MB)          :     4530     6000      6000 

	Job terminated of its own accord at 2024-10-16T03:03:20Z with exit-code 0.
...
000 (13822185.000.000) 10/16 05:47:06 Job submitted from host: <137.138.44.75:9618?addrs=137.138.44.75-9618+[2001-1458-d00-1a--b]-9618&alias=bigbird14.cern.ch&noUDP&sock=schedd_1981_6134>
...
013 (13822185.000.000) 10/16 05:59:27 Job was released.
	via condor_release (by user cagrawal)
...
040 (13822185.000.000) 10/16 06:00:18 Started transferring input files
	Transferring to host: <188.185.198.41:9618?addrs=188.185.198.41-9618+[2001-1458-303-25--100-25]-9618&alias=b9p15p1678.cern.ch&noUDP&sock=slot1_7_800161_8f73_65054>
...
040 (13822185.000.000) 10/16 06:00:18 Finished transferring input files
...
001 (13822185.000.000) 10/16 06:00:19 Job executing on host: <188.185.198.41:9618?addrs=188.185.198.41-9618+[2001-1458-303-25--100-25]-9618&alias=b9p15p1678.cern.ch&noUDP&sock=startd_9981_b6db>
	SlotName: slot1_7@b9p15p1678.cern.ch
	CondorScratchDir = "/pool/condor/dir_2404329"
	Cpus = 3
	Disk = 2892090
	Memory = 6000
...
006 (13822185.000.000) 10/16 06:08:28 Image size of job updated: 4855648
	4620  -  MemoryUsage of job (MB)
	4730552  -  ResidentSetSize of job (KB)
...
040 (13822185.000.000) 10/16 06:08:28 Started transferring output files
...
040 (13822185.000.000) 10/16 06:08:28 Finished transferring output files
...
005 (13822185.000.000) 10/16 06:08:28 Job terminated.
	(1) Normal termination (return value 0)
		Usr 0 00:01:47, Sys 0 00:00:05  -  Run Remote Usage
		Usr 0 00:00:00, Sys 0 00:00:00  -  Run Local Usage
		Usr 0 00:02:37, Sys 0 00:00:08  -  Total Remote Usage
		Usr 0 00:00:00, Sys 0 00:00:00  -  Total Local Usage
	9114  -  Run Bytes Sent By Job
	391  -  Run Bytes Received By Job
	16626  -  Total Bytes Sent By Job
	782  -  Total Bytes Received By Job
	Partitionable Resources :    Usage  Request Allocated 
	   Cpus                 :     0.12        3         3 
	   Disk (KB)            :    34          30   2892090 
	   Memory (MB)          :  4620        6000      6000 

	Job terminated of its own accord at 2024-10-16T04:08:28Z with exit-code 0.
...
