000 (12832550.000.000) 05/09 13:08:39 Job submitted from host: <137.138.44.75:9618?addrs=137.138.44.75-9618+[2001-1458-d00-1a--b]-9618&alias=bigbird14.cern.ch&noUDP&sock=schedd_6333_7d5e>
...
040 (12832550.000.000) 05/09 13:10:47 Started transferring input files
	Transferring to host: <128.142.193.140:9618?addrs=128.142.193.140-9618+[2001-1458-301-8--100-8]-9618&alias=b9g21p3144.cern.ch&noUDP&sock=slot1_5_485093_a6e7_94696>
...
040 (12832550.000.000) 05/09 13:10:47 Finished transferring input files
...
001 (12832550.000.000) 05/09 13:10:48 Job executing on host: <128.142.193.140:9618?addrs=128.142.193.140-9618+[2001-1458-301-8--100-8]-9618&alias=b9g21p3144.cern.ch&noUDP&sock=startd_4968_3697>
...
006 (12832550.000.000) 05/09 13:10:49 Image size of job updated: 532
	1  -  MemoryUsage of job (MB)
	532  -  ResidentSetSize of job (KB)
...
040 (12832550.000.000) 05/09 13:10:49 Started transferring output files
...
040 (12832550.000.000) 05/09 13:10:49 Finished transferring output files
...
005 (12832550.000.000) 05/09 13:10:49 Job terminated.
	(1) Normal termination (return value 127)
		Usr 0 00:00:00, Sys 0 00:00:00  -  Run Remote Usage
		Usr 0 00:00:00, Sys 0 00:00:00  -  Run Local Usage
		Usr 0 00:00:00, Sys 0 00:00:00  -  Total Remote Usage
		Usr 0 00:00:00, Sys 0 00:00:00  -  Total Local Usage
	215  -  Run Bytes Sent By Job
	304  -  Run Bytes Received By Job
	215  -  Total Bytes Sent By Job
	304  -  Total Bytes Received By Job
	Partitionable Resources :    Usage  Request Allocated 
	   Cpus                 :                 3         3 
	   Disk (KB)            :       17        1    904365 
	   Memory (MB)          :        1     6000      6000 

	Job terminated of its own accord at 2024-05-09T11:10:49Z.
...
000 (12832586.000.000) 05/09 13:52:00 Job submitted from host: <137.138.44.75:9618?addrs=137.138.44.75-9618+[2001-1458-d00-1a--b]-9618&alias=bigbird14.cern.ch&noUDP&sock=schedd_6333_7d5e>
...
040 (12832586.000.000) 05/09 13:55:54 Started transferring input files
	Transferring to host: <188.184.185.30:9618?addrs=188.184.185.30-9618+[2001-1458-301-52--100-1d]-9618&alias=b9g37p3652.cern.ch&noUDP&sock=slot1_7_2749675_88e0_91092>
...
040 (12832586.000.000) 05/09 13:55:54 Finished transferring input files
...
001 (12832586.000.000) 05/09 13:55:55 Job executing on host: <188.184.185.30:9618?addrs=188.184.185.30-9618+[2001-1458-301-52--100-1d]-9618&alias=b9g37p3652.cern.ch&noUDP&sock=startd_5031_6d0f>
...
006 (12832586.000.000) 05/09 13:55:57 Image size of job updated: 980
	1  -  MemoryUsage of job (MB)
	980  -  ResidentSetSize of job (KB)
...
040 (12832586.000.000) 05/09 13:55:57 Started transferring output files
...
040 (12832586.000.000) 05/09 13:55:57 Finished transferring output files
...
005 (12832586.000.000) 05/09 13:55:57 Job terminated.
	(1) Normal termination (return value 127)
		Usr 0 00:00:00, Sys 0 00:00:00  -  Run Remote Usage
		Usr 0 00:00:00, Sys 0 00:00:00  -  Run Local Usage
		Usr 0 00:00:00, Sys 0 00:00:00  -  Total Remote Usage
		Usr 0 00:00:00, Sys 0 00:00:00  -  Total Local Usage
	215  -  Run Bytes Sent By Job
	304  -  Run Bytes Received By Job
	215  -  Total Bytes Sent By Job
	304  -  Total Bytes Received By Job
	Partitionable Resources :    Usage  Request Allocated 
	   Cpus                 :                 3         3 
	   Disk (KB)            :       17        1   2759943 
	   Memory (MB)          :        1     6000      6000 

	Job terminated of its own accord at 2024-05-09T11:55:57Z.
...
