000 (12832569.000.000) 05/09 13:08:57 Job submitted from host: <137.138.44.75:9618?addrs=137.138.44.75-9618+[2001-1458-d00-1a--b]-9618&alias=bigbird14.cern.ch&noUDP&sock=schedd_6333_7d5e>
...
040 (12832569.000.000) 05/09 13:10:54 Started transferring input files
	Transferring to host: <188.184.162.128:9618?addrs=188.184.162.128-9618+[2001-1458-301-4a--100-7a]-9618&alias=b9s11p0473.cern.ch&noUDP&sock=slot1_4_3161739_e654_15062>
...
040 (12832569.000.000) 05/09 13:10:54 Finished transferring input files
...
001 (12832569.000.000) 05/09 13:10:55 Job executing on host: <188.184.162.128:9618?addrs=188.184.162.128-9618+[2001-1458-301-4a--100-7a]-9618&alias=b9s11p0473.cern.ch&noUDP&sock=startd_1166009_c49c>
...
006 (12832569.000.000) 05/09 13:10:55 Image size of job updated: 6688
	2  -  MemoryUsage of job (MB)
	1124  -  ResidentSetSize of job (KB)
...
040 (12832569.000.000) 05/09 13:10:55 Started transferring output files
...
040 (12832569.000.000) 05/09 13:10:55 Finished transferring output files
...
005 (12832569.000.000) 05/09 13:10:55 Job terminated.
	(1) Normal termination (return value 127)
		Usr 0 00:00:00, Sys 0 00:00:00  -  Run Remote Usage
		Usr 0 00:00:00, Sys 0 00:00:00  -  Run Local Usage
		Usr 0 00:00:00, Sys 0 00:00:00  -  Total Remote Usage
		Usr 0 00:00:00, Sys 0 00:00:00  -  Total Local Usage
	215  -  Run Bytes Sent By Job
	304  -  Run Bytes Received By Job
	215  -  Total Bytes Sent By Job
	304  -  Total Bytes Received By Job
	Partitionable Resources :    Usage  Request Allocated 
	   Cpus                 :        0        3         3 
	   Disk (KB)            :       25        1   2827795 
	   Memory (MB)          :        2     6000      6000 

	Job terminated of its own accord at 2024-05-09T11:10:55Z.
...
000 (12832605.000.000) 05/09 13:52:13 Job submitted from host: <137.138.44.75:9618?addrs=137.138.44.75-9618+[2001-1458-d00-1a--b]-9618&alias=bigbird14.cern.ch&noUDP&sock=schedd_6333_7d5e>
...
040 (12832605.000.000) 05/09 13:55:58 Started transferring input files
	Transferring to host: <188.184.160.97:9618?addrs=188.184.160.97-9618+[2001-1458-301-48--100-5b]-9618&alias=b9s09p7529.cern.ch&noUDP&sock=slot1_33_3275_489e_15701>
...
040 (12832605.000.000) 05/09 13:55:58 Finished transferring input files
...
001 (12832605.000.000) 05/09 13:55:59 Job executing on host: <188.184.160.97:9618?addrs=188.184.160.97-9618+[2001-1458-301-48--100-5b]-9618&alias=b9s09p7529.cern.ch&noUDP&sock=startd_3227_0835>
...
006 (12832605.000.000) 05/09 13:55:59 Image size of job updated: 5964
	1  -  MemoryUsage of job (MB)
	748  -  ResidentSetSize of job (KB)
...
040 (12832605.000.000) 05/09 13:55:59 Started transferring output files
...
040 (12832605.000.000) 05/09 13:55:59 Finished transferring output files
...
005 (12832605.000.000) 05/09 13:55:59 Job terminated.
	(1) Normal termination (return value 127)
		Usr 0 00:00:00, Sys 0 00:00:00  -  Run Remote Usage
		Usr 0 00:00:00, Sys 0 00:00:00  -  Run Local Usage
		Usr 0 00:00:00, Sys 0 00:00:00  -  Total Remote Usage
		Usr 0 00:00:00, Sys 0 00:00:00  -  Total Local Usage
	215  -  Run Bytes Sent By Job
	304  -  Run Bytes Received By Job
	215  -  Total Bytes Sent By Job
	304  -  Total Bytes Received By Job
	Partitionable Resources :    Usage  Request Allocated 
	   Cpus                 :        0        3         3 
	   Disk (KB)            :       25        1   2945846 
	   Memory (MB)          :        1     6000      6000 

	Job terminated of its own accord at 2024-05-09T11:55:59Z.
...
