000 (13810295.000.000) 10/15 08:12:04 Job submitted from host: <137.138.44.75:9618?addrs=137.138.44.75-9618+[2001-1458-d00-1a--b]-9618&alias=bigbird14.cern.ch&noUDP&sock=schedd_1981_6134>
...
040 (13810295.000.000) 10/15 08:13:56 Started transferring input files
	Transferring to host: <188.185.212.23:9618?addrs=188.185.212.23-9618+[2001-1458-303-18--100-13]-9618&alias=b9p25p5701.cern.ch&noUDP&sock=slot1_30_192929_aefe_54239>
...
040 (13810295.000.000) 10/15 08:13:56 Finished transferring input files
...
001 (13810295.000.000) 10/15 08:13:57 Job executing on host: <188.185.212.23:9618?addrs=188.185.212.23-9618+[2001-1458-303-18--100-13]-9618&alias=b9p25p5701.cern.ch&noUDP&sock=startd_182023_3769>
	SlotName: slot1_30@b9p25p5701.cern.ch
	CondorScratchDir = "/pool/condor/dir_870084"
	Cpus = 3
	Disk = 2828408
	Memory = 6000
...
006 (13810295.000.000) 10/15 08:14:01 Image size of job updated: 390332
	38  -  MemoryUsage of job (MB)
	38404  -  ResidentSetSize of job (KB)
...
040 (13810295.000.000) 10/15 08:14:01 Started transferring output files
...
040 (13810295.000.000) 10/15 08:14:01 Finished transferring output files
...
005 (13810295.000.000) 10/15 08:14:01 Job terminated.
	(1) Normal termination (return value 139)
		Usr 0 00:00:02, Sys 0 00:00:01  -  Run Remote Usage
		Usr 0 00:00:00, Sys 0 00:00:00  -  Run Local Usage
		Usr 0 00:00:02, Sys 0 00:00:01  -  Total Remote Usage
		Usr 0 00:00:00, Sys 0 00:00:00  -  Total Local Usage
	8491  -  Run Bytes Sent By Job
	377  -  Run Bytes Received By Job
	8491  -  Total Bytes Sent By Job
	377  -  Total Bytes Received By Job
	Partitionable Resources :    Usage  Request Allocated 
	   Cpus                 :        0        3         3 
	   Disk (KB)            :       31        1   2828408 
	   Memory (MB)          :       38     6000      6000 

	Job terminated of its own accord at 2024-10-15T06:14:01Z with exit-code 139.
...
000 (13810443.000.000) 10/15 09:33:36 Job submitted from host: <137.138.44.75:9618?addrs=137.138.44.75-9618+[2001-1458-d00-1a--b]-9618&alias=bigbird14.cern.ch&noUDP&sock=schedd_1981_6134>
...
040 (13810443.000.000) 10/15 09:38:33 Started transferring input files
	Transferring to host: <128.142.161.139:9618?addrs=128.142.161.139-9618+[2001-1458-301-b9--100-8]-9618&alias=b9g03p5522.cern.ch&noUDP&sock=slot1_1_1104733_1655_19876>
...
040 (13810443.000.000) 10/15 09:38:33 Finished transferring input files
...
001 (13810443.000.000) 10/15 09:38:34 Job executing on host: <128.142.161.139:9618?addrs=128.142.161.139-9618+[2001-1458-301-b9--100-8]-9618&alias=b9g03p5522.cern.ch&noUDP&sock=startd_3164_d1be>
	SlotName: slot1_1@b9g03p5522.cern.ch
	CondorScratchDir = "/pool/condor/dir_3935649"
	Cpus = 3
	Disk = 3167924
	Memory = 6000
...
006 (13810443.000.000) 10/15 09:38:39 Image size of job updated: 386428
	29  -  MemoryUsage of job (MB)
	28880  -  ResidentSetSize of job (KB)
...
040 (13810443.000.000) 10/15 09:38:39 Started transferring output files
...
040 (13810443.000.000) 10/15 09:38:39 Finished transferring output files
...
005 (13810443.000.000) 10/15 09:38:39 Job terminated.
	(1) Normal termination (return value 139)
		Usr 0 00:00:04, Sys 0 00:00:00  -  Run Remote Usage
		Usr 0 00:00:00, Sys 0 00:00:00  -  Run Local Usage
		Usr 0 00:00:04, Sys 0 00:00:00  -  Total Remote Usage
		Usr 0 00:00:00, Sys 0 00:00:00  -  Total Local Usage
	8491  -  Run Bytes Sent By Job
	377  -  Run Bytes Received By Job
	8491  -  Total Bytes Sent By Job
	377  -  Total Bytes Received By Job
	Partitionable Resources :    Usage  Request Allocated 
	   Cpus                 :                 3         3 
	   Disk (KB)            :       23        1   3167924 
	   Memory (MB)          :       29     6000      6000 

	Job terminated of its own accord at 2024-10-15T07:38:39Z with exit-code 139.
...
000 (13811537.000.000) 10/15 12:21:22 Job submitted from host: <137.138.44.75:9618?addrs=137.138.44.75-9618+[2001-1458-d00-1a--b]-9618&alias=bigbird14.cern.ch&noUDP&sock=schedd_1981_6134>
...
040 (13811537.000.000) 10/15 12:22:03 Started transferring input files
	Transferring to host: <188.185.206.205:9618?addrs=188.185.206.205-9618+[2001-1458-303-c--100-4a]-9618&alias=b9p06p1318.cern.ch&noUDP&sock=slot1_21_3703_d930_74928>
...
040 (13811537.000.000) 10/15 12:22:03 Finished transferring input files
...
001 (13811537.000.000) 10/15 12:22:04 Job executing on host: <188.185.206.205:9618?addrs=188.185.206.205-9618+[2001-1458-303-c--100-4a]-9618&alias=b9p06p1318.cern.ch&noUDP&sock=startd_3355_d454>
	SlotName: slot1_21@b9p06p1318.cern.ch
	CondorScratchDir = "/pool/condor/dir_4191078"
	Cpus = 3
	Disk = 2785458
	Memory = 6000
...
006 (13811537.000.000) 10/15 12:22:08 Image size of job updated: 370240
	7  -  MemoryUsage of job (MB)
	6240  -  ResidentSetSize of job (KB)
...
040 (13811537.000.000) 10/15 12:22:08 Started transferring output files
...
040 (13811537.000.000) 10/15 12:22:08 Finished transferring output files
...
005 (13811537.000.000) 10/15 12:22:08 Job terminated.
	(1) Normal termination (return value 139)
		Usr 0 00:00:03, Sys 0 00:00:01  -  Run Remote Usage
		Usr 0 00:00:00, Sys 0 00:00:00  -  Run Local Usage
		Usr 0 00:00:03, Sys 0 00:00:01  -  Total Remote Usage
		Usr 0 00:00:00, Sys 0 00:00:00  -  Total Local Usage
	8491  -  Run Bytes Sent By Job
	377  -  Run Bytes Received By Job
	8491  -  Total Bytes Sent By Job
	377  -  Total Bytes Received By Job
	Partitionable Resources :    Usage  Request Allocated 
	   Cpus                 :        0        3         3 
	   Disk (KB)            :       35        1   2785458 
	   Memory (MB)          :        7     6000      6000 

	Job terminated of its own accord at 2024-10-15T10:22:08Z with exit-code 139.
...
000 (13811595.000.000) 10/15 12:34:55 Job submitted from host: <137.138.44.75:9618?addrs=137.138.44.75-9618+[2001-1458-d00-1a--b]-9618&alias=bigbird14.cern.ch&noUDP&sock=schedd_1981_6134>
...
040 (13811595.000.000) 10/15 12:52:06 Started transferring input files
	Transferring to host: <188.185.194.8:9618?addrs=188.185.194.8-9618+[2001-1458-303-21--100-4]-9618&alias=b9p20p4289.cern.ch&noUDP&sock=slot1_9_4145203_418c_71179>
...
040 (13811595.000.000) 10/15 12:52:06 Finished transferring input files
...
001 (13811595.000.000) 10/15 12:52:07 Job executing on host: <188.185.194.8:9618?addrs=188.185.194.8-9618+[2001-1458-303-21--100-4]-9618&alias=b9p20p4289.cern.ch&noUDP&sock=startd_128123_4cb6>
	SlotName: slot1_9@b9p20p4289.cern.ch
	CondorScratchDir = "/pool/condor/dir_2913386"
	Cpus = 3
	Disk = 3043032
	Memory = 6000
...
006 (13811595.000.000) 10/15 12:52:11 Image size of job updated: 422988
	69  -  MemoryUsage of job (MB)
	70524  -  ResidentSetSize of job (KB)
...
040 (13811595.000.000) 10/15 12:52:11 Started transferring output files
...
040 (13811595.000.000) 10/15 12:52:11 Finished transferring output files
...
005 (13811595.000.000) 10/15 12:52:11 Job terminated.
	(1) Normal termination (return value 139)
		Usr 0 00:00:03, Sys 0 00:00:00  -  Run Remote Usage
		Usr 0 00:00:00, Sys 0 00:00:00  -  Run Local Usage
		Usr 0 00:00:03, Sys 0 00:00:00  -  Total Remote Usage
		Usr 0 00:00:00, Sys 0 00:00:00  -  Total Local Usage
	8491  -  Run Bytes Sent By Job
	377  -  Run Bytes Received By Job
	8491  -  Total Bytes Sent By Job
	377  -  Total Bytes Received By Job
	Partitionable Resources :    Usage  Request Allocated 
	   Cpus                 :        0        3         3 
	   Disk (KB)            :       31        1   3043032 
	   Memory (MB)          :       69     6000      6000 

	Job terminated of its own accord at 2024-10-15T10:52:11Z with exit-code 139.
...
000 (13812179.000.000) 10/15 13:03:17 Job submitted from host: <137.138.44.75:9618?addrs=137.138.44.75-9618+[2001-1458-d00-1a--b]-9618&alias=bigbird14.cern.ch&noUDP&sock=schedd_1981_6134>
...
040 (13812179.000.000) 10/15 13:05:44 Started transferring input files
	Transferring to host: <128.142.248.200:9618?addrs=128.142.248.200-9618+[2001-1458-301-73--100-c7]-9618&alias=b9g23p5584.cern.ch&noUDP&sock=slot1_8_2472674_4580_73953>
...
040 (13812179.000.000) 10/15 13:05:44 Finished transferring input files
...
001 (13812179.000.000) 10/15 13:05:45 Job executing on host: <128.142.248.200:9618?addrs=128.142.248.200-9618+[2001-1458-301-73--100-c7]-9618&alias=b9g23p5584.cern.ch&noUDP&sock=startd_118415_6b4c>
	SlotName: slot1_8@b9g23p5584.cern.ch
	CondorScratchDir = "/pool/condor/dir_1138075"
	Cpus = 3
	Disk = 2987818
	Memory = 6000
...
006 (13812179.000.000) 10/15 13:05:53 Image size of job updated: 1636
	2  -  MemoryUsage of job (MB)
	1436  -  ResidentSetSize of job (KB)
...
006 (13812179.000.000) 10/15 13:06:14 Image size of job updated: 406780
	52  -  MemoryUsage of job (MB)
	53056  -  ResidentSetSize of job (KB)
...
040 (13812179.000.000) 10/15 13:06:14 Started transferring output files
...
040 (13812179.000.000) 10/15 13:06:14 Finished transferring output files
...
005 (13812179.000.000) 10/15 13:06:14 Job terminated.
	(1) Normal termination (return value 139)
		Usr 0 00:00:03, Sys 0 00:00:01  -  Run Remote Usage
		Usr 0 00:00:00, Sys 0 00:00:00  -  Run Local Usage
		Usr 0 00:00:03, Sys 0 00:00:01  -  Total Remote Usage
		Usr 0 00:00:00, Sys 0 00:00:00  -  Total Local Usage
	8491  -  Run Bytes Sent By Job
	384  -  Run Bytes Received By Job
	8491  -  Total Bytes Sent By Job
	384  -  Total Bytes Received By Job
	Partitionable Resources :    Usage  Request Allocated 
	   Cpus                 :     0.39        3         3 
	   Disk (KB)            :    31           1   2987818 
	   Memory (MB)          :    52        6000      6000 

	Job terminated of its own accord at 2024-10-15T11:06:14Z with exit-code 139.
...
000 (13812465.000.000) 10/15 13:17:26 Job submitted from host: <137.138.44.75:9618?addrs=137.138.44.75-9618+[2001-1458-d00-1a--b]-9618&alias=bigbird14.cern.ch&noUDP&sock=schedd_1981_6134>
...
040 (13812465.000.000) 10/15 13:41:02 Started transferring input files
	Transferring to host: <188.185.196.51:9618?addrs=188.185.196.51-9618+[2001-1458-303-23--100-2f]-9618&alias=b9p16p9669.cern.ch&noUDP&sock=slot1_14_824428_db6e_31843>
...
040 (13812465.000.000) 10/15 13:41:02 Finished transferring input files
...
001 (13812465.000.000) 10/15 13:41:03 Job executing on host: <188.185.196.51:9618?addrs=188.185.196.51-9618+[2001-1458-303-23--100-2f]-9618&alias=b9p16p9669.cern.ch&noUDP&sock=startd_177875_0891>
	SlotName: slot1_14@b9p16p9669.cern.ch
	CondorScratchDir = "/pool/condor/dir_2353436"
	Cpus = 3
	Disk = 2997590
	Memory = 6000
...
006 (13812465.000.000) 10/15 13:41:06 Image size of job updated: 415932
	60  -  MemoryUsage of job (MB)
	60960  -  ResidentSetSize of job (KB)
...
040 (13812465.000.000) 10/15 13:41:06 Started transferring output files
...
040 (13812465.000.000) 10/15 13:41:06 Finished transferring output files
...
005 (13812465.000.000) 10/15 13:41:06 Job terminated.
	(1) Normal termination (return value 139)
		Usr 0 00:00:03, Sys 0 00:00:00  -  Run Remote Usage
		Usr 0 00:00:00, Sys 0 00:00:00  -  Run Local Usage
		Usr 0 00:00:03, Sys 0 00:00:00  -  Total Remote Usage
		Usr 0 00:00:00, Sys 0 00:00:00  -  Total Local Usage
	8741  -  Run Bytes Sent By Job
	391  -  Run Bytes Received By Job
	8741  -  Total Bytes Sent By Job
	391  -  Total Bytes Received By Job
	Partitionable Resources :    Usage  Request Allocated 
	   Cpus                 :        0        3         3 
	   Disk (KB)            :       31        1   2997590 
	   Memory (MB)          :       60     6000      6000 

	Job terminated of its own accord at 2024-10-15T11:41:06Z with exit-code 139.
...
000 (13818207.000.000) 10/15 19:48:17 Job submitted from host: <137.138.44.75:9618?addrs=137.138.44.75-9618+[2001-1458-d00-1a--b]-9618&alias=bigbird14.cern.ch&noUDP&sock=schedd_1981_6134>
...
040 (13818207.000.000) 10/15 19:52:02 Started transferring input files
	Transferring to host: <128.142.161.109:9618?addrs=128.142.161.109-9618+[2001-1458-301-b8--100-2b]-9618&alias=b9g03p6105.cern.ch&noUDP&sock=slot1_30_454406_e267_19564>
...
040 (13818207.000.000) 10/15 19:52:02 Finished transferring input files
...
001 (13818207.000.000) 10/15 19:52:03 Job executing on host: <128.142.161.109:9618?addrs=128.142.161.109-9618+[2001-1458-301-b8--100-2b]-9618&alias=b9g03p6105.cern.ch&noUDP&sock=startd_6548_f63a>
	SlotName: slot1_30@b9g03p6105.cern.ch
	CondorScratchDir = "/pool/condor/dir_3553463"
	Cpus = 3
	Disk = 3126445
	Memory = 6000
...
006 (13818207.000.000) 10/15 19:52:12 Image size of job updated: 170456
	167  -  MemoryUsage of job (MB)
	170456  -  ResidentSetSize of job (KB)
...
006 (13818207.000.000) 10/15 19:52:14 Image size of job updated: 226884
	167  -  MemoryUsage of job (MB)
	170456  -  ResidentSetSize of job (KB)
...
040 (13818207.000.000) 10/15 19:52:14 Started transferring output files
...
040 (13818207.000.000) 10/15 19:52:14 Finished transferring output files
...
005 (13818207.000.000) 10/15 19:52:14 Job terminated.
	(1) Normal termination (return value 0)
		Usr 0 00:00:03, Sys 0 00:00:00  -  Run Remote Usage
		Usr 0 00:00:00, Sys 0 00:00:00  -  Run Local Usage
		Usr 0 00:00:03, Sys 0 00:00:00  -  Total Remote Usage
		Usr 0 00:00:00, Sys 0 00:00:00  -  Total Local Usage
	6872  -  Run Bytes Sent By Job
	391  -  Run Bytes Received By Job
	6872  -  Total Bytes Sent By Job
	391  -  Total Bytes Received By Job
	Partitionable Resources :    Usage  Request Allocated 
	   Cpus                 :        0        3         3 
	   Disk (KB)            :       28        1   3126445 
	   Memory (MB)          :      167     6000      6000 

	Job terminated of its own accord at 2024-10-15T17:52:14Z with exit-code 0.
...
000 (13821680.000.000) 10/16 04:52:42 Job submitted from host: <137.138.44.75:9618?addrs=137.138.44.75-9618+[2001-1458-d00-1a--b]-9618&alias=bigbird14.cern.ch&noUDP&sock=schedd_1981_6134>
...
040 (13821680.000.000) 10/16 04:54:53 Started transferring input files
	Transferring to host: <188.185.215.156:9618?addrs=188.185.215.156-9618+[2001-1458-303-26--100-18]-9618&alias=b9p18p6886.cern.ch&noUDP&sock=slot1_45_1540332_fd26_13594>
...
040 (13821680.000.000) 10/16 04:54:53 Finished transferring input files
...
001 (13821680.000.000) 10/16 04:54:54 Job executing on host: <188.185.215.156:9618?addrs=188.185.215.156-9618+[2001-1458-303-26--100-18]-9618&alias=b9p18p6886.cern.ch&noUDP&sock=startd_11662_bd8f>
	SlotName: slot1_45@b9p18p6886.cern.ch
	CondorScratchDir = "/pool/condor/dir_247358"
	Cpus = 3
	Disk = 2942154
	Memory = 6000
...
006 (13821680.000.000) 10/16 04:55:03 Image size of job updated: 159540
	156  -  MemoryUsage of job (MB)
	159540  -  ResidentSetSize of job (KB)
...
006 (13821680.000.000) 10/16 04:55:07 Image size of job updated: 237800
	160  -  MemoryUsage of job (MB)
	163344  -  ResidentSetSize of job (KB)
...
040 (13821680.000.000) 10/16 04:55:07 Started transferring output files
...
040 (13821680.000.000) 10/16 04:55:07 Finished transferring output files
...
005 (13821680.000.000) 10/16 04:55:07 Job terminated.
	(1) Normal termination (return value 0)
		Usr 0 00:00:05, Sys 0 00:00:00  -  Run Remote Usage
		Usr 0 00:00:00, Sys 0 00:00:00  -  Run Local Usage
		Usr 0 00:00:05, Sys 0 00:00:00  -  Total Remote Usage
		Usr 0 00:00:00, Sys 0 00:00:00  -  Total Local Usage
	6872  -  Run Bytes Sent By Job
	391  -  Run Bytes Received By Job
	6872  -  Total Bytes Sent By Job
	391  -  Total Bytes Received By Job
	Partitionable Resources :    Usage  Request Allocated 
	   Cpus                 :        0        3         3 
	   Disk (KB)            :       29        1   2942154 
	   Memory (MB)          :      160     6000      6000 

	Job terminated of its own accord at 2024-10-16T02:55:07Z with exit-code 0.
...
000 (13822177.000.000) 10/16 05:47:03 Job submitted from host: <137.138.44.75:9618?addrs=137.138.44.75-9618+[2001-1458-d00-1a--b]-9618&alias=bigbird14.cern.ch&noUDP&sock=schedd_1981_6134>
...
040 (13822177.000.000) 10/16 05:50:17 Started transferring input files
	Transferring to host: <188.185.192.36:9618?addrs=188.185.192.36-9618+[2001-1458-303-1f--100-20]-9618&alias=b9p13p8898.cern.ch&noUDP&sock=slot1_6_2910911_e1fc_67600>
...
040 (13822177.000.000) 10/16 05:50:17 Finished transferring input files
...
001 (13822177.000.000) 10/16 05:50:18 Job executing on host: <188.185.192.36:9618?addrs=188.185.192.36-9618+[2001-1458-303-1f--100-20]-9618&alias=b9p13p8898.cern.ch&noUDP&sock=startd_128818_0308>
	SlotName: slot1_6@b9p13p8898.cern.ch
	CondorScratchDir = "/pool/condor/dir_1527706"
	Cpus = 3
	Disk = 2941482
	Memory = 6000
...
006 (13822177.000.000) 10/16 05:50:27 Image size of job updated: 1
	0  -  MemoryUsage of job (MB)
	0  -  ResidentSetSize of job (KB)
...
006 (13822177.000.000) 10/16 05:50:57 Image size of job updated: 240408
	163  -  MemoryUsage of job (MB)
	166180  -  ResidentSetSize of job (KB)
...
040 (13822177.000.000) 10/16 05:50:57 Started transferring output files
...
040 (13822177.000.000) 10/16 05:50:57 Finished transferring output files
...
005 (13822177.000.000) 10/16 05:50:58 Job terminated.
	(1) Normal termination (return value 0)
		Usr 0 00:00:05, Sys 0 00:00:00  -  Run Remote Usage
		Usr 0 00:00:00, Sys 0 00:00:00  -  Run Local Usage
		Usr 0 00:00:05, Sys 0 00:00:00  -  Total Remote Usage
		Usr 0 00:00:00, Sys 0 00:00:00  -  Total Local Usage
	6872  -  Run Bytes Sent By Job
	391  -  Run Bytes Received By Job
	6872  -  Total Bytes Sent By Job
	391  -  Total Bytes Received By Job
	Partitionable Resources :    Usage  Request Allocated 
	   Cpus                 :        0        3         3 
	   Disk (KB)            :       29        1   2941482 
	   Memory (MB)          :      163     6000      6000 

	Job terminated of its own accord at 2024-10-16T03:50:57Z with exit-code 0.
...
