000 (13802376.000.000) 10/12 20:31:23 Job submitted from host: <137.138.44.75:9618?addrs=137.138.44.75-9618+[2001-1458-d00-1a--b]-9618&alias=bigbird14.cern.ch&noUDP&sock=schedd_1981_6134>
...
040 (13802376.000.000) 10/12 20:32:33 Started transferring input files
	Transferring to host: <188.185.192.85:9618?addrs=188.185.192.85-9618+[2001-1458-303-1f--100-51]-9618&alias=b9p13p6636.cern.ch&noUDP&sock=slot1_14_40834_ff36_65828>
...
040 (13802376.000.000) 10/12 20:32:33 Finished transferring input files
...
001 (13802376.000.000) 10/12 20:32:34 Job executing on host: <188.185.192.85:9618?addrs=188.185.192.85-9618+[2001-1458-303-1f--100-51]-9618&alias=b9p13p6636.cern.ch&noUDP&sock=startd_3066501_3430>
	SlotName: slot1_14@b9p13p6636.cern.ch
	CondorScratchDir = "/pool/condor/dir_1231529"
	Cpus = 3
	Disk = 2930183
	Memory = 6000
...
006 (13802376.000.000) 10/12 20:32:42 Image size of job updated: 1
	0  -  MemoryUsage of job (MB)
	0  -  ResidentSetSize of job (KB)
...
006 (13802376.000.000) 10/12 20:33:00 Image size of job updated: 40776
	1  -  MemoryUsage of job (MB)
	272  -  ResidentSetSize of job (KB)
...
040 (13802376.000.000) 10/12 20:33:00 Started transferring output files
...
040 (13802376.000.000) 10/12 20:33:00 Finished transferring output files
...
005 (13802376.000.000) 10/12 20:33:00 Job terminated.
	(1) Normal termination (return value 0)
		Usr 0 00:00:00, Sys 0 00:00:00  -  Run Remote Usage
		Usr 0 00:00:00, Sys 0 00:00:00  -  Run Local Usage
		Usr 0 00:00:00, Sys 0 00:00:00  -  Total Remote Usage
		Usr 0 00:00:00, Sys 0 00:00:00  -  Total Local Usage
	45125  -  Run Bytes Sent By Job
	377  -  Run Bytes Received By Job
	45125  -  Total Bytes Sent By Job
	377  -  Total Bytes Received By Job
	Partitionable Resources :    Usage  Request Allocated 
	   Cpus                 :        0        3         3 
	   Disk (KB)            :       69        1   2930183 
	   Memory (MB)          :        1     6000      6000 

	Job terminated of its own accord at 2024-10-12T18:33:00Z with exit-code 0.
...
000 (13808231.000.000) 10/14 06:56:02 Job submitted from host: <137.138.44.75:9618?addrs=137.138.44.75-9618+[2001-1458-d00-1a--b]-9618&alias=bigbird14.cern.ch&noUDP&sock=schedd_1981_6134>
...
040 (13808231.000.000) 10/14 07:00:56 Started transferring input files
	Transferring to host: <128.142.33.61:9618?addrs=128.142.33.61-9618+[2001-1458-301-53--100-3a]-9618&alias=b9g34p5098.cern.ch&noUDP&sock=slot1_13_2595286_847a_86432>
...
040 (13808231.000.000) 10/14 07:00:56 Finished transferring input files
...
001 (13808231.000.000) 10/14 07:00:57 Job executing on host: <128.142.33.61:9618?addrs=128.142.33.61-9618+[2001-1458-301-53--100-3a]-9618&alias=b9g34p5098.cern.ch&noUDP&sock=startd_3891_7b18>
	SlotName: slot1_13@b9g34p5098.cern.ch
	CondorScratchDir = "/pool/condor/dir_1876890"
	Cpus = 3
	Disk = 2450782
	Memory = 6000
...
006 (13808231.000.000) 10/14 07:00:58 Image size of job updated: 67284
	27  -  MemoryUsage of job (MB)
	26832  -  ResidentSetSize of job (KB)
...
040 (13808231.000.000) 10/14 07:00:58 Started transferring output files
...
040 (13808231.000.000) 10/14 07:00:58 Finished transferring output files
...
005 (13808231.000.000) 10/14 07:00:58 Job terminated.
	(1) Normal termination (return value 0)
		Usr 0 00:00:00, Sys 0 00:00:00  -  Run Remote Usage
		Usr 0 00:00:00, Sys 0 00:00:00  -  Run Local Usage
		Usr 0 00:00:00, Sys 0 00:00:00  -  Total Remote Usage
		Usr 0 00:00:00, Sys 0 00:00:00  -  Total Local Usage
	45134  -  Run Bytes Sent By Job
	377  -  Run Bytes Received By Job
	45134  -  Total Bytes Sent By Job
	377  -  Total Bytes Received By Job
	Partitionable Resources :    Usage  Request Allocated 
	   Cpus                 :                 3         3 
	   Disk (KB)            :       61        1   2450782 
	   Memory (MB)          :       27     6000      6000 

	Job terminated of its own accord at 2024-10-14T05:00:58Z with exit-code 0.
...
000 (13808776.000.000) 10/14 13:46:49 Job submitted from host: <137.138.44.75:9618?addrs=137.138.44.75-9618+[2001-1458-d00-1a--b]-9618&alias=bigbird14.cern.ch&noUDP&sock=schedd_1981_6134>
...
040 (13808776.000.000) 10/14 13:50:34 Started transferring input files
	Transferring to host: <128.142.33.35:9618?addrs=128.142.33.35-9618+[2001-1458-301-53--100-20]-9618&alias=b9g34p7363.cern.ch&noUDP&sock=slot1_25_2844112_f1c0_9414>
...
040 (13808776.000.000) 10/14 13:50:34 Finished transferring input files
...
001 (13808776.000.000) 10/14 13:50:35 Job executing on host: <128.142.33.35:9618?addrs=128.142.33.35-9618+[2001-1458-301-53--100-20]-9618&alias=b9g34p7363.cern.ch&noUDP&sock=startd_4252_18c8>
	SlotName: slot1_25@b9g34p7363.cern.ch
	CondorScratchDir = "/pool/condor/dir_2681505"
	Cpus = 3
	Disk = 2860599
	Memory = 6000
...
006 (13808776.000.000) 10/14 13:50:37 Image size of job updated: 253820
	214  -  MemoryUsage of job (MB)
	218504  -  ResidentSetSize of job (KB)
...
040 (13808776.000.000) 10/14 13:50:37 Started transferring output files
...
040 (13808776.000.000) 10/14 13:50:37 Finished transferring output files
...
005 (13808776.000.000) 10/14 13:50:37 Job terminated.
	(1) Normal termination (return value 0)
		Usr 0 00:00:00, Sys 0 00:00:00  -  Run Remote Usage
		Usr 0 00:00:00, Sys 0 00:00:00  -  Run Local Usage
		Usr 0 00:00:00, Sys 0 00:00:00  -  Total Remote Usage
		Usr 0 00:00:00, Sys 0 00:00:00  -  Total Local Usage
	44993  -  Run Bytes Sent By Job
	377  -  Run Bytes Received By Job
	44993  -  Total Bytes Sent By Job
	377  -  Total Bytes Received By Job
	Partitionable Resources :    Usage  Request Allocated 
	   Cpus                 :        0        3         3 
	   Disk (KB)            :       68        1   2860599 
	   Memory (MB)          :      214     6000      6000 

	Job terminated of its own accord at 2024-10-14T11:50:37Z with exit-code 0.
...
000 (13809400.000.000) 10/14 19:38:29 Job submitted from host: <137.138.44.75:9618?addrs=137.138.44.75-9618+[2001-1458-d00-1a--b]-9618&alias=bigbird14.cern.ch&noUDP&sock=schedd_1981_6134>
...
040 (13809400.000.000) 10/14 19:43:08 Started transferring input files
	Transferring to host: <128.142.33.26:9618?addrs=128.142.33.26-9618+[2001-1458-301-53--100-17]-9618&alias=b9g34p8811.cern.ch&noUDP&sock=slot1_24_3155985_afaa_87244>
...
040 (13809400.000.000) 10/14 19:43:08 Finished transferring input files
...
001 (13809400.000.000) 10/14 19:43:09 Job executing on host: <128.142.33.26:9618?addrs=128.142.33.26-9618+[2001-1458-301-53--100-17]-9618&alias=b9g34p8811.cern.ch&noUDP&sock=startd_119714_6cd2>
	SlotName: slot1_24@b9g34p8811.cern.ch
	CondorScratchDir = "/pool/condor/dir_1618498"
	Cpus = 3
	Disk = 2524808
	Memory = 6000
...
006 (13809400.000.000) 10/14 19:43:10 Image size of job updated: 25532
	25  -  MemoryUsage of job (MB)
	25532  -  ResidentSetSize of job (KB)
...
040 (13809400.000.000) 10/14 19:43:10 Started transferring output files
...
040 (13809400.000.000) 10/14 19:43:10 Finished transferring output files
...
005 (13809400.000.000) 10/14 19:43:10 Job terminated.
	(1) Normal termination (return value 0)
		Usr 0 00:00:00, Sys 0 00:00:00  -  Run Remote Usage
		Usr 0 00:00:00, Sys 0 00:00:00  -  Run Local Usage
		Usr 0 00:00:00, Sys 0 00:00:00  -  Total Remote Usage
		Usr 0 00:00:00, Sys 0 00:00:00  -  Total Local Usage
	44993  -  Run Bytes Sent By Job
	377  -  Run Bytes Received By Job
	44993  -  Total Bytes Sent By Job
	377  -  Total Bytes Received By Job
	Partitionable Resources :    Usage  Request Allocated 
	   Cpus                 :                 3         3 
	   Disk (KB)            :       61        1   2524808 
	   Memory (MB)          :       25     6000      6000 

	Job terminated of its own accord at 2024-10-14T17:43:10Z with exit-code 0.
...
000 (13809449.000.000) 10/14 21:03:32 Job submitted from host: <137.138.44.75:9618?addrs=137.138.44.75-9618+[2001-1458-d00-1a--b]-9618&alias=bigbird14.cern.ch&noUDP&sock=schedd_1981_6134>
...
040 (13809449.000.000) 10/14 21:05:22 Started transferring input files
	Transferring to host: <128.142.161.139:9618?addrs=128.142.161.139-9618+[2001-1458-301-b9--100-8]-9618&alias=b9g03p5522.cern.ch&noUDP&sock=slot1_18_1104733_1655_19259>
...
040 (13809449.000.000) 10/14 21:05:22 Finished transferring input files
...
001 (13809449.000.000) 10/14 21:05:23 Job executing on host: <128.142.161.139:9618?addrs=128.142.161.139-9618+[2001-1458-301-b9--100-8]-9618&alias=b9g03p5522.cern.ch&noUDP&sock=startd_3164_d1be>
	SlotName: slot1_18@b9g03p5522.cern.ch
	CondorScratchDir = "/pool/condor/dir_968162"
	Cpus = 3
	Disk = 3174202
	Memory = 6000
...
006 (13809449.000.000) 10/14 21:05:24 Image size of job updated: 41184
	1  -  MemoryUsage of job (MB)
	532  -  ResidentSetSize of job (KB)
...
040 (13809449.000.000) 10/14 21:05:24 Started transferring output files
...
040 (13809449.000.000) 10/14 21:05:24 Finished transferring output files
...
005 (13809449.000.000) 10/14 21:05:24 Job terminated.
	(1) Normal termination (return value 0)
		Usr 0 00:00:00, Sys 0 00:00:00  -  Run Remote Usage
		Usr 0 00:00:00, Sys 0 00:00:00  -  Run Local Usage
		Usr 0 00:00:00, Sys 0 00:00:00  -  Total Remote Usage
		Usr 0 00:00:00, Sys 0 00:00:00  -  Total Local Usage
	44993  -  Run Bytes Sent By Job
	377  -  Run Bytes Received By Job
	44993  -  Total Bytes Sent By Job
	377  -  Total Bytes Received By Job
	Partitionable Resources :    Usage  Request Allocated 
	   Cpus                 :        0        3         3 
	   Disk (KB)            :       70        1   3174202 
	   Memory (MB)          :        1     6000      6000 

	Job terminated of its own accord at 2024-10-14T19:05:24Z with exit-code 0.
...
000 (13810253.000.000) 10/15 07:39:32 Job submitted from host: <137.138.44.75:9618?addrs=137.138.44.75-9618+[2001-1458-d00-1a--b]-9618&alias=bigbird14.cern.ch&noUDP&sock=schedd_1981_6134>
...
040 (13810253.000.000) 10/15 07:42:09 Started transferring input files
	Transferring to host: <188.185.209.58:9618?addrs=188.185.209.58-9618+[2001-1458-303-11--100-37]-9618&alias=b9p11p4911.cern.ch&noUDP&sock=slot1_7_14286_877e_127428>
...
040 (13810253.000.000) 10/15 07:42:09 Finished transferring input files
...
001 (13810253.000.000) 10/15 07:42:10 Job executing on host: <188.185.209.58:9618?addrs=188.185.209.58-9618+[2001-1458-303-11--100-37]-9618&alias=b9p11p4911.cern.ch&noUDP&sock=startd_13248_9ac4>
	SlotName: slot1_7@b9p11p4911.cern.ch
	CondorScratchDir = "/pool/condor/dir_3316466"
	Cpus = 3
	Disk = 2902142
	Memory = 6000
...
006 (13810253.000.000) 10/15 07:42:11 Image size of job updated: 49196
	9  -  MemoryUsage of job (MB)
	8356  -  ResidentSetSize of job (KB)
...
040 (13810253.000.000) 10/15 07:42:11 Started transferring output files
...
040 (13810253.000.000) 10/15 07:42:11 Finished transferring output files
...
005 (13810253.000.000) 10/15 07:42:11 Job terminated.
	(1) Normal termination (return value 0)
		Usr 0 00:00:00, Sys 0 00:00:00  -  Run Remote Usage
		Usr 0 00:00:00, Sys 0 00:00:00  -  Run Local Usage
		Usr 0 00:00:00, Sys 0 00:00:00  -  Total Remote Usage
		Usr 0 00:00:00, Sys 0 00:00:00  -  Total Local Usage
	44993  -  Run Bytes Sent By Job
	377  -  Run Bytes Received By Job
	44993  -  Total Bytes Sent By Job
	377  -  Total Bytes Received By Job
	Partitionable Resources :    Usage  Request Allocated 
	   Cpus                 :        0        3         3 
	   Disk (KB)            :       69        1   2902142 
	   Memory (MB)          :        9     6000      6000 

	Job terminated of its own accord at 2024-10-15T05:42:11Z with exit-code 0.
...
