000 (13808388.000.000) 10/14 07:52:57 Job submitted from host: <137.138.44.75:9618?addrs=137.138.44.75-9618+[2001-1458-d00-1a--b]-9618&alias=bigbird14.cern.ch&noUDP&sock=schedd_1981_6134>
...
040 (13808388.000.000) 10/14 07:53:20 Started transferring input files
	Transferring to host: <128.142.248.54:9618?addrs=128.142.248.54-9618+[2001-1458-301-73--100-126]-9618&alias=b9g23p5264.cern.ch&noUDP&sock=slot1_39_962950_232f_79659>
...
040 (13808388.000.000) 10/14 07:53:20 Finished transferring input files
...
001 (13808388.000.000) 10/14 07:53:21 Job executing on host: <128.142.248.54:9618?addrs=128.142.248.54-9618+[2001-1458-301-73--100-126]-9618&alias=b9g23p5264.cern.ch&noUDP&sock=startd_5330_83e0>
	SlotName: slot1_39@b9g23p5264.cern.ch
	CondorScratchDir = "/pool/condor/dir_660136"
	Cpus = 3
	Disk = 2964927
	Memory = 6000
...
006 (13808388.000.000) 10/14 07:53:29 Image size of job updated: 1
	0  -  MemoryUsage of job (MB)
	0  -  ResidentSetSize of job (KB)
...
006 (13808388.000.000) 10/14 07:53:47 Image size of job updated: 151736
	112  -  MemoryUsage of job (MB)
	113964  -  ResidentSetSize of job (KB)
...
040 (13808388.000.000) 10/14 07:53:47 Started transferring output files
...
040 (13808388.000.000) 10/14 07:53:47 Finished transferring output files
...
005 (13808388.000.000) 10/14 07:53:47 Job terminated.
	(1) Normal termination (return value 0)
		Usr 0 00:00:00, Sys 0 00:00:00  -  Run Remote Usage
		Usr 0 00:00:00, Sys 0 00:00:00  -  Run Local Usage
		Usr 0 00:00:00, Sys 0 00:00:00  -  Total Remote Usage
		Usr 0 00:00:00, Sys 0 00:00:00  -  Total Local Usage
	44987  -  Run Bytes Sent By Job
	377  -  Run Bytes Received By Job
	44987  -  Total Bytes Sent By Job
	377  -  Total Bytes Received By Job
	Partitionable Resources :    Usage  Request Allocated 
	   Cpus                 :        0        3         3 
	   Disk (KB)            :       69        1   2964927 
	   Memory (MB)          :      112     6000      6000 

	Job terminated of its own accord at 2024-10-14T05:53:47Z with exit-code 0.
...
000 (13808554.000.000) 10/14 09:44:02 Job submitted from host: <137.138.44.75:9618?addrs=137.138.44.75-9618+[2001-1458-d00-1a--b]-9618&alias=bigbird14.cern.ch&noUDP&sock=schedd_1981_6134>
...
040 (13808554.000.000) 10/14 09:48:03 Started transferring input files
	Transferring to host: <188.185.195.33:9618?addrs=188.185.195.33-9618+[2001-1458-303-22--100-1d]-9618&alias=b9p17p8678.cern.ch&noUDP&sock=slot1_13_6414_fe3e_55845>
...
040 (13808554.000.000) 10/14 09:48:03 Finished transferring input files
...
001 (13808554.000.000) 10/14 09:48:04 Job executing on host: <188.185.195.33:9618?addrs=188.185.195.33-9618+[2001-1458-303-22--100-1d]-9618&alias=b9p17p8678.cern.ch&noUDP&sock=startd_5633_5912>
	SlotName: slot1_13@b9p17p8678.cern.ch
	CondorScratchDir = "/pool/condor/dir_1606657"
	Cpus = 3
	Disk = 3059534
	Memory = 6000
...
006 (13808554.000.000) 10/14 09:48:05 Image size of job updated: 103028
	64  -  MemoryUsage of job (MB)
	64588  -  ResidentSetSize of job (KB)
...
040 (13808554.000.000) 10/14 09:48:05 Started transferring output files
...
040 (13808554.000.000) 10/14 09:48:05 Finished transferring output files
...
005 (13808554.000.000) 10/14 09:48:05 Job terminated.
	(1) Normal termination (return value 0)
		Usr 0 00:00:00, Sys 0 00:00:00  -  Run Remote Usage
		Usr 0 00:00:00, Sys 0 00:00:00  -  Run Local Usage
		Usr 0 00:00:00, Sys 0 00:00:00  -  Total Remote Usage
		Usr 0 00:00:00, Sys 0 00:00:00  -  Total Local Usage
	44987  -  Run Bytes Sent By Job
	377  -  Run Bytes Received By Job
	44987  -  Total Bytes Sent By Job
	377  -  Total Bytes Received By Job
	Partitionable Resources :    Usage  Request Allocated 
	   Cpus                 :        0        3         3 
	   Disk (KB)            :       69        1   3059534 
	   Memory (MB)          :       64     6000      6000 

	Job terminated of its own accord at 2024-10-14T07:48:05Z with exit-code 0.
...
000 (13808794.000.000) 10/14 13:47:05 Job submitted from host: <137.138.44.75:9618?addrs=137.138.44.75-9618+[2001-1458-d00-1a--b]-9618&alias=bigbird14.cern.ch&noUDP&sock=schedd_1981_6134>
...
040 (13808794.000.000) 10/14 13:50:39 Started transferring input files
	Transferring to host: <188.185.194.184:9618?addrs=188.185.194.184-9618+[2001-1458-303-21--100-b4]-9618&alias=b9p20p6493.cern.ch&noUDP&sock=slot1_1_2774617_6e16_58606>
...
040 (13808794.000.000) 10/14 13:50:39 Finished transferring input files
...
001 (13808794.000.000) 10/14 13:50:40 Job executing on host: <188.185.194.184:9618?addrs=188.185.194.184-9618+[2001-1458-303-21--100-b4]-9618&alias=b9p20p6493.cern.ch&noUDP&sock=startd_4938_a2c0>
	SlotName: slot1_1@b9p20p6493.cern.ch
	CondorScratchDir = "/pool/condor/dir_3273876"
	Cpus = 3
	Disk = 2908522
	Memory = 6000
...
006 (13808794.000.000) 10/14 13:50:42 Image size of job updated: 80844
	40  -  MemoryUsage of job (MB)
	40416  -  ResidentSetSize of job (KB)
...
040 (13808794.000.000) 10/14 13:50:42 Started transferring output files
...
040 (13808794.000.000) 10/14 13:50:42 Finished transferring output files
...
005 (13808794.000.000) 10/14 13:50:42 Job terminated.
	(1) Normal termination (return value 0)
		Usr 0 00:00:00, Sys 0 00:00:00  -  Run Remote Usage
		Usr 0 00:00:00, Sys 0 00:00:00  -  Run Local Usage
		Usr 0 00:00:00, Sys 0 00:00:00  -  Total Remote Usage
		Usr 0 00:00:00, Sys 0 00:00:00  -  Total Local Usage
	44987  -  Run Bytes Sent By Job
	377  -  Run Bytes Received By Job
	44987  -  Total Bytes Sent By Job
	377  -  Total Bytes Received By Job
	Partitionable Resources :    Usage  Request Allocated 
	   Cpus                 :        0        3         3 
	   Disk (KB)            :       68        1   2908522 
	   Memory (MB)          :       40     6000      6000 

	Job terminated of its own accord at 2024-10-14T11:50:42Z with exit-code 0.
...
000 (13809418.000.000) 10/14 19:38:42 Job submitted from host: <137.138.44.75:9618?addrs=137.138.44.75-9618+[2001-1458-d00-1a--b]-9618&alias=bigbird14.cern.ch&noUDP&sock=schedd_1981_6134>
...
040 (13809418.000.000) 10/14 19:43:19 Started transferring input files
	Transferring to host: <188.185.196.181:9618?addrs=188.185.196.181-9618+[2001-1458-303-23--100-b1]-9618&alias=b9p16p2241.cern.ch&noUDP&sock=slot1_12_1072425_2db3_1831>
...
040 (13809418.000.000) 10/14 19:43:19 Finished transferring input files
...
001 (13809418.000.000) 10/14 19:43:20 Job executing on host: <188.185.196.181:9618?addrs=188.185.196.181-9618+[2001-1458-303-23--100-b1]-9618&alias=b9p16p2241.cern.ch&noUDP&sock=startd_128025_146e>
	SlotName: slot1_12@b9p16p2241.cern.ch
	CondorScratchDir = "/pool/condor/dir_3024814"
	Cpus = 3
	Disk = 2954499
	Memory = 6000
...
006 (13809418.000.000) 10/14 19:43:21 Image size of job updated: 41020
	1  -  MemoryUsage of job (MB)
	792  -  ResidentSetSize of job (KB)
...
040 (13809418.000.000) 10/14 19:43:21 Started transferring output files
...
040 (13809418.000.000) 10/14 19:43:21 Finished transferring output files
...
005 (13809418.000.000) 10/14 19:43:21 Job terminated.
	(1) Normal termination (return value 0)
		Usr 0 00:00:00, Sys 0 00:00:00  -  Run Remote Usage
		Usr 0 00:00:00, Sys 0 00:00:00  -  Run Local Usage
		Usr 0 00:00:00, Sys 0 00:00:00  -  Total Remote Usage
		Usr 0 00:00:00, Sys 0 00:00:00  -  Total Local Usage
	44987  -  Run Bytes Sent By Job
	377  -  Run Bytes Received By Job
	44987  -  Total Bytes Sent By Job
	377  -  Total Bytes Received By Job
	Partitionable Resources :    Usage  Request Allocated 
	   Cpus                 :        0        3         3 
	   Disk (KB)            :       69        1   2954499 
	   Memory (MB)          :        1     6000      6000 

	Job terminated of its own accord at 2024-10-14T17:43:21Z with exit-code 0.
...
000 (13809467.000.000) 10/14 21:03:46 Job submitted from host: <137.138.44.75:9618?addrs=137.138.44.75-9618+[2001-1458-d00-1a--b]-9618&alias=bigbird14.cern.ch&noUDP&sock=schedd_1981_6134>
...
040 (13809467.000.000) 10/14 21:06:15 Started transferring input files
	Transferring to host: <128.142.248.105:9618?addrs=128.142.248.105-9618+[2001-1458-301-73--100-159]-9618&alias=b9g23p9995.cern.ch&noUDP&sock=slot1_1_2365944_54cb_77733>
...
040 (13809467.000.000) 10/14 21:06:15 Finished transferring input files
...
001 (13809467.000.000) 10/14 21:06:16 Job executing on host: <128.142.248.105:9618?addrs=128.142.248.105-9618+[2001-1458-301-73--100-159]-9618&alias=b9g23p9995.cern.ch&noUDP&sock=startd_5256_c1de>
	SlotName: slot1_1@b9g23p9995.cern.ch
	CondorScratchDir = "/pool/condor/dir_1752305"
	Cpus = 3
	Disk = 2919051
	Memory = 6000
...
006 (13809467.000.000) 10/14 21:06:17 Image size of job updated: 41152
	1  -  MemoryUsage of job (MB)
	668  -  ResidentSetSize of job (KB)
...
040 (13809467.000.000) 10/14 21:06:17 Started transferring output files
...
040 (13809467.000.000) 10/14 21:06:17 Finished transferring output files
...
005 (13809467.000.000) 10/14 21:06:17 Job terminated.
	(1) Normal termination (return value 0)
		Usr 0 00:00:00, Sys 0 00:00:00  -  Run Remote Usage
		Usr 0 00:00:00, Sys 0 00:00:00  -  Run Local Usage
		Usr 0 00:00:00, Sys 0 00:00:00  -  Total Remote Usage
		Usr 0 00:00:00, Sys 0 00:00:00  -  Total Local Usage
	44987  -  Run Bytes Sent By Job
	377  -  Run Bytes Received By Job
	44987  -  Total Bytes Sent By Job
	377  -  Total Bytes Received By Job
	Partitionable Resources :    Usage  Request Allocated 
	   Cpus                 :                 3         3 
	   Disk (KB)            :       62        1   2919051 
	   Memory (MB)          :        1     6000      6000 

	Job terminated of its own accord at 2024-10-14T19:06:17Z with exit-code 0.
...
000 (13810271.000.000) 10/15 07:39:46 Job submitted from host: <137.138.44.75:9618?addrs=137.138.44.75-9618+[2001-1458-d00-1a--b]-9618&alias=bigbird14.cern.ch&noUDP&sock=schedd_1981_6134>
...
040 (13810271.000.000) 10/15 07:42:16 Started transferring input files
	Transferring to host: <188.185.205.122:9618?addrs=188.185.205.122-9618+[2001-1458-303-9--100-77]-9618&alias=b9p03p8677.cern.ch&noUDP&sock=slot1_2_6580_f485_181593>
...
040 (13810271.000.000) 10/15 07:42:16 Finished transferring input files
...
001 (13810271.000.000) 10/15 07:42:17 Job executing on host: <188.185.205.122:9618?addrs=188.185.205.122-9618+[2001-1458-303-9--100-77]-9618&alias=b9p03p8677.cern.ch&noUDP&sock=startd_5262_df6f>
	SlotName: slot1_2@b9p03p8677.cern.ch
	CondorScratchDir = "/pool/condor/dir_3166958"
	Cpus = 3
	Disk = 2620142
	Memory = 6000
...
006 (13810271.000.000) 10/15 07:42:18 Image size of job updated: 60368
	20  -  MemoryUsage of job (MB)
	19540  -  ResidentSetSize of job (KB)
...
040 (13810271.000.000) 10/15 07:42:18 Started transferring output files
...
040 (13810271.000.000) 10/15 07:42:18 Finished transferring output files
...
005 (13810271.000.000) 10/15 07:42:18 Job terminated.
	(1) Normal termination (return value 0)
		Usr 0 00:00:00, Sys 0 00:00:00  -  Run Remote Usage
		Usr 0 00:00:00, Sys 0 00:00:00  -  Run Local Usage
		Usr 0 00:00:00, Sys 0 00:00:00  -  Total Remote Usage
		Usr 0 00:00:00, Sys 0 00:00:00  -  Total Local Usage
	44987  -  Run Bytes Sent By Job
	377  -  Run Bytes Received By Job
	44987  -  Total Bytes Sent By Job
	377  -  Total Bytes Received By Job
	Partitionable Resources :    Usage  Request Allocated 
	   Cpus                 :        0        3         3 
	   Disk (KB)            :       69        1   2620142 
	   Memory (MB)          :       20     6000      6000 

	Job terminated of its own accord at 2024-10-15T05:42:18Z with exit-code 0.
...
