000 (13808385.000.000) 10/14 07:52:14 Job submitted from host: <137.138.44.75:9618?addrs=137.138.44.75-9618+[2001-1458-d00-1a--b]-9618&alias=bigbird14.cern.ch&noUDP&sock=schedd_1981_6134>
...
040 (13808385.000.000) 10/14 07:53:19 Started transferring input files
	Transferring to host: <188.185.195.99:9618?addrs=188.185.195.99-9618+[2001-1458-303-22--100-5f]-9618&alias=b9p17p5083.cern.ch&noUDP&sock=slot1_15_8879_cf02_17031>
...
040 (13808385.000.000) 10/14 07:53:19 Finished transferring input files
...
001 (13808385.000.000) 10/14 07:53:20 Job executing on host: <188.185.195.99:9618?addrs=188.185.195.99-9618+[2001-1458-303-22--100-5f]-9618&alias=b9p17p5083.cern.ch&noUDP&sock=startd_7517_9d80>
	SlotName: slot1_15@b9p17p5083.cern.ch
	CondorScratchDir = "/pool/condor/dir_333408"
	Cpus = 3
	Disk = 3034679
	Memory = 6000
...
006 (13808385.000.000) 10/14 07:53:28 Image size of job updated: 222208
	212  -  MemoryUsage of job (MB)
	216620  -  ResidentSetSize of job (KB)
...
006 (13808385.000.000) 10/14 07:58:27 Image size of job updated: 2634772
	2483  -  MemoryUsage of job (MB)
	2542128  -  ResidentSetSize of job (KB)
...
040 (13808385.000.000) 10/14 07:58:27 Started transferring output files
...
040 (13808385.000.000) 10/14 07:58:27 Finished transferring output files
...
005 (13808385.000.000) 10/14 07:58:27 Job terminated.
	(1) Normal termination (return value 0)
		Usr 0 00:00:50, Sys 0 00:00:03  -  Run Remote Usage
		Usr 0 00:00:00, Sys 0 00:00:00  -  Run Local Usage
		Usr 0 00:00:50, Sys 0 00:00:03  -  Total Remote Usage
		Usr 0 00:00:00, Sys 0 00:00:00  -  Total Local Usage
	12312  -  Run Bytes Sent By Job
	377  -  Run Bytes Received By Job
	12312  -  Total Bytes Sent By Job
	377  -  Total Bytes Received By Job
	Partitionable Resources :    Usage  Request Allocated 
	   Cpus                 :        0        3         3 
	   Disk (KB)            :       34        1   3034679 
	   Memory (MB)          :     2483     6000      6000 

	Job terminated of its own accord at 2024-10-14T05:58:27Z with exit-code 0.
...
000 (13808552.000.000) 10/14 09:44:00 Job submitted from host: <137.138.44.75:9618?addrs=137.138.44.75-9618+[2001-1458-d00-1a--b]-9618&alias=bigbird14.cern.ch&noUDP&sock=schedd_1981_6134>
...
040 (13808552.000.000) 10/14 09:48:02 Started transferring input files
	Transferring to host: <128.142.33.36:9618?addrs=128.142.33.36-9618+[2001-1458-301-53--100-21]-9618&alias=b9g34p5207.cern.ch&noUDP&sock=slot1_6_3403441_d2f9_14139>
...
040 (13808552.000.000) 10/14 09:48:02 Finished transferring input files
...
001 (13808552.000.000) 10/14 09:48:03 Job executing on host: <128.142.33.36:9618?addrs=128.142.33.36-9618+[2001-1458-301-53--100-21]-9618&alias=b9g34p5207.cern.ch&noUDP&sock=startd_4924_086d>
	SlotName: slot1_6@b9g34p5207.cern.ch
	CondorScratchDir = "/pool/condor/dir_1004398"
	Cpus = 3
	Disk = 2789972
	Memory = 6000
...
006 (13808552.000.000) 10/14 09:48:11 Image size of job updated: 113632
	111  -  MemoryUsage of job (MB)
	113464  -  ResidentSetSize of job (KB)
...
006 (13808552.000.000) 10/14 09:48:23 Image size of job updated: 467764
	111  -  MemoryUsage of job (MB)
	113464  -  ResidentSetSize of job (KB)
...
040 (13808552.000.000) 10/14 09:48:23 Started transferring output files
...
040 (13808552.000.000) 10/14 09:48:23 Finished transferring output files
...
005 (13808552.000.000) 10/14 09:48:23 Job terminated.
	(1) Normal termination (return value 139)
		Usr 0 00:00:05, Sys 0 00:00:01  -  Run Remote Usage
		Usr 0 00:00:00, Sys 0 00:00:00  -  Run Local Usage
		Usr 0 00:00:05, Sys 0 00:00:01  -  Total Remote Usage
		Usr 0 00:00:00, Sys 0 00:00:00  -  Total Local Usage
	8839  -  Run Bytes Sent By Job
	377  -  Run Bytes Received By Job
	8839  -  Total Bytes Sent By Job
	377  -  Total Bytes Received By Job
	Partitionable Resources :    Usage  Request Allocated 
	   Cpus                 :        0        3         3 
	   Disk (KB)            :       30        1   2789972 
	   Memory (MB)          :      111     6000      6000 

	Job terminated of its own accord at 2024-10-14T07:48:23Z with exit-code 139.
...
000 (13808600.000.000) 10/14 10:12:56 Job submitted from host: <137.138.44.75:9618?addrs=137.138.44.75-9618+[2001-1458-d00-1a--b]-9618&alias=bigbird14.cern.ch&noUDP&sock=schedd_1981_6134>
...
040 (13808600.000.000) 10/14 10:15:08 Started transferring input files
	Transferring to host: <188.184.185.125:9618?addrs=188.184.185.125-9618+[2001-1458-301-52--100-7c]-9618&alias=b9g37p1565.cern.ch&noUDP&sock=slot1_21_440323_230b_20174>
...
040 (13808600.000.000) 10/14 10:15:08 Finished transferring input files
...
001 (13808600.000.000) 10/14 10:15:09 Job executing on host: <188.184.185.125:9618?addrs=188.184.185.125-9618+[2001-1458-301-52--100-7c]-9618&alias=b9g37p1565.cern.ch&noUDP&sock=startd_2731_d13b>
	SlotName: slot1_21@b9g37p1565.cern.ch
	CondorScratchDir = "/pool/condor/dir_645565"
	Cpus = 3
	Disk = 2954696
	Memory = 6000
...
006 (13808600.000.000) 10/14 10:15:17 Image size of job updated: 88776
	83  -  MemoryUsage of job (MB)
	84104  -  ResidentSetSize of job (KB)
...
006 (13808600.000.000) 10/14 10:20:17 Image size of job updated: 2462668
	2405  -  MemoryUsage of job (MB)
	2462664  -  ResidentSetSize of job (KB)
...
006 (13808600.000.000) 10/14 10:20:18 Image size of job updated: 2499712
	2405  -  MemoryUsage of job (MB)
	2462664  -  ResidentSetSize of job (KB)
...
040 (13808600.000.000) 10/14 10:20:19 Started transferring output files
...
040 (13808600.000.000) 10/14 10:20:19 Finished transferring output files
...
005 (13808600.000.000) 10/14 10:20:19 Job terminated.
	(1) Normal termination (return value 0)
		Usr 0 00:00:57, Sys 0 00:00:03  -  Run Remote Usage
		Usr 0 00:00:00, Sys 0 00:00:00  -  Run Local Usage
		Usr 0 00:00:57, Sys 0 00:00:03  -  Total Remote Usage
		Usr 0 00:00:00, Sys 0 00:00:00  -  Total Local Usage
	12312  -  Run Bytes Sent By Job
	377  -  Run Bytes Received By Job
	12312  -  Total Bytes Sent By Job
	377  -  Total Bytes Received By Job
	Partitionable Resources :    Usage  Request Allocated 
	   Cpus                 :     0.12        3         3 
	   Disk (KB)            :    34           1   2954696 
	   Memory (MB)          :  2405        6000      6000 

	Job terminated of its own accord at 2024-10-14T08:20:18Z with exit-code 0.
...
000 (13808792.000.000) 10/14 13:47:03 Job submitted from host: <137.138.44.75:9618?addrs=137.138.44.75-9618+[2001-1458-d00-1a--b]-9618&alias=bigbird14.cern.ch&noUDP&sock=schedd_1981_6134>
...
040 (13808792.000.000) 10/14 13:50:39 Started transferring input files
	Transferring to host: <188.185.192.10:9618?addrs=188.185.192.10-9618+[2001-1458-303-1f--100-6]-9618&alias=b9p13p3697.cern.ch&noUDP&sock=slot1_7_3676243_830e_54238>
...
040 (13808792.000.000) 10/14 13:50:39 Finished transferring input files
...
001 (13808792.000.000) 10/14 13:50:40 Job executing on host: <188.185.192.10:9618?addrs=188.185.192.10-9618+[2001-1458-303-1f--100-6]-9618&alias=b9p13p3697.cern.ch&noUDP&sock=startd_8782_4cce>
	SlotName: slot1_7@b9p13p3697.cern.ch
	CondorScratchDir = "/pool/condor/dir_2084401"
	Cpus = 3
	Disk = 2962812
	Memory = 6000
...
006 (13808792.000.000) 10/14 13:50:49 Image size of job updated: 127940
	125  -  MemoryUsage of job (MB)
	127688  -  ResidentSetSize of job (KB)
...
006 (13808792.000.000) 10/14 13:55:50 Image size of job updated: 329840
	322  -  MemoryUsage of job (MB)
	329564  -  ResidentSetSize of job (KB)
...
006 (13808792.000.000) 10/14 14:00:50 Image size of job updated: 433956
	424  -  MemoryUsage of job (MB)
	433952  -  ResidentSetSize of job (KB)
...
006 (13808792.000.000) 10/14 14:05:51 Image size of job updated: 487328
	476  -  MemoryUsage of job (MB)
	486896  -  ResidentSetSize of job (KB)
...
006 (13808792.000.000) 10/14 14:10:51 Image size of job updated: 496816
	476  -  MemoryUsage of job (MB)
	486896  -  ResidentSetSize of job (KB)
...
040 (13808792.000.000) 10/14 14:10:51 Started transferring output files
...
040 (13808792.000.000) 10/14 14:10:51 Finished transferring output files
...
009 (13808792.000.000) 10/14 14:10:51 Job was aborted.
	Job removed by SYSTEM_PERIODIC_REMOVE due to wall time exceeded allowed max.
...
000 (13809416.000.000) 10/14 19:38:41 Job submitted from host: <137.138.44.75:9618?addrs=137.138.44.75-9618+[2001-1458-d00-1a--b]-9618&alias=bigbird14.cern.ch&noUDP&sock=schedd_1981_6134>
...
040 (13809416.000.000) 10/14 19:43:08 Started transferring input files
	Transferring to host: <188.185.193.33:9618?addrs=188.185.193.33-9618+[2001-1458-303-20--100-1d]-9618&alias=b9p19p8555.cern.ch&noUDP&sock=slot1_11_4067502_df55_20840>
...
040 (13809416.000.000) 10/14 19:43:08 Finished transferring input files
...
001 (13809416.000.000) 10/14 19:43:09 Job executing on host: <188.185.193.33:9618?addrs=188.185.193.33-9618+[2001-1458-303-20--100-1d]-9618&alias=b9p19p8555.cern.ch&noUDP&sock=startd_128173_9872>
	SlotName: slot1_11@b9p19p8555.cern.ch
	CondorScratchDir = "/pool/condor/dir_2840329"
	Cpus = 3
	Disk = 3007883
	Memory = 6000
...
006 (13809416.000.000) 10/14 19:43:17 Image size of job updated: 478632
	460  -  MemoryUsage of job (MB)
	470344  -  ResidentSetSize of job (KB)
...
006 (13809416.000.000) 10/14 19:48:17 Image size of job updated: 683792
	668  -  MemoryUsage of job (MB)
	683792  -  ResidentSetSize of job (KB)
...
006 (13809416.000.000) 10/14 19:53:18 Image size of job updated: 789684
	772  -  MemoryUsage of job (MB)
	789524  -  ResidentSetSize of job (KB)
...
006 (13809416.000.000) 10/14 19:58:18 Image size of job updated: 834712
	816  -  MemoryUsage of job (MB)
	834712  -  ResidentSetSize of job (KB)
...
006 (13809416.000.000) 10/14 19:59:45 Image size of job updated: 844004
	816  -  MemoryUsage of job (MB)
	834712  -  ResidentSetSize of job (KB)
...
040 (13809416.000.000) 10/14 19:59:45 Started transferring output files
...
040 (13809416.000.000) 10/14 19:59:45 Finished transferring output files
...
004 (13809416.000.000) 10/14 19:59:45 Job was evicted.
	(0) CPU times
		Usr 0 00:14:58, Sys 0 00:00:01  -  Run Remote Usage
		Usr 0 00:00:00, Sys 0 00:00:00  -  Run Local Usage
	8241  -  Run Bytes Sent By Job
	377  -  Run Bytes Received By Job
	Partitionable Resources :    Usage  Request Allocated 
	   Cpus                 :     0.94        3         3 
	   Disk (KB)            :    30           1   3007883 
	   Memory (MB)          :   816        6000      6000 
...
009 (13809416.000.000) 10/14 19:59:45 Job was aborted.
	via condor_rm (by user cagrawal)
...
000 (13809465.000.000) 10/14 21:03:45 Job submitted from host: <137.138.44.75:9618?addrs=137.138.44.75-9618+[2001-1458-d00-1a--b]-9618&alias=bigbird14.cern.ch&noUDP&sock=schedd_1981_6134>
...
040 (13809465.000.000) 10/14 21:06:13 Started transferring input files
	Transferring to host: <188.185.205.154:9618?addrs=188.185.205.154-9618+[2001-1458-303-a--100-17]-9618&alias=b9p04p9101.cern.ch&noUDP&sock=slot1_14_1570846_dcbf_68250>
...
040 (13809465.000.000) 10/14 21:06:13 Finished transferring input files
...
001 (13809465.000.000) 10/14 21:06:14 Job executing on host: <188.185.205.154:9618?addrs=188.185.205.154-9618+[2001-1458-303-a--100-17]-9618&alias=b9p04p9101.cern.ch&noUDP&sock=startd_3611311_8c6b>
	SlotName: slot1_14@b9p04p9101.cern.ch
	CondorScratchDir = "/pool/condor/dir_3831822"
	Cpus = 3
	Disk = 2580153
	Memory = 6000
...
006 (13809465.000.000) 10/14 21:06:23 Image size of job updated: 87736
	78  -  MemoryUsage of job (MB)
	79200  -  ResidentSetSize of job (KB)
...
006 (13809465.000.000) 10/14 21:11:24 Image size of job updated: 481356
	471  -  MemoryUsage of job (MB)
	481356  -  ResidentSetSize of job (KB)
...
006 (13809465.000.000) 10/14 21:16:24 Image size of job updated: 1519624
	1485  -  MemoryUsage of job (MB)
	1519624  -  ResidentSetSize of job (KB)
...
006 (13809465.000.000) 10/14 21:21:24 Image size of job updated: 2288552
	2235  -  MemoryUsage of job (MB)
	2288552  -  ResidentSetSize of job (KB)
...
006 (13809465.000.000) 10/14 21:22:30 Image size of job updated: 2497460
	2349  -  MemoryUsage of job (MB)
	2405180  -  ResidentSetSize of job (KB)
...
040 (13809465.000.000) 10/14 21:22:30 Started transferring output files
...
040 (13809465.000.000) 10/14 21:22:30 Finished transferring output files
...
005 (13809465.000.000) 10/14 21:22:30 Job terminated.
	(1) Normal termination (return value 0)
		Usr 0 00:00:44, Sys 0 00:00:02  -  Run Remote Usage
		Usr 0 00:00:00, Sys 0 00:00:00  -  Run Local Usage
		Usr 0 00:00:44, Sys 0 00:00:02  -  Total Remote Usage
		Usr 0 00:00:00, Sys 0 00:00:00  -  Total Local Usage
	12312  -  Run Bytes Sent By Job
	377  -  Run Bytes Received By Job
	12312  -  Total Bytes Sent By Job
	377  -  Total Bytes Received By Job
	Partitionable Resources :    Usage  Request Allocated 
	   Cpus                 :     0.03        3         3 
	   Disk (KB)            :    41           1   2580153 
	   Memory (MB)          :  2349        6000      6000 

	Job terminated of its own accord at 2024-10-14T19:22:30Z with exit-code 0.
...
000 (13810269.000.000) 10/15 07:39:45 Job submitted from host: <137.138.44.75:9618?addrs=137.138.44.75-9618+[2001-1458-d00-1a--b]-9618&alias=bigbird14.cern.ch&noUDP&sock=schedd_1981_6134>
...
040 (13810269.000.000) 10/15 07:42:15 Started transferring input files
	Transferring to host: <128.142.137.60:9618?addrs=128.142.137.60-9618+[2001-1458-301-5e--100-30]-9618&alias=b9g19p9045.cern.ch&noUDP&sock=slot1_12_2845_4f4d_22170>
...
040 (13810269.000.000) 10/15 07:42:15 Finished transferring input files
...
001 (13810269.000.000) 10/15 07:42:16 Job executing on host: <128.142.137.60:9618?addrs=128.142.137.60-9618+[2001-1458-301-5e--100-30]-9618&alias=b9g19p9045.cern.ch&noUDP&sock=startd_2478_47c6>
	SlotName: slot1_12@b9g19p9045.cern.ch
	CondorScratchDir = "/pool/condor/dir_3437070"
	Cpus = 3
	Disk = 1688948
	Memory = 6000
...
006 (13810269.000.000) 10/15 07:42:25 Image size of job updated: 211776
	207  -  MemoryUsage of job (MB)
	211776  -  ResidentSetSize of job (KB)
...
006 (13810269.000.000) 10/15 07:47:26 Image size of job updated: 2552564
	2493  -  MemoryUsage of job (MB)
	2552564  -  ResidentSetSize of job (KB)
...
006 (13810269.000.000) 10/15 07:47:27 Image size of job updated: 2552564
	2494  -  MemoryUsage of job (MB)
	2553076  -  ResidentSetSize of job (KB)
...
040 (13810269.000.000) 10/15 07:47:27 Started transferring output files
...
040 (13810269.000.000) 10/15 07:47:28 Finished transferring output files
...
005 (13810269.000.000) 10/15 07:47:28 Job terminated.
	(1) Normal termination (return value 0)
		Usr 0 00:00:57, Sys 0 00:00:03  -  Run Remote Usage
		Usr 0 00:00:00, Sys 0 00:00:00  -  Run Local Usage
		Usr 0 00:00:57, Sys 0 00:00:03  -  Total Remote Usage
		Usr 0 00:00:00, Sys 0 00:00:00  -  Total Local Usage
	12312  -  Run Bytes Sent By Job
	377  -  Run Bytes Received By Job
	12312  -  Total Bytes Sent By Job
	377  -  Total Bytes Received By Job
	Partitionable Resources :    Usage  Request Allocated 
	   Cpus                 :                 3         3 
	   Disk (KB)            :       26        1   1688948 
	   Memory (MB)          :     2494     6000      6000 

	Job terminated of its own accord at 2024-10-15T05:47:27Z with exit-code 0.
...
000 (13810306.000.000) 10/15 08:12:12 Job submitted from host: <137.138.44.75:9618?addrs=137.138.44.75-9618+[2001-1458-d00-1a--b]-9618&alias=bigbird14.cern.ch&noUDP&sock=schedd_1981_6134>
...
040 (13810306.000.000) 10/15 08:14:00 Started transferring input files
	Transferring to host: <128.142.131.139:9618?addrs=128.142.131.139-9618+[2001-1458-301-59--100-7f]-9618&alias=b9g11p9548.cern.ch&noUDP&sock=slot1_22_3041_68d5_816>
...
040 (13810306.000.000) 10/15 08:14:00 Finished transferring input files
...
001 (13810306.000.000) 10/15 08:14:01 Job executing on host: <128.142.131.139:9618?addrs=128.142.131.139-9618+[2001-1458-301-59--100-7f]-9618&alias=b9g11p9548.cern.ch&noUDP&sock=startd_2665_8bfb>
	SlotName: slot1_22@b9g11p9548.cern.ch
	CondorScratchDir = "/pool/condor/dir_2050899"
	Cpus = 3
	Disk = 1753146
	Memory = 6000
...
006 (13810306.000.000) 10/15 08:14:09 Image size of job updated: 109920
	108  -  MemoryUsage of job (MB)
	109920  -  ResidentSetSize of job (KB)
...
006 (13810306.000.000) 10/15 08:18:40 Image size of job updated: 2381160
	2326  -  MemoryUsage of job (MB)
	2381160  -  ResidentSetSize of job (KB)
...
040 (13810306.000.000) 10/15 08:18:40 Started transferring output files
...
040 (13810306.000.000) 10/15 08:18:40 Finished transferring output files
...
005 (13810306.000.000) 10/15 08:18:40 Job terminated.
	(1) Normal termination (return value 0)
		Usr 0 00:00:54, Sys 0 00:00:03  -  Run Remote Usage
		Usr 0 00:00:00, Sys 0 00:00:00  -  Run Local Usage
		Usr 0 00:00:54, Sys 0 00:00:03  -  Total Remote Usage
		Usr 0 00:00:00, Sys 0 00:00:00  -  Total Local Usage
	12312  -  Run Bytes Sent By Job
	377  -  Run Bytes Received By Job
	12312  -  Total Bytes Sent By Job
	377  -  Total Bytes Received By Job
	Partitionable Resources :    Usage  Request Allocated 
	   Cpus                 :     0.38        3         3 
	   Disk (KB)            :    34           1   1753146 
	   Memory (MB)          :  2326        6000      6000 

	Job terminated of its own accord at 2024-10-15T06:18:40Z with exit-code 0.
...
000 (13810453.000.000) 10/15 09:33:44 Job submitted from host: <137.138.44.75:9618?addrs=137.138.44.75-9618+[2001-1458-d00-1a--b]-9618&alias=bigbird14.cern.ch&noUDP&sock=schedd_1981_6134>
...
040 (13810453.000.000) 10/15 09:38:36 Started transferring input files
	Transferring to host: <188.185.208.146:9618?addrs=188.185.208.146-9618+[2001-1458-303-10--100-f]-9618&alias=b9p10p7008.cern.ch&noUDP&sock=slot1_15_38151_94a8_115502>
...
040 (13810453.000.000) 10/15 09:38:36 Finished transferring input files
...
001 (13810453.000.000) 10/15 09:38:37 Job executing on host: <188.185.208.146:9618?addrs=188.185.208.146-9618+[2001-1458-303-10--100-f]-9618&alias=b9p10p7008.cern.ch&noUDP&sock=startd_36797_4284>
	SlotName: slot1_15@b9p10p7008.cern.ch
	CondorScratchDir = "/pool/condor/dir_1611205"
	Cpus = 3
	Disk = 2836074
	Memory = 6000
...
006 (13810453.000.000) 10/15 09:38:46 Image size of job updated: 94984
	87  -  MemoryUsage of job (MB)
	89024  -  ResidentSetSize of job (KB)
...
006 (13810453.000.000) 10/15 09:43:38 Image size of job updated: 2454244
	2307  -  MemoryUsage of job (MB)
	2361600  -  ResidentSetSize of job (KB)
...
040 (13810453.000.000) 10/15 09:43:38 Started transferring output files
...
040 (13810453.000.000) 10/15 09:43:38 Finished transferring output files
...
005 (13810453.000.000) 10/15 09:43:38 Job terminated.
	(1) Normal termination (return value 0)
		Usr 0 00:00:38, Sys 0 00:00:04  -  Run Remote Usage
		Usr 0 00:00:00, Sys 0 00:00:00  -  Run Local Usage
		Usr 0 00:00:38, Sys 0 00:00:04  -  Total Remote Usage
		Usr 0 00:00:00, Sys 0 00:00:00  -  Total Local Usage
	16946  -  Run Bytes Sent By Job
	377  -  Run Bytes Received By Job
	16946  -  Total Bytes Sent By Job
	377  -  Total Bytes Received By Job
	Partitionable Resources :    Usage  Request Allocated 
	   Cpus                 :        0        3         3 
	   Disk (KB)            :       42        1   2836074 
	   Memory (MB)          :     2307     6000      6000 

	Job terminated of its own accord at 2024-10-15T07:43:38Z with exit-code 0.
...
000 (13811547.000.000) 10/15 12:21:32 Job submitted from host: <137.138.44.75:9618?addrs=137.138.44.75-9618+[2001-1458-d00-1a--b]-9618&alias=bigbird14.cern.ch&noUDP&sock=schedd_1981_6134>
...
040 (13811547.000.000) 10/15 12:22:07 Started transferring input files
	Transferring to host: <188.185.205.217:9618?addrs=188.185.205.217-9618+[2001-1458-303-a--100-56]-9618&alias=b9p04p4590.cern.ch&noUDP&sock=slot1_28_4772_0e3b_57876>
...
040 (13811547.000.000) 10/15 12:22:07 Finished transferring input files
...
001 (13811547.000.000) 10/15 12:22:08 Job executing on host: <188.185.205.217:9618?addrs=188.185.205.217-9618+[2001-1458-303-a--100-56]-9618&alias=b9p04p4590.cern.ch&noUDP&sock=startd_4046_cc46>
	SlotName: slot1_28@b9p04p4590.cern.ch
	CondorScratchDir = "/pool/condor/dir_4094828"
	Cpus = 3
	Disk = 2814145
	Memory = 6000
...
006 (13811547.000.000) 10/15 12:22:17 Image size of job updated: 102956
	101  -  MemoryUsage of job (MB)
	102748  -  ResidentSetSize of job (KB)
...
006 (13811547.000.000) 10/15 12:24:42 Image size of job updated: 977496
	873  -  MemoryUsage of job (MB)
	893832  -  ResidentSetSize of job (KB)
...
040 (13811547.000.000) 10/15 12:24:42 Started transferring output files
...
040 (13811547.000.000) 10/15 12:24:42 Finished transferring output files
...
004 (13811547.000.000) 10/15 12:24:42 Job was evicted.
	(0) CPU times
		Usr 0 00:00:13, Sys 0 00:00:01  -  Run Remote Usage
		Usr 0 00:00:00, Sys 0 00:00:00  -  Run Local Usage
	8340  -  Run Bytes Sent By Job
	377  -  Run Bytes Received By Job
	Partitionable Resources :    Usage  Request Allocated 
	   Cpus                 :        0        3         3 
	   Disk (KB)            :       33        1   2814145 
	   Memory (MB)          :      873     6000      6000 
...
009 (13811547.000.000) 10/15 12:24:42 Job was aborted.
	via condor_rm (by user cagrawal)
...
000 (13811614.000.000) 10/15 12:35:17 Job submitted from host: <137.138.44.75:9618?addrs=137.138.44.75-9618+[2001-1458-d00-1a--b]-9618&alias=bigbird14.cern.ch&noUDP&sock=schedd_1981_6134>
...
040 (13811614.000.000) 10/15 12:52:09 Started transferring input files
	Transferring to host: <188.185.192.83:9618?addrs=188.185.192.83-9618+[2001-1458-303-1f--100-4f]-9618&alias=b9p13p4805.cern.ch&noUDP&sock=slot1_53_6073_ba50_20960>
...
040 (13811614.000.000) 10/15 12:52:09 Finished transferring input files
...
001 (13811614.000.000) 10/15 12:52:10 Job executing on host: <188.185.192.83:9618?addrs=188.185.192.83-9618+[2001-1458-303-1f--100-4f]-9618&alias=b9p13p4805.cern.ch&noUDP&sock=startd_5153_1b9d>
	SlotName: slot1_53@b9p13p4805.cern.ch
	CondorScratchDir = "/pool/condor/dir_2942738"
	Cpus = 3
	Disk = 2895931
	Memory = 6000
...
006 (13811614.000.000) 10/15 12:52:18 Image size of job updated: 265732
	254  -  MemoryUsage of job (MB)
	259272  -  ResidentSetSize of job (KB)
...
006 (13811614.000.000) 10/15 12:53:58 Image size of job updated: 931348
	828  -  MemoryUsage of job (MB)
	847712  -  ResidentSetSize of job (KB)
...
040 (13811614.000.000) 10/15 12:53:58 Started transferring output files
...
040 (13811614.000.000) 10/15 12:53:58 Finished transferring output files
...
004 (13811614.000.000) 10/15 12:53:58 Job was evicted.
	(0) CPU times
		Usr 0 00:00:13, Sys 0 00:00:01  -  Run Remote Usage
		Usr 0 00:00:00, Sys 0 00:00:00  -  Run Local Usage
	8330  -  Run Bytes Sent By Job
	377  -  Run Bytes Received By Job
	Partitionable Resources :    Usage  Request Allocated 
	   Cpus                 :        0        3         3 
	   Disk (KB)            :       30        1   2895931 
	   Memory (MB)          :      828     6000      6000 
...
009 (13811614.000.000) 10/15 12:53:58 Job was aborted.
	via condor_rm (by user cagrawal)
...
000 (13812195.000.000) 10/15 13:03:28 Job submitted from host: <137.138.44.75:9618?addrs=137.138.44.75-9618+[2001-1458-d00-1a--b]-9618&alias=bigbird14.cern.ch&noUDP&sock=schedd_1981_6134>
...
040 (13812195.000.000) 10/15 13:05:46 Started transferring input files
	Transferring to host: <188.185.207.207:9618?addrs=188.185.207.207-9618+[2001-1458-303-e--100-4c]-9618&alias=b9p08p5785.cern.ch&noUDP&sock=slot1_11_6643_5827_175883>
...
040 (13812195.000.000) 10/15 13:05:46 Finished transferring input files
...
001 (13812195.000.000) 10/15 13:05:47 Job executing on host: <188.185.207.207:9618?addrs=188.185.207.207-9618+[2001-1458-303-e--100-4c]-9618&alias=b9p08p5785.cern.ch&noUDP&sock=startd_5321_5786>
	SlotName: slot1_11@b9p08p5785.cern.ch
	CondorScratchDir = "/pool/condor/dir_569273"
	Cpus = 3
	Disk = 2784448
	Memory = 6000
...
006 (13812195.000.000) 10/15 13:05:56 Image size of job updated: 156964
	151  -  MemoryUsage of job (MB)
	153612  -  ResidentSetSize of job (KB)
...
006 (13812195.000.000) 10/15 13:09:45 Image size of job updated: 2537268
	2393  -  MemoryUsage of job (MB)
	2449512  -  ResidentSetSize of job (KB)
...
040 (13812195.000.000) 10/15 13:09:45 Started transferring output files
...
040 (13812195.000.000) 10/15 13:09:45 Finished transferring output files
...
005 (13812195.000.000) 10/15 13:09:45 Job terminated.
	(1) Normal termination (return value 0)
		Usr 0 00:00:41, Sys 0 00:00:04  -  Run Remote Usage
		Usr 0 00:00:00, Sys 0 00:00:00  -  Run Local Usage
		Usr 0 00:00:41, Sys 0 00:00:04  -  Total Remote Usage
		Usr 0 00:00:00, Sys 0 00:00:00  -  Total Local Usage
	12313  -  Run Bytes Sent By Job
	384  -  Run Bytes Received By Job
	12313  -  Total Bytes Sent By Job
	384  -  Total Bytes Received By Job
	Partitionable Resources :    Usage  Request Allocated 
	   Cpus                 :     0.20        3         3 
	   Disk (KB)            :    40           1   2784448 
	   Memory (MB)          :  2393        6000      6000 

	Job terminated of its own accord at 2024-10-15T11:09:45Z with exit-code 0.
...
000 (13812481.000.000) 10/15 13:17:38 Job submitted from host: <137.138.44.75:9618?addrs=137.138.44.75-9618+[2001-1458-d00-1a--b]-9618&alias=bigbird14.cern.ch&noUDP&sock=schedd_1981_6134>
...
040 (13812481.000.000) 10/15 13:41:05 Started transferring input files
	Transferring to host: <188.185.205.68:9618?addrs=188.185.205.68-9618+[2001-1458-303-9--100-b8]-9618&alias=b9p03p9166.cern.ch&noUDP&sock=slot1_15_6510_a242_77450>
...
040 (13812481.000.000) 10/15 13:41:05 Finished transferring input files
...
001 (13812481.000.000) 10/15 13:41:06 Job executing on host: <188.185.205.68:9618?addrs=188.185.205.68-9618+[2001-1458-303-9--100-b8]-9618&alias=b9p03p9166.cern.ch&noUDP&sock=startd_5265_ee38>
	SlotName: slot1_15@b9p03p9166.cern.ch
	CondorScratchDir = "/pool/condor/dir_2790889"
	Cpus = 3
	Disk = 2835793
	Memory = 6000
...
006 (13812481.000.000) 10/15 13:41:15 Image size of job updated: 88104
	81  -  MemoryUsage of job (MB)
	82284  -  ResidentSetSize of job (KB)
...
006 (13812481.000.000) 10/15 13:45:47 Image size of job updated: 2457388
	2318  -  MemoryUsage of job (MB)
	2372856  -  ResidentSetSize of job (KB)
...
040 (13812481.000.000) 10/15 13:45:47 Started transferring output files
...
040 (13812481.000.000) 10/15 13:45:47 Finished transferring output files
...
005 (13812481.000.000) 10/15 13:45:47 Job terminated.
	(1) Normal termination (return value 0)
		Usr 0 00:00:36, Sys 0 00:00:03  -  Run Remote Usage
		Usr 0 00:00:00, Sys 0 00:00:00  -  Run Local Usage
		Usr 0 00:00:36, Sys 0 00:00:03  -  Total Remote Usage
		Usr 0 00:00:00, Sys 0 00:00:00  -  Total Local Usage
	12746  -  Run Bytes Sent By Job
	391  -  Run Bytes Received By Job
	12746  -  Total Bytes Sent By Job
	391  -  Total Bytes Received By Job
	Partitionable Resources :    Usage  Request Allocated 
	   Cpus                 :        0        3         3 
	   Disk (KB)            :       39        1   2835793 
	   Memory (MB)          :     2318     6000      6000 

	Job terminated of its own accord at 2024-10-15T11:45:47Z with exit-code 0.
...
000 (13818228.000.000) 10/15 19:48:27 Job submitted from host: <137.138.44.75:9618?addrs=137.138.44.75-9618+[2001-1458-d00-1a--b]-9618&alias=bigbird14.cern.ch&noUDP&sock=schedd_1981_6134>
...
040 (13818228.000.000) 10/15 19:52:06 Started transferring input files
	Transferring to host: <128.142.33.214:9618?addrs=128.142.33.214-9618+[2001-1458-301-39--100-13]-9618&alias=b9g24p7240.cern.ch&noUDP&sock=slot1_44_4434_e76d_49810>
...
040 (13818228.000.000) 10/15 19:52:06 Finished transferring input files
...
001 (13818228.000.000) 10/15 19:52:07 Job executing on host: <128.142.33.214:9618?addrs=128.142.33.214-9618+[2001-1458-301-39--100-13]-9618&alias=b9g24p7240.cern.ch&noUDP&sock=startd_3684_7efd>
	SlotName: slot1_44@b9g24p7240.cern.ch
	CondorScratchDir = "/pool/condor/dir_3155937"
	Cpus = 3
	Disk = 2811432
	Memory = 6000
...
006 (13818228.000.000) 10/15 19:52:16 Image size of job updated: 121556
	119  -  MemoryUsage of job (MB)
	121556  -  ResidentSetSize of job (KB)
...
006 (13818228.000.000) 10/15 19:55:59 Image size of job updated: 2486356
	2344  -  MemoryUsage of job (MB)
	2399312  -  ResidentSetSize of job (KB)
...
040 (13818228.000.000) 10/15 19:55:59 Started transferring output files
...
040 (13818228.000.000) 10/15 19:56:00 Finished transferring output files
...
005 (13818228.000.000) 10/15 19:56:00 Job terminated.
	(1) Normal termination (return value 0)
		Usr 0 00:00:34, Sys 0 00:00:04  -  Run Remote Usage
		Usr 0 00:00:00, Sys 0 00:00:00  -  Run Local Usage
		Usr 0 00:00:34, Sys 0 00:00:04  -  Total Remote Usage
		Usr 0 00:00:00, Sys 0 00:00:00  -  Total Local Usage
	12338  -  Run Bytes Sent By Job
	391  -  Run Bytes Received By Job
	12338  -  Total Bytes Sent By Job
	391  -  Total Bytes Received By Job
	Partitionable Resources :    Usage  Request Allocated 
	   Cpus                 :        0        3         3 
	   Disk (KB)            :       34        1   2811432 
	   Memory (MB)          :     2344     6000      6000 

	Job terminated of its own accord at 2024-10-15T17:55:59Z with exit-code 0.
...
000 (13821690.000.000) 10/16 04:52:47 Job submitted from host: <137.138.44.75:9618?addrs=137.138.44.75-9618+[2001-1458-d00-1a--b]-9618&alias=bigbird14.cern.ch&noUDP&sock=schedd_1981_6134>
...
040 (13821690.000.000) 10/16 04:54:57 Started transferring input files
	Transferring to host: <128.142.51.206:9618?addrs=128.142.51.206-9618+[2001-1458-301-3--100-b]-9618&alias=b9g02p1247.cern.ch&noUDP&sock=slot1_23_7203_ea3e_22457>
...
040 (13821690.000.000) 10/16 04:54:57 Finished transferring input files
...
001 (13821690.000.000) 10/16 04:54:58 Job executing on host: <128.142.51.206:9618?addrs=128.142.51.206-9618+[2001-1458-301-3--100-b]-9618&alias=b9g02p1247.cern.ch&noUDP&sock=startd_6556_72fc>
	SlotName: slot1_23@b9g02p1247.cern.ch
	CondorScratchDir = "/pool/condor/dir_1297259"
	Cpus = 3
	Disk = 3027515
	Memory = 6000
...
006 (13821690.000.000) 10/16 04:55:07 Image size of job updated: 125324
	123  -  MemoryUsage of job (MB)
	125324  -  ResidentSetSize of job (KB)
...
006 (13821690.000.000) 10/16 04:59:33 Image size of job updated: 2508540
	2360  -  MemoryUsage of job (MB)
	2416068  -  ResidentSetSize of job (KB)
...
040 (13821690.000.000) 10/16 04:59:33 Started transferring output files
...
040 (13821690.000.000) 10/16 04:59:33 Finished transferring output files
...
005 (13821690.000.000) 10/16 04:59:33 Job terminated.
	(1) Normal termination (return value 0)
		Usr 0 00:00:47, Sys 0 00:00:02  -  Run Remote Usage
		Usr 0 00:00:00, Sys 0 00:00:00  -  Run Local Usage
		Usr 0 00:00:47, Sys 0 00:00:02  -  Total Remote Usage
		Usr 0 00:00:00, Sys 0 00:00:00  -  Total Local Usage
	12338  -  Run Bytes Sent By Job
	391  -  Run Bytes Received By Job
	12338  -  Total Bytes Sent By Job
	391  -  Total Bytes Received By Job
	Partitionable Resources :    Usage  Request Allocated 
	   Cpus                 :     0.11        3         3 
	   Disk (KB)            :    34           1   3027515 
	   Memory (MB)          :  2360        6000      6000 

	Job terminated of its own accord at 2024-10-16T02:59:33Z with exit-code 0.
...
000 (13822187.000.000) 10/16 05:47:08 Job submitted from host: <137.138.44.75:9618?addrs=137.138.44.75-9618+[2001-1458-d00-1a--b]-9618&alias=bigbird14.cern.ch&noUDP&sock=schedd_1981_6134>
...
040 (13822187.000.000) 10/16 05:50:21 Started transferring input files
	Transferring to host: <188.185.192.171:9618?addrs=188.185.192.171-9618+[2001-1458-303-1f--100-a7]-9618&alias=b9p13p8753.cern.ch&noUDP&sock=slot1_8_1066457_2ec0_55617>
...
040 (13822187.000.000) 10/16 05:50:21 Finished transferring input files
...
001 (13822187.000.000) 10/16 05:50:22 Job executing on host: <188.185.192.171:9618?addrs=188.185.192.171-9618+[2001-1458-303-1f--100-a7]-9618&alias=b9p13p8753.cern.ch&noUDP&sock=startd_9378_1b40>
	SlotName: slot1_8@b9p13p8753.cern.ch
	CondorScratchDir = "/pool/condor/dir_4138478"
	Cpus = 3
	Disk = 2889584
	Memory = 6000
...
006 (13822187.000.000) 10/16 05:50:31 Image size of job updated: 174976
	170  -  MemoryUsage of job (MB)
	173472  -  ResidentSetSize of job (KB)
...
006 (13822187.000.000) 10/16 05:54:23 Image size of job updated: 2553476
	2409  -  MemoryUsage of job (MB)
	2466492  -  ResidentSetSize of job (KB)
...
040 (13822187.000.000) 10/16 05:54:23 Started transferring output files
...
040 (13822187.000.000) 10/16 05:54:23 Finished transferring output files
...
005 (13822187.000.000) 10/16 05:54:23 Job terminated.
	(1) Normal termination (return value 0)
		Usr 0 00:00:51, Sys 0 00:00:03  -  Run Remote Usage
		Usr 0 00:00:00, Sys 0 00:00:00  -  Run Local Usage
		Usr 0 00:00:51, Sys 0 00:00:03  -  Total Remote Usage
		Usr 0 00:00:00, Sys 0 00:00:00  -  Total Local Usage
	12338  -  Run Bytes Sent By Job
	391  -  Run Bytes Received By Job
	12338  -  Total Bytes Sent By Job
	391  -  Total Bytes Received By Job
	Partitionable Resources :    Usage  Request Allocated 
	   Cpus                 :        0        3         3 
	   Disk (KB)            :       34        1   2889584 
	   Memory (MB)          :     2409     6000      6000 

	Job terminated of its own accord at 2024-10-16T03:54:23Z with exit-code 0.
...
