000 (13802385.000.000) 10/12 20:31:29 Job submitted from host: <137.138.44.75:9618?addrs=137.138.44.75-9618+[2001-1458-d00-1a--b]-9618&alias=bigbird14.cern.ch&noUDP&sock=schedd_1981_6134>
...
000 (13802403.000.000) 10/12 20:31:44 Job submitted from host: <137.138.44.75:9618?addrs=137.138.44.75-9618+[2001-1458-d00-1a--b]-9618&alias=bigbird14.cern.ch&noUDP&sock=schedd_1981_6134>
...
040 (13802385.000.000) 10/12 20:32:37 Started transferring input files
	Transferring to host: <188.185.209.160:9618?addrs=188.185.209.160-9618+[2001-1458-303-12--100-1d]-9618&alias=b9p12p2980.cern.ch&noUDP&sock=slot1_40_4394_b86c_56776>
...
040 (13802385.000.000) 10/12 20:32:37 Finished transferring input files
...
001 (13802385.000.000) 10/12 20:32:38 Job executing on host: <188.185.209.160:9618?addrs=188.185.209.160-9618+[2001-1458-303-12--100-1d]-9618&alias=b9p12p2980.cern.ch&noUDP&sock=startd_3675_52a3>
	SlotName: slot1_40@b9p12p2980.cern.ch
	CondorScratchDir = "/pool/condor/dir_1444867"
	Cpus = 3
	Disk = 2806086
	Memory = 6000
...
006 (13802385.000.000) 10/12 20:32:39 Image size of job updated: 48464
	8  -  MemoryUsage of job (MB)
	7764  -  ResidentSetSize of job (KB)
...
040 (13802385.000.000) 10/12 20:32:39 Started transferring output files
...
040 (13802385.000.000) 10/12 20:32:39 Finished transferring output files
...
005 (13802385.000.000) 10/12 20:32:39 Job terminated.
	(1) Normal termination (return value 0)
		Usr 0 00:00:00, Sys 0 00:00:00  -  Run Remote Usage
		Usr 0 00:00:00, Sys 0 00:00:00  -  Run Local Usage
		Usr 0 00:00:00, Sys 0 00:00:00  -  Total Remote Usage
		Usr 0 00:00:00, Sys 0 00:00:00  -  Total Local Usage
	45119  -  Run Bytes Sent By Job
	377  -  Run Bytes Received By Job
	45119  -  Total Bytes Sent By Job
	377  -  Total Bytes Received By Job
	Partitionable Resources :    Usage  Request Allocated 
	   Cpus                 :        0        3         3 
	   Disk (KB)            :       72        1   2806086 
	   Memory (MB)          :        8     6000      6000 

	Job terminated of its own accord at 2024-10-12T18:32:39Z with exit-code 0.
...
040 (13802403.000.000) 10/12 20:32:43 Started transferring input files
	Transferring to host: <188.185.192.82:9618?addrs=188.185.192.82-9618+[2001-1458-303-1f--100-4e]-9618&alias=b9p13p9917.cern.ch&noUDP&sock=slot1_45_2419120_a23e_66975>
...
040 (13802403.000.000) 10/12 20:32:43 Finished transferring input files
...
001 (13802403.000.000) 10/12 20:32:44 Job executing on host: <188.185.192.82:9618?addrs=188.185.192.82-9618+[2001-1458-303-1f--100-4e]-9618&alias=b9p13p9917.cern.ch&noUDP&sock=startd_128441_6bd4>
	SlotName: slot1_45@b9p13p9917.cern.ch
	CondorScratchDir = "/pool/condor/dir_1203227"
	Cpus = 3
	Disk = 3075446
	Memory = 6000
...
006 (13802403.000.000) 10/12 20:32:52 Image size of job updated: 1
	0  -  MemoryUsage of job (MB)
	0  -  ResidentSetSize of job (KB)
...
006 (13802403.000.000) 10/12 20:33:10 Image size of job updated: 102844
	63  -  MemoryUsage of job (MB)
	64136  -  ResidentSetSize of job (KB)
...
040 (13802403.000.000) 10/12 20:33:10 Started transferring output files
...
040 (13802403.000.000) 10/12 20:33:10 Finished transferring output files
...
005 (13802403.000.000) 10/12 20:33:10 Job terminated.
	(1) Normal termination (return value 0)
		Usr 0 00:00:00, Sys 0 00:00:00  -  Run Remote Usage
		Usr 0 00:00:00, Sys 0 00:00:00  -  Run Local Usage
		Usr 0 00:00:00, Sys 0 00:00:00  -  Total Remote Usage
		Usr 0 00:00:00, Sys 0 00:00:00  -  Total Local Usage
	45119  -  Run Bytes Sent By Job
	377  -  Run Bytes Received By Job
	45119  -  Total Bytes Sent By Job
	377  -  Total Bytes Received By Job
	Partitionable Resources :    Usage  Request Allocated 
	   Cpus                 :        0        3         3 
	   Disk (KB)            :       68        1   3075446 
	   Memory (MB)          :       63     6000      6000 

	Job terminated of its own accord at 2024-10-12T18:33:10Z with exit-code 0.
...
000 (13808240.000.000) 10/14 06:56:09 Job submitted from host: <137.138.44.75:9618?addrs=137.138.44.75-9618+[2001-1458-d00-1a--b]-9618&alias=bigbird14.cern.ch&noUDP&sock=schedd_1981_6134>
...
000 (13808258.000.000) 10/14 06:56:21 Job submitted from host: <137.138.44.75:9618?addrs=137.138.44.75-9618+[2001-1458-d00-1a--b]-9618&alias=bigbird14.cern.ch&noUDP&sock=schedd_1981_6134>
...
040 (13808240.000.000) 10/14 07:00:59 Started transferring input files
	Transferring to host: <128.142.161.121:9618?addrs=128.142.161.121-9618+[2001-1458-301-b8--100-37]-9618&alias=b9g03p1371.cern.ch&noUDP&sock=slot1_10_3477043_176a_16738>
...
040 (13808240.000.000) 10/14 07:00:59 Finished transferring input files
...
001 (13808240.000.000) 10/14 07:01:00 Job executing on host: <128.142.161.121:9618?addrs=128.142.161.121-9618+[2001-1458-301-b8--100-37]-9618&alias=b9g03p1371.cern.ch&noUDP&sock=startd_8666_bbd1>
	SlotName: slot1_10@b9g03p1371.cern.ch
	CondorScratchDir = "/pool/condor/dir_3582867"
	Cpus = 3
	Disk = 3184936
	Memory = 6000
...
006 (13808240.000.000) 10/14 07:01:01 Image size of job updated: 41884
	2  -  MemoryUsage of job (MB)
	1428  -  ResidentSetSize of job (KB)
...
040 (13808240.000.000) 10/14 07:01:01 Started transferring output files
...
040 (13808240.000.000) 10/14 07:01:01 Finished transferring output files
...
005 (13808240.000.000) 10/14 07:01:01 Job terminated.
	(1) Normal termination (return value 0)
		Usr 0 00:00:00, Sys 0 00:00:00  -  Run Remote Usage
		Usr 0 00:00:00, Sys 0 00:00:00  -  Run Local Usage
		Usr 0 00:00:00, Sys 0 00:00:00  -  Total Remote Usage
		Usr 0 00:00:00, Sys 0 00:00:00  -  Total Local Usage
	45128  -  Run Bytes Sent By Job
	377  -  Run Bytes Received By Job
	45128  -  Total Bytes Sent By Job
	377  -  Total Bytes Received By Job
	Partitionable Resources :    Usage  Request Allocated 
	   Cpus                 :        0        3         3 
	   Disk (KB)            :       68        1   3184936 
	   Memory (MB)          :        2     6000      6000 

	Job terminated of its own accord at 2024-10-14T05:01:01Z with exit-code 0.
...
040 (13808258.000.000) 10/14 07:01:05 Started transferring input files
	Transferring to host: <188.185.193.118:9618?addrs=188.185.193.118-9618+[2001-1458-303-20--100-72]-9618&alias=b9p19p4217.cern.ch&noUDP&sock=slot1_19_3639459_db36_40143>
...
040 (13808258.000.000) 10/14 07:01:05 Finished transferring input files
...
001 (13808258.000.000) 10/14 07:01:06 Job executing on host: <188.185.193.118:9618?addrs=188.185.193.118-9618+[2001-1458-303-20--100-72]-9618&alias=b9p19p4217.cern.ch&noUDP&sock=startd_128389_c0e7>
	SlotName: slot1_19@b9p19p4217.cern.ch
	CondorScratchDir = "/pool/condor/dir_1222624"
	Cpus = 3
	Disk = 2983223
	Memory = 6000
...
006 (13808258.000.000) 10/14 07:01:07 Image size of job updated: 179164
	142  -  MemoryUsage of job (MB)
	144504  -  ResidentSetSize of job (KB)
...
040 (13808258.000.000) 10/14 07:01:08 Started transferring output files
...
040 (13808258.000.000) 10/14 07:01:08 Finished transferring output files
...
005 (13808258.000.000) 10/14 07:01:08 Job terminated.
	(1) Normal termination (return value 0)
		Usr 0 00:00:00, Sys 0 00:00:00  -  Run Remote Usage
		Usr 0 00:00:00, Sys 0 00:00:00  -  Run Local Usage
		Usr 0 00:00:00, Sys 0 00:00:00  -  Total Remote Usage
		Usr 0 00:00:00, Sys 0 00:00:00  -  Total Local Usage
	45128  -  Run Bytes Sent By Job
	377  -  Run Bytes Received By Job
	45128  -  Total Bytes Sent By Job
	377  -  Total Bytes Received By Job
	Partitionable Resources :    Usage  Request Allocated 
	   Cpus                 :        0        3         3 
	   Disk (KB)            :       68        1   2983223 
	   Memory (MB)          :      142     6000      6000 

	Job terminated of its own accord at 2024-10-14T05:01:07Z with exit-code 0.
...
000 (13808782.000.000) 10/14 13:46:55 Job submitted from host: <137.138.44.75:9618?addrs=137.138.44.75-9618+[2001-1458-d00-1a--b]-9618&alias=bigbird14.cern.ch&noUDP&sock=schedd_1981_6134>
...
040 (13808782.000.000) 10/14 13:50:40 Started transferring input files
	Transferring to host: <128.142.248.33:9618?addrs=128.142.248.33-9618+[2001-1458-301-73--100-111]-9618&alias=b9g23p1094.cern.ch&noUDP&sock=slot1_16_2557074_b4e8_17864>
...
040 (13808782.000.000) 10/14 13:50:40 Finished transferring input files
...
001 (13808782.000.000) 10/14 13:50:41 Job executing on host: <128.142.248.33:9618?addrs=128.142.248.33-9618+[2001-1458-301-73--100-111]-9618&alias=b9g23p1094.cern.ch&noUDP&sock=startd_6722_4fb5>
	SlotName: slot1_16@b9g23p1094.cern.ch
	CondorScratchDir = "/pool/condor/dir_3320057"
	Cpus = 3
	Disk = 2889264
	Memory = 6000
...
006 (13808782.000.000) 10/14 13:50:43 Image size of job updated: 371060
	323  -  MemoryUsage of job (MB)
	330464  -  ResidentSetSize of job (KB)
...
040 (13808782.000.000) 10/14 13:50:43 Started transferring output files
...
040 (13808782.000.000) 10/14 13:50:43 Finished transferring output files
...
005 (13808782.000.000) 10/14 13:50:43 Job terminated.
	(1) Normal termination (return value 0)
		Usr 0 00:00:00, Sys 0 00:00:00  -  Run Remote Usage
		Usr 0 00:00:00, Sys 0 00:00:00  -  Run Local Usage
		Usr 0 00:00:00, Sys 0 00:00:00  -  Total Remote Usage
		Usr 0 00:00:00, Sys 0 00:00:00  -  Total Local Usage
	44987  -  Run Bytes Sent By Job
	377  -  Run Bytes Received By Job
	44987  -  Total Bytes Sent By Job
	377  -  Total Bytes Received By Job
	Partitionable Resources :    Usage  Request Allocated 
	   Cpus                 :        0        3         3 
	   Disk (KB)            :       69        1   2889264 
	   Memory (MB)          :      323     6000      6000 

	Job terminated of its own accord at 2024-10-14T11:50:43Z with exit-code 0.
...
000 (13809406.000.000) 10/14 19:38:34 Job submitted from host: <137.138.44.75:9618?addrs=137.138.44.75-9618+[2001-1458-d00-1a--b]-9618&alias=bigbird14.cern.ch&noUDP&sock=schedd_1981_6134>
...
040 (13809406.000.000) 10/14 19:43:10 Started transferring input files
	Transferring to host: <188.185.196.181:9618?addrs=188.185.196.181-9618+[2001-1458-303-23--100-b1]-9618&alias=b9p16p2241.cern.ch&noUDP&sock=slot1_12_1072425_2db3_1830>
...
040 (13809406.000.000) 10/14 19:43:10 Finished transferring input files
...
001 (13809406.000.000) 10/14 19:43:11 Job executing on host: <188.185.196.181:9618?addrs=188.185.196.181-9618+[2001-1458-303-23--100-b1]-9618&alias=b9p16p2241.cern.ch&noUDP&sock=startd_128025_146e>
	SlotName: slot1_12@b9p16p2241.cern.ch
	CondorScratchDir = "/pool/condor/dir_3024391"
	Cpus = 3
	Disk = 2954525
	Memory = 6000
...
006 (13809406.000.000) 10/14 19:43:12 Image size of job updated: 48956
	8  -  MemoryUsage of job (MB)
	8184  -  ResidentSetSize of job (KB)
...
040 (13809406.000.000) 10/14 19:43:12 Started transferring output files
...
040 (13809406.000.000) 10/14 19:43:12 Finished transferring output files
...
005 (13809406.000.000) 10/14 19:43:12 Job terminated.
	(1) Normal termination (return value 0)
		Usr 0 00:00:00, Sys 0 00:00:00  -  Run Remote Usage
		Usr 0 00:00:00, Sys 0 00:00:00  -  Run Local Usage
		Usr 0 00:00:00, Sys 0 00:00:00  -  Total Remote Usage
		Usr 0 00:00:00, Sys 0 00:00:00  -  Total Local Usage
	44987  -  Run Bytes Sent By Job
	377  -  Run Bytes Received By Job
	44987  -  Total Bytes Sent By Job
	377  -  Total Bytes Received By Job
	Partitionable Resources :    Usage  Request Allocated 
	   Cpus                 :        0        3         3 
	   Disk (KB)            :       68        1   2954525 
	   Memory (MB)          :        8     6000      6000 

	Job terminated of its own accord at 2024-10-14T17:43:12Z with exit-code 0.
...
000 (13809455.000.000) 10/14 21:03:38 Job submitted from host: <137.138.44.75:9618?addrs=137.138.44.75-9618+[2001-1458-d00-1a--b]-9618&alias=bigbird14.cern.ch&noUDP&sock=schedd_1981_6134>
...
040 (13809455.000.000) 10/14 21:05:16 Started transferring input files
	Transferring to host: <128.142.161.114:9618?addrs=128.142.161.114-9618+[2001-1458-301-b8--100-30]-9618&alias=b9g03p3124.cern.ch&noUDP&sock=slot1_10_3830542_1db1_404>
...
040 (13809455.000.000) 10/14 21:05:16 Finished transferring input files
...
001 (13809455.000.000) 10/14 21:05:18 Job executing on host: <128.142.161.114:9618?addrs=128.142.161.114-9618+[2001-1458-301-b8--100-30]-9618&alias=b9g03p3124.cern.ch&noUDP&sock=startd_3185_393b>
	SlotName: slot1_10@b9g03p3124.cern.ch
	CondorScratchDir = "/pool/condor/dir_1516078"
	Cpus = 3
	Disk = 3173412
	Memory = 6000
...
006 (13809455.000.000) 10/14 21:05:19 Image size of job updated: 49780
	9  -  MemoryUsage of job (MB)
	8912  -  ResidentSetSize of job (KB)
...
040 (13809455.000.000) 10/14 21:05:19 Started transferring output files
...
040 (13809455.000.000) 10/14 21:05:19 Finished transferring output files
...
005 (13809455.000.000) 10/14 21:05:19 Job terminated.
	(1) Normal termination (return value 0)
		Usr 0 00:00:00, Sys 0 00:00:00  -  Run Remote Usage
		Usr 0 00:00:00, Sys 0 00:00:00  -  Run Local Usage
		Usr 0 00:00:00, Sys 0 00:00:00  -  Total Remote Usage
		Usr 0 00:00:00, Sys 0 00:00:00  -  Total Local Usage
	44987  -  Run Bytes Sent By Job
	377  -  Run Bytes Received By Job
	44987  -  Total Bytes Sent By Job
	377  -  Total Bytes Received By Job
	Partitionable Resources :    Usage  Request Allocated 
	   Cpus                 :                 3         3 
	   Disk (KB)            :       61        1   3173412 
	   Memory (MB)          :        9     6000      6000 

	Job terminated of its own accord at 2024-10-14T19:05:19Z with exit-code 0.
...
000 (13810259.000.000) 10/15 07:39:39 Job submitted from host: <137.138.44.75:9618?addrs=137.138.44.75-9618+[2001-1458-d00-1a--b]-9618&alias=bigbird14.cern.ch&noUDP&sock=schedd_1981_6134>
...
040 (13810259.000.000) 10/15 07:42:12 Started transferring input files
	Transferring to host: <188.185.208.27:9618?addrs=188.185.208.27-9618+[2001-1458-303-f--100-18]-9618&alias=b9p09p6410.cern.ch&noUDP&sock=slot1_7_64749_4722_170917>
...
040 (13810259.000.000) 10/15 07:42:12 Finished transferring input files
...
001 (13810259.000.000) 10/15 07:42:13 Job executing on host: <188.185.208.27:9618?addrs=188.185.208.27-9618+[2001-1458-303-f--100-18]-9618&alias=b9p09p6410.cern.ch&noUDP&sock=startd_8604_34f2>
	SlotName: slot1_7@b9p09p6410.cern.ch
	CondorScratchDir = "/pool/condor/dir_2170119"
	Cpus = 3
	Disk = 2776362
	Memory = 6000
...
006 (13810259.000.000) 10/15 07:42:14 Image size of job updated: 48272
	8  -  MemoryUsage of job (MB)
	7656  -  ResidentSetSize of job (KB)
...
040 (13810259.000.000) 10/15 07:42:14 Started transferring output files
...
040 (13810259.000.000) 10/15 07:42:14 Finished transferring output files
...
005 (13810259.000.000) 10/15 07:42:14 Job terminated.
	(1) Normal termination (return value 0)
		Usr 0 00:00:00, Sys 0 00:00:00  -  Run Remote Usage
		Usr 0 00:00:00, Sys 0 00:00:00  -  Run Local Usage
		Usr 0 00:00:00, Sys 0 00:00:00  -  Total Remote Usage
		Usr 0 00:00:00, Sys 0 00:00:00  -  Total Local Usage
	44987  -  Run Bytes Sent By Job
	377  -  Run Bytes Received By Job
	44987  -  Total Bytes Sent By Job
	377  -  Total Bytes Received By Job
	Partitionable Resources :    Usage  Request Allocated 
	   Cpus                 :     0.06        3         3 
	   Disk (KB)            :    71           1   2776362 
	   Memory (MB)          :     8        6000      6000 

	Job terminated of its own accord at 2024-10-15T05:42:14Z with exit-code 0.
...
