000 (13802384.000.000) 10/12 20:31:28 Job submitted from host: <137.138.44.75:9618?addrs=137.138.44.75-9618+[2001-1458-d00-1a--b]-9618&alias=bigbird14.cern.ch&noUDP&sock=schedd_1981_6134>
...
000 (13802402.000.000) 10/12 20:31:42 Job submitted from host: <137.138.44.75:9618?addrs=137.138.44.75-9618+[2001-1458-d00-1a--b]-9618&alias=bigbird14.cern.ch&noUDP&sock=schedd_1981_6134>
...
040 (13802384.000.000) 10/12 20:32:36 Started transferring input files
	Transferring to host: <188.185.205.207:9618?addrs=188.185.205.207-9618+[2001-1458-303-a--100-4c]-9618&alias=b9p04p5778.cern.ch&noUDP&sock=slot1_34_3637_586d_75094>
...
040 (13802384.000.000) 10/12 20:32:36 Finished transferring input files
...
001 (13802384.000.000) 10/12 20:32:37 Job executing on host: <188.185.205.207:9618?addrs=188.185.205.207-9618+[2001-1458-303-a--100-4c]-9618&alias=b9p04p5778.cern.ch&noUDP&sock=startd_3594_c377>
	SlotName: slot1_34@b9p04p5778.cern.ch
	CondorScratchDir = "/pool/condor/dir_1740794"
	Cpus = 3
	Disk = 2763771
	Memory = 6000
...
006 (13802384.000.000) 10/12 20:32:38 Image size of job updated: 48760
	8  -  MemoryUsage of job (MB)
	8112  -  ResidentSetSize of job (KB)
...
040 (13802384.000.000) 10/12 20:32:38 Started transferring output files
...
040 (13802384.000.000) 10/12 20:32:38 Finished transferring output files
...
005 (13802384.000.000) 10/12 20:32:38 Job terminated.
	(1) Normal termination (return value 0)
		Usr 0 00:00:00, Sys 0 00:00:00  -  Run Remote Usage
		Usr 0 00:00:00, Sys 0 00:00:00  -  Run Local Usage
		Usr 0 00:00:00, Sys 0 00:00:00  -  Total Remote Usage
		Usr 0 00:00:00, Sys 0 00:00:00  -  Total Local Usage
	45127  -  Run Bytes Sent By Job
	377  -  Run Bytes Received By Job
	45127  -  Total Bytes Sent By Job
	377  -  Total Bytes Received By Job
	Partitionable Resources :    Usage  Request Allocated 
	   Cpus                 :        0        3         3 
	   Disk (KB)            :       73        1   2763771 
	   Memory (MB)          :        8     6000      6000 

	Job terminated of its own accord at 2024-10-12T18:32:38Z with exit-code 0.
...
040 (13802402.000.000) 10/12 20:32:43 Started transferring input files
	Transferring to host: <188.185.192.17:9618?addrs=188.185.192.17-9618+[2001-1458-303-1f--100-d]-9618&alias=b9p13p1897.cern.ch&noUDP&sock=slot1_44_7300_42a2_59822>
...
040 (13802402.000.000) 10/12 20:32:43 Finished transferring input files
...
001 (13802402.000.000) 10/12 20:32:44 Job executing on host: <188.185.192.17:9618?addrs=188.185.192.17-9618+[2001-1458-303-1f--100-d]-9618&alias=b9p13p1897.cern.ch&noUDP&sock=startd_6557_2295>
	SlotName: slot1_44@b9p13p1897.cern.ch
	CondorScratchDir = "/pool/condor/dir_2729924"
	Cpus = 3
	Disk = 3020929
	Memory = 6000
...
006 (13802402.000.000) 10/12 20:32:46 Image size of job updated: 339600
	299  -  MemoryUsage of job (MB)
	305512  -  ResidentSetSize of job (KB)
...
040 (13802402.000.000) 10/12 20:32:46 Started transferring output files
...
040 (13802402.000.000) 10/12 20:32:46 Finished transferring output files
...
005 (13802402.000.000) 10/12 20:32:46 Job terminated.
	(1) Normal termination (return value 0)
		Usr 0 00:00:00, Sys 0 00:00:00  -  Run Remote Usage
		Usr 0 00:00:00, Sys 0 00:00:00  -  Run Local Usage
		Usr 0 00:00:00, Sys 0 00:00:00  -  Total Remote Usage
		Usr 0 00:00:00, Sys 0 00:00:00  -  Total Local Usage
	45127  -  Run Bytes Sent By Job
	377  -  Run Bytes Received By Job
	45127  -  Total Bytes Sent By Job
	377  -  Total Bytes Received By Job
	Partitionable Resources :    Usage  Request Allocated 
	   Cpus                 :        0        3         3 
	   Disk (KB)            :       69        1   3020929 
	   Memory (MB)          :      299     6000      6000 

	Job terminated of its own accord at 2024-10-12T18:32:46Z with exit-code 0.
...
000 (13808239.000.000) 10/14 06:56:08 Job submitted from host: <137.138.44.75:9618?addrs=137.138.44.75-9618+[2001-1458-d00-1a--b]-9618&alias=bigbird14.cern.ch&noUDP&sock=schedd_1981_6134>
...
000 (13808257.000.000) 10/14 06:56:20 Job submitted from host: <137.138.44.75:9618?addrs=137.138.44.75-9618+[2001-1458-d00-1a--b]-9618&alias=bigbird14.cern.ch&noUDP&sock=schedd_1981_6134>
...
040 (13808239.000.000) 10/14 07:00:59 Started transferring input files
	Transferring to host: <188.185.193.86:9618?addrs=188.185.193.86-9618+[2001-1458-303-20--100-52]-9618&alias=b9p19p6792.cern.ch&noUDP&sock=slot1_3_311377_03cf_8930>
...
040 (13808239.000.000) 10/14 07:00:59 Finished transferring input files
...
001 (13808239.000.000) 10/14 07:01:00 Job executing on host: <188.185.193.86:9618?addrs=188.185.193.86-9618+[2001-1458-303-20--100-52]-9618&alias=b9p19p6792.cern.ch&noUDP&sock=startd_6847_0d0c>
	SlotName: slot1_3@b9p19p6792.cern.ch
	CondorScratchDir = "/pool/condor/dir_4070094"
	Cpus = 3
	Disk = 2992421
	Memory = 6000
...
006 (13808239.000.000) 10/14 07:01:04 Image size of job updated: 139968
	69  -  MemoryUsage of job (MB)
	69824  -  ResidentSetSize of job (KB)
...
040 (13808239.000.000) 10/14 07:01:04 Started transferring output files
...
040 (13808239.000.000) 10/14 07:01:04 Finished transferring output files
...
005 (13808239.000.000) 10/14 07:01:04 Job terminated.
	(1) Normal termination (return value 0)
		Usr 0 00:00:01, Sys 0 00:00:00  -  Run Remote Usage
		Usr 0 00:00:00, Sys 0 00:00:00  -  Run Local Usage
		Usr 0 00:00:01, Sys 0 00:00:00  -  Total Remote Usage
		Usr 0 00:00:00, Sys 0 00:00:00  -  Total Local Usage
	6839  -  Run Bytes Sent By Job
	377  -  Run Bytes Received By Job
	6839  -  Total Bytes Sent By Job
	377  -  Total Bytes Received By Job
	Partitionable Resources :    Usage  Request Allocated 
	   Cpus                 :        0        3         3 
	   Disk (KB)            :       28        1   2992421 
	   Memory (MB)          :       69     6000      6000 

	Job terminated of its own accord at 2024-10-14T05:01:04Z with exit-code 0.
...
040 (13808257.000.000) 10/14 07:01:05 Started transferring input files
	Transferring to host: <188.185.194.138:9618?addrs=188.185.194.138-9618+[2001-1458-303-21--100-86]-9618&alias=b9p20p8030.cern.ch&noUDP&sock=slot1_18_2182298_1c60_66489>
...
040 (13808257.000.000) 10/14 07:01:05 Finished transferring input files
...
001 (13808257.000.000) 10/14 07:01:06 Job executing on host: <188.185.194.138:9618?addrs=188.185.194.138-9618+[2001-1458-303-21--100-86]-9618&alias=b9p20p8030.cern.ch&noUDP&sock=startd_128012_29b3>
	SlotName: slot1_18@b9p20p8030.cern.ch
	CondorScratchDir = "/pool/condor/dir_650847"
	Cpus = 3
	Disk = 2900150
	Memory = 6000
...
006 (13808257.000.000) 10/14 07:01:10 Image size of job updated: 165032
	93  -  MemoryUsage of job (MB)
	95092  -  ResidentSetSize of job (KB)
...
040 (13808257.000.000) 10/14 07:01:10 Started transferring output files
...
040 (13808257.000.000) 10/14 07:01:10 Finished transferring output files
...
005 (13808257.000.000) 10/14 07:01:10 Job terminated.
	(1) Normal termination (return value 0)
		Usr 0 00:00:01, Sys 0 00:00:00  -  Run Remote Usage
		Usr 0 00:00:00, Sys 0 00:00:00  -  Run Local Usage
		Usr 0 00:00:01, Sys 0 00:00:00  -  Total Remote Usage
		Usr 0 00:00:00, Sys 0 00:00:00  -  Total Local Usage
	6839  -  Run Bytes Sent By Job
	377  -  Run Bytes Received By Job
	6839  -  Total Bytes Sent By Job
	377  -  Total Bytes Received By Job
	Partitionable Resources :    Usage  Request Allocated 
	   Cpus                 :        0        3         3 
	   Disk (KB)            :       29        1   2900150 
	   Memory (MB)          :       93     6000      6000 

	Job terminated of its own accord at 2024-10-14T05:01:10Z with exit-code 0.
...
000 (13808781.000.000) 10/14 13:46:53 Job submitted from host: <137.138.44.75:9618?addrs=137.138.44.75-9618+[2001-1458-d00-1a--b]-9618&alias=bigbird14.cern.ch&noUDP&sock=schedd_1981_6134>
...
040 (13808781.000.000) 10/14 13:50:36 Started transferring input files
	Transferring to host: <128.142.161.86:9618?addrs=128.142.161.86-9618+[2001-1458-301-b8--100-14]-9618&alias=b9g03p5293.cern.ch&noUDP&sock=slot1_29_382479_ce5a_18313>
...
040 (13808781.000.000) 10/14 13:50:36 Finished transferring input files
...
001 (13808781.000.000) 10/14 13:50:37 Job executing on host: <128.142.161.86:9618?addrs=128.142.161.86-9618+[2001-1458-301-b8--100-14]-9618&alias=b9g03p5293.cern.ch&noUDP&sock=startd_3147_28a1>
	SlotName: slot1_29@b9g03p5293.cern.ch
	CondorScratchDir = "/pool/condor/dir_1883727"
	Cpus = 3
	Disk = 3099676
	Memory = 6000
...
006 (13808781.000.000) 10/14 13:50:45 Image size of job updated: 367116
	359  -  MemoryUsage of job (MB)
	367116  -  ResidentSetSize of job (KB)
...
006 (13808781.000.000) 10/14 13:51:20 Image size of job updated: 395040
	359  -  MemoryUsage of job (MB)
	367116  -  ResidentSetSize of job (KB)
...
040 (13808781.000.000) 10/14 13:51:20 Started transferring output files
...
040 (13808781.000.000) 10/14 13:51:20 Finished transferring output files
...
005 (13808781.000.000) 10/14 13:51:20 Job terminated.
	(1) Normal termination (return value 0)
		Usr 0 00:00:39, Sys 0 00:00:00  -  Run Remote Usage
		Usr 0 00:00:00, Sys 0 00:00:00  -  Run Local Usage
		Usr 0 00:00:39, Sys 0 00:00:00  -  Total Remote Usage
		Usr 0 00:00:00, Sys 0 00:00:00  -  Total Local Usage
	6773  -  Run Bytes Sent By Job
	377  -  Run Bytes Received By Job
	6773  -  Total Bytes Sent By Job
	377  -  Total Bytes Received By Job
	Partitionable Resources :    Usage  Request Allocated 
	   Cpus                 :        0        3         3 
	   Disk (KB)            :       28        1   3099676 
	   Memory (MB)          :      359     6000      6000 

	Job terminated of its own accord at 2024-10-14T11:51:20Z with exit-code 0.
...
000 (13809405.000.000) 10/14 19:38:33 Job submitted from host: <137.138.44.75:9618?addrs=137.138.44.75-9618+[2001-1458-d00-1a--b]-9618&alias=bigbird14.cern.ch&noUDP&sock=schedd_1981_6134>
...
040 (13809405.000.000) 10/14 19:43:09 Started transferring input files
	Transferring to host: <188.185.193.107:9618?addrs=188.185.193.107-9618+[2001-1458-303-20--100-67]-9618&alias=b9p19p7223.cern.ch&noUDP&sock=slot1_8_3749155_9ca3_56427>
...
040 (13809405.000.000) 10/14 19:43:09 Finished transferring input files
...
001 (13809405.000.000) 10/14 19:43:10 Job executing on host: <188.185.193.107:9618?addrs=188.185.193.107-9618+[2001-1458-303-20--100-67]-9618&alias=b9p19p7223.cern.ch&noUDP&sock=startd_128632_6e6b>
	SlotName: slot1_8@b9p19p7223.cern.ch
	CondorScratchDir = "/pool/condor/dir_3645366"
	Cpus = 3
	Disk = 2920169
	Memory = 6000
...
006 (13809405.000.000) 10/14 19:43:19 Image size of job updated: 92904
	91  -  MemoryUsage of job (MB)
	92900  -  ResidentSetSize of job (KB)
...
006 (13809405.000.000) 10/14 19:43:59 Image size of job updated: 124652
	91  -  MemoryUsage of job (MB)
	92900  -  ResidentSetSize of job (KB)
...
040 (13809405.000.000) 10/14 19:43:59 Started transferring output files
...
040 (13809405.000.000) 10/14 19:44:00 Finished transferring output files
...
005 (13809405.000.000) 10/14 19:44:00 Job terminated.
	(1) Normal termination (return value 0)
		Usr 0 00:00:40, Sys 0 00:00:00  -  Run Remote Usage
		Usr 0 00:00:00, Sys 0 00:00:00  -  Run Local Usage
		Usr 0 00:00:40, Sys 0 00:00:00  -  Total Remote Usage
		Usr 0 00:00:00, Sys 0 00:00:00  -  Total Local Usage
	6929  -  Run Bytes Sent By Job
	377  -  Run Bytes Received By Job
	6929  -  Total Bytes Sent By Job
	377  -  Total Bytes Received By Job
	Partitionable Resources :    Usage  Request Allocated 
	   Cpus                 :        0        3         3 
	   Disk (KB)            :       29        1   2920169 
	   Memory (MB)          :       91     6000      6000 

	Job terminated of its own accord at 2024-10-14T17:43:59Z with exit-code 0.
...
000 (13809454.000.000) 10/14 21:03:37 Job submitted from host: <137.138.44.75:9618?addrs=137.138.44.75-9618+[2001-1458-d00-1a--b]-9618&alias=bigbird14.cern.ch&noUDP&sock=schedd_1981_6134>
...
040 (13809454.000.000) 10/14 21:05:15 Started transferring input files
	Transferring to host: <128.142.161.139:9618?addrs=128.142.161.139-9618+[2001-1458-301-b9--100-8]-9618&alias=b9g03p5522.cern.ch&noUDP&sock=slot1_18_1104733_1655_19258>
...
040 (13809454.000.000) 10/14 21:05:15 Finished transferring input files
...
001 (13809454.000.000) 10/14 21:05:16 Job executing on host: <128.142.161.139:9618?addrs=128.142.161.139-9618+[2001-1458-301-b9--100-8]-9618&alias=b9g03p5522.cern.ch&noUDP&sock=startd_3164_d1be>
	SlotName: slot1_18@b9g03p5522.cern.ch
	CondorScratchDir = "/pool/condor/dir_967418"
	Cpus = 3
	Disk = 3174202
	Memory = 6000
...
006 (13809454.000.000) 10/14 21:05:21 Image size of job updated: 207864
	139  -  MemoryUsage of job (MB)
	141328  -  ResidentSetSize of job (KB)
...
040 (13809454.000.000) 10/14 21:05:21 Started transferring output files
...
040 (13809454.000.000) 10/14 21:05:21 Finished transferring output files
...
005 (13809454.000.000) 10/14 21:05:21 Job terminated.
	(1) Normal termination (return value 0)
		Usr 0 00:00:01, Sys 0 00:00:00  -  Run Remote Usage
		Usr 0 00:00:00, Sys 0 00:00:00  -  Run Local Usage
		Usr 0 00:00:01, Sys 0 00:00:00  -  Total Remote Usage
		Usr 0 00:00:00, Sys 0 00:00:00  -  Total Local Usage
	6860  -  Run Bytes Sent By Job
	377  -  Run Bytes Received By Job
	6860  -  Total Bytes Sent By Job
	377  -  Total Bytes Received By Job
	Partitionable Resources :    Usage  Request Allocated 
	   Cpus                 :        0        3         3 
	   Disk (KB)            :       29        1   3174202 
	   Memory (MB)          :      139     6000      6000 

	Job terminated of its own accord at 2024-10-14T19:05:21Z with exit-code 0.
...
000 (13810258.000.000) 10/15 07:39:38 Job submitted from host: <137.138.44.75:9618?addrs=137.138.44.75-9618+[2001-1458-d00-1a--b]-9618&alias=bigbird14.cern.ch&noUDP&sock=schedd_1981_6134>
...
040 (13810258.000.000) 10/15 07:42:11 Started transferring input files
	Transferring to host: <188.185.206.169:9618?addrs=188.185.206.169-9618+[2001-1458-303-c--100-26]-9618&alias=b9p06p2599.cern.ch&noUDP&sock=slot1_5_3623_7b2c_76034>
...
040 (13810258.000.000) 10/15 07:42:11 Finished transferring input files
...
001 (13810258.000.000) 10/15 07:42:12 Job executing on host: <188.185.206.169:9618?addrs=188.185.206.169-9618+[2001-1458-303-c--100-26]-9618&alias=b9p06p2599.cern.ch&noUDP&sock=startd_3283_7183>
	SlotName: slot1_5@b9p06p2599.cern.ch
	CondorScratchDir = "/pool/condor/dir_768998"
	Cpus = 3
	Disk = 2683994
	Memory = 6000
...
006 (13810258.000.000) 10/15 07:42:17 Image size of job updated: 456540
	101  -  MemoryUsage of job (MB)
	103276  -  ResidentSetSize of job (KB)
...
040 (13810258.000.000) 10/15 07:42:17 Started transferring output files
...
040 (13810258.000.000) 10/15 07:42:17 Finished transferring output files
...
005 (13810258.000.000) 10/15 07:42:17 Job terminated.
	(1) Normal termination (return value 139)
		Usr 0 00:00:03, Sys 0 00:00:01  -  Run Remote Usage
		Usr 0 00:00:00, Sys 0 00:00:00  -  Run Local Usage
		Usr 0 00:00:03, Sys 0 00:00:01  -  Total Remote Usage
		Usr 0 00:00:00, Sys 0 00:00:00  -  Total Local Usage
	8500  -  Run Bytes Sent By Job
	377  -  Run Bytes Received By Job
	8500  -  Total Bytes Sent By Job
	377  -  Total Bytes Received By Job
	Partitionable Resources :    Usage  Request Allocated 
	   Cpus                 :        0        3         3 
	   Disk (KB)            :       35        1   2683994 
	   Memory (MB)          :      101     6000      6000 

	Job terminated of its own accord at 2024-10-15T05:42:17Z with exit-code 139.
...
000 (13810294.000.000) 10/15 08:12:04 Job submitted from host: <137.138.44.75:9618?addrs=137.138.44.75-9618+[2001-1458-d00-1a--b]-9618&alias=bigbird14.cern.ch&noUDP&sock=schedd_1981_6134>
...
040 (13810294.000.000) 10/15 08:13:56 Started transferring input files
	Transferring to host: <188.185.209.84:9618?addrs=188.185.209.84-9618+[2001-1458-303-11--100-51]-9618&alias=b9p11p6104.cern.ch&noUDP&sock=slot1_39_3942_3ed9_22146>
...
040 (13810294.000.000) 10/15 08:13:56 Finished transferring input files
...
001 (13810294.000.000) 10/15 08:13:57 Job executing on host: <188.185.209.84:9618?addrs=188.185.209.84-9618+[2001-1458-303-11--100-51]-9618&alias=b9p11p6104.cern.ch&noUDP&sock=startd_3464_9827>
	SlotName: slot1_39@b9p11p6104.cern.ch
	CondorScratchDir = "/pool/condor/dir_2430668"
	Cpus = 3
	Disk = 2683679
	Memory = 6000
...
006 (13810294.000.000) 10/15 08:14:01 Image size of job updated: 388756
	24  -  MemoryUsage of job (MB)
	23888  -  ResidentSetSize of job (KB)
...
040 (13810294.000.000) 10/15 08:14:01 Started transferring output files
...
040 (13810294.000.000) 10/15 08:14:01 Finished transferring output files
...
005 (13810294.000.000) 10/15 08:14:01 Job terminated.
	(1) Normal termination (return value 139)
		Usr 0 00:00:02, Sys 0 00:00:01  -  Run Remote Usage
		Usr 0 00:00:00, Sys 0 00:00:00  -  Run Local Usage
		Usr 0 00:00:02, Sys 0 00:00:01  -  Total Remote Usage
		Usr 0 00:00:00, Sys 0 00:00:00  -  Total Local Usage
	8500  -  Run Bytes Sent By Job
	377  -  Run Bytes Received By Job
	8500  -  Total Bytes Sent By Job
	377  -  Total Bytes Received By Job
	Partitionable Resources :    Usage  Request Allocated 
	   Cpus                 :        0        3         3 
	   Disk (KB)            :       34        1   2683679 
	   Memory (MB)          :       24     6000      6000 

	Job terminated of its own accord at 2024-10-15T06:14:01Z with exit-code 139.
...
000 (13810442.000.000) 10/15 09:33:35 Job submitted from host: <137.138.44.75:9618?addrs=137.138.44.75-9618+[2001-1458-d00-1a--b]-9618&alias=bigbird14.cern.ch&noUDP&sock=schedd_1981_6134>
...
040 (13810442.000.000) 10/15 09:38:33 Started transferring input files
	Transferring to host: <188.185.196.31:9618?addrs=188.185.196.31-9618+[2001-1458-303-23--100-1b]-9618&alias=b9p16p0041.cern.ch&noUDP&sock=slot1_25_209225_b095_49891>
...
040 (13810442.000.000) 10/15 09:38:33 Finished transferring input files
...
001 (13810442.000.000) 10/15 09:38:34 Job executing on host: <188.185.196.31:9618?addrs=188.185.196.31-9618+[2001-1458-303-23--100-1b]-9618&alias=b9p16p0041.cern.ch&noUDP&sock=startd_163762_b078>
	SlotName: slot1_25@b9p16p0041.cern.ch
	CondorScratchDir = "/pool/condor/dir_3981965"
	Cpus = 3
	Disk = 3008299
	Memory = 6000
...
006 (13810442.000.000) 10/15 09:38:43 Image size of job updated: 1
	0  -  MemoryUsage of job (MB)
	0  -  ResidentSetSize of job (KB)
...
006 (13810442.000.000) 10/15 09:39:04 Image size of job updated: 413184
	58  -  MemoryUsage of job (MB)
	58700  -  ResidentSetSize of job (KB)
...
040 (13810442.000.000) 10/15 09:39:04 Started transferring output files
...
040 (13810442.000.000) 10/15 09:39:04 Finished transferring output files
...
005 (13810442.000.000) 10/15 09:39:04 Job terminated.
	(1) Normal termination (return value 139)
		Usr 0 00:00:03, Sys 0 00:00:00  -  Run Remote Usage
		Usr 0 00:00:00, Sys 0 00:00:00  -  Run Local Usage
		Usr 0 00:00:03, Sys 0 00:00:00  -  Total Remote Usage
		Usr 0 00:00:00, Sys 0 00:00:00  -  Total Local Usage
	8500  -  Run Bytes Sent By Job
	377  -  Run Bytes Received By Job
	8500  -  Total Bytes Sent By Job
	377  -  Total Bytes Received By Job
	Partitionable Resources :    Usage  Request Allocated 
	   Cpus                 :        0        3         3 
	   Disk (KB)            :       31        1   3008299 
	   Memory (MB)          :       58     6000      6000 

	Job terminated of its own accord at 2024-10-15T07:39:04Z with exit-code 139.
...
000 (13811536.000.000) 10/15 12:21:21 Job submitted from host: <137.138.44.75:9618?addrs=137.138.44.75-9618+[2001-1458-d00-1a--b]-9618&alias=bigbird14.cern.ch&noUDP&sock=schedd_1981_6134>
...
040 (13811536.000.000) 10/15 12:22:03 Started transferring input files
	Transferring to host: <128.142.131.42:9618?addrs=128.142.131.42-9618+[2001-1458-301-59--100-1e]-9618&alias=b9g11p5635.cern.ch&noUDP&sock=slot1_6_3077_c656_22439>
...
040 (13811536.000.000) 10/15 12:22:03 Finished transferring input files
...
001 (13811536.000.000) 10/15 12:22:04 Job executing on host: <128.142.131.42:9618?addrs=128.142.131.42-9618+[2001-1458-301-59--100-1e]-9618&alias=b9g11p5635.cern.ch&noUDP&sock=startd_2712_c8ef>
	SlotName: slot1_6@b9g11p5635.cern.ch
	CondorScratchDir = "/pool/condor/dir_1740655"
	Cpus = 3
	Disk = 1726601
	Memory = 6000
...
006 (13811536.000.000) 10/15 12:22:12 Image size of job updated: 151496
	148  -  MemoryUsage of job (MB)
	151496  -  ResidentSetSize of job (KB)
...
040 (13811536.000.000) 10/15 12:22:39 Started transferring output files
...
040 (13811536.000.000) 10/15 12:22:39 Finished transferring output files
...
005 (13811536.000.000) 10/15 12:22:39 Job terminated.
	(1) Normal termination (return value 139)
		Usr 0 00:00:09, Sys 0 00:00:01  -  Run Remote Usage
		Usr 0 00:00:00, Sys 0 00:00:00  -  Run Local Usage
		Usr 0 00:00:09, Sys 0 00:00:01  -  Total Remote Usage
		Usr 0 00:00:00, Sys 0 00:00:00  -  Total Local Usage
	8500  -  Run Bytes Sent By Job
	377  -  Run Bytes Received By Job
	8500  -  Total Bytes Sent By Job
	377  -  Total Bytes Received By Job
	Partitionable Resources :    Usage  Request Allocated 
	   Cpus                 :        0        3         3 
	   Disk (KB)            :       30        1   1726601 
	   Memory (MB)          :      148     6000      6000 

	Job terminated of its own accord at 2024-10-15T10:22:39Z with exit-code 139.
...
000 (13811594.000.000) 10/15 12:34:55 Job submitted from host: <137.138.44.75:9618?addrs=137.138.44.75-9618+[2001-1458-d00-1a--b]-9618&alias=bigbird14.cern.ch&noUDP&sock=schedd_1981_6134>
...
040 (13811594.000.000) 10/15 12:52:06 Started transferring input files
	Transferring to host: <188.185.198.11:9618?addrs=188.185.198.11-9618+[2001-1458-303-25--100-7]-9618&alias=b9p15p6461.cern.ch&noUDP&sock=slot1_10_5997_2dcd_69563>
...
040 (13811594.000.000) 10/15 12:52:06 Finished transferring input files
...
001 (13811594.000.000) 10/15 12:52:07 Job executing on host: <188.185.198.11:9618?addrs=188.185.198.11-9618+[2001-1458-303-25--100-7]-9618&alias=b9p15p6461.cern.ch&noUDP&sock=startd_5947_b9cf>
	SlotName: slot1_10@b9p15p6461.cern.ch
	CondorScratchDir = "/pool/condor/dir_2485709"
	Cpus = 3
	Disk = 2964106
	Memory = 6000
...
006 (13811594.000.000) 10/15 12:52:12 Image size of job updated: 390320
	44  -  MemoryUsage of job (MB)
	44072  -  ResidentSetSize of job (KB)
...
040 (13811594.000.000) 10/15 12:52:12 Started transferring output files
...
040 (13811594.000.000) 10/15 12:52:12 Finished transferring output files
...
005 (13811594.000.000) 10/15 12:52:12 Job terminated.
	(1) Normal termination (return value 139)
		Usr 0 00:00:03, Sys 0 00:00:01  -  Run Remote Usage
		Usr 0 00:00:00, Sys 0 00:00:00  -  Run Local Usage
		Usr 0 00:00:03, Sys 0 00:00:01  -  Total Remote Usage
		Usr 0 00:00:00, Sys 0 00:00:00  -  Total Local Usage
	8500  -  Run Bytes Sent By Job
	377  -  Run Bytes Received By Job
	8500  -  Total Bytes Sent By Job
	377  -  Total Bytes Received By Job
	Partitionable Resources :    Usage  Request Allocated 
	   Cpus                 :        0        3         3 
	   Disk (KB)            :       31        1   2964106 
	   Memory (MB)          :       44     6000      6000 

	Job terminated of its own accord at 2024-10-15T10:52:12Z with exit-code 139.
...
000 (13812177.000.000) 10/15 13:03:16 Job submitted from host: <137.138.44.75:9618?addrs=137.138.44.75-9618+[2001-1458-d00-1a--b]-9618&alias=bigbird14.cern.ch&noUDP&sock=schedd_1981_6134>
...
040 (13812177.000.000) 10/15 13:05:44 Started transferring input files
	Transferring to host: <188.185.205.158:9618?addrs=188.185.205.158-9618+[2001-1458-303-a--100-1b]-9618&alias=b9p04p4648.cern.ch&noUDP&sock=slot1_9_5553_573b_74555>
...
040 (13812177.000.000) 10/15 13:05:44 Finished transferring input files
...
001 (13812177.000.000) 10/15 13:05:45 Job executing on host: <188.185.205.158:9618?addrs=188.185.205.158-9618+[2001-1458-303-a--100-1b]-9618&alias=b9p04p4648.cern.ch&noUDP&sock=startd_4656_350b>
	SlotName: slot1_9@b9p04p4648.cern.ch
	CondorScratchDir = "/pool/condor/dir_1912352"
	Cpus = 3
	Disk = 2674983
	Memory = 6000
...
006 (13812177.000.000) 10/15 13:05:49 Image size of job updated: 379616
	23  -  MemoryUsage of job (MB)
	23216  -  ResidentSetSize of job (KB)
...
040 (13812177.000.000) 10/15 13:05:49 Started transferring output files
...
040 (13812177.000.000) 10/15 13:05:49 Finished transferring output files
...
005 (13812177.000.000) 10/15 13:05:49 Job terminated.
	(1) Normal termination (return value 139)
		Usr 0 00:00:02, Sys 0 00:00:01  -  Run Remote Usage
		Usr 0 00:00:00, Sys 0 00:00:00  -  Run Local Usage
		Usr 0 00:00:02, Sys 0 00:00:01  -  Total Remote Usage
		Usr 0 00:00:00, Sys 0 00:00:00  -  Total Local Usage
	8500  -  Run Bytes Sent By Job
	384  -  Run Bytes Received By Job
	8500  -  Total Bytes Sent By Job
	384  -  Total Bytes Received By Job
	Partitionable Resources :    Usage  Request Allocated 
	   Cpus                 :        0        3         3 
	   Disk (KB)            :       34        1   2674983 
	   Memory (MB)          :       23     6000      6000 

	Job terminated of its own accord at 2024-10-15T11:05:49Z with exit-code 139.
...
000 (13812464.000.000) 10/15 13:17:25 Job submitted from host: <137.138.44.75:9618?addrs=137.138.44.75-9618+[2001-1458-d00-1a--b]-9618&alias=bigbird14.cern.ch&noUDP&sock=schedd_1981_6134>
...
040 (13812464.000.000) 10/15 13:41:02 Started transferring input files
	Transferring to host: <188.185.198.136:9618?addrs=188.185.198.136-9618+[2001-1458-303-25--100-84]-9618&alias=b9p15p9927.cern.ch&noUDP&sock=slot1_13_1624025_4752_6193>
...
040 (13812464.000.000) 10/15 13:41:02 Finished transferring input files
...
001 (13812464.000.000) 10/15 13:41:03 Job executing on host: <188.185.198.136:9618?addrs=188.185.198.136-9618+[2001-1458-303-25--100-84]-9618&alias=b9p15p9927.cern.ch&noUDP&sock=startd_8846_32dd>
	SlotName: slot1_13@b9p15p9927.cern.ch
	CondorScratchDir = "/pool/condor/dir_2656430"
	Cpus = 3
	Disk = 2927253
	Memory = 6000
...
006 (13812464.000.000) 10/15 13:41:09 Image size of job updated: 377964
	26  -  MemoryUsage of job (MB)
	26568  -  ResidentSetSize of job (KB)
...
040 (13812464.000.000) 10/15 13:41:09 Started transferring output files
...
040 (13812464.000.000) 10/15 13:41:09 Finished transferring output files
...
005 (13812464.000.000) 10/15 13:41:09 Job terminated.
	(1) Normal termination (return value 139)
		Usr 0 00:00:04, Sys 0 00:00:00  -  Run Remote Usage
		Usr 0 00:00:00, Sys 0 00:00:00  -  Run Local Usage
		Usr 0 00:00:04, Sys 0 00:00:00  -  Total Remote Usage
		Usr 0 00:00:00, Sys 0 00:00:00  -  Total Local Usage
	8751  -  Run Bytes Sent By Job
	391  -  Run Bytes Received By Job
	8751  -  Total Bytes Sent By Job
	391  -  Total Bytes Received By Job
	Partitionable Resources :    Usage  Request Allocated 
	   Cpus                 :        0        3         3 
	   Disk (KB)            :       30        1   2927253 
	   Memory (MB)          :       26     6000      6000 

	Job terminated of its own accord at 2024-10-15T11:41:09Z with exit-code 139.
...
000 (13818205.000.000) 10/15 19:48:17 Job submitted from host: <137.138.44.75:9618?addrs=137.138.44.75-9618+[2001-1458-d00-1a--b]-9618&alias=bigbird14.cern.ch&noUDP&sock=schedd_1981_6134>
...
040 (13818205.000.000) 10/15 19:52:02 Started transferring input files
	Transferring to host: <188.185.195.82:9618?addrs=188.185.195.82-9618+[2001-1458-303-22--100-4e]-9618&alias=b9p17p8232.cern.ch&noUDP&sock=slot1_31_3188188_9ce8_69520>
...
040 (13818205.000.000) 10/15 19:52:02 Finished transferring input files
...
001 (13818205.000.000) 10/15 19:52:03 Job executing on host: <188.185.195.82:9618?addrs=188.185.195.82-9618+[2001-1458-303-22--100-4e]-9618&alias=b9p17p8232.cern.ch&noUDP&sock=startd_6319_e30a>
	SlotName: slot1_31@b9p17p8232.cern.ch
	CondorScratchDir = "/pool/condor/dir_1009851"
	Cpus = 3
	Disk = 3026144
	Memory = 6000
...
006 (13818205.000.000) 10/15 19:52:12 Image size of job updated: 1
	0  -  MemoryUsage of job (MB)
	0  -  ResidentSetSize of job (KB)
...
006 (13818205.000.000) 10/15 19:52:33 Image size of job updated: 133752
	63  -  MemoryUsage of job (MB)
	64000  -  ResidentSetSize of job (KB)
...
040 (13818205.000.000) 10/15 19:52:33 Started transferring output files
...
040 (13818205.000.000) 10/15 19:52:33 Finished transferring output files
...
005 (13818205.000.000) 10/15 19:52:33 Job terminated.
	(1) Normal termination (return value 0)
		Usr 0 00:00:01, Sys 0 00:00:00  -  Run Remote Usage
		Usr 0 00:00:00, Sys 0 00:00:00  -  Run Local Usage
		Usr 0 00:00:01, Sys 0 00:00:00  -  Total Remote Usage
		Usr 0 00:00:00, Sys 0 00:00:00  -  Total Local Usage
	6881  -  Run Bytes Sent By Job
	391  -  Run Bytes Received By Job
	6881  -  Total Bytes Sent By Job
	391  -  Total Bytes Received By Job
	Partitionable Resources :    Usage  Request Allocated 
	   Cpus                 :        0        3         3 
	   Disk (KB)            :       29        1   3026144 
	   Memory (MB)          :       63     6000      6000 

	Job terminated of its own accord at 2024-10-15T17:52:33Z with exit-code 0.
...
000 (13821679.000.000) 10/16 04:52:42 Job submitted from host: <137.138.44.75:9618?addrs=137.138.44.75-9618+[2001-1458-d00-1a--b]-9618&alias=bigbird14.cern.ch&noUDP&sock=schedd_1981_6134>
...
040 (13821679.000.000) 10/16 04:54:52 Started transferring input files
	Transferring to host: <128.142.248.79:9618?addrs=128.142.248.79-9618+[2001-1458-301-73--100-13f]-9618&alias=b9g23p1840.cern.ch&noUDP&sock=slot1_1_2605018_9785_26143>
...
040 (13821679.000.000) 10/16 04:54:52 Finished transferring input files
...
001 (13821679.000.000) 10/16 04:54:53 Job executing on host: <128.142.248.79:9618?addrs=128.142.248.79-9618+[2001-1458-301-73--100-13f]-9618&alias=b9g23p1840.cern.ch&noUDP&sock=startd_7681_1b08>
	SlotName: slot1_1@b9g23p1840.cern.ch
	CondorScratchDir = "/pool/condor/dir_3339155"
	Cpus = 3
	Disk = 3077175
	Memory = 6000
...
006 (13821679.000.000) 10/16 04:54:57 Image size of job updated: 156820
	83  -  MemoryUsage of job (MB)
	84788  -  ResidentSetSize of job (KB)
...
040 (13821679.000.000) 10/16 04:54:57 Started transferring output files
...
040 (13821679.000.000) 10/16 04:54:57 Finished transferring output files
...
005 (13821679.000.000) 10/16 04:54:57 Job terminated.
	(1) Normal termination (return value 0)
		Usr 0 00:00:01, Sys 0 00:00:00  -  Run Remote Usage
		Usr 0 00:00:00, Sys 0 00:00:00  -  Run Local Usage
		Usr 0 00:00:01, Sys 0 00:00:00  -  Total Remote Usage
		Usr 0 00:00:00, Sys 0 00:00:00  -  Total Local Usage
	6881  -  Run Bytes Sent By Job
	391  -  Run Bytes Received By Job
	6881  -  Total Bytes Sent By Job
	391  -  Total Bytes Received By Job
	Partitionable Resources :    Usage  Request Allocated 
	   Cpus                 :                 3         3 
	   Disk (KB)            :       21        1   3077175 
	   Memory (MB)          :       83     6000      6000 

	Job terminated of its own accord at 2024-10-16T02:54:57Z with exit-code 0.
...
000 (13822176.000.000) 10/16 05:47:02 Job submitted from host: <137.138.44.75:9618?addrs=137.138.44.75-9618+[2001-1458-d00-1a--b]-9618&alias=bigbird14.cern.ch&noUDP&sock=schedd_1981_6134>
...
040 (13822176.000.000) 10/16 05:50:17 Started transferring input files
	Transferring to host: <188.185.194.23:9618?addrs=188.185.194.23-9618+[2001-1458-303-21--100-13]-9618&alias=b9p20p3714.cern.ch&noUDP&sock=slot1_12_1208154_89a2_11670>
...
040 (13822176.000.000) 10/16 05:50:17 Finished transferring input files
...
001 (13822176.000.000) 10/16 05:50:18 Job executing on host: <188.185.194.23:9618?addrs=188.185.194.23-9618+[2001-1458-303-21--100-13]-9618&alias=b9p20p3714.cern.ch&noUDP&sock=startd_11603_4579>
	SlotName: slot1_12@b9p20p3714.cern.ch
	CondorScratchDir = "/pool/condor/dir_3106934"
	Cpus = 3
	Disk = 3077824
	Memory = 6000
...
006 (13822176.000.000) 10/16 05:50:27 Image size of job updated: 1
	0  -  MemoryUsage of job (MB)
	0  -  ResidentSetSize of job (KB)
...
006 (13822176.000.000) 10/16 05:50:48 Image size of job updated: 302404
	225  -  MemoryUsage of job (MB)
	230328  -  ResidentSetSize of job (KB)
...
040 (13822176.000.000) 10/16 05:50:48 Started transferring output files
...
040 (13822176.000.000) 10/16 05:50:48 Finished transferring output files
...
005 (13822176.000.000) 10/16 05:50:48 Job terminated.
	(1) Normal termination (return value 0)
		Usr 0 00:00:01, Sys 0 00:00:00  -  Run Remote Usage
		Usr 0 00:00:00, Sys 0 00:00:00  -  Run Local Usage
		Usr 0 00:00:01, Sys 0 00:00:00  -  Total Remote Usage
		Usr 0 00:00:00, Sys 0 00:00:00  -  Total Local Usage
	6881  -  Run Bytes Sent By Job
	391  -  Run Bytes Received By Job
	6881  -  Total Bytes Sent By Job
	391  -  Total Bytes Received By Job
	Partitionable Resources :    Usage  Request Allocated 
	   Cpus                 :        0        3         3 
	   Disk (KB)            :       29        1   3077824 
	   Memory (MB)          :      225     6000      6000 

	Job terminated of its own accord at 2024-10-16T03:50:48Z with exit-code 0.
...
