000 (12832547.000.000) 05/09 13:08:28 Job submitted from host: <137.138.44.75:9618?addrs=137.138.44.75-9618+[2001-1458-d00-1a--b]-9618&alias=bigbird14.cern.ch&noUDP&sock=schedd_6333_7d5e>
...
040 (12832547.000.000) 05/09 13:10:46 Started transferring input files
	Transferring to host: <128.142.193.159:9618?addrs=128.142.193.159-9618+[2001-1458-301-8--100-1b]-9618&alias=b9g21p8628.cern.ch&noUDP&sock=slot1_12_1701864_e54f_93060>
...
040 (12832547.000.000) 05/09 13:10:46 Finished transferring input files
...
001 (12832547.000.000) 05/09 13:10:47 Job executing on host: <128.142.193.159:9618?addrs=128.142.193.159-9618+[2001-1458-301-8--100-1b]-9618&alias=b9g21p8628.cern.ch&noUDP&sock=startd_4049_db0e>
...
006 (12832547.000.000) 05/09 13:10:49 Image size of job updated: 6388
	2  -  MemoryUsage of job (MB)
	1120  -  ResidentSetSize of job (KB)
...
040 (12832547.000.000) 05/09 13:10:49 Started transferring output files
...
040 (12832547.000.000) 05/09 13:10:49 Finished transferring output files
...
005 (12832547.000.000) 05/09 13:10:49 Job terminated.
	(1) Normal termination (return value 127)
		Usr 0 00:00:00, Sys 0 00:00:00  -  Run Remote Usage
		Usr 0 00:00:00, Sys 0 00:00:00  -  Run Local Usage
		Usr 0 00:00:00, Sys 0 00:00:00  -  Total Remote Usage
		Usr 0 00:00:00, Sys 0 00:00:00  -  Total Local Usage
	215  -  Run Bytes Sent By Job
	304  -  Run Bytes Received By Job
	215  -  Total Bytes Sent By Job
	304  -  Total Bytes Received By Job
	Partitionable Resources :    Usage  Request Allocated 
	   Cpus                 :                 3         3 
	   Disk (KB)            :       17        1    875756 
	   Memory (MB)          :        2     6000      6000 

	Job terminated of its own accord at 2024-05-09T11:10:49Z.
...
000 (12832583.000.000) 05/09 13:51:57 Job submitted from host: <137.138.44.75:9618?addrs=137.138.44.75-9618+[2001-1458-d00-1a--b]-9618&alias=bigbird14.cern.ch&noUDP&sock=schedd_6333_7d5e>
...
040 (12832583.000.000) 05/09 13:55:53 Started transferring input files
	Transferring to host: <188.184.185.53:9618?addrs=188.184.185.53-9618+[2001-1458-301-52--100-34]-9618&alias=b9g37p4087.cern.ch&noUDP&sock=slot1_14_3739_36b1_9442>
...
040 (12832583.000.000) 05/09 13:55:53 Finished transferring input files
...
001 (12832583.000.000) 05/09 13:55:54 Job executing on host: <188.184.185.53:9618?addrs=188.184.185.53-9618+[2001-1458-301-52--100-34]-9618&alias=b9g37p4087.cern.ch&noUDP&sock=startd_3381_a9cb>
...
006 (12832583.000.000) 05/09 13:55:55 Image size of job updated: 6184
	1  -  MemoryUsage of job (MB)
	648  -  ResidentSetSize of job (KB)
...
040 (12832583.000.000) 05/09 13:55:55 Started transferring output files
...
040 (12832583.000.000) 05/09 13:55:55 Finished transferring output files
...
005 (12832583.000.000) 05/09 13:55:55 Job terminated.
	(1) Normal termination (return value 127)
		Usr 0 00:00:00, Sys 0 00:00:00  -  Run Remote Usage
		Usr 0 00:00:00, Sys 0 00:00:00  -  Run Local Usage
		Usr 0 00:00:00, Sys 0 00:00:00  -  Total Remote Usage
		Usr 0 00:00:00, Sys 0 00:00:00  -  Total Local Usage
	215  -  Run Bytes Sent By Job
	304  -  Run Bytes Received By Job
	215  -  Total Bytes Sent By Job
	304  -  Total Bytes Received By Job
	Partitionable Resources :    Usage  Request Allocated 
	   Cpus                 :        0        3         3 
	   Disk (KB)            :       24        1   2799897 
	   Memory (MB)          :        1     6000      6000 

	Job terminated of its own accord at 2024-05-09T11:55:55Z.
...
000 (12832758.000.000) 05/09 15:18:04 Job submitted from host: <137.138.44.75:9618?addrs=137.138.44.75-9618+[2001-1458-d00-1a--b]-9618&alias=bigbird14.cern.ch&noUDP&sock=schedd_6333_7d5e>
...
040 (12832758.000.000) 05/09 15:26:51 Started transferring input files
	Transferring to host: <128.142.33.57:9618?addrs=128.142.33.57-9618+[2001-1458-301-53--100-36]-9618&alias=b9g34p9084.cern.ch&noUDP&sock=slot1_11_6162_6fb4_16164>
...
040 (12832758.000.000) 05/09 15:26:51 Finished transferring input files
...
001 (12832758.000.000) 05/09 15:26:52 Job executing on host: <128.142.33.57:9618?addrs=128.142.33.57-9618+[2001-1458-301-53--100-36]-9618&alias=b9g34p9084.cern.ch&noUDP&sock=startd_5561_f641>
...
006 (12832758.000.000) 05/09 15:26:53 Image size of job updated: 6528
	1  -  MemoryUsage of job (MB)
	816  -  ResidentSetSize of job (KB)
...
040 (12832758.000.000) 05/09 15:26:53 Started transferring output files
...
040 (12832758.000.000) 05/09 15:26:53 Finished transferring output files
...
005 (12832758.000.000) 05/09 15:26:53 Job terminated.
	(1) Normal termination (return value 127)
		Usr 0 00:00:00, Sys 0 00:00:00  -  Run Remote Usage
		Usr 0 00:00:00, Sys 0 00:00:00  -  Run Local Usage
		Usr 0 00:00:00, Sys 0 00:00:00  -  Total Remote Usage
		Usr 0 00:00:00, Sys 0 00:00:00  -  Total Local Usage
	215  -  Run Bytes Sent By Job
	304  -  Run Bytes Received By Job
	215  -  Total Bytes Sent By Job
	304  -  Total Bytes Received By Job
	Partitionable Resources :    Usage  Request Allocated 
	   Cpus                 :        0        3         3 
	   Disk (KB)            :       24        1   2872910 
	   Memory (MB)          :        1     6000      6000 

	Job terminated of its own accord at 2024-05-09T13:26:53Z.
...
