000 (12832553.000.000) 05/09 13:08:42 Job submitted from host: <137.138.44.75:9618?addrs=137.138.44.75-9618+[2001-1458-d00-1a--b]-9618&alias=bigbird14.cern.ch&noUDP&sock=schedd_6333_7d5e>
...
040 (12832553.000.000) 05/09 13:10:48 Started transferring input files
	Transferring to host: <188.184.185.105:9618?addrs=188.184.185.105-9618+[2001-1458-301-52--100-68]-9618&alias=b9g37p3242.cern.ch&noUDP&sock=slot1_6_2283331_ffcc_99116>
...
040 (12832553.000.000) 05/09 13:10:48 Finished transferring input files
...
001 (12832553.000.000) 05/09 13:10:49 Job executing on host: <188.184.185.105:9618?addrs=188.184.185.105-9618+[2001-1458-301-52--100-68]-9618&alias=b9g37p3242.cern.ch&noUDP&sock=startd_5115_0b03>
...
006 (12832553.000.000) 05/09 13:10:50 Image size of job updated: 632
	1  -  MemoryUsage of job (MB)
	632  -  ResidentSetSize of job (KB)
...
040 (12832553.000.000) 05/09 13:10:50 Started transferring output files
...
040 (12832553.000.000) 05/09 13:10:50 Finished transferring output files
...
005 (12832553.000.000) 05/09 13:10:50 Job terminated.
	(1) Normal termination (return value 127)
		Usr 0 00:00:00, Sys 0 00:00:00  -  Run Remote Usage
		Usr 0 00:00:00, Sys 0 00:00:00  -  Run Local Usage
		Usr 0 00:00:00, Sys 0 00:00:00  -  Total Remote Usage
		Usr 0 00:00:00, Sys 0 00:00:00  -  Total Local Usage
	215  -  Run Bytes Sent By Job
	304  -  Run Bytes Received By Job
	215  -  Total Bytes Sent By Job
	304  -  Total Bytes Received By Job
	Partitionable Resources :    Usage  Request Allocated 
	   Cpus                 :                 3         3 
	   Disk (KB)            :       17        1   2673444 
	   Memory (MB)          :        1     6000      6000 

	Job terminated of its own accord at 2024-05-09T11:10:50Z.
...
000 (12832589.000.000) 05/09 13:52:02 Job submitted from host: <137.138.44.75:9618?addrs=137.138.44.75-9618+[2001-1458-d00-1a--b]-9618&alias=bigbird14.cern.ch&noUDP&sock=schedd_6333_7d5e>
...
040 (12832589.000.000) 05/09 13:55:55 Started transferring input files
	Transferring to host: <188.184.162.192:9618?addrs=188.184.162.192-9618+[2001-1458-301-4a--100-ba]-9618&alias=b9s11p3093.cern.ch&noUDP&sock=slot1_4_52084_a3bf_119795>
...
040 (12832589.000.000) 05/09 13:55:55 Finished transferring input files
...
001 (12832589.000.000) 05/09 13:55:56 Job executing on host: <188.184.162.192:9618?addrs=188.184.162.192-9618+[2001-1458-301-4a--100-ba]-9618&alias=b9s11p3093.cern.ch&noUDP&sock=startd_52046_ce33>
...
006 (12832589.000.000) 05/09 13:55:57 Image size of job updated: 6076
	1  -  MemoryUsage of job (MB)
	964  -  ResidentSetSize of job (KB)
...
040 (12832589.000.000) 05/09 13:55:57 Started transferring output files
...
040 (12832589.000.000) 05/09 13:55:57 Finished transferring output files
...
005 (12832589.000.000) 05/09 13:55:57 Job terminated.
	(1) Normal termination (return value 127)
		Usr 0 00:00:00, Sys 0 00:00:00  -  Run Remote Usage
		Usr 0 00:00:00, Sys 0 00:00:00  -  Run Local Usage
		Usr 0 00:00:00, Sys 0 00:00:00  -  Total Remote Usage
		Usr 0 00:00:00, Sys 0 00:00:00  -  Total Local Usage
	215  -  Run Bytes Sent By Job
	304  -  Run Bytes Received By Job
	215  -  Total Bytes Sent By Job
	304  -  Total Bytes Received By Job
	Partitionable Resources :    Usage  Request Allocated 
	   Cpus                 :        0        3         3 
	   Disk (KB)            :       25        1   3057953 
	   Memory (MB)          :        1     6000      6000 

	Job terminated of its own accord at 2024-05-09T11:55:57Z.
...
