000 (13802375.000.000) 10/12 20:31:22 Job submitted from host: <137.138.44.75:9618?addrs=137.138.44.75-9618+[2001-1458-d00-1a--b]-9618&alias=bigbird14.cern.ch&noUDP&sock=schedd_1981_6134>
...
040 (13802375.000.000) 10/12 20:32:32 Started transferring input files
	Transferring to host: <128.142.161.114:9618?addrs=128.142.161.114-9618+[2001-1458-301-b8--100-30]-9618&alias=b9g03p3124.cern.ch&noUDP&sock=slot1_10_3229_df5c_5490>
...
040 (13802375.000.000) 10/12 20:32:32 Finished transferring input files
...
001 (13802375.000.000) 10/12 20:32:33 Job executing on host: <128.142.161.114:9618?addrs=128.142.161.114-9618+[2001-1458-301-b8--100-30]-9618&alias=b9g03p3124.cern.ch&noUDP&sock=startd_3185_393b>
	SlotName: slot1_10@b9g03p3124.cern.ch
	CondorScratchDir = "/pool/condor/dir_3266624"
	Cpus = 3
	Disk = 3067338
	Memory = 6000
...
006 (13802375.000.000) 10/12 20:32:34 Image size of job updated: 42120
	2  -  MemoryUsage of job (MB)
	1632  -  ResidentSetSize of job (KB)
...
040 (13802375.000.000) 10/12 20:32:34 Started transferring output files
...
040 (13802375.000.000) 10/12 20:32:34 Finished transferring output files
...
005 (13802375.000.000) 10/12 20:32:35 Job terminated.
	(1) Normal termination (return value 0)
		Usr 0 00:00:00, Sys 0 00:00:00  -  Run Remote Usage
		Usr 0 00:00:00, Sys 0 00:00:00  -  Run Local Usage
		Usr 0 00:00:00, Sys 0 00:00:00  -  Total Remote Usage
		Usr 0 00:00:00, Sys 0 00:00:00  -  Total Local Usage
	45133  -  Run Bytes Sent By Job
	377  -  Run Bytes Received By Job
	45133  -  Total Bytes Sent By Job
	377  -  Total Bytes Received By Job
	Partitionable Resources :    Usage  Request Allocated 
	   Cpus                 :                 3         3 
	   Disk (KB)            :       61        1   3067338 
	   Memory (MB)          :        2     6000      6000 

	Job terminated of its own accord at 2024-10-12T18:32:34Z with exit-code 0.
...
000 (13808213.000.000) 10/14 06:45:31 Job submitted from host: <137.138.44.75:9618?addrs=137.138.44.75-9618+[2001-1458-d00-1a--b]-9618&alias=bigbird14.cern.ch&noUDP&sock=schedd_1981_6134>
...
040 (13808213.000.000) 10/14 06:48:44 Started transferring input files
	Transferring to host: <188.185.195.136:9618?addrs=188.185.195.136-9618+[2001-1458-303-22--100-84]-9618&alias=b9p17p5912.cern.ch&noUDP&sock=slot1_19_1767329_e915_69597>
...
040 (13808213.000.000) 10/14 06:48:44 Finished transferring input files
...
001 (13808213.000.000) 10/14 06:48:45 Job executing on host: <188.185.195.136:9618?addrs=188.185.195.136-9618+[2001-1458-303-22--100-84]-9618&alias=b9p17p5912.cern.ch&noUDP&sock=startd_128092_0947>
	SlotName: slot1_19@b9p17p5912.cern.ch
	CondorScratchDir = "/pool/condor/dir_2281420"
	Cpus = 3
	Disk = 2890723
	Memory = 6000
...
006 (13808213.000.000) 10/14 06:48:46 Image size of job updated: 55964
	15  -  MemoryUsage of job (MB)
	15068  -  ResidentSetSize of job (KB)
...
040 (13808213.000.000) 10/14 06:48:46 Started transferring output files
...
040 (13808213.000.000) 10/14 06:48:46 Finished transferring output files
...
005 (13808213.000.000) 10/14 06:48:46 Job terminated.
	(1) Normal termination (return value 0)
		Usr 0 00:00:00, Sys 0 00:00:00  -  Run Remote Usage
		Usr 0 00:00:00, Sys 0 00:00:00  -  Run Local Usage
		Usr 0 00:00:00, Sys 0 00:00:00  -  Total Remote Usage
		Usr 0 00:00:00, Sys 0 00:00:00  -  Total Local Usage
	45133  -  Run Bytes Sent By Job
	377  -  Run Bytes Received By Job
	45133  -  Total Bytes Sent By Job
	377  -  Total Bytes Received By Job
	Partitionable Resources :    Usage  Request Allocated 
	   Cpus                 :        0        3         3 
	   Disk (KB)            :       70        1   2890723 
	   Memory (MB)          :       15     6000      6000 

	Job terminated of its own accord at 2024-10-14T04:48:46Z with exit-code 0.
...
000 (13808230.000.000) 10/14 06:56:01 Job submitted from host: <137.138.44.75:9618?addrs=137.138.44.75-9618+[2001-1458-d00-1a--b]-9618&alias=bigbird14.cern.ch&noUDP&sock=schedd_1981_6134>
...
040 (13808230.000.000) 10/14 07:00:56 Started transferring input files
	Transferring to host: <188.184.185.144:9618?addrs=188.184.185.144-9618+[2001-1458-301-52--100-8f]-9618&alias=b9g37p4285.cern.ch&noUDP&sock=slot1_19_3115_8c98_32718>
...
040 (13808230.000.000) 10/14 07:00:56 Finished transferring input files
...
001 (13808230.000.000) 10/14 07:00:57 Job executing on host: <188.184.185.144:9618?addrs=188.184.185.144-9618+[2001-1458-301-52--100-8f]-9618&alias=b9g37p4285.cern.ch&noUDP&sock=startd_2650_4210>
	SlotName: slot1_19@b9g37p4285.cern.ch
	CondorScratchDir = "/pool/condor/dir_2360945"
	Cpus = 3
	Disk = 2757349
	Memory = 6000
...
006 (13808230.000.000) 10/14 07:01:03 Image size of job updated: 203292
	138  -  MemoryUsage of job (MB)
	140512  -  ResidentSetSize of job (KB)
...
040 (13808230.000.000) 10/14 07:01:03 Started transferring output files
...
040 (13808230.000.000) 10/14 07:01:03 Finished transferring output files
...
005 (13808230.000.000) 10/14 07:01:03 Job terminated.
	(1) Normal termination (return value 0)
		Usr 0 00:00:02, Sys 0 00:00:00  -  Run Remote Usage
		Usr 0 00:00:00, Sys 0 00:00:00  -  Run Local Usage
		Usr 0 00:00:02, Sys 0 00:00:00  -  Total Remote Usage
		Usr 0 00:00:00, Sys 0 00:00:00  -  Total Local Usage
	6913  -  Run Bytes Sent By Job
	377  -  Run Bytes Received By Job
	6913  -  Total Bytes Sent By Job
	377  -  Total Bytes Received By Job
	Partitionable Resources :    Usage  Request Allocated 
	   Cpus                 :                 3         3 
	   Disk (KB)            :       21        1   2757349 
	   Memory (MB)          :      138     6000      6000 

	Job terminated of its own accord at 2024-10-14T05:01:03Z with exit-code 0.
...
000 (13808775.000.000) 10/14 13:46:47 Job submitted from host: <137.138.44.75:9618?addrs=137.138.44.75-9618+[2001-1458-d00-1a--b]-9618&alias=bigbird14.cern.ch&noUDP&sock=schedd_1981_6134>
...
040 (13808775.000.000) 10/14 13:50:34 Started transferring input files
	Transferring to host: <128.142.33.16:9618?addrs=128.142.33.16-9618+[2001-1458-301-53--100-d]-9618&alias=b9g34p3570.cern.ch&noUDP&sock=slot1_5_2055329_f6d4_80400>
...
040 (13808775.000.000) 10/14 13:50:34 Finished transferring input files
...
001 (13808775.000.000) 10/14 13:50:35 Job executing on host: <128.142.33.16:9618?addrs=128.142.33.16-9618+[2001-1458-301-53--100-d]-9618&alias=b9g34p3570.cern.ch&noUDP&sock=startd_119205_4b1e>
	SlotName: slot1_5@b9g34p3570.cern.ch
	CondorScratchDir = "/pool/condor/dir_501209"
	Cpus = 3
	Disk = 2328633
	Memory = 6000
...
006 (13808775.000.000) 10/14 13:50:44 Image size of job updated: 523076
	511  -  MemoryUsage of job (MB)
	523076  -  ResidentSetSize of job (KB)
...
006 (13808775.000.000) 10/14 13:51:56 Image size of job updated: 621184
	607  -  MemoryUsage of job (MB)
	621184  -  ResidentSetSize of job (KB)
...
040 (13808775.000.000) 10/14 13:51:56 Started transferring output files
...
040 (13808775.000.000) 10/14 13:51:56 Finished transferring output files
...
005 (13808775.000.000) 10/14 13:51:56 Job terminated.
	(1) Normal termination (return value 0)
		Usr 118 18:45:35, Sys 3 20:26:52  -  Run Remote Usage
		Usr 0 00:00:00, Sys 0 00:00:00  -  Run Local Usage
		Usr 118 18:45:35, Sys 3 20:26:52  -  Total Remote Usage
		Usr 0 00:00:00, Sys 0 00:00:00  -  Total Local Usage
	6781  -  Run Bytes Sent By Job
	377  -  Run Bytes Received By Job
	6781  -  Total Bytes Sent By Job
	377  -  Total Bytes Received By Job
	Partitionable Resources :    Usage  Request Allocated 
	   Cpus                 :                 3         3 
	   Disk (KB)            :       21        1   2328633 
	   Memory (MB)          :      607     6000      6000 

	Job terminated of its own accord at 2024-10-14T11:51:56Z with exit-code 0.
...
000 (13809399.000.000) 10/14 19:38:29 Job submitted from host: <137.138.44.75:9618?addrs=137.138.44.75-9618+[2001-1458-d00-1a--b]-9618&alias=bigbird14.cern.ch&noUDP&sock=schedd_1981_6134>
...
040 (13809399.000.000) 10/14 19:43:08 Started transferring input files
	Transferring to host: <188.184.185.119:9618?addrs=188.184.185.119-9618+[2001-1458-301-52--100-76]-9618&alias=b9g37p0500.cern.ch&noUDP&sock=slot1_8_3533865_54b1_23573>
...
040 (13809399.000.000) 10/14 19:43:08 Finished transferring input files
...
001 (13809399.000.000) 10/14 19:43:09 Job executing on host: <188.184.185.119:9618?addrs=188.184.185.119-9618+[2001-1458-301-52--100-76]-9618&alias=b9g37p0500.cern.ch&noUDP&sock=startd_5132_b420>
	SlotName: slot1_8@b9g37p0500.cern.ch
	CondorScratchDir = "/pool/condor/dir_1633460"
	Cpus = 3
	Disk = 2777223
	Memory = 6000
...
006 (13809399.000.000) 10/14 19:43:17 Image size of job updated: 79548
	78  -  MemoryUsage of job (MB)
	79548  -  ResidentSetSize of job (KB)
...
006 (13809399.000.000) 10/14 19:44:06 Image size of job updated: 115316
	78  -  MemoryUsage of job (MB)
	79548  -  ResidentSetSize of job (KB)
...
040 (13809399.000.000) 10/14 19:44:06 Started transferring output files
...
040 (13809399.000.000) 10/14 19:44:06 Finished transferring output files
...
005 (13809399.000.000) 10/14 19:44:06 Job terminated.
	(1) Normal termination (return value 0)
		Usr 0 00:00:53, Sys 0 00:00:00  -  Run Remote Usage
		Usr 0 00:00:00, Sys 0 00:00:00  -  Run Local Usage
		Usr 0 00:00:53, Sys 0 00:00:00  -  Total Remote Usage
		Usr 0 00:00:00, Sys 0 00:00:00  -  Total Local Usage
	6937  -  Run Bytes Sent By Job
	377  -  Run Bytes Received By Job
	6937  -  Total Bytes Sent By Job
	377  -  Total Bytes Received By Job
	Partitionable Resources :    Usage  Request Allocated 
	   Cpus                 :                 3         3 
	   Disk (KB)            :       21        1   2777223 
	   Memory (MB)          :       78     6000      6000 

	Job terminated of its own accord at 2024-10-14T17:44:06Z with exit-code 0.
...
000 (13809448.000.000) 10/14 21:03:31 Job submitted from host: <137.138.44.75:9618?addrs=137.138.44.75-9618+[2001-1458-d00-1a--b]-9618&alias=bigbird14.cern.ch&noUDP&sock=schedd_1981_6134>
...
040 (13809448.000.000) 10/14 21:05:20 Started transferring input files
	Transferring to host: <128.142.161.114:9618?addrs=128.142.161.114-9618+[2001-1458-301-b8--100-30]-9618&alias=b9g03p3124.cern.ch&noUDP&sock=slot1_10_3830542_1db1_405>
...
040 (13809448.000.000) 10/14 21:05:20 Finished transferring input files
...
001 (13809448.000.000) 10/14 21:05:21 Job executing on host: <128.142.161.114:9618?addrs=128.142.161.114-9618+[2001-1458-301-b8--100-30]-9618&alias=b9g03p3124.cern.ch&noUDP&sock=startd_3185_393b>
	SlotName: slot1_10@b9g03p3124.cern.ch
	CondorScratchDir = "/pool/condor/dir_1516526"
	Cpus = 3
	Disk = 3172616
	Memory = 6000
...
006 (13809448.000.000) 10/14 21:05:26 Image size of job updated: 113096
	41  -  MemoryUsage of job (MB)
	41296  -  ResidentSetSize of job (KB)
...
040 (13809448.000.000) 10/14 21:05:26 Started transferring output files
...
040 (13809448.000.000) 10/14 21:05:26 Finished transferring output files
...
005 (13809448.000.000) 10/14 21:05:26 Job terminated.
	(1) Normal termination (return value 0)
		Usr 0 00:00:01, Sys 0 00:00:00  -  Run Remote Usage
		Usr 0 00:00:00, Sys 0 00:00:00  -  Run Local Usage
		Usr 0 00:00:01, Sys 0 00:00:00  -  Total Remote Usage
		Usr 0 00:00:00, Sys 0 00:00:00  -  Total Local Usage
	6867  -  Run Bytes Sent By Job
	377  -  Run Bytes Received By Job
	6867  -  Total Bytes Sent By Job
	377  -  Total Bytes Received By Job
	Partitionable Resources :    Usage  Request Allocated 
	   Cpus                 :                 3         3 
	   Disk (KB)            :       22        1   3172616 
	   Memory (MB)          :       41     6000      6000 

	Job terminated of its own accord at 2024-10-14T19:05:26Z with exit-code 0.
...
000 (13810252.000.000) 10/15 07:39:31 Job submitted from host: <137.138.44.75:9618?addrs=137.138.44.75-9618+[2001-1458-d00-1a--b]-9618&alias=bigbird14.cern.ch&noUDP&sock=schedd_1981_6134>
...
040 (13810252.000.000) 10/15 07:42:09 Started transferring input files
	Transferring to host: <188.185.208.11:9618?addrs=188.185.208.11-9618+[2001-1458-303-f--100-8]-9618&alias=b9p09p2033.cern.ch&noUDP&sock=slot1_1_5157_52ab_242437>
...
040 (13810252.000.000) 10/15 07:42:09 Finished transferring input files
...
001 (13810252.000.000) 10/15 07:42:10 Job executing on host: <188.185.208.11:9618?addrs=188.185.208.11-9618+[2001-1458-303-f--100-8]-9618&alias=b9p09p2033.cern.ch&noUDP&sock=startd_4336_b6bd>
	SlotName: slot1_1@b9p09p2033.cern.ch
	CondorScratchDir = "/pool/condor/dir_219318"
	Cpus = 3
	Disk = 2666639
	Memory = 6000
...
006 (13810252.000.000) 10/15 07:42:14 Image size of job updated: 380652
	18  -  MemoryUsage of job (MB)
	17812  -  ResidentSetSize of job (KB)
...
040 (13810252.000.000) 10/15 07:42:14 Started transferring output files
...
040 (13810252.000.000) 10/15 07:42:14 Finished transferring output files
...
005 (13810252.000.000) 10/15 07:42:14 Job terminated.
	(1) Normal termination (return value 139)
		Usr 0 00:00:02, Sys 0 00:00:01  -  Run Remote Usage
		Usr 0 00:00:00, Sys 0 00:00:00  -  Run Local Usage
		Usr 0 00:00:02, Sys 0 00:00:01  -  Total Remote Usage
		Usr 0 00:00:00, Sys 0 00:00:00  -  Total Local Usage
	8508  -  Run Bytes Sent By Job
	377  -  Run Bytes Received By Job
	8508  -  Total Bytes Sent By Job
	377  -  Total Bytes Received By Job
	Partitionable Resources :    Usage  Request Allocated 
	   Cpus                 :        0        3         3 
	   Disk (KB)            :       35        1   2666639 
	   Memory (MB)          :       18     6000      6000 

	Job terminated of its own accord at 2024-10-15T05:42:14Z with exit-code 139.
...
000 (13810288.000.000) 10/15 08:11:59 Job submitted from host: <137.138.44.75:9618?addrs=137.138.44.75-9618+[2001-1458-d00-1a--b]-9618&alias=bigbird14.cern.ch&noUDP&sock=schedd_1981_6134>
...
040 (13810288.000.000) 10/15 08:13:55 Started transferring input files
	Transferring to host: <128.142.248.62:9618?addrs=128.142.248.62-9618+[2001-1458-301-73--100-12e]-9618&alias=b9g23p7248.cern.ch&noUDP&sock=slot1_6_6798_8e4e_68041>
...
040 (13810288.000.000) 10/15 08:13:55 Finished transferring input files
...
001 (13810288.000.000) 10/15 08:13:56 Job executing on host: <128.142.248.62:9618?addrs=128.142.248.62-9618+[2001-1458-301-73--100-12e]-9618&alias=b9g23p7248.cern.ch&noUDP&sock=startd_6301_8a56>
	SlotName: slot1_6@b9g23p7248.cern.ch
	CondorScratchDir = "/pool/condor/dir_3958725"
	Cpus = 3
	Disk = 3027763
	Memory = 6000
...
006 (13810288.000.000) 10/15 08:14:01 Image size of job updated: 392500
	45  -  MemoryUsage of job (MB)
	45572  -  ResidentSetSize of job (KB)
...
040 (13810288.000.000) 10/15 08:14:01 Started transferring output files
...
040 (13810288.000.000) 10/15 08:14:01 Finished transferring output files
...
005 (13810288.000.000) 10/15 08:14:01 Job terminated.
	(1) Normal termination (return value 139)
		Usr 0 00:00:03, Sys 0 00:00:00  -  Run Remote Usage
		Usr 0 00:00:00, Sys 0 00:00:00  -  Run Local Usage
		Usr 0 00:00:03, Sys 0 00:00:00  -  Total Remote Usage
		Usr 0 00:00:00, Sys 0 00:00:00  -  Total Local Usage
	8508  -  Run Bytes Sent By Job
	377  -  Run Bytes Received By Job
	8508  -  Total Bytes Sent By Job
	377  -  Total Bytes Received By Job
	Partitionable Resources :    Usage  Request Allocated 
	   Cpus                 :                 3         3 
	   Disk (KB)            :       23        1   3027763 
	   Memory (MB)          :       45     6000      6000 

	Job terminated of its own accord at 2024-10-15T06:14:01Z with exit-code 139.
...
000 (13810436.000.000) 10/15 09:33:31 Job submitted from host: <137.138.44.75:9618?addrs=137.138.44.75-9618+[2001-1458-d00-1a--b]-9618&alias=bigbird14.cern.ch&noUDP&sock=schedd_1981_6134>
...
040 (13810436.000.000) 10/15 09:38:31 Started transferring input files
	Transferring to host: <188.185.194.111:9618?addrs=188.185.194.111-9618+[2001-1458-303-21--100-6b]-9618&alias=b9p20p1306.cern.ch&noUDP&sock=slot1_14_3323642_35ac_51713>
...
040 (13810436.000.000) 10/15 09:38:31 Finished transferring input files
...
001 (13810436.000.000) 10/15 09:38:32 Job executing on host: <188.185.194.111:9618?addrs=188.185.194.111-9618+[2001-1458-303-21--100-6b]-9618&alias=b9p20p1306.cern.ch&noUDP&sock=startd_128353_0f7e>
	SlotName: slot1_14@b9p20p1306.cern.ch
	CondorScratchDir = "/pool/condor/dir_4063890"
	Cpus = 3
	Disk = 2791752
	Memory = 6000
...
006 (13810436.000.000) 10/15 09:38:40 Image size of job updated: 1
	0  -  MemoryUsage of job (MB)
	0  -  ResidentSetSize of job (KB)
...
006 (13810436.000.000) 10/15 09:39:02 Image size of job updated: 386348
	42  -  MemoryUsage of job (MB)
	42428  -  ResidentSetSize of job (KB)
...
040 (13810436.000.000) 10/15 09:39:02 Started transferring output files
...
040 (13810436.000.000) 10/15 09:39:02 Finished transferring output files
...
005 (13810436.000.000) 10/15 09:39:02 Job terminated.
	(1) Normal termination (return value 139)
		Usr 0 00:00:04, Sys 0 00:00:01  -  Run Remote Usage
		Usr 0 00:00:00, Sys 0 00:00:00  -  Run Local Usage
		Usr 0 00:00:04, Sys 0 00:00:01  -  Total Remote Usage
		Usr 0 00:00:00, Sys 0 00:00:00  -  Total Local Usage
	8508  -  Run Bytes Sent By Job
	377  -  Run Bytes Received By Job
	8508  -  Total Bytes Sent By Job
	377  -  Total Bytes Received By Job
	Partitionable Resources :    Usage  Request Allocated 
	   Cpus                 :        0        3         3 
	   Disk (KB)            :       31        1   2791752 
	   Memory (MB)          :       42     6000      6000 

	Job terminated of its own accord at 2024-10-15T07:39:02Z with exit-code 139.
...
000 (13811529.000.000) 10/15 12:21:11 Job submitted from host: <137.138.44.75:9618?addrs=137.138.44.75-9618+[2001-1458-d00-1a--b]-9618&alias=bigbird14.cern.ch&noUDP&sock=schedd_1981_6134>
...
040 (13811529.000.000) 10/15 12:22:02 Started transferring input files
	Transferring to host: <188.185.196.58:9618?addrs=188.185.196.58-9618+[2001-1458-303-23--100-36]-9618&alias=b9p16p5202.cern.ch&noUDP&sock=slot1_1_3065942_3f3d_10231>
...
040 (13811529.000.000) 10/15 12:22:02 Finished transferring input files
...
001 (13811529.000.000) 10/15 12:22:03 Job executing on host: <188.185.196.58:9618?addrs=188.185.196.58-9618+[2001-1458-303-23--100-36]-9618&alias=b9p16p5202.cern.ch&noUDP&sock=startd_5101_70b0>
	SlotName: slot1_1@b9p16p5202.cern.ch
	CondorScratchDir = "/pool/condor/dir_2725291"
	Cpus = 3
	Disk = 2850669
	Memory = 6000
...
006 (13811529.000.000) 10/15 12:22:06 Image size of job updated: 425960
	70  -  MemoryUsage of job (MB)
	71244  -  ResidentSetSize of job (KB)
...
040 (13811529.000.000) 10/15 12:22:06 Started transferring output files
...
040 (13811529.000.000) 10/15 12:22:06 Finished transferring output files
...
005 (13811529.000.000) 10/15 12:22:06 Job terminated.
	(1) Normal termination (return value 139)
		Usr 0 00:00:03, Sys 0 00:00:00  -  Run Remote Usage
		Usr 0 00:00:00, Sys 0 00:00:00  -  Run Local Usage
		Usr 0 00:00:03, Sys 0 00:00:00  -  Total Remote Usage
		Usr 0 00:00:00, Sys 0 00:00:00  -  Total Local Usage
	8508  -  Run Bytes Sent By Job
	377  -  Run Bytes Received By Job
	8508  -  Total Bytes Sent By Job
	377  -  Total Bytes Received By Job
	Partitionable Resources :    Usage  Request Allocated 
	   Cpus                 :        0        3         3 
	   Disk (KB)            :       30        1   2850669 
	   Memory (MB)          :       70     6000      6000 

	Job terminated of its own accord at 2024-10-15T10:22:06Z with exit-code 139.
...
000 (13811584.000.000) 10/15 12:34:50 Job submitted from host: <137.138.44.75:9618?addrs=137.138.44.75-9618+[2001-1458-d00-1a--b]-9618&alias=bigbird14.cern.ch&noUDP&sock=schedd_1981_6134>
...
040 (13811584.000.000) 10/15 12:52:10 Started transferring input files
	Transferring to host: <188.184.185.91:9618?addrs=188.184.185.91-9618+[2001-1458-301-52--100-5a]-9618&alias=b9g37p2905.cern.ch&noUDP&sock=slot1_22_3555060_202e_48643>
...
040 (13811584.000.000) 10/15 12:52:10 Finished transferring input files
...
001 (13811584.000.000) 10/15 12:52:11 Job executing on host: <188.184.185.91:9618?addrs=188.184.185.91-9618+[2001-1458-301-52--100-5a]-9618&alias=b9g37p2905.cern.ch&noUDP&sock=startd_3531_8cff>
	SlotName: slot1_22@b9g37p2905.cern.ch
	CondorScratchDir = "/pool/condor/dir_2533465"
	Cpus = 3
	Disk = 2952679
	Memory = 6000
...
006 (13811584.000.000) 10/15 12:52:19 Image size of job updated: 1952
	2  -  MemoryUsage of job (MB)
	1508  -  ResidentSetSize of job (KB)
...
006 (13811584.000.000) 10/15 12:52:41 Image size of job updated: 442104
	101  -  MemoryUsage of job (MB)
	102912  -  ResidentSetSize of job (KB)
...
040 (13811584.000.000) 10/15 12:52:41 Started transferring output files
...
040 (13811584.000.000) 10/15 12:52:41 Finished transferring output files
...
005 (13811584.000.000) 10/15 12:52:41 Job terminated.
	(1) Normal termination (return value 139)
		Usr 0 00:00:04, Sys 0 00:00:01  -  Run Remote Usage
		Usr 0 00:00:00, Sys 0 00:00:00  -  Run Local Usage
		Usr 0 00:00:04, Sys 0 00:00:01  -  Total Remote Usage
		Usr 0 00:00:00, Sys 0 00:00:00  -  Total Local Usage
	8508  -  Run Bytes Sent By Job
	377  -  Run Bytes Received By Job
	8508  -  Total Bytes Sent By Job
	377  -  Total Bytes Received By Job
	Partitionable Resources :    Usage  Request Allocated 
	   Cpus                 :        0        3         3 
	   Disk (KB)            :       30        1   2952679 
	   Memory (MB)          :      101     6000      6000 

	Job terminated of its own accord at 2024-10-15T10:52:41Z with exit-code 139.
...
000 (13812165.000.000) 10/15 13:03:08 Job submitted from host: <137.138.44.75:9618?addrs=137.138.44.75-9618+[2001-1458-d00-1a--b]-9618&alias=bigbird14.cern.ch&noUDP&sock=schedd_1981_6134>
...
040 (13812165.000.000) 10/15 13:05:41 Started transferring input files
	Transferring to host: <188.185.195.10:9618?addrs=188.185.195.10-9618+[2001-1458-303-22--100-6]-9618&alias=b9p17p5622.cern.ch&noUDP&sock=slot1_5_3642881_f702_1854>
...
040 (13812165.000.000) 10/15 13:05:41 Finished transferring input files
...
001 (13812165.000.000) 10/15 13:05:42 Job executing on host: <188.185.195.10:9618?addrs=188.185.195.10-9618+[2001-1458-303-22--100-6]-9618&alias=b9p17p5622.cern.ch&noUDP&sock=startd_1599452_9d1f>
	SlotName: slot1_5@b9p17p5622.cern.ch
	CondorScratchDir = "/pool/condor/dir_1905456"
	Cpus = 3
	Disk = 3015085
	Memory = 6000
...
006 (13812165.000.000) 10/15 13:05:48 Image size of job updated: 408260
	57  -  MemoryUsage of job (MB)
	57848  -  ResidentSetSize of job (KB)
...
040 (13812165.000.000) 10/15 13:05:48 Started transferring output files
...
040 (13812165.000.000) 10/15 13:05:48 Finished transferring output files
...
005 (13812165.000.000) 10/15 13:05:48 Job terminated.
	(1) Normal termination (return value 139)
		Usr 0 00:00:04, Sys 0 00:00:01  -  Run Remote Usage
		Usr 0 00:00:00, Sys 0 00:00:00  -  Run Local Usage
		Usr 0 00:00:04, Sys 0 00:00:01  -  Total Remote Usage
		Usr 0 00:00:00, Sys 0 00:00:00  -  Total Local Usage
	8508  -  Run Bytes Sent By Job
	384  -  Run Bytes Received By Job
	8508  -  Total Bytes Sent By Job
	384  -  Total Bytes Received By Job
	Partitionable Resources :    Usage  Request Allocated 
	   Cpus                 :        0        3         3 
	   Disk (KB)            :       30        1   3015085 
	   Memory (MB)          :       57     6000      6000 

	Job terminated of its own accord at 2024-10-15T11:05:48Z with exit-code 139.
...
000 (13812453.000.000) 10/15 13:17:18 Job submitted from host: <137.138.44.75:9618?addrs=137.138.44.75-9618+[2001-1458-d00-1a--b]-9618&alias=bigbird14.cern.ch&noUDP&sock=schedd_1981_6134>
...
040 (13812453.000.000) 10/15 13:41:01 Started transferring input files
	Transferring to host: <188.185.193.108:9618?addrs=188.185.193.108-9618+[2001-1458-303-20--100-68]-9618&alias=b9p19p0935.cern.ch&noUDP&sock=slot1_14_1343206_e396_54517>
...
040 (13812453.000.000) 10/15 13:41:01 Finished transferring input files
...
001 (13812453.000.000) 10/15 13:41:02 Job executing on host: <188.185.193.108:9618?addrs=188.185.193.108-9618+[2001-1458-303-20--100-68]-9618&alias=b9p19p0935.cern.ch&noUDP&sock=startd_128283_0bdd>
	SlotName: slot1_14@b9p19p0935.cern.ch
	CondorScratchDir = "/pool/condor/dir_2963333"
	Cpus = 3
	Disk = 2972930
	Memory = 6000
...
006 (13812453.000.000) 10/15 13:41:07 Image size of job updated: 380920
	26  -  MemoryUsage of job (MB)
	26104  -  ResidentSetSize of job (KB)
...
040 (13812453.000.000) 10/15 13:41:07 Started transferring output files
...
040 (13812453.000.000) 10/15 13:41:07 Finished transferring output files
...
005 (13812453.000.000) 10/15 13:41:07 Job terminated.
	(1) Normal termination (return value 139)
		Usr 0 00:00:04, Sys 0 00:00:01  -  Run Remote Usage
		Usr 0 00:00:00, Sys 0 00:00:00  -  Run Local Usage
		Usr 0 00:00:04, Sys 0 00:00:01  -  Total Remote Usage
		Usr 0 00:00:00, Sys 0 00:00:00  -  Total Local Usage
	8762  -  Run Bytes Sent By Job
	391  -  Run Bytes Received By Job
	8762  -  Total Bytes Sent By Job
	391  -  Total Bytes Received By Job
	Partitionable Resources :    Usage  Request Allocated 
	   Cpus                 :                 3         3 
	   Disk (KB)            :       23        1   2972930 
	   Memory (MB)          :       26     6000      6000 

	Job terminated of its own accord at 2024-10-15T11:41:07Z with exit-code 139.
...
000 (13818194.000.000) 10/15 19:48:10 Job submitted from host: <137.138.44.75:9618?addrs=137.138.44.75-9618+[2001-1458-d00-1a--b]-9618&alias=bigbird14.cern.ch&noUDP&sock=schedd_1981_6134>
...
040 (13818194.000.000) 10/15 19:52:00 Started transferring input files
	Transferring to host: <128.142.192.184:9618?addrs=128.142.192.184-9618+[2001-1458-301-56--100-34]-9618&alias=b9g18p4436.cern.ch&noUDP&sock=slot1_6_7428_72a7_19706>
...
040 (13818194.000.000) 10/15 19:52:00 Finished transferring input files
...
001 (13818194.000.000) 10/15 19:52:01 Job executing on host: <128.142.192.184:9618?addrs=128.142.192.184-9618+[2001-1458-301-56--100-34]-9618&alias=b9g18p4436.cern.ch&noUDP&sock=startd_6640_10f1>
	SlotName: slot1_6@b9g18p4436.cern.ch
	CondorScratchDir = "/pool/condor/dir_3475338"
	Cpus = 3
	Disk = 2912708
	Memory = 6000
...
006 (13818194.000.000) 10/15 19:52:10 Image size of job updated: 148172
	143  -  MemoryUsage of job (MB)
	146120  -  ResidentSetSize of job (KB)
...
006 (13818194.000.000) 10/15 19:52:36 Image size of job updated: 377092
	143  -  MemoryUsage of job (MB)
	146120  -  ResidentSetSize of job (KB)
...
040 (13818194.000.000) 10/15 19:52:36 Started transferring output files
...
040 (13818194.000.000) 10/15 19:52:36 Finished transferring output files
...
005 (13818194.000.000) 10/15 19:52:36 Job terminated.
	(1) Normal termination (return value 139)
		Usr 0 00:00:08, Sys 0 00:00:01  -  Run Remote Usage
		Usr 0 00:00:00, Sys 0 00:00:00  -  Run Local Usage
		Usr 0 00:00:08, Sys 0 00:00:01  -  Total Remote Usage
		Usr 0 00:00:00, Sys 0 00:00:00  -  Total Local Usage
	8533  -  Run Bytes Sent By Job
	391  -  Run Bytes Received By Job
	8533  -  Total Bytes Sent By Job
	391  -  Total Bytes Received By Job
	Partitionable Resources :    Usage  Request Allocated 
	   Cpus                 :        0        3         3 
	   Disk (KB)            :       30        1   2912708 
	   Memory (MB)          :      143     6000      6000 

	Job terminated of its own accord at 2024-10-15T17:52:36Z with exit-code 139.
...
000 (13821673.000.000) 10/16 04:52:39 Job submitted from host: <137.138.44.75:9618?addrs=137.138.44.75-9618+[2001-1458-d00-1a--b]-9618&alias=bigbird14.cern.ch&noUDP&sock=schedd_1981_6134>
...
040 (13821673.000.000) 10/16 04:54:51 Started transferring input files
	Transferring to host: <128.142.33.41:9618?addrs=128.142.33.41-9618+[2001-1458-301-53--100-26]-9618&alias=b9g34p3999.cern.ch&noUDP&sock=slot1_36_4972_f943_62279>
...
040 (13821673.000.000) 10/16 04:54:51 Finished transferring input files
...
001 (13821673.000.000) 10/16 04:54:52 Job executing on host: <128.142.33.41:9618?addrs=128.142.33.41-9618+[2001-1458-301-53--100-26]-9618&alias=b9g34p3999.cern.ch&noUDP&sock=startd_4058_0769>
	SlotName: slot1_36@b9g34p3999.cern.ch
	CondorScratchDir = "/pool/condor/dir_2237297"
	Cpus = 3
	Disk = 2619502
	Memory = 6000
...
006 (13821673.000.000) 10/16 04:54:56 Image size of job updated: 406668
	60  -  MemoryUsage of job (MB)
	60728  -  ResidentSetSize of job (KB)
...
040 (13821673.000.000) 10/16 04:54:56 Started transferring output files
...
040 (13821673.000.000) 10/16 04:54:56 Finished transferring output files
...
005 (13821673.000.000) 10/16 04:54:56 Job terminated.
	(1) Normal termination (return value 139)
		Usr 0 00:00:03, Sys 0 00:00:01  -  Run Remote Usage
		Usr 0 00:00:00, Sys 0 00:00:00  -  Run Local Usage
		Usr 0 00:00:03, Sys 0 00:00:01  -  Total Remote Usage
		Usr 0 00:00:00, Sys 0 00:00:00  -  Total Local Usage
	8533  -  Run Bytes Sent By Job
	391  -  Run Bytes Received By Job
	8533  -  Total Bytes Sent By Job
	391  -  Total Bytes Received By Job
	Partitionable Resources :    Usage  Request Allocated 
	   Cpus                 :                 3         3 
	   Disk (KB)            :       23        1   2619502 
	   Memory (MB)          :       60     6000      6000 

	Job terminated of its own accord at 2024-10-16T02:54:56Z with exit-code 139.
...
000 (13822170.000.000) 10/16 05:46:59 Job submitted from host: <137.138.44.75:9618?addrs=137.138.44.75-9618+[2001-1458-d00-1a--b]-9618&alias=bigbird14.cern.ch&noUDP&sock=schedd_1981_6134>
...
040 (13822170.000.000) 10/16 05:50:15 Started transferring input files
	Transferring to host: <188.185.192.13:9618?addrs=188.185.192.13-9618+[2001-1458-303-1f--100-9]-9618&alias=b9p13p4484.cern.ch&noUDP&sock=slot1_10_8014_567f_20902>
...
040 (13822170.000.000) 10/16 05:50:15 Finished transferring input files
...
001 (13822170.000.000) 10/16 05:50:16 Job executing on host: <188.185.192.13:9618?addrs=188.185.192.13-9618+[2001-1458-303-1f--100-9]-9618&alias=b9p13p4484.cern.ch&noUDP&sock=startd_6732_2ba8>
	SlotName: slot1_10@b9p13p4484.cern.ch
	CondorScratchDir = "/pool/condor/dir_2306839"
	Cpus = 3
	Disk = 2960090
	Memory = 6000
...
006 (13822170.000.000) 10/16 05:50:21 Image size of job updated: 127180
	55  -  MemoryUsage of job (MB)
	55392  -  ResidentSetSize of job (KB)
...
040 (13822170.000.000) 10/16 05:50:21 Started transferring output files
...
040 (13822170.000.000) 10/16 05:50:21 Finished transferring output files
...
005 (13822170.000.000) 10/16 05:50:21 Job terminated.
	(1) Normal termination (return value 0)
		Usr 0 00:00:01, Sys 0 00:00:00  -  Run Remote Usage
		Usr 0 00:00:00, Sys 0 00:00:00  -  Run Local Usage
		Usr 0 00:00:01, Sys 0 00:00:00  -  Total Remote Usage
		Usr 0 00:00:00, Sys 0 00:00:00  -  Total Local Usage
	6886  -  Run Bytes Sent By Job
	391  -  Run Bytes Received By Job
	6886  -  Total Bytes Sent By Job
	391  -  Total Bytes Received By Job
	Partitionable Resources :    Usage  Request Allocated 
	   Cpus                 :        0        3         3 
	   Disk (KB)            :       29        1   2960090 
	   Memory (MB)          :       55     6000      6000 

	Job terminated of its own accord at 2024-10-16T03:50:21Z with exit-code 0.
...
