000 (12860113.000.000) 05/14 20:12:48 Job submitted from host: <137.138.44.75:9618?addrs=137.138.44.75-9618+[2001-1458-d00-1a--b]-9618&alias=bigbird14.cern.ch&noUDP&sock=schedd_25236_601c>
...
040 (12860113.000.000) 05/14 20:14:27 Entered queue to transfer input files
	Transferring to host: <128.142.51.207:9618?addrs=128.142.51.207-9618+[2001-1458-301-3--100-c]-9618&alias=b9g02p4318.cern.ch&noUDP&sock=slot1_6_3516_1708_5596>
...
040 (12860113.000.000) 05/14 21:03:40 Started transferring input files
	Seconds spent in queue: 2953
...
040 (12860113.000.000) 05/14 21:03:41 Finished transferring input files
...
001 (12860113.000.000) 05/14 21:03:42 Job executing on host: <128.142.51.207:9618?addrs=128.142.51.207-9618+[2001-1458-301-3--100-c]-9618&alias=b9g02p4318.cern.ch&noUDP&sock=startd_3470_b5b8>
	SlotName: slot1_6@b9g02p4318.cern.ch
	CondorScratchDir = "/pool/condor/dir_2104492"
	Cpus = 3
	Disk = 2961176
	Memory = 6000
...
006 (12860113.000.000) 05/14 21:03:50 Image size of job updated: 481340
	170  -  MemoryUsage of job (MB)
	173816  -  ResidentSetSize of job (KB)
...
040 (12860113.000.000) 05/14 21:03:55 Entered queue to transfer output files
...
040 (12860113.000.000) 05/14 21:03:55 Started transferring output files
	Seconds spent in queue: 2968
...
040 (12860113.000.000) 05/14 21:03:56 Finished transferring output files
...
005 (12860113.000.000) 05/14 21:03:56 Job terminated.
	(1) Normal termination (return value 139)
		Usr 0 00:00:06, Sys 0 00:00:01  -  Run Remote Usage
		Usr 0 00:00:00, Sys 0 00:00:00  -  Run Local Usage
		Usr 0 00:00:06, Sys 0 00:00:01  -  Total Remote Usage
		Usr 0 00:00:00, Sys 0 00:00:00  -  Total Local Usage
	31402  -  Run Bytes Sent By Job
	252609  -  Run Bytes Received By Job
	31402  -  Total Bytes Sent By Job
	252609  -  Total Bytes Received By Job
	Partitionable Resources :    Usage  Request Allocated 
	   Cpus                 :        0        3         3 
	   Disk (KB)            :      301      250   2961176 
	   Memory (MB)          :      170     6000      6000 

	Job terminated of its own accord at 2024-05-14T19:03:50Z with exit-code 139.
...
000 (12935728.000.000) 05/18 11:05:55 Job submitted from host: <137.138.44.75:9618?addrs=137.138.44.75-9618+[2001-1458-d00-1a--b]-9618&alias=bigbird14.cern.ch&noUDP&sock=schedd_25236_601c>
...
040 (12935728.000.000) 05/18 11:07:13 Started transferring input files
	Transferring to host: <128.142.161.100:9618?addrs=128.142.161.100-9618+[2001-1458-301-b8--100-22]-9618&alias=b9g03p3225.cern.ch&noUDP&sock=slot1_10_1172295_a0d0_26831>
...
040 (12935728.000.000) 05/18 11:07:13 Finished transferring input files
...
001 (12935728.000.000) 05/18 11:07:14 Job executing on host: <128.142.161.100:9618?addrs=128.142.161.100-9618+[2001-1458-301-b8--100-22]-9618&alias=b9g03p3225.cern.ch&noUDP&sock=startd_3139_abdf>
	SlotName: slot1_10@b9g03p3225.cern.ch
	CondorScratchDir = "/pool/condor/dir_2749737"
	Cpus = 3
	Disk = 3067573
	Memory = 6000
...
006 (12935728.000.000) 05/18 11:07:21 Image size of job updated: 493840
	188  -  MemoryUsage of job (MB)
	191700  -  ResidentSetSize of job (KB)
...
040 (12935728.000.000) 05/18 11:07:21 Started transferring output files
...
040 (12935728.000.000) 05/18 11:07:21 Finished transferring output files
...
005 (12935728.000.000) 05/18 11:07:21 Job terminated.
	(1) Normal termination (return value 139)
		Usr 0 00:00:05, Sys 0 00:00:01  -  Run Remote Usage
		Usr 0 00:00:00, Sys 0 00:00:00  -  Run Local Usage
		Usr 0 00:00:05, Sys 0 00:00:01  -  Total Remote Usage
		Usr 0 00:00:00, Sys 0 00:00:00  -  Total Local Usage
	31401  -  Run Bytes Sent By Job
	252609  -  Run Bytes Received By Job
	31401  -  Total Bytes Sent By Job
	252609  -  Total Bytes Received By Job
	Partitionable Resources :    Usage  Request Allocated 
	   Cpus                 :        0        3         3 
	   Disk (KB)            :      301      250   3067573 
	   Memory (MB)          :      188     6000      6000 

	Job terminated of its own accord at 2024-05-18T09:07:21Z with exit-code 139.
...
000 (13740293.000.000) 10/01 07:36:58 Job submitted from host: <137.138.44.75:9618?addrs=137.138.44.75-9618+[2001-1458-d00-1a--b]-9618&alias=bigbird14.cern.ch&noUDP&sock=schedd_1981_6134>
...
040 (13740293.000.000) 10/01 07:38:54 Started transferring input files
	Transferring to host: <128.142.33.20:9618?addrs=128.142.33.20-9618+[2001-1458-301-53--100-11]-9618&alias=b9g34p2113.cern.ch&noUDP&sock=slot1_20_3062_34b6_38143>
...
040 (13740293.000.000) 10/01 07:38:54 Finished transferring input files
...
001 (13740293.000.000) 10/01 07:38:55 Job executing on host: <128.142.33.20:9618?addrs=128.142.33.20-9618+[2001-1458-301-53--100-11]-9618&alias=b9g34p2113.cern.ch&noUDP&sock=startd_2413_b21e>
	SlotName: slot1_20@b9g34p2113.cern.ch
	CondorScratchDir = "/pool/condor/dir_1199192"
	Cpus = 3
	Disk = 2487210
	Memory = 6000
...
006 (13740293.000.000) 10/01 07:39:04 Image size of job updated: 174396
	171  -  MemoryUsage of job (MB)
	174312  -  ResidentSetSize of job (KB)
...
006 (13740293.000.000) 10/01 07:39:09 Image size of job updated: 470788
	171  -  MemoryUsage of job (MB)
	174324  -  ResidentSetSize of job (KB)
...
040 (13740293.000.000) 10/01 07:39:09 Started transferring output files
...
040 (13740293.000.000) 10/01 07:39:09 Finished transferring output files
...
005 (13740293.000.000) 10/01 07:39:09 Job terminated.
	(1) Normal termination (return value 139)
		Usr 0 00:00:07, Sys 0 00:00:01  -  Run Remote Usage
		Usr 0 00:00:00, Sys 0 00:00:00  -  Run Local Usage
		Usr 0 00:00:07, Sys 0 00:00:01  -  Total Remote Usage
		Usr 0 00:00:00, Sys 0 00:00:00  -  Total Local Usage
	27360  -  Run Bytes Sent By Job
	348937  -  Run Bytes Received By Job
	27360  -  Total Bytes Sent By Job
	348937  -  Total Bytes Received By Job
	Partitionable Resources :    Usage  Request Allocated 
	   Cpus                 :                 3         3 
	   Disk (KB)            :      384      350   2487210 
	   Memory (MB)          :      171     6000      6000 

	Job terminated of its own accord at 2024-10-01T05:39:09Z with exit-code 139.
...
000 (13791673.000.000) 10/11 14:25:28 Job submitted from host: <137.138.44.75:9618?addrs=137.138.44.75-9618+[2001-1458-d00-1a--b]-9618&alias=bigbird14.cern.ch&noUDP&sock=schedd_1981_6134>
...
040 (13791673.000.000) 10/11 14:26:42 Started transferring input files
	Transferring to host: <188.184.185.169:9618?addrs=188.184.185.169-9618+[2001-1458-301-52--100-a8]-9618&alias=b9g37p3088.cern.ch&noUDP&sock=slot1_15_6197_18d5_49283>
...
040 (13791673.000.000) 10/11 14:26:42 Finished transferring input files
...
001 (13791673.000.000) 10/11 14:26:43 Job executing on host: <188.184.185.169:9618?addrs=188.184.185.169-9618+[2001-1458-301-52--100-a8]-9618&alias=b9g37p3088.cern.ch&noUDP&sock=startd_5521_8677>
	SlotName: slot1_15@b9g37p3088.cern.ch
	CondorScratchDir = "/pool/condor/dir_3125087"
	Cpus = 3
	Disk = 2694710
	Memory = 6000
...
006 (13791673.000.000) 10/11 14:26:51 Image size of job updated: 94804
	93  -  MemoryUsage of job (MB)
	94552  -  ResidentSetSize of job (KB)
...
006 (13791673.000.000) 10/11 14:30:59 Image size of job updated: 2260240
	2105  -  MemoryUsage of job (MB)
	2155324  -  ResidentSetSize of job (KB)
...
040 (13791673.000.000) 10/11 14:31:00 Started transferring output files
...
040 (13791673.000.000) 10/11 14:31:00 Finished transferring output files
...
005 (13791673.000.000) 10/11 14:31:00 Job terminated.
	(1) Normal termination (return value 0)
		Usr 0 00:00:54, Sys 0 00:00:03  -  Run Remote Usage
		Usr 0 00:00:00, Sys 0 00:00:00  -  Run Local Usage
		Usr 0 00:00:54, Sys 0 00:00:03  -  Total Remote Usage
		Usr 0 00:00:00, Sys 0 00:00:00  -  Total Local Usage
	10032  -  Run Bytes Sent By Job
	361313  -  Run Bytes Received By Job
	10032  -  Total Bytes Sent By Job
	361313  -  Total Bytes Received By Job
	Partitionable Resources :    Usage  Request Allocated 
	   Cpus                 :     0.14        3         3 
	   Disk (KB)            :   384         375   2694710 
	   Memory (MB)          :  2105        6000      6000 

	Job terminated of its own accord at 2024-10-11T12:30:59Z with exit-code 0.
...
000 (13796493.000.000) 10/12 04:41:20 Job submitted from host: <137.138.44.75:9618?addrs=137.138.44.75-9618+[2001-1458-d00-1a--b]-9618&alias=bigbird14.cern.ch&noUDP&sock=schedd_1981_6134>
...
040 (13796493.000.000) 10/12 04:42:44 Started transferring input files
	Transferring to host: <128.142.33.21:9618?addrs=128.142.33.21-9618+[2001-1458-301-53--100-12]-9618&alias=b9g34p3169.cern.ch&noUDP&sock=slot1_7_2615364_48ea_6878>
...
040 (13796493.000.000) 10/12 04:42:44 Finished transferring input files
...
001 (13796493.000.000) 10/12 04:42:45 Job executing on host: <128.142.33.21:9618?addrs=128.142.33.21-9618+[2001-1458-301-53--100-12]-9618&alias=b9g34p3169.cern.ch&noUDP&sock=startd_4045_1cad>
	SlotName: slot1_7@b9g34p3169.cern.ch
	CondorScratchDir = "/pool/condor/dir_3481727"
	Cpus = 3
	Disk = 2760366
	Memory = 6000
...
006 (13796493.000.000) 10/12 04:42:54 Image size of job updated: 158412
	155  -  MemoryUsage of job (MB)
	158412  -  ResidentSetSize of job (KB)
...
006 (13796493.000.000) 10/12 04:47:55 Image size of job updated: 1985516
	1939  -  MemoryUsage of job (MB)
	1985348  -  ResidentSetSize of job (KB)
...
006 (13796493.000.000) 10/12 04:48:13 Image size of job updated: 2308448
	2158  -  MemoryUsage of job (MB)
	2208920  -  ResidentSetSize of job (KB)
...
040 (13796493.000.000) 10/12 04:48:13 Started transferring output files
...
040 (13796493.000.000) 10/12 04:48:13 Finished transferring output files
...
005 (13796493.000.000) 10/12 04:48:13 Job terminated.
	(1) Normal termination (return value 0)
		Usr 0 00:00:55, Sys 0 00:00:04  -  Run Remote Usage
		Usr 0 00:00:00, Sys 0 00:00:00  -  Run Local Usage
		Usr 0 00:00:55, Sys 0 00:00:04  -  Total Remote Usage
		Usr 0 00:00:00, Sys 0 00:00:00  -  Total Local Usage
	9576  -  Run Bytes Sent By Job
	361313  -  Run Bytes Received By Job
	9576  -  Total Bytes Sent By Job
	361313  -  Total Bytes Received By Job
	Partitionable Resources :    Usage  Request Allocated 
	   Cpus                 :                 3         3 
	   Disk (KB)            :      376      375   2760366 
	   Memory (MB)          :     2158     6000      6000 

	Job terminated of its own accord at 2024-10-12T02:48:13Z with exit-code 0.
...
000 (13797179.000.000) 10/12 06:09:31 Job submitted from host: <137.138.44.75:9618?addrs=137.138.44.75-9618+[2001-1458-d00-1a--b]-9618&alias=bigbird14.cern.ch&noUDP&sock=schedd_1981_6134>
...
040 (13797179.000.000) 10/12 06:11:08 Started transferring input files
	Transferring to host: <128.142.33.35:9618?addrs=128.142.33.35-9618+[2001-1458-301-53--100-20]-9618&alias=b9g34p7363.cern.ch&noUDP&sock=slot1_10_2844112_f1c0_6905>
...
040 (13797179.000.000) 10/12 06:11:09 Finished transferring input files
...
001 (13797179.000.000) 10/12 06:11:10 Job executing on host: <128.142.33.35:9618?addrs=128.142.33.35-9618+[2001-1458-301-53--100-20]-9618&alias=b9g34p7363.cern.ch&noUDP&sock=startd_4252_18c8>
	SlotName: slot1_10@b9g34p7363.cern.ch
	CondorScratchDir = "/pool/condor/dir_933573"
	Cpus = 3
	Disk = 2918308
	Memory = 6000
...
006 (13797179.000.000) 10/12 06:11:18 Image size of job updated: 169440
	166  -  MemoryUsage of job (MB)
	169208  -  ResidentSetSize of job (KB)
...
006 (13797179.000.000) 10/12 06:15:29 Image size of job updated: 2322268
	2168  -  MemoryUsage of job (MB)
	2219268  -  ResidentSetSize of job (KB)
...
040 (13797179.000.000) 10/12 06:15:29 Started transferring output files
...
040 (13797179.000.000) 10/12 06:15:29 Finished transferring output files
...
005 (13797179.000.000) 10/12 06:15:29 Job terminated.
	(1) Normal termination (return value 0)
		Usr 0 00:00:53, Sys 0 00:00:03  -  Run Remote Usage
		Usr 0 00:00:00, Sys 0 00:00:00  -  Run Local Usage
		Usr 0 00:00:53, Sys 0 00:00:03  -  Total Remote Usage
		Usr 0 00:00:00, Sys 0 00:00:00  -  Total Local Usage
	9576  -  Run Bytes Sent By Job
	361313  -  Run Bytes Received By Job
	9576  -  Total Bytes Sent By Job
	361313  -  Total Bytes Received By Job
	Partitionable Resources :    Usage  Request Allocated 
	   Cpus                 :        0        3         3 
	   Disk (KB)            :      383      375   2918308 
	   Memory (MB)          :     2168     6000      6000 

	Job terminated of its own accord at 2024-10-12T04:15:29Z with exit-code 0.
...
000 (13797803.000.000) 10/12 06:34:47 Job submitted from host: <137.138.44.75:9618?addrs=137.138.44.75-9618+[2001-1458-d00-1a--b]-9618&alias=bigbird14.cern.ch&noUDP&sock=schedd_1981_6134>
...
040 (13797803.000.000) 10/12 06:36:14 Started transferring input files
	Transferring to host: <128.142.33.52:9618?addrs=128.142.33.52-9618+[2001-1458-301-53--100-31]-9618&alias=b9g34p1859.cern.ch&noUDP&sock=slot1_1_388498_bc6f_19024>
...
040 (13797803.000.000) 10/12 06:36:14 Finished transferring input files
...
001 (13797803.000.000) 10/12 06:36:15 Job executing on host: <128.142.33.52:9618?addrs=128.142.33.52-9618+[2001-1458-301-53--100-31]-9618&alias=b9g34p1859.cern.ch&noUDP&sock=startd_5888_41b9>
	SlotName: slot1_1@b9g34p1859.cern.ch
	CondorScratchDir = "/pool/condor/dir_1902217"
	Cpus = 3
	Disk = 2820468
	Memory = 6000
...
006 (13797803.000.000) 10/12 06:36:23 Image size of job updated: 1
	0  -  MemoryUsage of job (MB)
	0  -  ResidentSetSize of job (KB)
...
006 (13797803.000.000) 10/12 06:41:08 Image size of job updated: 1833820
	1645  -  MemoryUsage of job (MB)
	1684344  -  ResidentSetSize of job (KB)
...
040 (13797803.000.000) 10/12 06:41:08 Started transferring output files
...
040 (13797803.000.000) 10/12 06:41:08 Finished transferring output files
...
005 (13797803.000.000) 10/12 06:41:08 Job terminated.
	(1) Normal termination (return value 0)
		Usr 0 00:00:51, Sys 0 00:00:03  -  Run Remote Usage
		Usr 0 00:00:00, Sys 0 00:00:00  -  Run Local Usage
		Usr 0 00:00:51, Sys 0 00:00:03  -  Total Remote Usage
		Usr 0 00:00:00, Sys 0 00:00:00  -  Total Local Usage
	9576  -  Run Bytes Sent By Job
	361313  -  Run Bytes Received By Job
	9576  -  Total Bytes Sent By Job
	361313  -  Total Bytes Received By Job
	Partitionable Resources :    Usage  Request Allocated 
	   Cpus                 :     0.08        3         3 
	   Disk (KB)            :   383         375   2820468 
	   Memory (MB)          :  1645        6000      6000 

	Job terminated of its own accord at 2024-10-12T04:41:08Z with exit-code 0.
...
000 (13800591.000.000) 10/12 14:17:16 Job submitted from host: <137.138.44.75:9618?addrs=137.138.44.75-9618+[2001-1458-d00-1a--b]-9618&alias=bigbird14.cern.ch&noUDP&sock=schedd_1981_6134>
...
040 (13800591.000.000) 10/12 14:18:11 Started transferring input files
	Transferring to host: <188.185.215.153:9618?addrs=188.185.215.153-9618+[2001-1458-303-26--100-15]-9618&alias=b9p18p4537.cern.ch&noUDP&sock=slot1_20_3785719_41f2_57710>
...
040 (13800591.000.000) 10/12 14:18:11 Finished transferring input files
...
001 (13800591.000.000) 10/12 14:18:12 Job executing on host: <188.185.215.153:9618?addrs=188.185.215.153-9618+[2001-1458-303-26--100-15]-9618&alias=b9p18p4537.cern.ch&noUDP&sock=startd_8850_f13e>
	SlotName: slot1_20@b9p18p4537.cern.ch
	CondorScratchDir = "/pool/condor/dir_2105648"
	Cpus = 3
	Disk = 3025669
	Memory = 6000
...
006 (13800591.000.000) 10/12 14:18:21 Image size of job updated: 127232
	125  -  MemoryUsage of job (MB)
	127232  -  ResidentSetSize of job (KB)
...
006 (13800591.000.000) 10/12 14:22:28 Image size of job updated: 2273824
	2119  -  MemoryUsage of job (MB)
	2169096  -  ResidentSetSize of job (KB)
...
040 (13800591.000.000) 10/12 14:22:28 Started transferring output files
...
040 (13800591.000.000) 10/12 14:22:28 Finished transferring output files
...
005 (13800591.000.000) 10/12 14:22:28 Job terminated.
	(1) Normal termination (return value 0)
		Usr 0 00:00:45, Sys 0 00:00:02  -  Run Remote Usage
		Usr 0 00:00:00, Sys 0 00:00:00  -  Run Local Usage
		Usr 0 00:00:45, Sys 0 00:00:02  -  Total Remote Usage
		Usr 0 00:00:00, Sys 0 00:00:00  -  Total Local Usage
	9568  -  Run Bytes Sent By Job
	361313  -  Run Bytes Received By Job
	9568  -  Total Bytes Sent By Job
	361313  -  Total Bytes Received By Job
	Partitionable Resources :    Usage  Request Allocated 
	   Cpus                 :        0        3         3 
	   Disk (KB)            :      383      375   3025669 
	   Memory (MB)          :     2119     6000      6000 

	Job terminated of its own accord at 2024-10-12T12:22:28Z with exit-code 0.
...
000 (13800645.000.000) 10/12 14:41:00 Job submitted from host: <137.138.44.75:9618?addrs=137.138.44.75-9618+[2001-1458-d00-1a--b]-9618&alias=bigbird14.cern.ch&noUDP&sock=schedd_1981_6134>
...
040 (13800645.000.000) 10/12 14:44:11 Started transferring input files
	Transferring to host: <128.142.161.136:9618?addrs=128.142.161.136-9618+[2001-1458-301-b9--100-5]-9618&alias=b9g03p4958.cern.ch&noUDP&sock=slot1_9_3459386_233c_9007>
...
040 (13800645.000.000) 10/12 14:44:11 Finished transferring input files
...
001 (13800645.000.000) 10/12 14:44:12 Job executing on host: <128.142.161.136:9618?addrs=128.142.161.136-9618+[2001-1458-301-b9--100-5]-9618&alias=b9g03p4958.cern.ch&noUDP&sock=startd_7408_d9ad>
	SlotName: slot1_9@b9g03p4958.cern.ch
	CondorScratchDir = "/pool/condor/dir_3019400"
	Cpus = 3
	Disk = 2848018
	Memory = 6000
...
006 (13800645.000.000) 10/12 14:44:21 Image size of job updated: 1
	0  -  MemoryUsage of job (MB)
	0  -  ResidentSetSize of job (KB)
...
006 (13800645.000.000) 10/12 14:48:34 Image size of job updated: 2255020
	2102  -  MemoryUsage of job (MB)
	2151844  -  ResidentSetSize of job (KB)
...
040 (13800645.000.000) 10/12 14:48:34 Started transferring output files
...
040 (13800645.000.000) 10/12 14:48:34 Finished transferring output files
...
005 (13800645.000.000) 10/12 14:48:34 Job terminated.
	(1) Normal termination (return value 0)
		Usr 0 00:00:43, Sys 0 00:00:02  -  Run Remote Usage
		Usr 0 00:00:00, Sys 0 00:00:00  -  Run Local Usage
		Usr 0 00:00:43, Sys 0 00:00:02  -  Total Remote Usage
		Usr 0 00:00:00, Sys 0 00:00:00  -  Total Local Usage
	9568  -  Run Bytes Sent By Job
	361313  -  Run Bytes Received By Job
	9568  -  Total Bytes Sent By Job
	361313  -  Total Bytes Received By Job
	Partitionable Resources :    Usage  Request Allocated 
	   Cpus                 :        0        3         3 
	   Disk (KB)            :      383      375   2848018 
	   Memory (MB)          :     2102     6000      6000 

	Job terminated of its own accord at 2024-10-12T12:48:34Z with exit-code 0.
...
000 (13808207.000.000) 10/14 06:37:21 Job submitted from host: <137.138.44.75:9618?addrs=137.138.44.75-9618+[2001-1458-d00-1a--b]-9618&alias=bigbird14.cern.ch&noUDP&sock=schedd_1981_6134>
...
040 (13808207.000.000) 10/14 06:38:42 Started transferring input files
	Transferring to host: <128.142.33.39:9618?addrs=128.142.33.39-9618+[2001-1458-301-53--100-24]-9618&alias=b9g34p8759.cern.ch&noUDP&sock=slot1_12_4738_197a_57412>
...
040 (13808207.000.000) 10/14 06:38:42 Finished transferring input files
...
001 (13808207.000.000) 10/14 06:38:43 Job executing on host: <128.142.33.39:9618?addrs=128.142.33.39-9618+[2001-1458-301-53--100-24]-9618&alias=b9g34p8759.cern.ch&noUDP&sock=startd_3771_2bba>
	SlotName: slot1_12@b9g34p8759.cern.ch
	CondorScratchDir = "/pool/condor/dir_488620"
	Cpus = 3
	Disk = 2871357
	Memory = 6000
...
006 (13808207.000.000) 10/14 06:38:52 Image size of job updated: 176592
	173  -  MemoryUsage of job (MB)
	176592  -  ResidentSetSize of job (KB)
...
006 (13808207.000.000) 10/14 06:43:22 Image size of job updated: 2313284
	2161  -  MemoryUsage of job (MB)
	2211976  -  ResidentSetSize of job (KB)
...
040 (13808207.000.000) 10/14 06:43:22 Started transferring output files
...
040 (13808207.000.000) 10/14 06:43:22 Finished transferring output files
...
005 (13808207.000.000) 10/14 06:43:22 Job terminated.
	(1) Normal termination (return value 0)
		Usr 0 00:00:51, Sys 0 00:00:04  -  Run Remote Usage
		Usr 0 00:00:00, Sys 0 00:00:00  -  Run Local Usage
		Usr 0 00:00:51, Sys 0 00:00:04  -  Total Remote Usage
		Usr 0 00:00:00, Sys 0 00:00:00  -  Total Local Usage
	9568  -  Run Bytes Sent By Job
	361313  -  Run Bytes Received By Job
	9568  -  Total Bytes Sent By Job
	361313  -  Total Bytes Received By Job
	Partitionable Resources :    Usage  Request Allocated 
	   Cpus                 :        0        3         3 
	   Disk (KB)            :      383      375   2871357 
	   Memory (MB)          :     2161     6000      6000 

	Job terminated of its own accord at 2024-10-14T04:43:22Z with exit-code 0.
...
000 (13808382.000.000) 10/14 07:50:56 Job submitted from host: <137.138.44.75:9618?addrs=137.138.44.75-9618+[2001-1458-d00-1a--b]-9618&alias=bigbird14.cern.ch&noUDP&sock=schedd_1981_6134>
...
040 (13808382.000.000) 10/14 07:53:19 Started transferring input files
	Transferring to host: <188.184.185.61:9618?addrs=188.184.185.61-9618+[2001-1458-301-52--100-3c]-9618&alias=b9g37p3666.cern.ch&noUDP&sock=slot1_5_2915478_bf56_62108>
...
040 (13808382.000.000) 10/14 07:53:19 Finished transferring input files
...
001 (13808382.000.000) 10/14 07:53:20 Job executing on host: <188.184.185.61:9618?addrs=188.184.185.61-9618+[2001-1458-301-52--100-3c]-9618&alias=b9g37p3666.cern.ch&noUDP&sock=startd_4722_7a4b>
	SlotName: slot1_5@b9g37p3666.cern.ch
	CondorScratchDir = "/pool/condor/dir_1603703"
	Cpus = 3
	Disk = 2778441
	Memory = 6000
...
006 (13808382.000.000) 10/14 07:53:28 Image size of job updated: 116296
	114  -  MemoryUsage of job (MB)
	116076  -  ResidentSetSize of job (KB)
...
006 (13808382.000.000) 10/14 07:58:28 Image size of job updated: 2138972
	2087  -  MemoryUsage of job (MB)
	2136924  -  ResidentSetSize of job (KB)
...
040 (13808382.000.000) 10/14 07:58:28 Started transferring output files
...
040 (13808382.000.000) 10/14 07:58:28 Finished transferring output files
...
005 (13808382.000.000) 10/14 07:58:28 Job terminated.
	(1) Normal termination (return value 0)
		Usr 0 00:00:58, Sys 0 00:00:03  -  Run Remote Usage
		Usr 0 00:00:00, Sys 0 00:00:00  -  Run Local Usage
		Usr 0 00:00:58, Sys 0 00:00:03  -  Total Remote Usage
		Usr 0 00:00:00, Sys 0 00:00:00  -  Total Local Usage
	9562  -  Run Bytes Sent By Job
	361313  -  Run Bytes Received By Job
	9562  -  Total Bytes Sent By Job
	361313  -  Total Bytes Received By Job
	Partitionable Resources :    Usage  Request Allocated 
	   Cpus                 :                 3         3 
	   Disk (KB)            :      376      375   2778441 
	   Memory (MB)          :     2087     6000      6000 

	Job terminated of its own accord at 2024-10-14T05:58:28Z with exit-code 0.
...
000 (13808598.000.000) 10/14 10:12:14 Job submitted from host: <137.138.44.75:9618?addrs=137.138.44.75-9618+[2001-1458-d00-1a--b]-9618&alias=bigbird14.cern.ch&noUDP&sock=schedd_1981_6134>
...
040 (13808598.000.000) 10/14 10:15:08 Started transferring input files
	Transferring to host: <128.142.33.14:9618?addrs=128.142.33.14-9618+[2001-1458-301-53--100-b]-9618&alias=b9g34p3197.cern.ch&noUDP&sock=slot1_12_4057760_c089_26052>
...
040 (13808598.000.000) 10/14 10:15:08 Finished transferring input files
...
001 (13808598.000.000) 10/14 10:15:09 Job executing on host: <128.142.33.14:9618?addrs=128.142.33.14-9618+[2001-1458-301-53--100-b]-9618&alias=b9g34p3197.cern.ch&noUDP&sock=startd_2427_4c71>
	SlotName: slot1_12@b9g34p3197.cern.ch
	CondorScratchDir = "/pool/condor/dir_862998"
	Cpus = 3
	Disk = 2878388
	Memory = 6000
...
006 (13808598.000.000) 10/14 10:15:18 Image size of job updated: 448072
	438  -  MemoryUsage of job (MB)
	447972  -  ResidentSetSize of job (KB)
...
006 (13808598.000.000) 10/14 10:20:19 Image size of job updated: 2234984
	2183  -  MemoryUsage of job (MB)
	2234984  -  ResidentSetSize of job (KB)
...
006 (13808598.000.000) 10/14 10:21:07 Image size of job updated: 2671656
	2509  -  MemoryUsage of job (MB)
	2569108  -  ResidentSetSize of job (KB)
...
040 (13808598.000.000) 10/14 10:21:07 Started transferring output files
...
040 (13808598.000.000) 10/14 10:21:07 Finished transferring output files
...
005 (13808598.000.000) 10/14 10:21:07 Job terminated.
	(1) Normal termination (return value 0)
		Usr 0 00:01:00, Sys 0 00:00:04  -  Run Remote Usage
		Usr 0 00:00:00, Sys 0 00:00:00  -  Run Local Usage
		Usr 0 00:01:00, Sys 0 00:00:04  -  Total Remote Usage
		Usr 0 00:00:00, Sys 0 00:00:00  -  Total Local Usage
	9562  -  Run Bytes Sent By Job
	361313  -  Run Bytes Received By Job
	9562  -  Total Bytes Sent By Job
	361313  -  Total Bytes Received By Job
	Partitionable Resources :    Usage  Request Allocated 
	   Cpus                 :     0.09        3         3 
	   Disk (KB)            :   383         375   2878388 
	   Memory (MB)          :  2509        6000      6000 

	Job terminated of its own accord at 2024-10-14T08:21:07Z with exit-code 0.
...
