Warning in <TClassTable::Add>: class timespec already in TClassTable
Warning in <TClassTable::Add>: class reverse_iterator<__gnu_cxx::__normal_iterator<TString*,vector<TString> > > already in TClassTable
Warning in <TClassTable::Add>: class reverse_iterator<__gnu_cxx::__normal_iterator<int*,vector<int> > > already in TClassTable
Warning in <TClassTable::Add>: class reverse_iterator<__gnu_cxx::__normal_iterator<string*,vector<string> > > already in TClassTable
Warning in <TClassTable::Add>: class __gnu_cxx::__normal_iterator<char*,string> already in TClassTable
Warning in <TClassTable::Add>: class __gnu_cxx::__normal_iterator<const char*,string> already in TClassTable
Warning in <TClassTable::Add>: class __gnu_cxx::__normal_iterator<TString*,vector<TString> > already in TClassTable
Warning in <TClassTable::Add>: class __gnu_cxx::__normal_iterator<const TString*,vector<TString> > already in TClassTable
Warning in <TClassTable::Add>: class __gnu_cxx::__normal_iterator<const int*,vector<int> > already in TClassTable
Warning in <TClassTable::Add>: class __gnu_cxx::__normal_iterator<int*,vector<int> > already in TClassTable
Warning in <TClassTable::Add>: class __gnu_cxx::__normal_iterator<const string*,vector<string> > already in TClassTable
Warning in <TClassTable::Add>: class __gnu_cxx::__normal_iterator<string*,vector<string> > already in TClassTable
Warning in <TClassTable::Add>: class TVirtualIsAProxy already in TClassTable
Warning in <TClassTable::Add>: class TIsAProxy already in TClassTable
Warning in <TClassTable::Add>: class TStorage already in TClassTable
Warning in <TClassTable::Add>: class TObject already in TClassTable
Warning in <TClassTable::Add>: class TIterator already in TClassTable
Warning in <TClassTable::Add>: class TSubString already in TClassTable
Warning in <TClassTable::Add>: class TString already in TClassTable
Warning in <TClassTable::Add>: class TVirtualMutex already in TClassTable
Warning in <TClassTable::Add>: class TLockGuard already in TClassTable
Warning in <TClassTable::Add>: class ROOT::TVirtualRWMutex already in TClassTable
Warning in <TClassTable::Add>: class ROOT::TReadLockGuard already in TClassTable
Warning in <TClassTable::Add>: class ROOT::TWriteLockGuard already in TClassTable
Warning in <TClassTable::Add>: class TCollection already in TClassTable
Warning in <TClassTable::Add>: class TIter already in TClassTable
Warning in <TClassTable::Add>: class TSeqCollection already in TClassTable
Warning in <TClassTable::Add>: class TList already in TClassTable
Warning in <TClassTable::Add>: class TListIter already in TClassTable
Warning in <TClassTable::Add>: class SetWindowAttributes_t already in TClassTable
Warning in <TClassTable::Add>: class WindowAttributes_t already in TClassTable
Warning in <TClassTable::Add>: class Event_t already in TClassTable
Warning in <TClassTable::Add>: class GCValues_t already in TClassTable
Warning in <TClassTable::Add>: class ColorStruct_t already in TClassTable
Warning in <TClassTable::Add>: class PictureAttributes_t already in TClassTable
Warning in <TClassTable::Add>: class Segment_t already in TClassTable
Warning in <TClassTable::Add>: class Point_t already in TClassTable
Warning in <TClassTable::Add>: class Rectangle_t already in TClassTable
Warning in <TClassTable::Add>: class TNamed already in TClassTable
Warning in <TClassTable::Add>: class TDictionary already in TClassTable
Warning in <TClassTable::Add>: class TDataType already in TClassTable
Warning in <TClassTable::Add>: class TInterpreter already in TClassTable
Warning in <TClassTable::Add>: class TQObject already in TClassTable
Warning in <TClassTable::Add>: class TQObjSender already in TClassTable
Warning in <TClassTable::Add>: class TApplicationImp already in TClassTable
Warning in <TClassTable::Add>: class TApplication already in TClassTable
Warning in <TClassTable::Add>: class TAtt3D already in TClassTable
Warning in <TClassTable::Add>: class TAttAxis already in TClassTable
Warning in <TClassTable::Add>: class TAttBBox2D already in TClassTable
Warning in <TClassTable::Add>: class TAttBBox already in TClassTable
Warning in <TClassTable::Add>: class TAttFill already in TClassTable
Warning in <TClassTable::Add>: class TAttLine already in TClassTable
Warning in <TClassTable::Add>: class TAttMarker already in TClassTable
Warning in <TClassTable::Add>: class TAttPad already in TClassTable
Warning in <TClassTable::Add>: class TAttText already in TClassTable
Warning in <TClassTable::Add>: class TBase64 already in TClassTable
Warning in <TClassTable::Add>: class TStopwatch already in TClassTable
Warning in <TClassTable::Add>: class TBenchmark already in TClassTable
Warning in <TClassTable::Add>: class TBuffer3D already in TClassTable
Warning in <TClassTable::Add>: class TObjArray already in TClassTable
Warning in <TClassTable::Add>: class TObjArrayIter already in TClassTable
Warning in <TClassTable::Add>: class TClass already in TClassTable
Warning in <TClassTable::Add>: class TBuffer already in TClassTable
Warning in <TClassTable::Add>: class TColor already in TClassTable
Warning in <TClassTable::Add>: class TColorGradient already in TClassTable
Warning in <TClassTable::Add>: class TLinearGradient already in TClassTable
Warning in <TClassTable::Add>: class TRadialGradient already in TClassTable
Warning in <TClassTable::Add>: class TDatime already in TClassTable
Warning in <TClassTable::Add>: class TUUID already in TClassTable
Warning in <TClassTable::Add>: class TDirectory already in TClassTable
Warning in <TClassTable::Add>: class TEnvRec already in TClassTable
Warning in <TClassTable::Add>: class TEnv already in TClassTable
Warning in <TClassTable::Add>: class TExec already in TClassTable
Warning in <TClassTable::Add>: class TFileCollection already in TClassTable
Warning in <TClassTable::Add>: class TUrl already in TClassTable
Warning in <TClassTable::Add>: class TMD5 already in TClassTable
Warning in <TClassTable::Add>: class TFileInfo already in TClassTable
Warning in <TClassTable::Add>: class TFileInfoMeta already in TClassTable
Warning in <TClassTable::Add>: class TFolder already in TClassTable
Warning in <TClassTable::Add>: class TInetAddress already in TClassTable
Warning in <TClassTable::Add>: class TMacro already in TClassTable
Warning in <TClassTable::Add>: class TMemberInspector already in TClassTable
Warning in <TClassTable::Add>: class TMessageHandler already in TClassTable
Warning in <TClassTable::Add>: class TNotifyLinkBase already in TClassTable
Warning in <TClassTable::Add>: class TObjString already in TClassTable
Warning in <TClassTable::Add>: class TROOT already in TClassTable
Warning in <TClassTable::Add>: class TParameter<bool> already in TClassTable
Warning in <TClassTable::Add>: class TParameter<Long64_t> already in TClassTable
Warning in <TClassTable::Add>: class TParameter<long> already in TClassTable
Warning in <TClassTable::Add>: class TParameter<int> already in TClassTable
Warning in <TClassTable::Add>: class TParameter<double> already in TClassTable
Warning in <TClassTable::Add>: class TParameter<float> already in TClassTable
Warning in <TClassTable::Add>: class TMethodCall already in TClassTable
Warning in <TClassTable::Add>: class TPluginHandler already in TClassTable
Warning in <TClassTable::Add>: class TPluginManager already in TClassTable
Warning in <TClassTable::Add>: class TPoint already in TClassTable
Warning in <TClassTable::Add>: class TArray already in TClassTable
Warning in <TClassTable::Add>: class TArrayI already in TClassTable
Warning in <TClassTable::Add>: class TPRegexp already in TClassTable
Warning in <TClassTable::Add>: class TPMERegexp already in TClassTable
Warning in <TClassTable::Add>: class TStringToken already in TClassTable
Warning in <TClassTable::Add>: class TProcessID already in TClassTable
Warning in <TClassTable::Add>: class TProcessUUID already in TClassTable
Warning in <TClassTable::Add>: class TQClass already in TClassTable
Warning in <TClassTable::Add>: class TQCommand already in TClassTable
Warning in <TClassTable::Add>: class TQUndoManager already in TClassTable
Warning in <TClassTable::Add>: class TQConnection already in TClassTable
Warning in <TClassTable::Add>: class TSysEvtHandler already in TClassTable
Warning in <TClassTable::Add>: class TFileHandler already in TClassTable
Warning in <TClassTable::Add>: class TSignalHandler already in TClassTable
Warning in <TClassTable::Add>: class TStdExceptionHandler already in TClassTable
Warning in <TClassTable::Add>: class TTime already in TClassTable
Warning in <TClassTable::Add>: class TTimer already in TClassTable
Warning in <TClassTable::Add>: class FileStat_t already in TClassTable
Warning in <TClassTable::Add>: class UserGroup_t already in TClassTable
Warning in <TClassTable::Add>: class SysInfo_t already in TClassTable
Warning in <TClassTable::Add>: class CpuInfo_t already in TClassTable
Warning in <TClassTable::Add>: class MemInfo_t already in TClassTable
Warning in <TClassTable::Add>: class ProcInfo_t already in TClassTable
Warning in <TClassTable::Add>: class RedirectHandle_t already in TClassTable
Warning in <TClassTable::Add>: class TProcessEventTimer already in TClassTable
Warning in <TClassTable::Add>: class TSystem already in TClassTable
Warning in <TClassTable::Add>: class TRedirectOutputGuard already in TClassTable
Warning in <TClassTable::Add>: class TRefCnt already in TClassTable
Warning in <TClassTable::Add>: class TRef already in TClassTable
Warning in <TClassTable::Add>: class TRegexp already in TClassTable
Warning in <TClassTable::Add>: class TRemoteObject already in TClassTable
Warning in <TClassTable::Add>: class TRootIOCtor already in TClassTable
Warning in <TClassTable::Add>: class TStringLong already in TClassTable
Warning in <TClassTable::Add>: class TStyle already in TClassTable
Warning in <TClassTable::Add>: class TSystemFile already in TClassTable
Warning in <TClassTable::Add>: class TSystemDirectory already in TClassTable
Warning in <TClassTable::Add>: class TTask already in TClassTable
Warning in <TClassTable::Add>: class TTimeStamp already in TClassTable
Warning in <TClassTable::Add>: class TUri already in TClassTable
Warning in <TClassTable::Add>: class TVirtualAuth already in TClassTable
Warning in <TClassTable::Add>: class TVirtualFFT already in TClassTable
Warning in <TClassTable::Add>: class TVirtualGLPainter already in TClassTable
Warning in <TClassTable::Add>: class TVirtualGLManip already in TClassTable
Warning in <TClassTable::Add>: class TGLManager already in TClassTable
Warning in <TClassTable::Add>: class TGLPaintDevice already in TClassTable
Warning in <TClassTable::Add>: class THashTable already in TClassTable
Warning in <TClassTable::Add>: class THashTableIter already in TClassTable
Warning in <TClassTable::Add>: class TMap already in TClassTable
Warning in <TClassTable::Add>: class TPair already in TClassTable
Warning in <TClassTable::Add>: class TMapIter already in TClassTable
Warning in <TClassTable::Add>: class TVirtualMonitoringWriter already in TClassTable
Warning in <TClassTable::Add>: class TVirtualMonitoringReader already in TClassTable
Warning in <TClassTable::Add>: class TVirtualPadEditor already in TClassTable
Warning in <TClassTable::Add>: class TVirtualPad already in TClassTable
Warning in <TClassTable::Add>: class TVirtualPadPainter already in TClassTable
Warning in <TClassTable::Add>: class TVirtualPerfStats already in TClassTable
Warning in <TClassTable::Add>: class TVirtualPS already in TClassTable
Warning in <TClassTable::Add>: class TVirtualTableInterface already in TClassTable
Warning in <TClassTable::Add>: class TVirtualViewer3D already in TClassTable
Warning in <TClassTable::Add>: class TVirtualX already in TClassTable
Warning in <TClassTable::Add>: class TArrayC already in TClassTable
Warning in <TClassTable::Add>: class TArrayD already in TClassTable
Warning in <TClassTable::Add>: class TArrayF already in TClassTable
Warning in <TClassTable::Add>: class TArrayL64 already in TClassTable
Warning in <TClassTable::Add>: class TArrayL already in TClassTable
Warning in <TClassTable::Add>: class TArrayS already in TClassTable
Warning in <TClassTable::Add>: class TBits already in TClassTable
Warning in <TClassTable::Add>: class TBits::TReference already in TClassTable
Warning in <TClassTable::Add>: class TBtree already in TClassTable
Warning in <TClassTable::Add>: class TBtreeIter already in TClassTable
Warning in <TClassTable::Add>: class TClassTable already in TClassTable
Warning in <TClassTable::Add>: class TClonesArray already in TClassTable
Warning in <TClassTable::Add>: class TExMap already in TClassTable
Warning in <TClassTable::Add>: class TExMapIter already in TClassTable
Warning in <TClassTable::Add>: class THashList already in TClassTable
Warning in <TClassTable::Add>: class TObjectTable already in TClassTable
Warning in <TClassTable::Add>: class TOrdCollection already in TClassTable
Warning in <TClassTable::Add>: class TOrdCollectionIter already in TClassTable
Warning in <TClassTable::Add>: class TRefArray already in TClassTable
Warning in <TClassTable::Add>: class TRefArrayIter already in TClassTable
Warning in <TClassTable::Add>: class TRefTable already in TClassTable
Warning in <TClassTable::Add>: class TSortedList already in TClassTable
Warning in <TClassTable::Add>: class TClassRef already in TClassTable
Warning in <TClassTable::Add>: class TVirtualCollectionProxy already in TClassTable
Warning in <TClassTable::Add>: class TBrowserImp already in TClassTable
Warning in <TClassTable::Add>: class TBrowser already in TClassTable
Warning in <TClassTable::Add>: class TCanvasImp already in TClassTable
Warning in <TClassTable::Add>: class TClassMenuItem already in TClassTable
Warning in <TClassTable::Add>: class TContextMenuImp already in TClassTable
Warning in <TClassTable::Add>: class TContextMenu already in TClassTable
Warning in <TClassTable::Add>: class TControlBarImp already in TClassTable
Warning in <TClassTable::Add>: class TGuiFactory already in TClassTable
Warning in <TClassTable::Add>: class TInspectorImp already in TClassTable
Warning in <TClassTable::Add>: class TObjectSpy already in TClassTable
Warning in <TClassTable::Add>: class TObjectRefSpy already in TClassTable
Warning in <TClassTable::Add>: class TFunction already in TClassTable
Warning in <TClassTable::Add>: class TMethod already in TClassTable
Warning in <TClassTable::Add>: class TToggle already in TClassTable
Warning in <TClassTable::Add>: class TToggleGroup already in TClassTable
Warning in <TClassTable::Add>: class TBaseClass already in TClassTable
Warning in <TClassTable::Add>: class TClassGenerator already in TClassTable
Warning in <TClassTable::Add>: class TClassStreamer already in TClassTable
Warning in <TClassTable::Add>: class TDataMember already in TClassTable
Warning in <TClassTable::Add>: class TOptionListItem already in TClassTable
Warning in <TClassTable::Add>: class TDictAttributeMap already in TClassTable
Warning in <TClassTable::Add>: class TGlobal already in TClassTable
Warning in <TClassTable::Add>: class TEnum already in TClassTable
Warning in <TClassTable::Add>: class TEnumConstant already in TClassTable
Warning in <TClassTable::Add>: class TFileMergeInfo already in TClassTable
Warning in <TClassTable::Add>: class TFunctionTemplate already in TClassTable
Warning in <TClassTable::Add>: class TListOfDataMembers already in TClassTable
Warning in <TClassTable::Add>: class TListOfEnums already in TClassTable
Warning in <TClassTable::Add>: class TListOfEnumsWithLock already in TClassTable
Warning in <TClassTable::Add>: class TListOfEnumsWithLockIter already in TClassTable
Warning in <TClassTable::Add>: class TListOfFunctions already in TClassTable
Warning in <TClassTable::Add>: class TListOfFunctionsIter already in TClassTable
Warning in <TClassTable::Add>: class TListOfFunctionTemplates already in TClassTable
Warning in <TClassTable::Add>: class TMemberStreamer already in TClassTable
Warning in <TClassTable::Add>: class TMethodArg already in TClassTable
Warning in <TClassTable::Add>: class TProtoClass already in TClassTable
Warning in <TClassTable::Add>: class TProtoClass::TProtoRealData already in TClassTable
Warning in <TClassTable::Add>: class TRealData already in TClassTable
Warning in <TClassTable::Add>: class ROOT::TSchemaRule already in TClassTable
Warning in <TClassTable::Add>: class ROOT::TSchemaRule::TSources already in TClassTable
Warning in <TClassTable::Add>: class ROOT::Detail::TSchemaRuleSet already in TClassTable
Warning in <TClassTable::Add>: class ROOT::Detail::TStatusBitsChecker already in TClassTable
Warning in <TClassTable::Add>: class TStreamerElement already in TClassTable
Warning in <TClassTable::Add>: class TStreamerBase already in TClassTable
Warning in <TClassTable::Add>: class TStreamerBasicPointer already in TClassTable
Warning in <TClassTable::Add>: class TStreamerLoop already in TClassTable
Warning in <TClassTable::Add>: class TStreamerBasicType already in TClassTable
Warning in <TClassTable::Add>: class TStreamerObject already in TClassTable
Warning in <TClassTable::Add>: class TStreamerObjectAny already in TClassTable
Warning in <TClassTable::Add>: class TStreamerObjectPointer already in TClassTable
Warning in <TClassTable::Add>: class TStreamerObjectAnyPointer already in TClassTable
Warning in <TClassTable::Add>: class TStreamerString already in TClassTable
Warning in <TClassTable::Add>: class TStreamerSTL already in TClassTable
Warning in <TClassTable::Add>: class TStreamerSTLstring already in TClassTable
Warning in <TClassTable::Add>: class TStreamerArtificial already in TClassTable
Warning in <TClassTable::Add>: class TVirtualStreamerInfo already in TClassTable
Warning in <TClassTable::Add>: class TVirtualArray already in TClassTable
Warning in <TClassTable::Add>: class TVirtualObject already in TClassTable
Warning in <TClassTable::Add>: class TUnixSystem already in TClassTable
Warning in <TClassTable::Add>: class TConditionImp already in TClassTable
Warning in <TClassTable::Add>: class TPosixCondition already in TClassTable
Warning in <TClassTable::Add>: class TMutexImp already in TClassTable
Warning in <TClassTable::Add>: class TPosixMutex already in TClassTable
Warning in <TClassTable::Add>: class TThreadImp already in TClassTable
Warning in <TClassTable::Add>: class TPosixThread already in TClassTable
Warning in <TClassTable::Add>: class TThreadFactory already in TClassTable
Warning in <TClassTable::Add>: class TPosixThreadFactory already in TClassTable
Warning in <TClassTable::Add>: class TAtomicCount already in TClassTable
Warning in <TClassTable::Add>: class TCondition already in TClassTable
Warning in <TClassTable::Add>: class TMutex already in TClassTable
Warning in <TClassTable::Add>: class TRWLock already in TClassTable
Warning in <TClassTable::Add>: class TSemaphore already in TClassTable
Warning in <TClassTable::Add>: class TThread already in TClassTable
Warning in <TClassTable::Add>: class ROOT::TSpinMutex already in TClassTable
Warning in <TClassTable::Add>: class ROOT::Internal::RRawFile already in TClassTable
Warning in <TClassTable::Add>: class TFileMerger already in TClassTable
Warning in <TClassTable::Add>: class TDirectoryFile already in TClassTable
Warning in <TClassTable::Add>: class TFile already in TClassTable
Warning in <TClassTable::Add>: class TMemFile already in TClassTable
Warning in <TClassTable::Add>: class ROOT::TBufferMerger already in TClassTable
Warning in <TClassTable::Add>: class ROOT::TBufferMergerFile already in TClassTable
Warning in <TClassTable::Add>: class TArchiveFile already in TClassTable
Warning in <TClassTable::Add>: class TArchiveMember already in TClassTable
Warning in <TClassTable::Add>: class TBufferIO already in TClassTable
Warning in <TClassTable::Add>: class TBufferFile already in TClassTable
Warning in <TClassTable::Add>: class TBufferText already in TClassTable
Warning in <TClassTable::Add>: class TBufferJSON already in TClassTable
Warning in <TClassTable::Add>: class TGenCollectionProxy already in TClassTable
Warning in <TClassTable::Add>: class TGenCollectionProxy::Value already in TClassTable
Warning in <TClassTable::Add>: class TGenCollectionProxy::Method already in TClassTable
Warning in <TClassTable::Add>: class TCollectionProxyFactory already in TClassTable
Warning in <TClassTable::Add>: class TCollectionStreamer already in TClassTable
Warning in <TClassTable::Add>: class TCollectionClassStreamer already in TClassTable
Warning in <TClassTable::Add>: class TCollectionMemberStreamer already in TClassTable
Warning in <TClassTable::Add>: class TEmulatedCollectionProxy already in TClassTable
Warning in <TClassTable::Add>: class TEmulatedMapProxy already in TClassTable
Warning in <TClassTable::Add>: class TFileCacheRead already in TClassTable
Warning in <TClassTable::Add>: class TFree already in TClassTable
Warning in <TClassTable::Add>: class TFileCacheWrite already in TClassTable
Warning in <TClassTable::Add>: class TFPBlock already in TClassTable
Warning in <TClassTable::Add>: class TFilePrefetch already in TClassTable
Warning in <TClassTable::Add>: class TKey already in TClassTable
Warning in <TClassTable::Add>: class TKeyMapFile already in TClassTable
Warning in <TClassTable::Add>: class TLockFile already in TClassTable
Warning in <TClassTable::Add>: class TMapFile already in TClassTable
Warning in <TClassTable::Add>: class TMapRec already in TClassTable
Warning in <TClassTable::Add>: class TStreamerInfo already in TClassTable
Warning in <TClassTable::Add>: class TStreamerInfoActions::TConfiguration already in TClassTable
Warning in <TClassTable::Add>: class TStreamerInfoActions::TConfiguredAction already in TClassTable
Warning in <TClassTable::Add>: class TStreamerInfoActions::TActionSequence already in TClassTable
Warning in <TClassTable::Add>: class TZIPFile already in TClassTable
Warning in <TClassTable::Add>: class TZIPMember already in TClassTable
fatal error: module map file '/usr/share/root/cling/module.modulemap' not found

 *** Break *** segmentation violation



===========================================================
There was a crash.
This is the entire stack trace of all threads:
===========================================================
#0  0x00001489054d89fa in wait4 () from /lib64/libc.so.6
#1  0x000014890544b243 in do_system () from /lib64/libc.so.6
#2  0x0000148907b06de4 in TUnixSystem::StackTrace() () from /usr/lib64/root/libCore.so.6.30
#3  0x0000148907b03d05 in TUnixSystem::DispatchSignals(ESignals) () from /usr/lib64/root/libCore.so.6.30
#4  <signal handler called>
#5  0x00001488e3fdfa54 in clang::DeclContext::removeDecl(clang::Decl*) () from /cvmfs/cms.cern.ch/el9_amd64_gcc12/cms/cmssw/CMSSW_14_0_2/external/el9_amd64_gcc12/lib/libCling.so
#6  0x00001488e15d22c6 in cling::DeclUnloader::VisitNamedDecl(clang::NamedDecl*) () from /cvmfs/cms.cern.ch/el9_amd64_gcc12/cms/cmssw/CMSSW_14_0_2/external/el9_amd64_gcc12/lib/libCling.so
#7  0x00001488e15d673f in cling::DeclUnloader::VisitNamespaceDecl(clang::NamespaceDecl*) () from /cvmfs/cms.cern.ch/el9_amd64_gcc12/cms/cmssw/CMSSW_14_0_2/external/el9_amd64_gcc12/lib/libCling.so
#8  0x00001488e15d552c in cling::DeclUnloader::VisitDeclContext(clang::DeclContext*) () from /cvmfs/cms.cern.ch/el9_amd64_gcc12/cms/cmssw/CMSSW_14_0_2/external/el9_amd64_gcc12/lib/libCling.so
#9  0x00001488e15d6e3c in cling::DeclUnloader::VisitLinkageSpecDecl(clang::LinkageSpecDecl*) () from /cvmfs/cms.cern.ch/el9_amd64_gcc12/cms/cmssw/CMSSW_14_0_2/external/el9_amd64_gcc12/lib/libCling.so
#10 0x00001488e159f36b in cling::TransactionUnloader::unloadDeclarations(cling::Transaction*, cling::DeclUnloader&) () from /cvmfs/cms.cern.ch/el9_amd64_gcc12/cms/cmssw/CMSSW_14_0_2/external/el9_amd64_gcc12/lib/libCling.so
#11 0x00001488e159f7c2 in cling::TransactionUnloader::RevertTransaction(cling::Transaction*) () from /cvmfs/cms.cern.ch/el9_amd64_gcc12/cms/cmssw/CMSSW_14_0_2/external/el9_amd64_gcc12/lib/libCling.so
#12 0x00001488e15844e4 in cling::Interpreter::unload(cling::Transaction&) () from /cvmfs/cms.cern.ch/el9_amd64_gcc12/cms/cmssw/CMSSW_14_0_2/external/el9_amd64_gcc12/lib/libCling.so
#13 0x00001488e1609798 in cling::IncrementalParser::commitTransaction(llvm::PointerIntPair<cling::Transaction*, 2u, cling::IncrementalParser::EParseResult, llvm::PointerLikeTypeTraits<cling::Transaction*>, llvm::PointerIntPairInfo<cling::Transaction*, 2u, llvm::PointerLikeTypeTraits<cling::Transaction*> > >&, bool) () from /cvmfs/cms.cern.ch/el9_amd64_gcc12/cms/cmssw/CMSSW_14_0_2/external/el9_amd64_gcc12/lib/libCling.so
#14 0x00001488e1587b14 in cling::Interpreter::Interpreter(int, char const* const*, char const*, std::vector<std::shared_ptr<clang::ModuleFileExtension>, std::allocator<std::shared_ptr<clang::ModuleFileExtension> > > const&, void*, bool, cling::Interpreter const*) () from /cvmfs/cms.cern.ch/el9_amd64_gcc12/cms/cmssw/CMSSW_14_0_2/external/el9_amd64_gcc12/lib/libCling.so
#15 0x00001488e14c01e7 in TCling::TCling(char const*, char const*, char const* const*, void*) () from /cvmfs/cms.cern.ch/el9_amd64_gcc12/cms/cmssw/CMSSW_14_0_2/external/el9_amd64_gcc12/lib/libCling.so
#16 0x00001488e14c1ec3 in CreateInterpreter () from /cvmfs/cms.cern.ch/el9_amd64_gcc12/cms/cmssw/CMSSW_14_0_2/external/el9_amd64_gcc12/lib/libCling.so
#17 0x00001489079fef60 in TROOT::InitInterpreter() () from /usr/lib64/root/libCore.so.6.30
#18 0x00001489079ff31f in ROOT::Internal::GetROOT2() () from /usr/lib64/root/libCore.so.6.30
#19 0x00001489079cbeee in TEnv::Getvalue(char const*) const () from /usr/lib64/root/libCore.so.6.30
#20 0x00001489079cc84d in TEnv::GetValue(char const*, char const*) const () from /usr/lib64/root/libCore.so.6.30
#21 0x0000148907a38daf in TUrl::GetSpecialProtocols() () from /usr/lib64/root/libCore.so.6.30
#22 0x0000148907a394ca in TUrl::SetUrl(char const*, bool) () from /usr/lib64/root/libCore.so.6.30
#23 0x0000148907a39b2e in TUrl::TUrl(char const*, bool) () from /usr/lib64/root/libCore.so.6.30
#24 0x000014890755e7ed in TFile::TFile(char const*, char const*, char const*, int) () from /usr/lib64/root/libRIO.so.6.30
#25 0x0000000000415d47 in AnalyzeTProxytBSM::BookHistogram(char const*) ()
#26 0x000000000041675d in AnalyzeTProxytBSM::AnalyzeTProxytBSM(TString const&, char const*, char const*, char const*, char const*, char const*) ()
#27 0x0000000000416b52 in main ()
===========================================================


The lines below might hint at the cause of the crash. If you see question
marks as part of the stack trace, try to recompile with debugging information
enabled and export CLING_DEBUG=1 environment variable before running.
You may get help by asking at the ROOT forum https://root.cern/forum
preferably using the command (.forum bug) in the ROOT prompt.
Only if you are really convinced it is a bug in ROOT then please submit a
report at https://root.cern/bugs or (preferably) using the command (.gh bug) in
the ROOT prompt. Please post the ENTIRE stack trace
from above as an attachment in addition to anything else
that might help us fixing this issue.
===========================================================
#5  0x00001488e3fdfa54 in clang::DeclContext::removeDecl(clang::Decl*) () from /cvmfs/cms.cern.ch/el9_amd64_gcc12/cms/cmssw/CMSSW_14_0_2/external/el9_amd64_gcc12/lib/libCling.so
#6  0x00001488e15d22c6 in cling::DeclUnloader::VisitNamedDecl(clang::NamedDecl*) () from /cvmfs/cms.cern.ch/el9_amd64_gcc12/cms/cmssw/CMSSW_14_0_2/external/el9_amd64_gcc12/lib/libCling.so
#7  0x00001488e15d673f in cling::DeclUnloader::VisitNamespaceDecl(clang::NamespaceDecl*) () from /cvmfs/cms.cern.ch/el9_amd64_gcc12/cms/cmssw/CMSSW_14_0_2/external/el9_amd64_gcc12/lib/libCling.so
#8  0x00001488e15d552c in cling::DeclUnloader::VisitDeclContext(clang::DeclContext*) () from /cvmfs/cms.cern.ch/el9_amd64_gcc12/cms/cmssw/CMSSW_14_0_2/external/el9_amd64_gcc12/lib/libCling.so
#9  0x00001488e15d6e3c in cling::DeclUnloader::VisitLinkageSpecDecl(clang::LinkageSpecDecl*) () from /cvmfs/cms.cern.ch/el9_amd64_gcc12/cms/cmssw/CMSSW_14_0_2/external/el9_amd64_gcc12/lib/libCling.so
#10 0x00001488e159f36b in cling::TransactionUnloader::unloadDeclarations(cling::Transaction*, cling::DeclUnloader&) () from /cvmfs/cms.cern.ch/el9_amd64_gcc12/cms/cmssw/CMSSW_14_0_2/external/el9_amd64_gcc12/lib/libCling.so
#11 0x00001488e159f7c2 in cling::TransactionUnloader::RevertTransaction(cling::Transaction*) () from /cvmfs/cms.cern.ch/el9_amd64_gcc12/cms/cmssw/CMSSW_14_0_2/external/el9_amd64_gcc12/lib/libCling.so
#12 0x00001488e15844e4 in cling::Interpreter::unload(cling::Transaction&) () from /cvmfs/cms.cern.ch/el9_amd64_gcc12/cms/cmssw/CMSSW_14_0_2/external/el9_amd64_gcc12/lib/libCling.so
#13 0x00001488e1609798 in cling::IncrementalParser::commitTransaction(llvm::PointerIntPair<cling::Transaction*, 2u, cling::IncrementalParser::EParseResult, llvm::PointerLikeTypeTraits<cling::Transaction*>, llvm::PointerIntPairInfo<cling::Transaction*, 2u, llvm::PointerLikeTypeTraits<cling::Transaction*> > >&, bool) () from /cvmfs/cms.cern.ch/el9_amd64_gcc12/cms/cmssw/CMSSW_14_0_2/external/el9_amd64_gcc12/lib/libCling.so
#14 0x00001488e1587b14 in cling::Interpreter::Interpreter(int, char const* const*, char const*, std::vector<std::shared_ptr<clang::ModuleFileExtension>, std::allocator<std::shared_ptr<clang::ModuleFileExtension> > > const&, void*, bool, cling::Interpreter const*) () from /cvmfs/cms.cern.ch/el9_amd64_gcc12/cms/cmssw/CMSSW_14_0_2/external/el9_amd64_gcc12/lib/libCling.so
#15 0x00001488e14c01e7 in TCling::TCling(char const*, char const*, char const* const*, void*) () from /cvmfs/cms.cern.ch/el9_amd64_gcc12/cms/cmssw/CMSSW_14_0_2/external/el9_amd64_gcc12/lib/libCling.so
#16 0x00001488e14c1ec3 in CreateInterpreter () from /cvmfs/cms.cern.ch/el9_amd64_gcc12/cms/cmssw/CMSSW_14_0_2/external/el9_amd64_gcc12/lib/libCling.so
#17 0x00001489079fef60 in TROOT::InitInterpreter() () from /usr/lib64/root/libCore.so.6.30
#18 0x00001489079ff31f in ROOT::Internal::GetROOT2() () from /usr/lib64/root/libCore.so.6.30
#19 0x00001489079cbeee in TEnv::Getvalue(char const*) const () from /usr/lib64/root/libCore.so.6.30
#20 0x00001489079cc84d in TEnv::GetValue(char const*, char const*) const () from /usr/lib64/root/libCore.so.6.30
#21 0x0000148907a38daf in TUrl::GetSpecialProtocols() () from /usr/lib64/root/libCore.so.6.30
#22 0x0000148907a394ca in TUrl::SetUrl(char const*, bool) () from /usr/lib64/root/libCore.so.6.30
#23 0x0000148907a39b2e in TUrl::TUrl(char const*, bool) () from /usr/lib64/root/libCore.so.6.30
#24 0x000014890755e7ed in TFile::TFile(char const*, char const*, char const*, int) () from /usr/lib64/root/libRIO.so.6.30
#25 0x0000000000415d47 in AnalyzeTProxytBSM::BookHistogram(char const*) ()
#26 0x000000000041675d in AnalyzeTProxytBSM::AnalyzeTProxytBSM(TString const&, char const*, char const*, char const*, char const*, char const*) ()
#27 0x0000000000416b52 in main ()
===========================================================


/pool/condor/dir_2749737/condor.sh: line 15:   271 Segmentation fault      (core dumped) ./analyzeTProxytBSM $1 $2 $3 $4 $5 $6
