/afs/cern.ch/user/c/cagrawal/public/MyAnalysis/CMSSW_14_0_2/src/SusySoft2023Ana
/afs/cern.ch/user/c/cagrawal/public/MyAnalysis/CMSSW_14_0_2/src/SusySoft2023Ana/Summer20UL18_TTJets_Leptons.root
Treating the input files as BG for setting tree branches
AnalyzeLightBSM::BookHistogram 
File name = ./map_crosssection_SMprocess_v1.txt
values: 19.77 entries: 4.7646e+06
values: 0.8092 entries: 4.96626e+06
values: 19.77 entries: 3.59877e+06
values: 0.8092 entries: 3.60963e+06
values: 19.77 entries: 1.38616e+06
values: 0.8092 entries: 1.33067e+06
values: 19.77 entries: 1.60326e+06
values: 0.8092 entries: 1.45734e+06
values: 0.2984 entries: 890062
values: 3.757 entries: 1.6096e+06
===========================================================================
iFile 1  Analyzing tree from /eos/user/s/seema/SUSYGMSB2023/SkimsUL_June2023/skimmed_Summer20UL18_TTJets_DiLept_TuneCP5_13TeV-madgraphMLM-pythia8.root
===========================================================================
main(): chain->GetEntries() 792982
NtupleVarsTProxy::Init(TTree *tree) tree->GetEntries()792982
NtupleVarsTProxy::Init(TTree *tree) fChain->GetEntries() 792982
AnalyzeTProxytBSM::EventLoop() 
Analyzing /eos/user/s/seema/SUSYGMSB2023/SkimsUL_June2023/skimmed_Summer20UL18_TTJets_DiLept_TuneCP5_13TeV-madgraphMLM-pythia8.root nentries 792982
0	analyzed process	2018.TTJets_Leptons
10 %
20 %
30 %
40 %
50 %
60 %
70 %
80 %
90 %
129312
19672.9
19672.9
17858.3
9322.42
3029.2
2984.9
2567.29
1966.94
858.984
250.064
142.091


Lost electron: 8.49951
Lost muon: 33.9037
Hadronic tau: 0
e fake photon: 99.6877
Rest: 0
===========================================================================
iFile 2  Analyzing tree from /eos/user/s/seema/SUSYGMSB2023/SkimsUL_June2023/skimmed_Summer20UL18_TTJets_SingleLeptFromTbar_TuneCP5_13TeV-madgraphMLM-pythia8.root
===========================================================================
main(): chain->GetEntries() 1564625
NtupleVarsTProxy::Init(TTree *tree) tree->GetEntries()1564625
NtupleVarsTProxy::Init(TTree *tree) fChain->GetEntries() 1564625
AnalyzeTProxytBSM::EventLoop() 
Analyzing /eos/user/s/seema/SUSYGMSB2023/SkimsUL_June2023/skimmed_Summer20UL18_TTJets_SingleLeptFromTbar_TuneCP5_13TeV-madgraphMLM-pythia8.root nentries 1564625
0	analyzed process	2018.TTJets_Leptons
10 %
20 %
30 %
40 %
50 %
60 %
70 %
80 %
90 %
393905
39536.3
39536.3
37536.4
23639.7
7426.81
7297.42
6446.67
4770.1
2100
1062.58
645.504


Lost electron: 29.0608
Lost muon: 222.799
Hadronic tau: 0
e fake photon: 393.644
Rest: 0
===========================================================================
iFile 3  Analyzing tree from /eos/user/s/seema/SUSYGMSB2023/SkimsUL_June2023/skimmed_Summer20UL18_TTJets_SingleLeptFromT_TuneCP5_13TeV-madgraphMLM-pythia8.root
===========================================================================
main(): chain->GetEntries() 1561338
NtupleVarsTProxy::Init(TTree *tree) tree->GetEntries()1561338
NtupleVarsTProxy::Init(TTree *tree) fChain->GetEntries() 1561338
AnalyzeTProxytBSM::EventLoop() 
Analyzing /eos/user/s/seema/SUSYGMSB2023/SkimsUL_June2023/skimmed_Summer20UL18_TTJets_SingleLeptFromT_TuneCP5_13TeV-madgraphMLM-pythia8.root nentries 1561338
0	analyzed process	2018.TTJets_Leptons
10 %
20 %
30 %
40 %
50 %
60 %
70 %
80 %
90 %
659573
59456.8
59456.8
57280.7
37965.6
11840.7
11624.1
10331.6
7582.26
3348.54
1895.94
1180.86


Lost electron: 48.7932
Lost muon: 431.917
Hadronic tau: 0
e fake photon: 700.151
Rest: 0
dataset 2018 
If analyzing the lost electron estimation ?   LL
Which pho_ID: 	MVA
