000 (13749663.000.000) 10/04 12:22:57 Job submitted from host: <137.138.44.75:9618?addrs=137.138.44.75-9618+[2001-1458-d00-1a--b]-9618&alias=bigbird14.cern.ch&noUDP&sock=schedd_1981_6134>
...
040 (13749663.000.000) 10/04 12:24:04 Started transferring input files
	Transferring to host: <188.184.185.170:9618?addrs=188.184.185.170-9618+[2001-1458-301-52--100-a9]-9618&alias=b9g37p3148.cern.ch&noUDP&sock=slot1_2_2633744_a855_9060>
...
040 (13749663.000.000) 10/04 12:24:04 Finished transferring input files
...
001 (13749663.000.000) 10/04 12:24:05 Job executing on host: <188.184.185.170:9618?addrs=188.184.185.170-9618+[2001-1458-301-52--100-a9]-9618&alias=b9g37p3148.cern.ch&noUDP&sock=startd_5470_8b22>
	SlotName: slot1_2@b9g37p3148.cern.ch
	CondorScratchDir = "/pool/condor/dir_3619917"
	Cpus = 3
	Disk = 2843770
	Memory = 6000
...
006 (13749663.000.000) 10/04 12:24:14 Image size of job updated: 420264
	127  -  MemoryUsage of job (MB)
	129848  -  ResidentSetSize of job (KB)
...
040 (13749663.000.000) 10/04 12:24:14 Started transferring output files
...
040 (13749663.000.000) 10/04 12:24:15 Finished transferring output files
...
005 (13749663.000.000) 10/04 12:24:15 Job terminated.
	(1) Normal termination (return value 139)
		Usr 0 00:00:07, Sys 0 00:00:01  -  Run Remote Usage
		Usr 0 00:00:00, Sys 0 00:00:00  -  Run Local Usage
		Usr 0 00:00:07, Sys 0 00:00:01  -  Total Remote Usage
		Usr 0 00:00:00, Sys 0 00:00:00  -  Total Local Usage
	27363  -  Run Bytes Sent By Job
	409  -  Run Bytes Received By Job
	27363  -  Total Bytes Sent By Job
	409  -  Total Bytes Received By Job
	Partitionable Resources :    Usage  Request Allocated 
	   Cpus                 :                 3         3 
	   Disk (KB)            :       43        1   2843770 
	   Memory (MB)          :      127     6000      6000 

	Job terminated of its own accord at 2024-10-04T10:24:14Z with exit-code 139.
...
000 (13749673.000.000) 10/04 12:50:30 Job submitted from host: <137.138.44.75:9618?addrs=137.138.44.75-9618+[2001-1458-d00-1a--b]-9618&alias=bigbird14.cern.ch&noUDP&sock=schedd_1981_6134>
...
040 (13749673.000.000) 10/04 12:52:50 Started transferring input files
	Transferring to host: <128.142.33.11:9618?addrs=128.142.33.11-9618+[2001-1458-301-53--100-8]-9618&alias=b9g34p4862.cern.ch&noUDP&sock=slot1_10_1682364_61b6_11986>
...
040 (13749673.000.000) 10/04 12:52:50 Finished transferring input files
...
001 (13749673.000.000) 10/04 12:52:51 Job executing on host: <128.142.33.11:9618?addrs=128.142.33.11-9618+[2001-1458-301-53--100-8]-9618&alias=b9g34p4862.cern.ch&noUDP&sock=startd_4715_ad21>
	SlotName: slot1_10@b9g34p4862.cern.ch
	CondorScratchDir = "/pool/condor/dir_3951910"
	Cpus = 3
	Disk = 2945318
	Memory = 6000
...
006 (13749673.000.000) 10/04 12:52:59 Image size of job updated: 433016
	125  -  MemoryUsage of job (MB)
	127464  -  ResidentSetSize of job (KB)
...
040 (13749673.000.000) 10/04 12:52:59 Started transferring output files
...
040 (13749673.000.000) 10/04 12:52:59 Finished transferring output files
...
005 (13749673.000.000) 10/04 12:52:59 Job terminated.
	(1) Normal termination (return value 139)
		Usr 0 00:00:07, Sys 0 00:00:01  -  Run Remote Usage
		Usr 0 00:00:00, Sys 0 00:00:00  -  Run Local Usage
		Usr 0 00:00:07, Sys 0 00:00:01  -  Total Remote Usage
		Usr 0 00:00:00, Sys 0 00:00:00  -  Total Local Usage
	27383  -  Run Bytes Sent By Job
	468  -  Run Bytes Received By Job
	27383  -  Total Bytes Sent By Job
	468  -  Total Bytes Received By Job
	Partitionable Resources :    Usage  Request Allocated 
	   Cpus                 :                 3         3 
	   Disk (KB)            :       43        1   2945318 
	   Memory (MB)          :      125     6000      6000 

	Job terminated of its own accord at 2024-10-04T10:52:59Z with exit-code 139.
...
000 (13749742.000.000) 10/04 14:30:00 Job submitted from host: <137.138.44.75:9618?addrs=137.138.44.75-9618+[2001-1458-d00-1a--b]-9618&alias=bigbird14.cern.ch&noUDP&sock=schedd_1981_6134>
...
040 (13749742.000.000) 10/04 14:38:30 Started transferring input files
	Transferring to host: <188.185.204.253:9618?addrs=188.185.204.253-9618+[2001-1458-303-8--100-7a]-9618&alias=b9p02p8717.cern.ch&noUDP&sock=slot1_4_4589_1d94_62808>
...
040 (13749742.000.000) 10/04 14:38:30 Finished transferring input files
...
001 (13749742.000.000) 10/04 14:38:31 Job executing on host: <188.185.204.253:9618?addrs=188.185.204.253-9618+[2001-1458-303-8--100-7a]-9618&alias=b9p02p8717.cern.ch&noUDP&sock=startd_3827_9508>
	SlotName: slot1_4@b9p02p8717.cern.ch
	CondorScratchDir = "/pool/condor/dir_298231"
	Cpus = 3
	Disk = 2755644
	Memory = 6000
...
006 (13749742.000.000) 10/04 14:38:38 Image size of job updated: 424132
	102  -  MemoryUsage of job (MB)
	103552  -  ResidentSetSize of job (KB)
...
040 (13749742.000.000) 10/04 14:38:38 Started transferring output files
...
040 (13749742.000.000) 10/04 14:38:38 Finished transferring output files
...
005 (13749742.000.000) 10/04 14:38:38 Job terminated.
	(1) Normal termination (return value 139)
		Usr 0 00:00:04, Sys 0 00:00:02  -  Run Remote Usage
		Usr 0 00:00:00, Sys 0 00:00:00  -  Run Local Usage
		Usr 0 00:00:04, Sys 0 00:00:02  -  Total Remote Usage
		Usr 0 00:00:00, Sys 0 00:00:00  -  Total Local Usage
	27471  -  Run Bytes Sent By Job
	462  -  Run Bytes Received By Job
	27471  -  Total Bytes Sent By Job
	462  -  Total Bytes Received By Job
	Partitionable Resources :    Usage  Request Allocated 
	   Cpus                 :        0        3         3 
	   Disk (KB)            :       55        1   2755644 
	   Memory (MB)          :      102     6000      6000 

	Job terminated of its own accord at 2024-10-04T12:38:38Z with exit-code 139.
...
000 (13750116.000.000) 10/04 14:59:36 Job submitted from host: <137.138.44.75:9618?addrs=137.138.44.75-9618+[2001-1458-d00-1a--b]-9618&alias=bigbird14.cern.ch&noUDP&sock=schedd_1981_6134>
...
040 (13750116.000.000) 10/04 15:08:25 Started transferring input files
	Transferring to host: <188.185.206.174:9618?addrs=188.185.206.174-9618+[2001-1458-303-c--100-2b]-9618&alias=b9p06p8622.cern.ch&noUDP&sock=slot1_9_3661_416e_44291>
...
040 (13750116.000.000) 10/04 15:08:25 Finished transferring input files
...
001 (13750116.000.000) 10/04 15:08:26 Job executing on host: <188.185.206.174:9618?addrs=188.185.206.174-9618+[2001-1458-303-c--100-2b]-9618&alias=b9p06p8622.cern.ch&noUDP&sock=startd_3309_46f9>
	SlotName: slot1_9@b9p06p8622.cern.ch
	CondorScratchDir = "/pool/condor/dir_1106688"
	Cpus = 3
	Disk = 2693819
	Memory = 6000
...
006 (13750116.000.000) 10/04 15:08:33 Image size of job updated: 436200
	114  -  MemoryUsage of job (MB)
	116148  -  ResidentSetSize of job (KB)
...
040 (13750116.000.000) 10/04 15:08:33 Started transferring output files
...
040 (13750116.000.000) 10/04 15:08:33 Finished transferring output files
...
005 (13750116.000.000) 10/04 15:08:33 Job terminated.
	(1) Normal termination (return value 139)
		Usr 0 00:00:04, Sys 0 00:00:02  -  Run Remote Usage
		Usr 0 00:00:00, Sys 0 00:00:00  -  Run Local Usage
		Usr 0 00:00:04, Sys 0 00:00:02  -  Total Remote Usage
		Usr 0 00:00:00, Sys 0 00:00:00  -  Total Local Usage
	27394  -  Run Bytes Sent By Job
	467  -  Run Bytes Received By Job
	27394  -  Total Bytes Sent By Job
	467  -  Total Bytes Received By Job
	Partitionable Resources :    Usage  Request Allocated 
	   Cpus                 :        0        3         3 
	   Disk (KB)            :       55        1   2693819 
	   Memory (MB)          :      114     6000      6000 

	Job terminated of its own accord at 2024-10-04T13:08:33Z with exit-code 139.
...
000 (13788873.000.000) 10/11 06:34:16 Job submitted from host: <137.138.44.75:9618?addrs=137.138.44.75-9618+[2001-1458-d00-1a--b]-9618&alias=bigbird14.cern.ch&noUDP&sock=schedd_1981_6134>
...
040 (13788873.000.000) 10/11 06:36:55 Started transferring input files
	Transferring to host: <188.184.185.119:9618?addrs=188.184.185.119-9618+[2001-1458-301-52--100-76]-9618&alias=b9g37p0500.cern.ch&noUDP&sock=slot1_5_3533865_54b1_19480>
...
040 (13788873.000.000) 10/11 06:36:55 Finished transferring input files
...
001 (13788873.000.000) 10/11 06:36:56 Job executing on host: <188.184.185.119:9618?addrs=188.184.185.119-9618+[2001-1458-301-52--100-76]-9618&alias=b9g37p0500.cern.ch&noUDP&sock=startd_5132_b420>
	SlotName: slot1_5@b9g37p0500.cern.ch
	CondorScratchDir = "/pool/condor/dir_4050717"
	Cpus = 3
	Disk = 2855799
	Memory = 6000
...
006 (13788873.000.000) 10/11 06:37:06 Image size of job updated: 379048
	366  -  MemoryUsage of job (MB)
	374388  -  ResidentSetSize of job (KB)
...
006 (13788873.000.000) 10/11 06:37:07 Image size of job updated: 422940
	366  -  MemoryUsage of job (MB)
	374772  -  ResidentSetSize of job (KB)
...
040 (13788873.000.000) 10/11 06:37:07 Started transferring output files
...
040 (13788873.000.000) 10/11 06:37:07 Finished transferring output files
...
005 (13788873.000.000) 10/11 06:37:07 Job terminated.
	(1) Normal termination (return value 139)
		Usr 0 00:00:07, Sys 0 00:00:01  -  Run Remote Usage
		Usr 0 00:00:00, Sys 0 00:00:00  -  Run Local Usage
		Usr 0 00:00:07, Sys 0 00:00:01  -  Total Remote Usage
		Usr 0 00:00:00, Sys 0 00:00:00  -  Total Local Usage
	27383  -  Run Bytes Sent By Job
	467  -  Run Bytes Received By Job
	27383  -  Total Bytes Sent By Job
	467  -  Total Bytes Received By Job
	Partitionable Resources :    Usage  Request Allocated 
	   Cpus                 :                 3         3 
	   Disk (KB)            :       44        1   2855799 
	   Memory (MB)          :      366     6000      6000 

	Job terminated of its own accord at 2024-10-11T04:37:07Z with exit-code 139.
...
000 (13789768.000.000) 10/11 07:38:26 Job submitted from host: <137.138.44.75:9618?addrs=137.138.44.75-9618+[2001-1458-d00-1a--b]-9618&alias=bigbird14.cern.ch&noUDP&sock=schedd_1981_6134>
...
040 (13789768.000.000) 10/11 07:40:43 Started transferring input files
	Transferring to host: <188.184.185.165:9618?addrs=188.184.185.165-9618+[2001-1458-301-52--100-a4]-9618&alias=b9g37p3154.cern.ch&noUDP&sock=slot1_24_1389646_11f7_72931>
...
040 (13789768.000.000) 10/11 07:40:43 Finished transferring input files
...
001 (13789768.000.000) 10/11 07:40:44 Job executing on host: <188.184.185.165:9618?addrs=188.184.185.165-9618+[2001-1458-301-52--100-a4]-9618&alias=b9g37p3154.cern.ch&noUDP&sock=startd_2314_ca3d>
	SlotName: slot1_24@b9g37p3154.cern.ch
	CondorScratchDir = "/pool/condor/dir_2308377"
	Cpus = 3
	Disk = 2952185
	Memory = 6000
...
006 (13789768.000.000) 10/11 07:40:53 Image size of job updated: 2084
	2  -  MemoryUsage of job (MB)
	1872  -  ResidentSetSize of job (KB)
...
006 (13789768.000.000) 10/11 07:41:19 Image size of job updated: 426912
	119  -  MemoryUsage of job (MB)
	121716  -  ResidentSetSize of job (KB)
...
040 (13789768.000.000) 10/11 07:41:19 Started transferring output files
...
040 (13789768.000.000) 10/11 07:41:19 Finished transferring output files
...
005 (13789768.000.000) 10/11 07:41:19 Job terminated.
	(1) Normal termination (return value 139)
		Usr 0 00:00:07, Sys 0 00:00:01  -  Run Remote Usage
		Usr 0 00:00:00, Sys 0 00:00:00  -  Run Local Usage
		Usr 0 00:00:07, Sys 0 00:00:01  -  Total Remote Usage
		Usr 0 00:00:00, Sys 0 00:00:00  -  Total Local Usage
	27402  -  Run Bytes Sent By Job
	467  -  Run Bytes Received By Job
	27402  -  Total Bytes Sent By Job
	467  -  Total Bytes Received By Job
	Partitionable Resources :    Usage  Request Allocated 
	   Cpus                 :        0        3         3 
	   Disk (KB)            :       52        1   2952185 
	   Memory (MB)          :      119     6000      6000 

	Job terminated of its own accord at 2024-10-11T05:41:19Z with exit-code 139.
...
000 (13789844.000.000) 10/11 08:23:43 Job submitted from host: <137.138.44.75:9618?addrs=137.138.44.75-9618+[2001-1458-d00-1a--b]-9618&alias=bigbird14.cern.ch&noUDP&sock=schedd_1981_6134>
...
040 (13789844.000.000) 10/11 08:26:10 Started transferring input files
	Transferring to host: <188.185.198.142:9618?addrs=188.185.198.142-9618+[2001-1458-303-25--100-8a]-9618&alias=b9p15p5603.cern.ch&noUDP&sock=slot1_1_9102_eeab_64421>
...
007 (13789844.000.000) 10/11 08:26:10 Shadow exception!
	Error from slot1_1@b9p15p5603.cern.ch: SHADOW at 137.138.44.75 failed to send file(s) to <188.185.198.142:38377>: |Error: reading from file /afs/cern.ch/user/c/cagrawal/public/MyAnalysis/CMSSW_14_0_2/src/SusySoft2023Ana/condor/map_crosssection_SMprocess_v1.txt e_TF_NBJet.root mu_TF_NBJet.root LL_TF_NBJet.root: (errno 2) No such file or directory; STARTER failed to receive file(s) from <137.138.44.75:9618>
	0  -  Run Bytes Sent By Job
	467  -  Run Bytes Received By Job
...
012 (13789844.000.000) 10/11 08:26:10 Job was held.
	Transfer input files failure at access point bigbird14 while sending files to execution point slot1_1@b9p15p5603.cern.ch. Details: Error from slot1_1@b9p15p5603.cern.ch: SHADOW at 137.138.44.75 failed to send file(s) to <188.185.198.142:38377>: |Error: reading from file /afs/cern.ch/user/c/cagrawal/public/MyAnalysis/CMSSW_14_0_2/src/SusySoft2023Ana/condor/map_crosssection_SMprocess_v1.txt e_TF_NBJet.root mu_TF_NBJet.root LL_TF_NBJet.root: (errno 2) No such file or directory; STARTER failed to receive file(s) from <137.138.44.75:9618>
	Code 13 Subcode 2
...
000 (13789885.000.000) 10/11 09:09:51 Job submitted from host: <137.138.44.75:9618?addrs=137.138.44.75-9618+[2001-1458-d00-1a--b]-9618&alias=bigbird14.cern.ch&noUDP&sock=schedd_1981_6134>
...
040 (13789885.000.000) 10/11 09:11:28 Started transferring input files
	Transferring to host: <128.142.193.150:9618?addrs=128.142.193.150-9618+[2001-1458-301-8--100-12]-9618&alias=b9g21p7799.cern.ch&noUDP&sock=slot1_2_866254_0ed3_57420>
...
007 (13789885.000.000) 10/11 09:11:28 Shadow exception!
	Error from slot1_2@b9g21p7799.cern.ch: SHADOW at 137.138.44.75 failed to send file(s) to <128.142.193.150:38173>: |Error: reading from file /afs/cern.ch/user/c/cagrawal/public/MyAnalysis/CMSSW_14_0_2/src/SusySoft2023Ana/condor/map_crosssection_SMprocess_v1.txt e_TF_NBJet.root mu_TF_NBJet.root LL_TF_NBJet.root: (errno 2) No such file or directory; STARTER failed to receive file(s) from <137.138.44.75:9618>
	0  -  Run Bytes Sent By Job
	467  -  Run Bytes Received By Job
...
012 (13789885.000.000) 10/11 09:11:28 Job was held.
	Transfer input files failure at access point bigbird14 while sending files to execution point slot1_2@b9g21p7799.cern.ch. Details: Error from slot1_2@b9g21p7799.cern.ch: SHADOW at 137.138.44.75 failed to send file(s) to <128.142.193.150:38173>: |Error: reading from file /afs/cern.ch/user/c/cagrawal/public/MyAnalysis/CMSSW_14_0_2/src/SusySoft2023Ana/condor/map_crosssection_SMprocess_v1.txt e_TF_NBJet.root mu_TF_NBJet.root LL_TF_NBJet.root: (errno 2) No such file or directory; STARTER failed to receive file(s) from <137.138.44.75:9618>
	Code 13 Subcode 2
...
000 (13789905.000.000) 10/11 09:29:18 Job submitted from host: <137.138.44.75:9618?addrs=137.138.44.75-9618+[2001-1458-d00-1a--b]-9618&alias=bigbird14.cern.ch&noUDP&sock=schedd_1981_6134>
...
040 (13789905.000.000) 10/11 09:34:10 Started transferring input files
	Transferring to host: <188.184.185.156:9618?addrs=188.184.185.156-9618+[2001-1458-301-52--100-9b]-9618&alias=b9g37p3214.cern.ch&noUDP&sock=slot1_17_3641522_6d2a_47767>
...
040 (13789905.000.000) 10/11 09:34:10 Finished transferring input files
...
007 (13789905.000.000) 10/11 09:34:10 Shadow exception!
	Error from slot1_17@b9g37p3214.cern.ch: SHADOW at 137.138.44.75 failed to send file(s) to <188.184.185.156:38087>: |Error: reading from file /afs/cern.ch/user/c/cagrawal/public/MyAnalysis/CMSSW_14_0_2/src/SusySoft2023Ana/condor/map_crosssection_SMprocess_v1.txt e_TF_NBJet.root mu_TF_NBJet.root LL_TF_NBJet.root: (errno 2) No such file or directory; STARTER failed to receive file(s) from <137.138.44.75:9618>
	0  -  Run Bytes Sent By Job
	479  -  Run Bytes Received By Job
...
012 (13789905.000.000) 10/11 09:34:10 Job was held.
	Transfer input files failure at access point bigbird14 while sending files to execution point slot1_17@b9g37p3214.cern.ch. Details: Error from slot1_17@b9g37p3214.cern.ch: SHADOW at 137.138.44.75 failed to send file(s) to <188.184.185.156:38087>: |Error: reading from file /afs/cern.ch/user/c/cagrawal/public/MyAnalysis/CMSSW_14_0_2/src/SusySoft2023Ana/condor/map_crosssection_SMprocess_v1.txt e_TF_NBJet.root mu_TF_NBJet.root LL_TF_NBJet.root: (errno 2) No such file or directory; STARTER failed to receive file(s) from <137.138.44.75:9618>
	Code 13 Subcode 2
...
013 (13789905.000.000) 10/11 09:37:30 Job was released.
	via condor_release (by user cagrawal)
...
040 (13789905.000.000) 10/11 09:39:09 Started transferring input files
	Transferring to host: <188.184.185.40:9618?addrs=188.184.185.40-9618+[2001-1458-301-52--100-27]-9618&alias=b9g37p2912.cern.ch&noUDP&sock=slot1_6_2081131_ceae_80526>
...
040 (13789905.000.000) 10/11 09:39:09 Finished transferring input files
...
007 (13789905.000.000) 10/11 09:39:09 Shadow exception!
	Error from slot1_6@b9g37p2912.cern.ch: SHADOW at 137.138.44.75 failed to send file(s) to <188.184.185.40:46361>: |Error: reading from file /afs/cern.ch/user/c/cagrawal/public/MyAnalysis/CMSSW_14_0_2/src/SusySoft2023Ana/condor/map_crosssection_SMprocess_v1.txt e_TF_NBJet.root mu_TF_NBJet.root LL_TF_NBJet.root: (errno 2) No such file or directory; STARTER failed to receive file(s) from <137.138.44.75:9618>
	0  -  Run Bytes Sent By Job
	479  -  Run Bytes Received By Job
...
012 (13789905.000.000) 10/11 09:39:09 Job was held.
	Transfer input files failure at access point bigbird14 while sending files to execution point slot1_6@b9g37p2912.cern.ch. Details: Error from slot1_6@b9g37p2912.cern.ch: SHADOW at 137.138.44.75 failed to send file(s) to <188.184.185.40:46361>: |Error: reading from file /afs/cern.ch/user/c/cagrawal/public/MyAnalysis/CMSSW_14_0_2/src/SusySoft2023Ana/condor/map_crosssection_SMprocess_v1.txt e_TF_NBJet.root mu_TF_NBJet.root LL_TF_NBJet.root: (errno 2) No such file or directory; STARTER failed to receive file(s) from <137.138.44.75:9618>
	Code 13 Subcode 2
...
013 (13789905.000.000) 10/11 09:42:56 Job was released.
	via condor_release (by user cagrawal)
...
040 (13789905.000.000) 10/11 09:48:06 Started transferring input files
	Transferring to host: <128.142.161.118:9618?addrs=128.142.161.118-9618+[2001-1458-301-b8--100-34]-9618&alias=b9g03p9322.cern.ch&noUDP&sock=slot1_12_8015_0adf_1462>
...
007 (13789905.000.000) 10/11 09:48:06 Shadow exception!
	Error from slot1_12@b9g03p9322.cern.ch: SHADOW at 137.138.44.75 failed to send file(s) to <128.142.161.118:37207>: |Error: reading from file /afs/cern.ch/user/c/cagrawal/public/MyAnalysis/CMSSW_14_0_2/src/SusySoft2023Ana/condor/map_crosssection_SMprocess_v1.txt e_TF_NBJet.root mu_TF_NBJet.root LL_TF_NBJet.root: (errno 2) No such file or directory; STARTER failed to receive file(s) from <137.138.44.75:9618>
	0  -  Run Bytes Sent By Job
	479  -  Run Bytes Received By Job
...
012 (13789905.000.000) 10/11 09:48:06 Job was held.
	Transfer input files failure at access point bigbird14 while sending files to execution point slot1_12@b9g03p9322.cern.ch. Details: Error from slot1_12@b9g03p9322.cern.ch: SHADOW at 137.138.44.75 failed to send file(s) to <128.142.161.118:37207>: |Error: reading from file /afs/cern.ch/user/c/cagrawal/public/MyAnalysis/CMSSW_14_0_2/src/SusySoft2023Ana/condor/map_crosssection_SMprocess_v1.txt e_TF_NBJet.root mu_TF_NBJet.root LL_TF_NBJet.root: (errno 2) No such file or directory; STARTER failed to receive file(s) from <137.138.44.75:9618>
	Code 13 Subcode 2
...
009 (13789844.000.000) 10/11 09:49:43 Job was aborted.
	via condor_rm (by user cagrawal)
...
009 (13789905.000.000) 10/11 09:50:01 Job was aborted.
	via condor_rm (by user cagrawal)
...
009 (13789885.000.000) 10/11 09:50:10 Job was aborted.
	via condor_rm (by user cagrawal)
...
000 (13790018.000.000) 10/11 09:50:49 Job submitted from host: <137.138.44.75:9618?addrs=137.138.44.75-9618+[2001-1458-d00-1a--b]-9618&alias=bigbird14.cern.ch&noUDP&sock=schedd_1981_6134>
...
009 (13790018.000.000) 10/11 09:53:03 Job was aborted.
	via condor_rm (by user cagrawal)
...
000 (13790021.000.000) 10/11 09:53:10 Job submitted from host: <137.138.44.75:9618?addrs=137.138.44.75-9618+[2001-1458-d00-1a--b]-9618&alias=bigbird14.cern.ch&noUDP&sock=schedd_1981_6134>
...
040 (13790021.000.000) 10/11 09:54:12 Started transferring input files
	Transferring to host: <128.142.193.148:9618?addrs=128.142.193.148-9618+[2001-1458-301-8--100-10]-9618&alias=b9g21p5803.cern.ch&noUDP&sock=slot1_2_1283312_25d3_50306>
...
040 (13790021.000.000) 10/11 09:54:12 Finished transferring input files
...
001 (13790021.000.000) 10/11 09:54:13 Job executing on host: <128.142.193.148:9618?addrs=128.142.193.148-9618+[2001-1458-301-8--100-10]-9618&alias=b9g21p5803.cern.ch&noUDP&sock=startd_3189657_f9e7>
	SlotName: slot1_2@b9g21p5803.cern.ch
	CondorScratchDir = "/pool/condor/dir_2596041"
	Cpus = 3
	Disk = 1185283
	Memory = 6000
...
006 (13790021.000.000) 10/11 09:54:15 Image size of job updated: 14708
	15  -  MemoryUsage of job (MB)
	14708  -  ResidentSetSize of job (KB)
...
040 (13790021.000.000) 10/11 09:54:15 Started transferring output files
...
040 (13790021.000.000) 10/11 09:54:15 Finished transferring output files
...
005 (13790021.000.000) 10/11 09:54:15 Job terminated.
	(1) Normal termination (return value 139)
		Usr 0 00:00:02, Sys 0 00:00:00  -  Run Remote Usage
		Usr 0 00:00:00, Sys 0 00:00:00  -  Run Local Usage
		Usr 0 00:00:02, Sys 0 00:00:00  -  Total Remote Usage
		Usr 0 00:00:00, Sys 0 00:00:00  -  Total Local Usage
	2670  -  Run Bytes Sent By Job
	479  -  Run Bytes Received By Job
	2670  -  Total Bytes Sent By Job
	479  -  Total Bytes Received By Job
	Partitionable Resources :    Usage  Request Allocated 
	   Cpus                 :                 3         3 
	   Disk (KB)            :       20        1   1185283 
	   Memory (MB)          :       15     6000      6000 

	Job terminated of its own accord at 2024-10-11T07:54:15Z with exit-code 139.
...
000 (13790122.000.000) 10/11 11:30:44 Job submitted from host: <137.138.44.75:9618?addrs=137.138.44.75-9618+[2001-1458-d00-1a--b]-9618&alias=bigbird14.cern.ch&noUDP&sock=schedd_1981_6134>
...
040 (13790122.000.000) 10/11 11:34:24 Started transferring input files
	Transferring to host: <188.185.198.77:9618?addrs=188.185.198.77-9618+[2001-1458-303-25--100-49]-9618&alias=b9p15p4218.cern.ch&noUDP&sock=slot1_18_2172703_90b9_61706>
...
040 (13790122.000.000) 10/11 11:34:24 Finished transferring input files
...
001 (13790122.000.000) 10/11 11:34:25 Job executing on host: <188.185.198.77:9618?addrs=188.185.198.77-9618+[2001-1458-303-25--100-49]-9618&alias=b9p15p4218.cern.ch&noUDP&sock=startd_11873_780b>
	SlotName: slot1_18@b9p15p4218.cern.ch
	CondorScratchDir = "/pool/condor/dir_3998447"
	Cpus = 3
	Disk = 2936970
	Memory = 6000
...
006 (13790122.000.000) 10/11 11:34:34 Image size of job updated: 495492
	484  -  MemoryUsage of job (MB)
	495408  -  ResidentSetSize of job (KB)
...
006 (13790122.000.000) 10/11 11:34:56 Image size of job updated: 921152
	824  -  MemoryUsage of job (MB)
	843608  -  ResidentSetSize of job (KB)
...
040 (13790122.000.000) 10/11 11:34:56 Started transferring output files
...
040 (13790122.000.000) 10/11 11:34:56 Finished transferring output files
...
005 (13790122.000.000) 10/11 11:34:56 Job terminated.
	(1) Normal termination (return value 0)
		Usr 0 00:00:12, Sys 0 00:00:00  -  Run Remote Usage
		Usr 0 00:00:00, Sys 0 00:00:00  -  Run Local Usage
		Usr 0 00:00:12, Sys 0 00:00:00  -  Total Remote Usage
		Usr 0 00:00:00, Sys 0 00:00:00  -  Total Local Usage
	7254  -  Run Bytes Sent By Job
	473  -  Run Bytes Received By Job
	7254  -  Total Bytes Sent By Job
	473  -  Total Bytes Received By Job
	Partitionable Resources :    Usage  Request Allocated 
	   Cpus                 :        0        3         3 
	   Disk (KB)            :       29        1   2936970 
	   Memory (MB)          :      824     6000      6000 

	Job terminated of its own accord at 2024-10-11T09:34:56Z with exit-code 0.
...
000 (13790770.000.000) 10/11 11:44:03 Job submitted from host: <137.138.44.75:9618?addrs=137.138.44.75-9618+[2001-1458-d00-1a--b]-9618&alias=bigbird14.cern.ch&noUDP&sock=schedd_1981_6134>
...
040 (13790770.000.000) 10/11 11:46:03 Started transferring input files
	Transferring to host: <188.185.205.28:9618?addrs=188.185.205.28-9618+[2001-1458-303-9--100-90]-9618&alias=b9p03p0435.cern.ch&noUDP&sock=slot1_1_4633_1e15_50164>
...
040 (13790770.000.000) 10/11 11:46:03 Finished transferring input files
...
001 (13790770.000.000) 10/11 11:46:04 Job executing on host: <188.185.205.28:9618?addrs=188.185.205.28-9618+[2001-1458-303-9--100-90]-9618&alias=b9p03p0435.cern.ch&noUDP&sock=startd_3809_3c54>
	SlotName: slot1_1@b9p03p0435.cern.ch
	CondorScratchDir = "/pool/condor/dir_2280827"
	Cpus = 3
	Disk = 2773842
	Memory = 6000
...
006 (13790770.000.000) 10/11 11:46:12 Image size of job updated: 433856
	112  -  MemoryUsage of job (MB)
	114172  -  ResidentSetSize of job (KB)
...
040 (13790770.000.000) 10/11 11:46:12 Started transferring output files
...
040 (13790770.000.000) 10/11 11:46:12 Finished transferring output files
...
005 (13790770.000.000) 10/11 11:46:12 Job terminated.
	(1) Normal termination (return value 139)
		Usr 0 00:00:05, Sys 0 00:00:02  -  Run Remote Usage
		Usr 0 00:00:00, Sys 0 00:00:00  -  Run Local Usage
		Usr 0 00:00:05, Sys 0 00:00:02  -  Total Remote Usage
		Usr 0 00:00:00, Sys 0 00:00:00  -  Total Local Usage
	27379  -  Run Bytes Sent By Job
	470  -  Run Bytes Received By Job
	27379  -  Total Bytes Sent By Job
	470  -  Total Bytes Received By Job
	Partitionable Resources :    Usage  Request Allocated 
	   Cpus                 :        0        3         3 
	   Disk (KB)            :       52        1   2773842 
	   Memory (MB)          :      112     6000      6000 

	Job terminated of its own accord at 2024-10-11T09:46:12Z with exit-code 139.
...
000 (13791074.000.000) 10/11 11:48:03 Job submitted from host: <137.138.44.75:9618?addrs=137.138.44.75-9618+[2001-1458-d00-1a--b]-9618&alias=bigbird14.cern.ch&noUDP&sock=schedd_1981_6134>
...
040 (13791074.000.000) 10/11 11:51:34 Started transferring input files
	Transferring to host: <188.185.206.28:9618?addrs=188.185.206.28-9618+[2001-1458-303-b--100-19]-9618&alias=b9p05p0564.cern.ch&noUDP&sock=slot1_25_3682_0d4f_23582>
...
040 (13791074.000.000) 10/11 11:51:34 Finished transferring input files
...
001 (13791074.000.000) 10/11 11:51:35 Job executing on host: <188.185.206.28:9618?addrs=188.185.206.28-9618+[2001-1458-303-b--100-19]-9618&alias=b9p05p0564.cern.ch&noUDP&sock=startd_3342_e999>
	SlotName: slot1_25@b9p05p0564.cern.ch
	CondorScratchDir = "/pool/condor/dir_2071890"
	Cpus = 3
	Disk = 2902731
	Memory = 6000
...
006 (13791074.000.000) 10/11 11:51:42 Image size of job updated: 430656
	106  -  MemoryUsage of job (MB)
	107956  -  ResidentSetSize of job (KB)
...
040 (13791074.000.000) 10/11 11:51:45 Started transferring output files
...
040 (13791074.000.000) 10/11 11:51:45 Finished transferring output files
...
005 (13791074.000.000) 10/11 11:51:45 Job terminated.
	(1) Normal termination (return value 139)
		Usr 0 00:00:04, Sys 0 00:00:02  -  Run Remote Usage
		Usr 0 00:00:00, Sys 0 00:00:00  -  Run Local Usage
		Usr 0 00:00:04, Sys 0 00:00:02  -  Total Remote Usage
		Usr 0 00:00:00, Sys 0 00:00:00  -  Total Local Usage
	27379  -  Run Bytes Sent By Job
	468  -  Run Bytes Received By Job
	27379  -  Total Bytes Sent By Job
	468  -  Total Bytes Received By Job
	Partitionable Resources :    Usage  Request Allocated 
	   Cpus                 :        0        3         3 
	   Disk (KB)            :       55        1   2902731 
	   Memory (MB)          :      106     6000      6000 

	Job terminated of its own accord at 2024-10-11T09:51:42Z with exit-code 139.
...
000 (13796495.000.000) 10/12 04:41:48 Job submitted from host: <137.138.44.75:9618?addrs=137.138.44.75-9618+[2001-1458-d00-1a--b]-9618&alias=bigbird14.cern.ch&noUDP&sock=schedd_1981_6134>
...
040 (13796495.000.000) 10/12 04:42:44 Started transferring input files
	Transferring to host: <188.184.185.170:9618?addrs=188.184.185.170-9618+[2001-1458-301-52--100-a9]-9618&alias=b9g37p3148.cern.ch&noUDP&sock=slot1_6_2633744_a855_17251>
...
040 (13796495.000.000) 10/12 04:42:44 Finished transferring input files
...
001 (13796495.000.000) 10/12 04:42:45 Job executing on host: <188.184.185.170:9618?addrs=188.184.185.170-9618+[2001-1458-301-52--100-a9]-9618&alias=b9g37p3148.cern.ch&noUDP&sock=startd_5470_8b22>
	SlotName: slot1_6@b9g37p3148.cern.ch
	CondorScratchDir = "/pool/condor/dir_4962"
	Cpus = 3
	Disk = 2841670
	Memory = 6000
...
006 (13796495.000.000) 10/12 04:42:54 Image size of job updated: 144436
	142  -  MemoryUsage of job (MB)
	144436  -  ResidentSetSize of job (KB)
...
006 (13796495.000.000) 10/12 04:43:27 Image size of job updated: 610380
	521  -  MemoryUsage of job (MB)
	533188  -  ResidentSetSize of job (KB)
...
040 (13796495.000.000) 10/12 04:43:27 Started transferring output files
...
040 (13796495.000.000) 10/12 04:43:27 Finished transferring output files
...
005 (13796495.000.000) 10/12 04:43:27 Job terminated.
	(1) Normal termination (return value 0)
		Usr 0 00:00:14, Sys 0 00:00:01  -  Run Remote Usage
		Usr 0 00:00:00, Sys 0 00:00:00  -  Run Local Usage
		Usr 0 00:00:14, Sys 0 00:00:01  -  Total Remote Usage
		Usr 0 00:00:00, Sys 0 00:00:00  -  Total Local Usage
	6788  -  Run Bytes Sent By Job
	377  -  Run Bytes Received By Job
	6788  -  Total Bytes Sent By Job
	377  -  Total Bytes Received By Job
	Partitionable Resources :    Usage  Request Allocated 
	   Cpus                 :                 3         3 
	   Disk (KB)            :       20        1   2841670 
	   Memory (MB)          :      521     6000      6000 

	Job terminated of its own accord at 2024-10-12T02:43:27Z with exit-code 0.
...
000 (13797181.000.000) 10/12 06:09:52 Job submitted from host: <137.138.44.75:9618?addrs=137.138.44.75-9618+[2001-1458-d00-1a--b]-9618&alias=bigbird14.cern.ch&noUDP&sock=schedd_1981_6134>
...
040 (13797181.000.000) 10/12 06:11:09 Started transferring input files
	Transferring to host: <128.142.33.41:9618?addrs=128.142.33.41-9618+[2001-1458-301-53--100-26]-9618&alias=b9g34p3999.cern.ch&noUDP&sock=slot1_16_4972_f943_57698>
...
040 (13797181.000.000) 10/12 06:11:09 Finished transferring input files
...
001 (13797181.000.000) 10/12 06:11:10 Job executing on host: <128.142.33.41:9618?addrs=128.142.33.41-9618+[2001-1458-301-53--100-26]-9618&alias=b9g34p3999.cern.ch&noUDP&sock=startd_4058_0769>
	SlotName: slot1_16@b9g34p3999.cern.ch
	CondorScratchDir = "/pool/condor/dir_3709047"
	Cpus = 3
	Disk = 2682182
	Memory = 6000
...
006 (13797181.000.000) 10/12 06:11:19 Image size of job updated: 153888
	151  -  MemoryUsage of job (MB)
	153888  -  ResidentSetSize of job (KB)
...
006 (13797181.000.000) 10/12 06:11:47 Image size of job updated: 608420
	519  -  MemoryUsage of job (MB)
	531188  -  ResidentSetSize of job (KB)
...
040 (13797181.000.000) 10/12 06:11:47 Started transferring output files
...
040 (13797181.000.000) 10/12 06:11:47 Finished transferring output files
...
005 (13797181.000.000) 10/12 06:11:48 Job terminated.
	(1) Normal termination (return value 0)
		Usr 0 00:00:14, Sys 0 00:00:00  -  Run Remote Usage
		Usr 0 00:00:00, Sys 0 00:00:00  -  Run Local Usage
		Usr 0 00:00:14, Sys 0 00:00:00  -  Total Remote Usage
		Usr 0 00:00:00, Sys 0 00:00:00  -  Total Local Usage
	6788  -  Run Bytes Sent By Job
	377  -  Run Bytes Received By Job
	6788  -  Total Bytes Sent By Job
	377  -  Total Bytes Received By Job
	Partitionable Resources :    Usage  Request Allocated 
	   Cpus                 :                 3         3 
	   Disk (KB)            :       21        1   2682182 
	   Memory (MB)          :      519     6000      6000 

	Job terminated of its own accord at 2024-10-12T04:11:47Z with exit-code 0.
...
000 (13797805.000.000) 10/12 06:35:04 Job submitted from host: <137.138.44.75:9618?addrs=137.138.44.75-9618+[2001-1458-d00-1a--b]-9618&alias=bigbird14.cern.ch&noUDP&sock=schedd_1981_6134>
...
040 (13797805.000.000) 10/12 06:36:15 Started transferring input files
	Transferring to host: <128.142.248.79:9618?addrs=128.142.248.79-9618+[2001-1458-301-73--100-13f]-9618&alias=b9g23p1840.cern.ch&noUDP&sock=slot1_1_2605018_9785_20813>
...
040 (13797805.000.000) 10/12 06:36:15 Finished transferring input files
...
001 (13797805.000.000) 10/12 06:36:16 Job executing on host: <128.142.248.79:9618?addrs=128.142.248.79-9618+[2001-1458-301-73--100-13f]-9618&alias=b9g23p1840.cern.ch&noUDP&sock=startd_7681_1b08>
	SlotName: slot1_1@b9g23p1840.cern.ch
	CondorScratchDir = "/pool/condor/dir_673033"
	Cpus = 3
	Disk = 2945345
	Memory = 6000
...
006 (13797805.000.000) 10/12 06:36:25 Image size of job updated: 160512
	157  -  MemoryUsage of job (MB)
	160512  -  ResidentSetSize of job (KB)
...
006 (13797805.000.000) 10/12 06:37:13 Image size of job updated: 620928
	534  -  MemoryUsage of job (MB)
	546156  -  ResidentSetSize of job (KB)
...
040 (13797805.000.000) 10/12 06:37:13 Started transferring output files
...
040 (13797805.000.000) 10/12 06:37:13 Finished transferring output files
...
005 (13797805.000.000) 10/12 06:37:13 Job terminated.
	(1) Normal termination (return value 0)
		Usr 0 00:00:13, Sys 0 00:00:01  -  Run Remote Usage
		Usr 0 00:00:00, Sys 0 00:00:00  -  Run Local Usage
		Usr 0 00:00:13, Sys 0 00:00:01  -  Total Remote Usage
		Usr 0 00:00:00, Sys 0 00:00:00  -  Total Local Usage
	6788  -  Run Bytes Sent By Job
	377  -  Run Bytes Received By Job
	6788  -  Total Bytes Sent By Job
	377  -  Total Bytes Received By Job
	Partitionable Resources :    Usage  Request Allocated 
	   Cpus                 :                 3         3 
	   Disk (KB)            :       21        1   2945345 
	   Memory (MB)          :      534     6000      6000 

	Job terminated of its own accord at 2024-10-12T04:37:13Z with exit-code 0.
...
000 (13808389.000.000) 10/14 07:53:14 Job submitted from host: <137.138.44.75:9618?addrs=137.138.44.75-9618+[2001-1458-d00-1a--b]-9618&alias=bigbird14.cern.ch&noUDP&sock=schedd_1981_6134>
...
040 (13808389.000.000) 10/14 07:53:20 Started transferring input files
	Transferring to host: <188.185.195.184:9618?addrs=188.185.195.184-9618+[2001-1458-303-22--100-b4]-9618&alias=b9p17p5043.cern.ch&noUDP&sock=slot1_10_8605_c037_49519>
...
040 (13808389.000.000) 10/14 07:53:20 Finished transferring input files
...
001 (13808389.000.000) 10/14 07:53:21 Job executing on host: <188.185.195.184:9618?addrs=188.185.195.184-9618+[2001-1458-303-22--100-b4]-9618&alias=b9p17p5043.cern.ch&noUDP&sock=startd_7621_f359>
	SlotName: slot1_10@b9p17p5043.cern.ch
	CondorScratchDir = "/pool/condor/dir_601905"
	Cpus = 3
	Disk = 2881505
	Memory = 6000
...
006 (13808389.000.000) 10/14 07:53:29 Image size of job updated: 493296
	482  -  MemoryUsage of job (MB)
	493292  -  ResidentSetSize of job (KB)
...
006 (13808389.000.000) 10/14 07:54:02 Image size of job updated: 962080
	866  -  MemoryUsage of job (MB)
	886624  -  ResidentSetSize of job (KB)
...
040 (13808389.000.000) 10/14 07:54:02 Started transferring output files
...
040 (13808389.000.000) 10/14 07:54:02 Finished transferring output files
...
005 (13808389.000.000) 10/14 07:54:02 Job terminated.
	(1) Normal termination (return value 0)
		Usr 0 00:00:12, Sys 0 00:00:00  -  Run Remote Usage
		Usr 0 00:00:00, Sys 0 00:00:00  -  Run Local Usage
		Usr 0 00:00:12, Sys 0 00:00:00  -  Total Remote Usage
		Usr 0 00:00:00, Sys 0 00:00:00  -  Total Local Usage
	6781  -  Run Bytes Sent By Job
	377  -  Run Bytes Received By Job
	6781  -  Total Bytes Sent By Job
	377  -  Total Bytes Received By Job
	Partitionable Resources :    Usage  Request Allocated 
	   Cpus                 :        0        3         3 
	   Disk (KB)            :       28        1   2881505 
	   Memory (MB)          :      866     6000      6000 

	Job terminated of its own accord at 2024-10-14T05:54:02Z with exit-code 0.
...
000 (13809426.000.000) 10/14 20:02:50 Job submitted from host: <137.138.44.75:9618?addrs=137.138.44.75-9618+[2001-1458-d00-1a--b]-9618&alias=bigbird14.cern.ch&noUDP&sock=schedd_1981_6134>
...
040 (13809426.000.000) 10/14 20:08:12 Started transferring input files
	Transferring to host: <188.185.195.53:9618?addrs=188.185.195.53-9618+[2001-1458-303-22--100-31]-9618&alias=b9p17p9353.cern.ch&noUDP&sock=slot1_7_3488040_7909_8454>
...
001 (13809426.000.000) 10/14 20:08:14 Job executing on host: <188.185.195.53:9618?addrs=188.185.195.53-9618+[2001-1458-303-22--100-31]-9618&alias=b9p17p9353.cern.ch&noUDP&sock=startd_127978_d77b>
	SlotName: slot1_7@b9p17p9353.cern.ch
	CondorScratchDir = "/pool/condor/dir_2390528"
	Cpus = 3
	Disk = 2852507
	Memory = 6000
...
040 (13809426.000.000) 10/14 20:08:14 Finished transferring input files
...
006 (13809426.000.000) 10/14 20:08:23 Image size of job updated: 495156
	484  -  MemoryUsage of job (MB)
	495156  -  ResidentSetSize of job (KB)
...
006 (13809426.000.000) 10/14 20:13:24 Image size of job updated: 589360
	576  -  MemoryUsage of job (MB)
	589108  -  ResidentSetSize of job (KB)
...
006 (13809426.000.000) 10/14 20:18:24 Image size of job updated: 626196
	612  -  MemoryUsage of job (MB)
	626196  -  ResidentSetSize of job (KB)
...
006 (13809426.000.000) 10/14 20:23:24 Image size of job updated: 658592
	644  -  MemoryUsage of job (MB)
	658592  -  ResidentSetSize of job (KB)
...
006 (13809426.000.000) 10/14 20:28:25 Image size of job updated: 685044
	669  -  MemoryUsage of job (MB)
	685044  -  ResidentSetSize of job (KB)
...
006 (13809426.000.000) 10/14 20:28:25 Image size of job updated: 685300
	669  -  MemoryUsage of job (MB)
	685044  -  ResidentSetSize of job (KB)
...
040 (13809426.000.000) 10/14 20:28:25 Started transferring output files
...
040 (13809426.000.000) 10/14 20:28:25 Finished transferring output files
...
009 (13809426.000.000) 10/14 20:28:25 Job was aborted.
	Job removed by SYSTEM_PERIODIC_REMOVE due to wall time exceeded allowed max.
...
