/afs/cern.ch/user/c/cagrawal/public/MyAnalysis/CMSSW_14_0_2/src/SusySoft2023Ana
/afs/cern.ch/user/c/cagrawal/public/MyAnalysis/CMSSW_14_0_2/src/SusySoft2023Ana/Summer20UL17_ZJetsToNuNu_HT.root
Treating the input files as BG for setting tree branches
AnalyzeLightBSM::BookHistogram 
File name = ./map_crosssection_SMprocess_v1.txt
values: 19.77 entries: 4.7646e+06
values: 0.8092 entries: 4.96626e+06
values: 19.77 entries: 3.59877e+06
values: 0.8092 entries: 3.60963e+06
values: 19.77 entries: 1.38616e+06
values: 0.8092 entries: 1.33067e+06
values: 19.77 entries: 1.60326e+06
values: 0.8092 entries: 1.45734e+06
values: 0.2984 entries: 890062
values: 3.757 entries: 1.6096e+06
===========================================================================
iFile 1  Analyzing tree from /eos/user/s/seema/SUSYGMSB2023/SkimsUL_June2023/skimmed_Summer20UL17_ZJetsToNuNu_HT-100To200_TuneCP5_13TeV-madgraphMLM-pythia8.root
===========================================================================
main(): chain->GetEntries() 30854
NtupleVarsTProxy::Init(TTree *tree) tree->GetEntries()30854
NtupleVarsTProxy::Init(TTree *tree) fChain->GetEntries() 30854
AnalyzeTProxytBSM::EventLoop() 
Analyzing /eos/user/s/seema/SUSYGMSB2023/SkimsUL_June2023/skimmed_Summer20UL17_ZJetsToNuNu_HT-100To200_TuneCP5_13TeV-madgraphMLM-pythia8.root nentries 30854
0	analyzed process	2017.ZNuNuJets
10 %
20 %
30 %
40 %
50 %
60 %
70 %
80 %
90 %
29460.3
1644.22
1644.22
1627.98
57.2898
17.4922
16.9349
14.457
3.20594
1.5073
1.5073
1.5073


Lost electron: 0
Lost muon: 0
Hadronic tau: 0
e fake photon: 0
Rest: 1.5073
===========================================================================
iFile 2  Analyzing tree from /eos/user/s/seema/SUSYGMSB2023/SkimsUL_June2023/skimmed_Summer20UL17_ZJetsToNuNu_HT-1200To2500_TuneCP5_13TeV-madgraphMLM-pythia8.root
===========================================================================
main(): chain->GetEntries() 8695
NtupleVarsTProxy::Init(TTree *tree) tree->GetEntries()8695
NtupleVarsTProxy::Init(TTree *tree) fChain->GetEntries() 8695
AnalyzeTProxytBSM::EventLoop() 
Analyzing /eos/user/s/seema/SUSYGMSB2023/SkimsUL_June2023/skimmed_Summer20UL17_ZJetsToNuNu_HT-1200To2500_TuneCP5_13TeV-madgraphMLM-pythia8.root nentries 8695
0	analyzed process	2017.ZNuNuJets
10 %
20 %
30 %
40 %
50 %
60 %
70 %
80 %
90 %
30015.9
1698.91
1698.91
1682.68
111.982
51.6283
48.9315
38.9904
7.2544
4.77519
4.71513
4.61713


Lost electron: 0
Lost muon: 0
Hadronic tau: 0
e fake photon: 0
Rest: 4.61713
===========================================================================
iFile 3  Analyzing tree from /eos/user/s/seema/SUSYGMSB2023/SkimsUL_June2023/skimmed_Summer20UL17_ZJetsToNuNu_HT-200To400_TuneCP5_13TeV-madgraphMLM-pythia8.root
===========================================================================
main(): chain->GetEntries() 215692
NtupleVarsTProxy::Init(TTree *tree) tree->GetEntries()215692
NtupleVarsTProxy::Init(TTree *tree) fChain->GetEntries() 215692
AnalyzeTProxytBSM::EventLoop() 
Analyzing /eos/user/s/seema/SUSYGMSB2023/SkimsUL_June2023/skimmed_Summer20UL17_ZJetsToNuNu_HT-200To400_TuneCP5_13TeV-madgraphMLM-pythia8.root nentries 215692
0	analyzed process	2017.ZNuNuJets
10 %
20 %
30 %
40 %
50 %
60 %
70 %
80 %
90 %
91695.7
3884.81
3884.81
3862.57
957.859
405.034
393.785
361.446
81.1325
47.2065
45.9562
44.2087


Lost electron: 0
Lost muon: 0
Hadronic tau: 0
e fake photon: 0
Rest: 44.2087
===========================================================================
iFile 4  Analyzing tree from /eos/user/s/seema/SUSYGMSB2023/SkimsUL_June2023/skimmed_Summer20UL17_ZJetsToNuNu_HT-2500ToInf_TuneCP5_13TeV-madgraphMLM-pythia8.root
===========================================================================
main(): chain->GetEntries() 5875
NtupleVarsTProxy::Init(TTree *tree) tree->GetEntries()5875
NtupleVarsTProxy::Init(TTree *tree) fChain->GetEntries() 5875
AnalyzeTProxytBSM::EventLoop() 
Analyzing /eos/user/s/seema/SUSYGMSB2023/SkimsUL_June2023/skimmed_Summer20UL17_ZJetsToNuNu_HT-2500ToInf_TuneCP5_13TeV-madgraphMLM-pythia8.root nentries 5875
0	analyzed process	2017.ZNuNuJets
10 %
20 %
30 %
40 %
50 %
60 %
70 %
80 %
90 %
91708.4
3886.83
3886.83
3864.6
959.886
406.421
395.093
362.33
81.2618
47.3199
46.0676
44.3185


Lost electron: 0
Lost muon: 0
Hadronic tau: 0
e fake photon: 0
Rest: 44.3185
===========================================================================
iFile 5  Analyzing tree from /eos/user/s/seema/SUSYGMSB2023/SkimsUL_June2023/skimmed_Summer20UL17_ZJetsToNuNu_HT-400To600_TuneCP5_13TeV-madgraphMLM-pythia8.root
===========================================================================
main(): chain->GetEntries() 383117
NtupleVarsTProxy::Init(TTree *tree) tree->GetEntries()383117
NtupleVarsTProxy::Init(TTree *tree) fChain->GetEntries() 383117
AnalyzeTProxytBSM::EventLoop() 
Analyzing /eos/user/s/seema/SUSYGMSB2023/SkimsUL_June2023/skimmed_Summer20UL17_ZJetsToNuNu_HT-400To600_TuneCP5_13TeV-madgraphMLM-pythia8.root nentries 383117
0	analyzed process	2017.ZNuNuJets
10 %
20 %
30 %
40 %
50 %
60 %
70 %
80 %
90 %
110188
4640.01
4640.01
4616.38
1672.74
747.107
726.109
663.795
167.213
105.631
104.161
98.8392


Lost electron: 0
Lost muon: 0
Hadronic tau: 0
e fake photon: 0
Rest: 98.8392
===========================================================================
iFile 6  Analyzing tree from /eos/user/s/seema/SUSYGMSB2023/SkimsUL_June2023/skimmed_Summer20UL17_ZJetsToNuNu_HT-600To800_TuneCP5_13TeV-madgraphMLM-pythia8.root
===========================================================================
main(): chain->GetEntries() 140986
NtupleVarsTProxy::Init(TTree *tree) tree->GetEntries()140986
NtupleVarsTProxy::Init(TTree *tree) fChain->GetEntries() 140986
AnalyzeTProxytBSM::EventLoop() 
Analyzing /eos/user/s/seema/SUSYGMSB2023/SkimsUL_June2023/skimmed_Summer20UL17_ZJetsToNuNu_HT-600To800_TuneCP5_13TeV-madgraphMLM-pythia8.root nentries 140986
0	analyzed process	2017.ZNuNuJets
10 %
20 %
30 %
40 %
50 %
60 %
70 %
80 %
90 %
115406
4903.85
4903.85
4879.74
1934.55
888.933
862.573
783.607
194.591
125.954
124.387
117.77


Lost electron: 0
Lost muon: 0
Hadronic tau: 0
e fake photon: 0
Rest: 117.77
===========================================================================
iFile 7  Analyzing tree from /eos/user/s/seema/SUSYGMSB2023/SkimsUL_June2023/skimmed_Summer20UL17_ZJetsToNuNu_HT-800To1200_TuneCP5_13TeV-madgraphMLM-pythia8.root
===========================================================================
main(): chain->GetEntries() 49953
NtupleVarsTProxy::Init(TTree *tree) tree->GetEntries()49953
NtupleVarsTProxy::Init(TTree *tree) fChain->GetEntries() 49953
AnalyzeTProxytBSM::EventLoop() 
Analyzing /eos/user/s/seema/SUSYGMSB2023/SkimsUL_June2023/skimmed_Summer20UL17_ZJetsToNuNu_HT-800To1200_TuneCP5_13TeV-madgraphMLM-pythia8.root nentries 49953
0	analyzed process	2017.ZNuNuJets
10 %
20 %
30 %
40 %
50 %
60 %
70 %
80 %
90 %
117821
5066.9
5066.9
5042.78
2097.54
984.441
954.476
860.915
210.17
138.608
137.041
129.416


Lost electron: 0
Lost muon: 0
Hadronic tau: 0
e fake photon: 0
Rest: 129.416
dataset 2017 
If analyzing the lost electron estimation ?   LL
Which pho_ID: 	MVA
