/afs/cern.ch/user/c/cagrawal/public/MyAnalysis/CMSSW_14_0_2/src/SusySoft2023Ana
/afs/cern.ch/user/c/cagrawal/public/MyAnalysis/CMSSW_14_0_2/src/SusySoft2023Ana/condor/root_files_condor/Summer20UL16_TTJets_Leptons.root
Treating the input files as BG for setting tree branches
AnalyzeLightBSM::BookHistogram 
File name = ./map_crosssection_SMprocess_v1.txt
values: 19.77 entries: 4.7646e+06
values: 0.8092 entries: 4.96626e+06
values: 19.77 entries: 3.59877e+06
values: 0.8092 entries: 3.60963e+06
values: 19.77 entries: 1.38616e+06
values: 0.8092 entries: 1.33067e+06
values: 19.77 entries: 1.60326e+06
values: 0.8092 entries: 1.45734e+06
values: 0.2984 entries: 890062
values: 3.757 entries: 1.6096e+06
===========================================================================
iFile 1  Analyzing tree from /eos/user/s/seema/SUSYGMSB2023/SkimsUL_June2023/skimmed_Summer20UL16_TTJets_DiLept_TuneCP5_13TeV-madgraphMLM-pythia8.root
===========================================================================
main(): chain->GetEntries() 326820
NtupleVarsTProxy::Init(TTree *tree) tree->GetEntries()326820
NtupleVarsTProxy::Init(TTree *tree) fChain->GetEntries() 326820
AnalyzeTProxytBSM::EventLoop() 
Analyzing /eos/user/s/seema/SUSYGMSB2023/SkimsUL_June2023/skimmed_Summer20UL16_TTJets_DiLept_TuneCP5_13TeV-madgraphMLM-pythia8.root nentries 326820
0	analyzed process	2016postVFP.TTJets_Leptons
10 %
20 %
30 %
40 %
50 %
60 %
70 %
80 %
90 %
31281.6
4314.84
4314.84
3908.87
2018.55
856.935
824.948
715.496
510.059
180.794
61.5782
32.8074


Lost electron: 4.87907
Lost muon: 8.8162
Hadronic tau: 0
e fake photon: 19.1121
Rest: 0
===========================================================================
iFile 2  Analyzing tree from /eos/user/s/seema/SUSYGMSB2023/SkimsUL_June2023/skimmed_Summer20UL16_TTJets_SingleLeptFromTbar_TuneCP5_13TeV-madgraphMLM-pythia8.root
===========================================================================
main(): chain->GetEntries() 642331
NtupleVarsTProxy::Init(TTree *tree) tree->GetEntries()642331
NtupleVarsTProxy::Init(TTree *tree) fChain->GetEntries() 642331
AnalyzeTProxytBSM::EventLoop() 
Analyzing /eos/user/s/seema/SUSYGMSB2023/SkimsUL_June2023/skimmed_Summer20UL16_TTJets_SingleLeptFromTbar_TuneCP5_13TeV-madgraphMLM-pythia8.root nentries 642331
0	analyzed process	2016postVFP.TTJets_Leptons
10 %
20 %
30 %
40 %
50 %
60 %
70 %
80 %
90 %
96641.1
8997.88
8997.88
8540.51
5326.3
2210.9
2136.66
1890.51
1281.13
453.633
262.965
160.477


Lost electron: 13.3165
Lost muon: 66.5848
Hadronic tau: 0
e fake photon: 80.5756
Rest: 0
===========================================================================
iFile 3  Analyzing tree from /eos/user/s/seema/SUSYGMSB2023/SkimsUL_June2023/skimmed_Summer20UL16_TTJets_SingleLeptFromT_TuneCP5_13TeV-madgraphMLM-pythia8.root
===========================================================================
main(): chain->GetEntries() 638719
NtupleVarsTProxy::Init(TTree *tree) tree->GetEntries()638719
NtupleVarsTProxy::Init(TTree *tree) fChain->GetEntries() 638719
AnalyzeTProxytBSM::EventLoop() 
Analyzing /eos/user/s/seema/SUSYGMSB2023/SkimsUL_June2023/skimmed_Summer20UL16_TTJets_SingleLeptFromT_TuneCP5_13TeV-madgraphMLM-pythia8.root nentries 638719
0	analyzed process	2016postVFP.TTJets_Leptons
10 %
20 %
30 %
40 %
50 %
60 %
70 %
80 %
90 %
161174
13671.2
13671.2
13167.5
8636
3553.65
3435.64
3050.73
2042.95
715.133
450.845
278.097


Lost electron: 22.9964
Lost muon: 114.729
Hadronic tau: 0
e fake photon: 140.372
Rest: 0
dataset 2016postVFP 
If analyzing the lost electron estimation ?   LL
Which pho_ID: 	MVA
