/afs/cern.ch/user/c/cagrawal/public/MyAnalysis/CMSSW_14_0_2/src/SusySoft2023Ana
/afs/cern.ch/user/c/cagrawal/public/MyAnalysis/CMSSW_14_0_2/src/SusySoft2023Ana/condor/root_files_condor/Summer20UL18_TTJets_HT.root
Treating the input files as BG for setting tree branches
AnalyzeLightBSM::BookHistogram 
File name = ./map_crosssection_SMprocess_v1.txt
values: 19.77 entries: 4.7646e+06
values: 0.8092 entries: 4.96626e+06
values: 19.77 entries: 3.59877e+06
values: 0.8092 entries: 3.60963e+06
values: 19.77 entries: 1.38616e+06
values: 0.8092 entries: 1.33067e+06
values: 19.77 entries: 1.60326e+06
values: 0.8092 entries: 1.45734e+06
values: 0.2984 entries: 890062
values: 3.757 entries: 1.6096e+06
===========================================================================
iFile 1  Analyzing tree from /eos/user/s/seema/SUSYGMSB2023/SkimsUL_June2023/skimmed_Summer20UL18_TTJets_HT-1200to2500_TuneCP5_13TeV-madgraphMLM-pythia8.root
===========================================================================
main(): chain->GetEntries() 131773
NtupleVarsTProxy::Init(TTree *tree) tree->GetEntries()131773
NtupleVarsTProxy::Init(TTree *tree) fChain->GetEntries() 131773
AnalyzeTProxytBSM::EventLoop() 
Analyzing /eos/user/s/seema/SUSYGMSB2023/SkimsUL_June2023/skimmed_Summer20UL18_TTJets_HT-1200to2500_TuneCP5_13TeV-madgraphMLM-pythia8.root nentries 131773
0	analyzed process	2018.TTJets_HT
10 %
20 %
30 %
40 %
50 %
60 %
70 %
80 %
90 %
598.537
66.8977
66.8977
66.8875
66.8875
38.7494
36.98
26.3881
20.4751
16.264
6.75818
4.06364


Lost electron: 0.54738
Lost muon: 1.48383
Hadronic tau: 0
e fake photon: 1.90267
Rest: 0.129768
===========================================================================
iFile 2  Analyzing tree from /eos/user/s/seema/SUSYGMSB2023/SkimsUL_June2023/skimmed_Summer20UL18_TTJets_HT-2500toInf_TuneCP5_13TeV-madgraphMLM-pythia8.root
===========================================================================
main(): chain->GetEntries() 76166
NtupleVarsTProxy::Init(TTree *tree) tree->GetEntries()76166
NtupleVarsTProxy::Init(TTree *tree) fChain->GetEntries() 76166
AnalyzeTProxytBSM::EventLoop() 
Analyzing /eos/user/s/seema/SUSYGMSB2023/SkimsUL_June2023/skimmed_Summer20UL18_TTJets_HT-2500toInf_TuneCP5_13TeV-madgraphMLM-pythia8.root nentries 76166
0	analyzed process	2018.TTJets_HT
10 %
20 %
30 %
40 %
50 %
60 %
70 %
80 %
90 %
606.695
67.9132
67.9132
67.903
67.903
39.336
37.5239
26.7611
20.7559
16.4851
6.85564
4.13156


Lost electron: 0.558179
Lost muon: 1.51148
Hadronic tau: 0
e fake photon: 1.92547
Rest: 0.136441
===========================================================================
iFile 3  Analyzing tree from /eos/user/s/seema/SUSYGMSB2023/SkimsUL_June2023/skimmed_Summer20UL18_TTJets_HT-600to800_TuneCP5_13TeV-madgraphMLM-pythia8.root
===========================================================================
main(): chain->GetEntries() 816633
NtupleVarsTProxy::Init(TTree *tree) tree->GetEntries()816633
NtupleVarsTProxy::Init(TTree *tree) fChain->GetEntries() 816633
AnalyzeTProxytBSM::EventLoop() 
Analyzing /eos/user/s/seema/SUSYGMSB2023/SkimsUL_June2023/skimmed_Summer20UL18_TTJets_HT-600to800_TuneCP5_13TeV-madgraphMLM-pythia8.root nentries 816633
0	analyzed process	2018.TTJets_HT
10 %
20 %
30 %
40 %
50 %
60 %
70 %
80 %
90 %
7419.38
765.39
765.39
764.465
764.007
389.701
379.08
297.282
235.964
172.412
75.3795
43.7952


Lost electron: 4.15236
Lost muon: 15.765
Hadronic tau: 0
e fake photon: 23.5166
Rest: 0.361254
===========================================================================
iFile 4  Analyzing tree from /eos/user/s/seema/SUSYGMSB2023/SkimsUL_June2023/skimmed_Summer20UL18_TTJets_HT-800to1200_TuneCP5_13TeV-madgraphMLM-pythia8.root
===========================================================================
main(): chain->GetEntries() 552727
NtupleVarsTProxy::Init(TTree *tree) tree->GetEntries()552727
NtupleVarsTProxy::Init(TTree *tree) fChain->GetEntries() 552727
AnalyzeTProxytBSM::EventLoop() 
Analyzing /eos/user/s/seema/SUSYGMSB2023/SkimsUL_June2023/skimmed_Summer20UL18_TTJets_HT-800to1200_TuneCP5_13TeV-madgraphMLM-pythia8.root nentries 552727
0	analyzed process	2018.TTJets_HT
10 %
20 %
30 %
40 %
50 %
60 %
70 %
80 %
90 %
10527
1090.68
1090.68
1089.55
1089.06
568.316
551.447
427.229
338.053
250.943
109.181
63.0615


Lost electron: 5.99948
Lost muon: 22.9553
Hadronic tau: 0
e fake photon: 33.5265
Rest: 0.580256
dataset 2018 
If analyzing the lost electron estimation ?   LL
Which pho_ID: 	MVA
