/afs/cern.ch/user/c/cagrawal/public/MyAnalysis/CMSSW_14_0_2/src/SusySoft2023Ana
/afs/cern.ch/user/c/cagrawal/public/MyAnalysis/CMSSW_14_0_2/src/SusySoft2023Ana/Summer20UL16APV_ZJetsToNuNu_HT.root
Treating the input files as BG for setting tree branches
AnalyzeLightBSM::BookHistogram 
File name = ./map_crosssection_SMprocess_v1.txt
values: 19.77 entries: 4.7646e+06
values: 0.8092 entries: 4.96626e+06
values: 19.77 entries: 3.59877e+06
values: 0.8092 entries: 3.60963e+06
values: 19.77 entries: 1.38616e+06
values: 0.8092 entries: 1.33067e+06
values: 19.77 entries: 1.60326e+06
values: 0.8092 entries: 1.45734e+06
values: 0.2984 entries: 890062
values: 3.757 entries: 1.6096e+06
===========================================================================
iFile 1  Analyzing tree from /eos/user/s/seema/SUSYGMSB2023/SkimsUL_June2023/skimmed_Summer20UL16APV_ZJetsToNuNu_HT-100To200_TuneCP5_13TeV-madgraphMLM-pythia8.root
===========================================================================
main(): chain->GetEntries() 9514
NtupleVarsTProxy::Init(TTree *tree) tree->GetEntries()9514
NtupleVarsTProxy::Init(TTree *tree) fChain->GetEntries() 9514
AnalyzeTProxytBSM::EventLoop() 
Analyzing /eos/user/s/seema/SUSYGMSB2023/SkimsUL_June2023/skimmed_Summer20UL16APV_ZJetsToNuNu_HT-100To200_TuneCP5_13TeV-madgraphMLM-pythia8.root nentries 9514
0	analyzed process	2016APV.ZNuNuJets
10 %
20 %
30 %
40 %
50 %
60 %
70 %
80 %
90 %
22154.7
1464.72
1464.72
1441.43
39.587
12.5782
9.61807
7.49624
3.58582
1.61761
1.61761
1.61761


Lost electron: 0
Lost muon: 0
Hadronic tau: 0
e fake photon: 0
Rest: 1.61761
===========================================================================
iFile 2  Analyzing tree from /eos/user/s/seema/SUSYGMSB2023/SkimsUL_June2023/skimmed_Summer20UL16APV_ZJetsToNuNu_HT-1200To2500_TuneCP5_13TeV-madgraphMLM-pythia8.root
===========================================================================
main(): chain->GetEntries() 3668
NtupleVarsTProxy::Init(TTree *tree) tree->GetEntries()3668
NtupleVarsTProxy::Init(TTree *tree) fChain->GetEntries() 3668
AnalyzeTProxytBSM::EventLoop() 
Analyzing /eos/user/s/seema/SUSYGMSB2023/SkimsUL_June2023/skimmed_Summer20UL16APV_ZJetsToNuNu_HT-1200To2500_TuneCP5_13TeV-madgraphMLM-pythia8.root nentries 3668
0	analyzed process	2016APV.ZNuNuJets
10 %
20 %
30 %
40 %
50 %
60 %
70 %
80 %
90 %
22613.7
1516.02
1516.02
1492.49
90.6414
42.3944
37.6138
29.7206
7.37387
4.9567
4.9567
4.9567


Lost electron: 0
Lost muon: 0
Hadronic tau: 0
e fake photon: 0
Rest: 4.9567
===========================================================================
iFile 3  Analyzing tree from /eos/user/s/seema/SUSYGMSB2023/SkimsUL_June2023/skimmed_Summer20UL16APV_ZJetsToNuNu_HT-200To400_TuneCP5_13TeV-madgraphMLM-pythia8.root
===========================================================================
main(): chain->GetEntries() 76734
NtupleVarsTProxy::Init(TTree *tree) tree->GetEntries()76734
NtupleVarsTProxy::Init(TTree *tree) fChain->GetEntries() 76734
AnalyzeTProxytBSM::EventLoop() 
Analyzing /eos/user/s/seema/SUSYGMSB2023/SkimsUL_June2023/skimmed_Summer20UL16APV_ZJetsToNuNu_HT-200To400_TuneCP5_13TeV-madgraphMLM-pythia8.root nentries 76734
0	analyzed process	2016APV.ZNuNuJets
10 %
20 %
30 %
40 %
50 %
60 %
70 %
80 %
90 %
73161.6
3788.68
3788.68
3753.29
936.466
394.727
379.924
349.576
76.2421
40.5143
40.5143
39.1935


Lost electron: 0
Lost muon: 0
Hadronic tau: 0
e fake photon: 0
Rest: 39.1935
===========================================================================
iFile 4  Analyzing tree from /eos/user/s/seema/SUSYGMSB2023/SkimsUL_June2023/skimmed_Summer20UL16APV_ZJetsToNuNu_HT-2500ToInf_TuneCP5_13TeV-madgraphMLM-pythia8.root
===========================================================================
main(): chain->GetEntries() 3152
NtupleVarsTProxy::Init(TTree *tree) tree->GetEntries()3152
NtupleVarsTProxy::Init(TTree *tree) fChain->GetEntries() 3152
AnalyzeTProxytBSM::EventLoop() 
Analyzing /eos/user/s/seema/SUSYGMSB2023/SkimsUL_June2023/skimmed_Summer20UL16APV_ZJetsToNuNu_HT-2500ToInf_TuneCP5_13TeV-madgraphMLM-pythia8.root nentries 3152
0	analyzed process	2016APV.ZNuNuJets
10 %
20 %
30 %
40 %
50 %
60 %
70 %
80 %
90 %
73172.4
3790.65
3790.65
3755.25
938.429
396.099
381.228
350.49
76.3883
40.6376
40.6376
39.3108


Lost electron: 0
Lost muon: 0
Hadronic tau: 0
e fake photon: 0
Rest: 39.3108
===========================================================================
iFile 5  Analyzing tree from /eos/user/s/seema/SUSYGMSB2023/SkimsUL_June2023/skimmed_Summer20UL16APV_ZJetsToNuNu_HT-400To600_TuneCP5_13TeV-madgraphMLM-pythia8.root
===========================================================================
main(): chain->GetEntries() 148729
NtupleVarsTProxy::Init(TTree *tree) tree->GetEntries()148729
NtupleVarsTProxy::Init(TTree *tree) fChain->GetEntries() 148729
AnalyzeTProxytBSM::EventLoop() 
Analyzing /eos/user/s/seema/SUSYGMSB2023/SkimsUL_June2023/skimmed_Summer20UL16APV_ZJetsToNuNu_HT-400To600_TuneCP5_13TeV-madgraphMLM-pythia8.root nentries 148729
0	analyzed process	2016APV.ZNuNuJets
10 %
20 %
30 %
40 %
50 %
60 %
70 %
80 %
90 %
88275.7
4552.57
4552.57
4515.75
1654.76
737.681
707.03
647.799
160.06
95.9226
95.7303
91.2773


Lost electron: 0
Lost muon: 0
Hadronic tau: 0
e fake photon: 0
Rest: 91.2773
===========================================================================
iFile 6  Analyzing tree from /eos/user/s/seema/SUSYGMSB2023/SkimsUL_June2023/skimmed_Summer20UL16APV_ZJetsToNuNu_HT-600To800_TuneCP5_13TeV-madgraphMLM-pythia8.root
===========================================================================
main(): chain->GetEntries() 52546
NtupleVarsTProxy::Init(TTree *tree) tree->GetEntries()52546
NtupleVarsTProxy::Init(TTree *tree) fChain->GetEntries() 52546
AnalyzeTProxytBSM::EventLoop() 
Analyzing /eos/user/s/seema/SUSYGMSB2023/SkimsUL_June2023/skimmed_Summer20UL16APV_ZJetsToNuNu_HT-600To800_TuneCP5_13TeV-madgraphMLM-pythia8.root nentries 52546
0	analyzed process	2016APV.ZNuNuJets
10 %
20 %
30 %
40 %
50 %
60 %
70 %
80 %
90 %
92507.2
4824.28
4824.28
4787.14
1924.53
883.74
845.024
769.225
188.901
117.781
117.527
111.578


Lost electron: 0
Lost muon: 0
Hadronic tau: 0
e fake photon: 0
Rest: 111.578
===========================================================================
iFile 7  Analyzing tree from /eos/user/s/seema/SUSYGMSB2023/SkimsUL_June2023/skimmed_Summer20UL16APV_ZJetsToNuNu_HT-800To1200_TuneCP5_13TeV-madgraphMLM-pythia8.root
===========================================================================
main(): chain->GetEntries() 18803
NtupleVarsTProxy::Init(TTree *tree) tree->GetEntries()18803
NtupleVarsTProxy::Init(TTree *tree) fChain->GetEntries() 18803
AnalyzeTProxytBSM::EventLoop() 
Analyzing /eos/user/s/seema/SUSYGMSB2023/SkimsUL_June2023/skimmed_Summer20UL16APV_ZJetsToNuNu_HT-800To1200_TuneCP5_13TeV-madgraphMLM-pythia8.root nentries 18803
0	analyzed process	2016APV.ZNuNuJets
10 %
20 %
30 %
40 %
50 %
60 %
70 %
80 %
90 %
94462
4987.6
4987.6
4950.25
2087.65
979.135
936.517
844.615
204.302
130.029
129.408
122.817


Lost electron: 0
Lost muon: 0
Hadronic tau: 0
e fake photon: 0
Rest: 122.817
dataset 2016APV 
If analyzing the lost electron estimation ?   LL
Which pho_ID: 	MVA
