/afs/cern.ch/user/c/cagrawal/public/MyAnalysis/CMSSW_14_0_2/src/SusySoft2023Ana
/afs/cern.ch/user/c/cagrawal/public/MyAnalysis/CMSSW_14_0_2/src/SusySoft2023Ana/condor/root_files_condor/Summer20UL17_TTGJets_Tune.root
Treating the input files as BG for setting tree branches
AnalyzeLightBSM::BookHistogram 
File name = ./map_crosssection_SMprocess_v1.txt
values: 19.77 entries: 4.7646e+06
values: 0.8092 entries: 4.96626e+06
values: 19.77 entries: 3.59877e+06
values: 0.8092 entries: 3.60963e+06
values: 19.77 entries: 1.38616e+06
values: 0.8092 entries: 1.33067e+06
values: 19.77 entries: 1.60326e+06
values: 0.8092 entries: 1.45734e+06
values: 0.2984 entries: 890062
values: 3.757 entries: 1.6096e+06
===========================================================================
iFile 1  Analyzing tree from /eos/user/s/seema/SUSYGMSB2023/SkimsUL_June2023/skimmed_Summer20UL17_TTGJets_TuneCP5_13TeV-amcatnloFXFX-madspin-pythia8.root
===========================================================================
main(): chain->GetEntries() 342187
NtupleVarsTProxy::Init(TTree *tree) tree->GetEntries()342187
NtupleVarsTProxy::Init(TTree *tree) fChain->GetEntries() 342187
AnalyzeTProxytBSM::EventLoop() 
Analyzing /eos/user/s/seema/SUSYGMSB2023/SkimsUL_June2023/skimmed_Summer20UL17_TTGJets_TuneCP5_13TeV-amcatnloFXFX-madspin-pythia8.root nentries 342187
0	analyzed process	2017.TTG
10 %
20 %
30 %
40 %
50 %
60 %
70 %
80 %
90 %
14118.7
6486.28
6486.28
6286.94
4881.58
1450.33
1426.35
1165.94
1034.91
535.896
225.142
143.956


Lost electron: 37.4853
Lost muon: 103.196
Hadronic tau: 0
e fake photon: 2.02632
Rest: 1.2483
dataset 2017 
If analyzing the lost electron estimation ?   LL
Which pho_ID: 	MVA
