/afs/cern.ch/user/c/cagrawal/public/MyAnalysis/CMSSW_14_0_2/src/SusySoft2023Ana
/afs/cern.ch/user/c/cagrawal/public/MyAnalysis/CMSSW_14_0_2/src/SusySoft2023Ana/condor/root_files_condor/Summer20UL16APV_WGJets_MonoPhoton_130Inf.root
Treating the input files as BG for setting tree branches
AnalyzeLightBSM::BookHistogram 
File name = ./map_crosssection_SMprocess_v1.txt
values: 19.77 entries: 4.7646e+06
values: 0.8092 entries: 4.96626e+06
values: 19.77 entries: 3.59877e+06
values: 0.8092 entries: 3.60963e+06
values: 19.77 entries: 1.38616e+06
values: 0.8092 entries: 1.33067e+06
values: 19.77 entries: 1.60326e+06
values: 0.8092 entries: 1.45734e+06
values: 0.2984 entries: 890062
values: 3.757 entries: 1.6096e+06
===========================================================================
iFile 1  Analyzing tree from /eos/user/s/seema/SUSYGMSB2023/SkimsUL_June2023/skimmed_Summer20UL16APV_WGJets_MonoPhoton_PtG-130_TuneCP5_13TeV-madgraph-pythia8.root
===========================================================================
main(): chain->GetEntries() 198545
NtupleVarsTProxy::Init(TTree *tree) tree->GetEntries()198545
NtupleVarsTProxy::Init(TTree *tree) fChain->GetEntries() 198545
AnalyzeTProxytBSM::EventLoop() 
Analyzing /eos/user/s/seema/SUSYGMSB2023/SkimsUL_June2023/skimmed_Summer20UL16APV_WGJets_MonoPhoton_PtG-130_TuneCP5_13TeV-madgraph-pythia8.root nentries 198545
5.55259e-07	analyzed process	2016preVFP.WGJets_MonoPhoton_PtG-130UL
10 %
20 %
30 %
40 %
50 %
60 %
70 %
80 %
90 %
2138.94
1820.93
1820.93
1430.93
1267.83
606.713
595.778
496.611
436.887
218.006
108.285
68.0322


Lost electron: 15.2279
Lost muon: 49.0598
Hadronic tau: 0
e fake photon: 0
Rest: 3.74459
dataset 2016preVFP 
If analyzing the lost electron estimation ?   LL
Which pho_ID: 	MVA
