/afs/cern.ch/user/c/cagrawal/public/MyAnalysis/CMSSW_14_0_2/src/SusySoft2023Ana
/afs/cern.ch/user/c/cagrawal/public/MyAnalysis/CMSSW_14_0_2/src/SusySoft2023Ana/Summer20UL16_QCD_HT.root
Treating the input files as BG for setting tree branches
AnalyzeLightBSM::BookHistogram 
File name = ./map_crosssection_SMprocess_v1.txt
values: 19.77 entries: 4.7646e+06
values: 0.8092 entries: 4.96626e+06
values: 19.77 entries: 3.59877e+06
values: 0.8092 entries: 3.60963e+06
values: 19.77 entries: 1.38616e+06
values: 0.8092 entries: 1.33067e+06
values: 19.77 entries: 1.60326e+06
values: 0.8092 entries: 1.45734e+06
values: 0.2984 entries: 890062
values: 3.757 entries: 1.6096e+06
===========================================================================
iFile 1  Analyzing tree from /eos/user/s/seema/SUSYGMSB2023/SkimsUL_June2023/skimmed_Summer20UL16_QCD_HT-1000to1500_TuneCP5_PSWeights_13TeV-madgraph-pythia8.root
===========================================================================
main(): chain->GetEntries() 32987
NtupleVarsTProxy::Init(TTree *tree) tree->GetEntries()32987
NtupleVarsTProxy::Init(TTree *tree) fChain->GetEntries() 32987
AnalyzeTProxytBSM::EventLoop() 
Analyzing /eos/user/s/seema/SUSYGMSB2023/SkimsUL_June2023/skimmed_Summer20UL16_QCD_HT-1000to1500_TuneCP5_PSWeights_13TeV-madgraph-pythia8.root nentries 32987
0	analyzed process	2016.QCD
10 %
20 %
30 %
40 %
50 %
60 %
70 %
80 %
90 %
173916
11245.7
11245.7
11229.9
11224.6
2283.38
1761.75
586.172
245.167
38.0079
34.0072
26.3025


Lost electron: 0
Lost muon: 0
Hadronic tau: 0
e fake photon: 0
Rest: 26.3025
===========================================================================
iFile 2  Analyzing tree from /eos/user/s/seema/SUSYGMSB2023/SkimsUL_June2023/skimmed_Summer20UL16_QCD_HT-1500to2000_TuneCP5_PSWeights_13TeV-madgraph-pythia8.root
===========================================================================
main(): chain->GetEntries() 50184
NtupleVarsTProxy::Init(TTree *tree) tree->GetEntries()50184
NtupleVarsTProxy::Init(TTree *tree) fChain->GetEntries() 50184
AnalyzeTProxytBSM::EventLoop() 
Analyzing /eos/user/s/seema/SUSYGMSB2023/SkimsUL_June2023/skimmed_Summer20UL16_QCD_HT-1500to2000_TuneCP5_PSWeights_13TeV-madgraph-pythia8.root nentries 50184
0	analyzed process	2016.QCD
10 %
20 %
30 %
40 %
50 %
60 %
70 %
80 %
90 %
208626
14534.5
14534.5
14517.3
14512
3082.2
2393.97
752.748
320.441
57.5112
52.473
42.6092


Lost electron: 0
Lost muon: 0
Hadronic tau: 0
e fake photon: 0
Rest: 42.6092
===========================================================================
iFile 3  Analyzing tree from /eos/user/s/seema/SUSYGMSB2023/SkimsUL_June2023/skimmed_Summer20UL16_QCD_HT-2000toInf_TuneCP5_PSWeights_13TeV-madgraph-pythia8.root
===========================================================================
main(): chain->GetEntries() 42861
NtupleVarsTProxy::Init(TTree *tree) tree->GetEntries()42861
NtupleVarsTProxy::Init(TTree *tree) fChain->GetEntries() 42861
AnalyzeTProxytBSM::EventLoop() 
Analyzing /eos/user/s/seema/SUSYGMSB2023/SkimsUL_June2023/skimmed_Summer20UL16_QCD_HT-2000toInf_TuneCP5_PSWeights_13TeV-madgraph-pythia8.root nentries 42861
0	analyzed process	2016.QCD
10 %
20 %
30 %
40 %
50 %
60 %
70 %
80 %
90 %
220178
16022.6
16022.6
16003.8
15998.5
3525.16
2750.53
834.33
358.222
68.1465
63.1083
52.7341


Lost electron: 0
Lost muon: 0
Hadronic tau: 0
e fake photon: 0
Rest: 52.7341
===========================================================================
iFile 4  Analyzing tree from /eos/user/s/seema/SUSYGMSB2023/SkimsUL_June2023/skimmed_Summer20UL16_QCD_HT-200to300_TuneCP5_PSWeights_13TeV-madgraph-pythia8.root
===========================================================================
main(): chain->GetEntries() 940
NtupleVarsTProxy::Init(TTree *tree) tree->GetEntries()940
NtupleVarsTProxy::Init(TTree *tree) fChain->GetEntries() 940
AnalyzeTProxytBSM::EventLoop() 
Analyzing /eos/user/s/seema/SUSYGMSB2023/SkimsUL_June2023/skimmed_Summer20UL16_QCD_HT-200to300_TuneCP5_PSWeights_13TeV-madgraph-pythia8.root nentries 940
0	analyzed process	2016.QCD
10 %
20 %
30 %
40 %
50 %
60 %
70 %
80 %
90 %
2.2395e+06
46097.6
46097.6
46078.8
18146.7
3762.05
2987.43
834.33
358.222
68.1465
63.1083
52.7341


Lost electron: 0
Lost muon: 0
Hadronic tau: 0
e fake photon: 0
Rest: 52.7341
===========================================================================
iFile 5  Analyzing tree from /eos/user/s/seema/SUSYGMSB2023/SkimsUL_June2023/skimmed_Summer20UL16_QCD_HT-300to500_TuneCP5_PSWeights_13TeV-madgraph-pythia8.root
===========================================================================
main(): chain->GetEntries() 5236
NtupleVarsTProxy::Init(TTree *tree) tree->GetEntries()5236
NtupleVarsTProxy::Init(TTree *tree) fChain->GetEntries() 5236
AnalyzeTProxytBSM::EventLoop() 
Analyzing /eos/user/s/seema/SUSYGMSB2023/SkimsUL_June2023/skimmed_Summer20UL16_QCD_HT-300to500_TuneCP5_PSWeights_13TeV-madgraph-pythia8.root nentries 5236
0	analyzed process	2016.QCD
10 %
20 %
30 %
40 %
50 %
60 %
70 %
80 %
90 %
4.41204e+06
90909.3
90909.3
90890.5
43042.1
6025.86
4888.39
1792.93
840.186
68.1465
63.1083
52.7341


Lost electron: 0
Lost muon: 0
Hadronic tau: 0
e fake photon: 0
Rest: 52.7341
===========================================================================
iFile 6  Analyzing tree from /eos/user/s/seema/SUSYGMSB2023/SkimsUL_June2023/skimmed_Summer20UL16_QCD_HT-500to700_TuneCP5_PSWeights_13TeV-madgraph-pythia8.root
===========================================================================
main(): chain->GetEntries() 7446
NtupleVarsTProxy::Init(TTree *tree) tree->GetEntries()7446
NtupleVarsTProxy::Init(TTree *tree) fChain->GetEntries() 7446
AnalyzeTProxytBSM::EventLoop() 
Analyzing /eos/user/s/seema/SUSYGMSB2023/SkimsUL_June2023/skimmed_Summer20UL16_QCD_HT-500to700_TuneCP5_PSWeights_13TeV-madgraph-pythia8.root nentries 7446
0	analyzed process	2016.QCD
10 %
20 %
30 %
40 %
50 %
60 %
70 %
80 %
90 %
5.30023e+06
118226
118226
117968
68807.6
8844.26
7263.49
2702.82
1240.77
68.1465
63.1083
52.7341


Lost electron: 0
Lost muon: 0
Hadronic tau: 0
e fake photon: 0
Rest: 52.7341
===========================================================================
iFile 7  Analyzing tree from /eos/user/s/seema/SUSYGMSB2023/SkimsUL_June2023/skimmed_Summer20UL16_QCD_HT-700to1000_TuneCP5_PSWeights_13TeV-madgraph-pythia8.root
===========================================================================
main(): chain->GetEntries() 16107
NtupleVarsTProxy::Init(TTree *tree) tree->GetEntries()16107
NtupleVarsTProxy::Init(TTree *tree) fChain->GetEntries() 16107
AnalyzeTProxytBSM::EventLoop() 
Analyzing /eos/user/s/seema/SUSYGMSB2023/SkimsUL_June2023/skimmed_Summer20UL16_QCD_HT-700to1000_TuneCP5_PSWeights_13TeV-madgraph-pythia8.root nentries 16107
0	analyzed process	2016.QCD
10 %
20 %
30 %
40 %
50 %
60 %
70 %
80 %
90 %
5.74397e+06
137179
137179
136894
87651.3
11849.6
9625.63
3584.37
1653.16
131.041
126.003
115.629


Lost electron: 0
Lost muon: 0
Hadronic tau: 0
e fake photon: 0
Rest: 115.629
dataset 2016 
If analyzing the lost electron estimation ?   LL
Which pho_ID: 	MVA
