/afs/cern.ch/user/c/cagrawal/public/MyAnalysis/CMSSW_14_0_2/src/SusySoft2023Ana
/afs/cern.ch/user/c/cagrawal/public/MyAnalysis/CMSSW_14_0_2/src/SusySoft2023Ana/condor/root_files_condor/Summer20UL16_WJetsToLNu_HT.root
Treating the input files as BG for setting tree branches
AnalyzeLightBSM::BookHistogram 
File name = ./map_crosssection_SMprocess_v1.txt
values: 19.77 entries: 4.7646e+06
values: 0.8092 entries: 4.96626e+06
values: 19.77 entries: 3.59877e+06
values: 0.8092 entries: 3.60963e+06
values: 19.77 entries: 1.38616e+06
values: 0.8092 entries: 1.33067e+06
values: 19.77 entries: 1.60326e+06
values: 0.8092 entries: 1.45734e+06
values: 0.2984 entries: 890062
values: 3.757 entries: 1.6096e+06
===========================================================================
iFile 1  Analyzing tree from /eos/user/s/seema/SUSYGMSB2023/SkimsUL_June2023/skimmed_Summer20UL16_WJetsToLNu_HT-100To200_TuneCP5_13TeV-madgraphMLM-pythia8.root
===========================================================================
main(): chain->GetEntries() 35199
NtupleVarsTProxy::Init(TTree *tree) tree->GetEntries()35199
NtupleVarsTProxy::Init(TTree *tree) fChain->GetEntries() 35199
AnalyzeTProxytBSM::EventLoop() 
Analyzing /eos/user/s/seema/SUSYGMSB2023/SkimsUL_June2023/skimmed_Summer20UL16_WJetsToLNu_HT-100To200_TuneCP5_13TeV-madgraphMLM-pythia8.root nentries 35199
0	analyzed process	2016postVFP.WJets
10 %
20 %
30 %
40 %
50 %
60 %
70 %
80 %
90 %
43579.6
3685.84
3685.84
3180.19
136.995
41.3961
40.2837
34.6165
18.732
3.19999
3.19999
3.19999


Lost electron: 0
Lost muon: 1.75724
Hadronic tau: 0
e fake photon: 1.44275
Rest: 0
===========================================================================
iFile 2  Analyzing tree from /eos/user/s/seema/SUSYGMSB2023/SkimsUL_June2023/skimmed_Summer20UL16_WJetsToLNu_HT-1200To2500_TuneCP5_13TeV-madgraphMLM-pythia8.root
===========================================================================
main(): chain->GetEntries() 64743
NtupleVarsTProxy::Init(TTree *tree) tree->GetEntries()64743
NtupleVarsTProxy::Init(TTree *tree) fChain->GetEntries() 64743
AnalyzeTProxytBSM::EventLoop() 
Analyzing /eos/user/s/seema/SUSYGMSB2023/SkimsUL_June2023/skimmed_Summer20UL16_WJetsToLNu_HT-1200To2500_TuneCP5_13TeV-madgraphMLM-pythia8.root nentries 64743
0	analyzed process	2016postVFP.WJets
10 %
20 %
30 %
40 %
50 %
60 %
70 %
80 %
90 %
44238.2
3821.16
3821.16
3315.03
271.809
123.019
116.159
93.8784
61.0872
33.6693
20.5225
13.698


Lost electron: 1.25936
Lost muon: 6.67512
Hadronic tau: 0
e fake photon: 5.76352
Rest: 0
===========================================================================
iFile 3  Analyzing tree from /eos/user/s/seema/SUSYGMSB2023/SkimsUL_June2023/skimmed_Summer20UL16_WJetsToLNu_HT-200To400_TuneCP5_13TeV-madgraphMLM-pythia8.root
===========================================================================
main(): chain->GetEntries() 157399
NtupleVarsTProxy::Init(TTree *tree) tree->GetEntries()157399
NtupleVarsTProxy::Init(TTree *tree) fChain->GetEntries() 157399
AnalyzeTProxytBSM::EventLoop() 
Analyzing /eos/user/s/seema/SUSYGMSB2023/SkimsUL_June2023/skimmed_Summer20UL16_WJetsToLNu_HT-200To400_TuneCP5_13TeV-madgraphMLM-pythia8.root nentries 157399
0	analyzed process	2016postVFP.WJets
10 %
20 %
30 %
40 %
50 %
60 %
70 %
80 %
90 %
109526
10579
10579
9576
3905.75
1600.69
1534.4
1421.31
958.675
339.194
272.492
198.44


Lost electron: 7.72285
Lost muon: 89.3866
Hadronic tau: 0
e fake photon: 101.33
Rest: 0
===========================================================================
iFile 4  Analyzing tree from /eos/user/s/seema/SUSYGMSB2023/SkimsUL_June2023/skimmed_Summer20UL16_WJetsToLNu_HT-2500ToInf_TuneCP5_13TeV-madgraphMLM-pythia8.root
===========================================================================
main(): chain->GetEntries() 26497
NtupleVarsTProxy::Init(TTree *tree) tree->GetEntries()26497
NtupleVarsTProxy::Init(TTree *tree) fChain->GetEntries() 26497
AnalyzeTProxytBSM::EventLoop() 
Analyzing /eos/user/s/seema/SUSYGMSB2023/SkimsUL_June2023/skimmed_Summer20UL16_WJetsToLNu_HT-2500ToInf_TuneCP5_13TeV-madgraphMLM-pythia8.root nentries 26497
0	analyzed process	2016postVFP.WJets
10 %
20 %
30 %
40 %
50 %
60 %
70 %
80 %
90 %
109544
10583.5
10583.5
9580.55
3910.3
1603.61
1537.07
1423.13
960.085
340.227
273.081
198.806


Lost electron: 7.76986
Lost muon: 89.5769
Hadronic tau: 0
e fake photon: 101.459
Rest: 0
===========================================================================
iFile 5  Analyzing tree from /eos/user/s/seema/SUSYGMSB2023/SkimsUL_June2023/skimmed_Summer20UL16_WJetsToLNu_HT-400To600_TuneCP5_13TeV-madgraphMLM-pythia8.root
===========================================================================
main(): chain->GetEntries() 45628
NtupleVarsTProxy::Init(TTree *tree) tree->GetEntries()45628
NtupleVarsTProxy::Init(TTree *tree) fChain->GetEntries() 45628
AnalyzeTProxytBSM::EventLoop() 
Analyzing /eos/user/s/seema/SUSYGMSB2023/SkimsUL_June2023/skimmed_Summer20UL16_WJetsToLNu_HT-400To600_TuneCP5_13TeV-madgraphMLM-pythia8.root nentries 45628
0	analyzed process	2016postVFP.WJets
10 %
20 %
30 %
40 %
50 %
60 %
70 %
80 %
90 %
127306
12859
12859
11780.6
6053.25
2700.77
2567.18
2350.22
1572.55
691.184
527.014
364.931


Lost electron: 16.7072
Lost muon: 163.347
Hadronic tau: 0
e fake photon: 184.877
Rest: 0
===========================================================================
iFile 6  Analyzing tree from /eos/user/s/seema/SUSYGMSB2023/SkimsUL_June2023/skimmed_Summer20UL16_WJetsToLNu_HT-600To800_TuneCP5_13TeV-madgraphMLM-pythia8.root
===========================================================================
main(): chain->GetEntries() 58253
NtupleVarsTProxy::Init(TTree *tree) tree->GetEntries()58253
NtupleVarsTProxy::Init(TTree *tree) fChain->GetEntries() 58253
AnalyzeTProxytBSM::EventLoop() 
Analyzing /eos/user/s/seema/SUSYGMSB2023/SkimsUL_June2023/skimmed_Summer20UL16_WJetsToLNu_HT-600To800_TuneCP5_13TeV-madgraphMLM-pythia8.root nentries 58253
0	analyzed process	2016postVFP.WJets
10 %
20 %
30 %
40 %
50 %
60 %
70 %
80 %
90 %
132413
13612.7
13612.7
12520.8
6791.33
3114.38
2956.06
2690.53
1803.54
841.458
627.886
428.806


Lost electron: 20.2958
Lost muon: 191.311
Hadronic tau: 0
e fake photon: 217.2
Rest: 0
===========================================================================
iFile 7  Analyzing tree from /eos/user/s/seema/SUSYGMSB2023/SkimsUL_June2023/skimmed_Summer20UL16_WJetsToLNu_HT-800To1200_TuneCP5_13TeV-madgraphMLM-pythia8.root
===========================================================================
main(): chain->GetEntries() 60074
NtupleVarsTProxy::Init(TTree *tree) tree->GetEntries()60074
NtupleVarsTProxy::Init(TTree *tree) fChain->GetEntries() 60074
AnalyzeTProxytBSM::EventLoop() 
Analyzing /eos/user/s/seema/SUSYGMSB2023/SkimsUL_June2023/skimmed_Summer20UL16_WJetsToLNu_HT-800To1200_TuneCP5_13TeV-madgraphMLM-pythia8.root nentries 60074
0	analyzed process	2016postVFP.WJets
10 %
20 %
30 %
40 %
50 %
60 %
70 %
80 %
90 %
134924
14043.9
14043.9
12948.1
7218.54
3367.08
3194.74
2892.94
1942.95
940.629
688.662
466.315


Lost electron: 23.1567
Lost muon: 208.71
Hadronic tau: 0
e fake photon: 234.449
Rest: 0
dataset 2016postVFP 
If analyzing the lost electron estimation ?   LL
Which pho_ID: 	MVA
