/afs/cern.ch/user/c/cagrawal/public/MyAnalysis/CMSSW_14_0_2/src/SusySoft2023Ana
/afs/cern.ch/user/c/cagrawal/public/MyAnalysis/CMSSW_14_0_2/src/SusySoft2023Ana/condor/root_files_condor/Summer20UL18_TTGJets_Tune.root
Treating the input files as BG for setting tree branches
AnalyzeLightBSM::BookHistogram 
File name = ./map_crosssection_SMprocess_v1.txt
values: 19.77 entries: 4.7646e+06
values: 0.8092 entries: 4.96626e+06
values: 19.77 entries: 3.59877e+06
values: 0.8092 entries: 3.60963e+06
values: 19.77 entries: 1.38616e+06
values: 0.8092 entries: 1.33067e+06
values: 19.77 entries: 1.60326e+06
values: 0.8092 entries: 1.45734e+06
values: 0.2984 entries: 890062
values: 3.757 entries: 1.6096e+06
===========================================================================
iFile 1  Analyzing tree from /eos/user/s/seema/SUSYGMSB2023/SkimsUL_June2023/skimmed_Summer20UL18_TTGJets_TuneCP5_13TeV-amcatnloFXFX-madspin-pythia8.root
===========================================================================
main(): chain->GetEntries() 434954
NtupleVarsTProxy::Init(TTree *tree) tree->GetEntries()434954
NtupleVarsTProxy::Init(TTree *tree) fChain->GetEntries() 434954
AnalyzeTProxytBSM::EventLoop() 
Analyzing /eos/user/s/seema/SUSYGMSB2023/SkimsUL_June2023/skimmed_Summer20UL18_TTGJets_TuneCP5_13TeV-amcatnloFXFX-madspin-pythia8.root nentries 434954
0	analyzed process	2018.TTG
10 %
20 %
30 %
40 %
50 %
60 %
70 %
80 %
90 %
19229.7
8899.19
8899.19
8594.9
6649.88
2181.46
2144.02
1770.89
1554.45
752.653
314.186
192.692


Lost electron: 50.2072
Lost muon: 136.983
Hadronic tau: 0
e fake photon: 3.17949
Rest: 2.32252
dataset 2018 
If analyzing the lost electron estimation ?   LL
Which pho_ID: 	MVA
