/afs/cern.ch/user/c/cagrawal/public/MyAnalysis/CMSSW_14_0_2/src/SusySoft2023Ana
/afs/cern.ch/user/c/cagrawal/public/MyAnalysis/CMSSW_14_0_2/src/SusySoft2023Ana/condor/root_files_condor/Summer20UL16APV_TTJets_Leptons.root
Treating the input files as BG for setting tree branches
AnalyzeLightBSM::BookHistogram 
File name = ./map_crosssection_SMprocess_v1.txt
values: 19.77 entries: 4.7646e+06
values: 0.8092 entries: 4.96626e+06
values: 19.77 entries: 3.59877e+06
values: 0.8092 entries: 3.60963e+06
values: 19.77 entries: 1.38616e+06
values: 0.8092 entries: 1.33067e+06
values: 19.77 entries: 1.60326e+06
values: 0.8092 entries: 1.45734e+06
values: 0.2984 entries: 890062
values: 3.757 entries: 1.6096e+06
===========================================================================
iFile 1  Analyzing tree from /eos/user/s/seema/SUSYGMSB2023/SkimsUL_June2023/skimmed_Summer20UL16APV_TTJets_DiLept_TuneCP5_13TeV-madgraphMLM-pythia8.root
===========================================================================
main(): chain->GetEntries() 314462
NtupleVarsTProxy::Init(TTree *tree) tree->GetEntries()314462
NtupleVarsTProxy::Init(TTree *tree) fChain->GetEntries() 314462
AnalyzeTProxytBSM::EventLoop() 
Analyzing /eos/user/s/seema/SUSYGMSB2023/SkimsUL_June2023/skimmed_Summer20UL16APV_TTJets_DiLept_TuneCP5_13TeV-madgraphMLM-pythia8.root nentries 314462
0	analyzed process	2016preVFP.TTJets_Leptons
10 %
20 %
30 %
40 %
50 %
60 %
70 %
80 %
90 %
36475.9
5158.9
5158.9
4635.27
2383.26
1006.41
961.754
829.55
576.298
203.804
74.0803
39.5717


Lost electron: 5.98994
Lost muon: 10.5873
Hadronic tau: 0
e fake photon: 22.9944
Rest: 0
===========================================================================
iFile 2  Analyzing tree from /eos/user/s/seema/SUSYGMSB2023/SkimsUL_June2023/skimmed_Summer20UL16APV_TTJets_SingleLeptFromTbar_TuneCP5_13TeV-madgraphMLM-pythia8.root
===========================================================================
main(): chain->GetEntries() 623139
NtupleVarsTProxy::Init(TTree *tree) tree->GetEntries()623139
NtupleVarsTProxy::Init(TTree *tree) fChain->GetEntries() 623139
AnalyzeTProxytBSM::EventLoop() 
Analyzing /eos/user/s/seema/SUSYGMSB2023/SkimsUL_June2023/skimmed_Summer20UL16APV_TTJets_SingleLeptFromTbar_TuneCP5_13TeV-madgraphMLM-pythia8.root nentries 623139
0	analyzed process	2016preVFP.TTJets_Leptons
10 %
20 %
30 %
40 %
50 %
60 %
70 %
80 %
90 %
111454
10836.8
10836.8
10250.2
6388.46
2642.69
2534.64
2230.54
1489.65
523.3
306.614
181.88


Lost electron: 18.3181
Lost muon: 71.7021
Hadronic tau: 0
e fake photon: 91.86
Rest: 0
===========================================================================
iFile 3  Analyzing tree from /eos/user/s/seema/SUSYGMSB2023/SkimsUL_June2023/skimmed_Summer20UL16APV_TTJets_SingleLeptFromT_TuneCP5_13TeV-madgraphMLM-pythia8.root
===========================================================================
main(): chain->GetEntries() 636517
NtupleVarsTProxy::Init(TTree *tree) tree->GetEntries()636517
NtupleVarsTProxy::Init(TTree *tree) fChain->GetEntries() 636517
AnalyzeTProxytBSM::EventLoop() 
Analyzing /eos/user/s/seema/SUSYGMSB2023/SkimsUL_June2023/skimmed_Summer20UL16APV_TTJets_SingleLeptFromT_TuneCP5_13TeV-madgraphMLM-pythia8.root nentries 636517
0	analyzed process	2016preVFP.TTJets_Leptons
10 %
20 %
30 %
40 %
50 %
60 %
70 %
80 %
90 %
185886
16491.8
16491.8
15843.6
10359.2
4265.67
4093.39
3623.08
2393.38
838.969
537.592
328.863


Lost electron: 28.8739
Lost muon: 136.818
Hadronic tau: 0
e fake photon: 163.171
Rest: 0
dataset 2016preVFP 
If analyzing the lost electron estimation ?   LL
Which pho_ID: 	MVA
