/afs/cern.ch/user/c/cagrawal/public/MyAnalysis/CMSSW_14_0_2/src/SusySoft2023Ana
/afs/cern.ch/user/c/cagrawal/public/MyAnalysis/CMSSW_14_0_2/src/SusySoft2023Ana/Summer20UL16APV_ZNuNuGJets_MonoPhoton.root
Treating the input files as BG for setting tree branches
AnalyzeLightBSM::BookHistogram 
File name = ./map_crosssection_SMprocess_v1.txt
values: 19.77 entries: 4.7646e+06
values: 0.8092 entries: 4.96626e+06
values: 19.77 entries: 3.59877e+06
values: 0.8092 entries: 3.60963e+06
values: 19.77 entries: 1.38616e+06
values: 0.8092 entries: 1.33067e+06
values: 19.77 entries: 1.60326e+06
values: 0.8092 entries: 1.45734e+06
values: 0.2984 entries: 890062
values: 3.757 entries: 1.6096e+06
===========================================================================
iFile 1  Analyzing tree from /eos/user/s/seema/SUSYGMSB2023/SkimsUL_June2023/skimmed_Summer20UL16APV_ZNuNuGJets_MonoPhoton_PtG-130_TuneCP5_13TeV-amcatnloFXFX-pythia8.root
===========================================================================
main(): chain->GetEntries() 41609
NtupleVarsTProxy::Init(TTree *tree) tree->GetEntries()41609
NtupleVarsTProxy::Init(TTree *tree) fChain->GetEntries() 41609
AnalyzeTProxytBSM::EventLoop() 
Analyzing /eos/user/s/seema/SUSYGMSB2023/SkimsUL_June2023/skimmed_Summer20UL16APV_ZNuNuGJets_MonoPhoton_PtG-130_TuneCP5_13TeV-amcatnloFXFX-pythia8.root nentries 41609
0	analyzed process	2016APV.ZG
10 %
20 %
30 %
40 %
50 %
60 %
70 %
80 %
90 %
1836.29
1576.55
1576.55
1553.8
1198.33
615.754
609.888
528.221
520.476
382.5
378.528
368.942


Lost electron: 0
Lost muon: 0
Hadronic tau: 0
e fake photon: 0
Rest: 368.942
===========================================================================
iFile 2  Analyzing tree from /eos/user/s/seema/SUSYGMSB2023/SkimsUL_June2023/skimmed_Summer20UL16APV_ZNuNuGJets_MonoPhoton_PtG-40to130_TuneCP5_13TeV-amcatnloFXFX-pythia8.root
===========================================================================
main(): chain->GetEntries() 85079
NtupleVarsTProxy::Init(TTree *tree) tree->GetEntries()85079
NtupleVarsTProxy::Init(TTree *tree) fChain->GetEntries() 85079
AnalyzeTProxytBSM::EventLoop() 
Analyzing /eos/user/s/seema/SUSYGMSB2023/SkimsUL_June2023/skimmed_Summer20UL16APV_ZNuNuGJets_MonoPhoton_PtG-40to130_TuneCP5_13TeV-amcatnloFXFX-pythia8.root nentries 85079
0	analyzed process	2016APV.ZG
10 %
20 %
30 %
40 %
50 %
60 %
70 %
80 %
90 %
8868.43
7261.98
7261.98
7167.62
3124.53
1595.44
1566.64
1406.34
1389.03
1019.86
1010.42
990.943


Lost electron: 0
Lost muon: 0
Hadronic tau: 0
e fake photon: 0
Rest: 990.943
dataset 2016APV 
If analyzing the lost electron estimation ?   LL
Which pho_ID: 	MVA
