/afs/cern.ch/user/c/cagrawal/public/MyAnalysis/CMSSW_14_0_2/src/SusySoft2023Ana
/afs/cern.ch/user/c/cagrawal/public/MyAnalysis/CMSSW_14_0_2/src/SusySoft2023Ana/condor/root_files_condor/Summer20UL18_WGJets_MonoPhoton_130Inf.root
Treating the input files as BG for setting tree branches
AnalyzeLightBSM::BookHistogram 
File name = ./map_crosssection_SMprocess_v1.txt
values: 19.77 entries: 4.7646e+06
values: 0.8092 entries: 4.96626e+06
values: 19.77 entries: 3.59877e+06
values: 0.8092 entries: 3.60963e+06
values: 19.77 entries: 1.38616e+06
values: 0.8092 entries: 1.33067e+06
values: 19.77 entries: 1.60326e+06
values: 0.8092 entries: 1.45734e+06
values: 0.2984 entries: 890062
values: 3.757 entries: 1.6096e+06
===========================================================================
iFile 1  Analyzing tree from /eos/user/s/seema/SUSYGMSB2023/SkimsUL_June2023/skimmed_Summer20UL18_WGJets_MonoPhoton_PtG-130_TuneCP5_13TeV-madgraph-pythia8.root
===========================================================================
main(): chain->GetEntries() 698739
NtupleVarsTProxy::Init(TTree *tree) tree->GetEntries()698739
NtupleVarsTProxy::Init(TTree *tree) fChain->GetEntries() 698739
AnalyzeTProxytBSM::EventLoop() 
Analyzing /eos/user/s/seema/SUSYGMSB2023/SkimsUL_June2023/skimmed_Summer20UL18_WGJets_MonoPhoton_PtG-130_TuneCP5_13TeV-madgraph-pythia8.root nentries 698739
1.62939e-07	analyzed process	2018.WGJets_MonoPhoton_PtG-130UL
10 %
20 %
30 %
40 %
50 %
60 %
70 %
80 %
90 %
6291.37
5286.17
5286.17
4198.27
3701.77
1434.7
1411.53
1169.02
1023.22
604.016
299.073
190.136


Lost electron: 41.8831
Lost muon: 137.005
Hadronic tau: 0
e fake photon: 0
Rest: 11.2483
dataset 2018 
If analyzing the lost electron estimation ?   LL
Which pho_ID: 	MVA
