/afs/cern.ch/user/c/cagrawal/public/MyAnalysis/CMSSW_14_0_2/src/SusySoft2023Ana
/afs/cern.ch/user/c/cagrawal/public/MyAnalysis/CMSSW_14_0_2/src/SusySoft2023Ana/condor/root_files_condor/Summer20UL16_TTGJets_Tune.root
Treating the input files as BG for setting tree branches
AnalyzeLightBSM::BookHistogram 
File name = ./map_crosssection_SMprocess_v1.txt
values: 19.77 entries: 4.7646e+06
values: 0.8092 entries: 4.96626e+06
values: 19.77 entries: 3.59877e+06
values: 0.8092 entries: 3.60963e+06
values: 19.77 entries: 1.38616e+06
values: 0.8092 entries: 1.33067e+06
values: 19.77 entries: 1.60326e+06
values: 0.8092 entries: 1.45734e+06
values: 0.2984 entries: 890062
values: 3.757 entries: 1.6096e+06
===========================================================================
iFile 1  Analyzing tree from /eos/user/s/seema/SUSYGMSB2023/SkimsUL_June2023/skimmed_Summer20UL16_TTGJets_TuneCP5_13TeV-amcatnloFXFX-madspin-pythia8.root
===========================================================================
main(): chain->GetEntries() 128827
NtupleVarsTProxy::Init(TTree *tree) tree->GetEntries()128827
NtupleVarsTProxy::Init(TTree *tree) fChain->GetEntries() 128827
AnalyzeTProxytBSM::EventLoop() 
Analyzing /eos/user/s/seema/SUSYGMSB2023/SkimsUL_June2023/skimmed_Summer20UL16_TTGJets_TuneCP5_13TeV-amcatnloFXFX-madspin-pythia8.root nentries 128827
0	analyzed process	2016postVFP.TTG
10 %
20 %
30 %
40 %
50 %
60 %
70 %
80 %
90 %
5323.8
2508.38
2508.38
2416.51
1867.96
790.203
776.519
644.81
574.119
218.678
96.3596
58.4518


Lost electron: 17.2809
Lost muon: 40.1643
Hadronic tau: 0
e fake photon: 0.696586
Rest: 0.310045
dataset 2016postVFP 
If analyzing the lost electron estimation ?   LL
Which pho_ID: 	MVA
