/afs/cern.ch/user/c/cagrawal/public/MyAnalysis/CMSSW_14_0_2/src/SusySoft2023Ana
/afs/cern.ch/user/c/cagrawal/public/MyAnalysis/CMSSW_14_0_2/src/SusySoft2023Ana/condor/root_files_condor/Summer20UL17_TTJets_Leptons.root
Treating the input files as BG for setting tree branches
AnalyzeLightBSM::BookHistogram 
File name = ./map_crosssection_SMprocess_v1.txt
values: 19.77 entries: 4.7646e+06
values: 0.8092 entries: 4.96626e+06
values: 19.77 entries: 3.59877e+06
values: 0.8092 entries: 3.60963e+06
values: 19.77 entries: 1.38616e+06
values: 0.8092 entries: 1.33067e+06
values: 19.77 entries: 1.60326e+06
values: 0.8092 entries: 1.45734e+06
values: 0.2984 entries: 890062
values: 3.757 entries: 1.6096e+06
===========================================================================
iFile 1  Analyzing tree from /eos/user/s/seema/SUSYGMSB2023/SkimsUL_June2023/skimmed_Summer20UL17_TTJets_DiLept_TuneCP5_13TeV-madgraphMLM-pythia8.root
===========================================================================
main(): chain->GetEntries() 822446
NtupleVarsTProxy::Init(TTree *tree) tree->GetEntries()822446
NtupleVarsTProxy::Init(TTree *tree) fChain->GetEntries() 822446
AnalyzeTProxytBSM::EventLoop() 
Analyzing /eos/user/s/seema/SUSYGMSB2023/SkimsUL_June2023/skimmed_Summer20UL17_TTJets_DiLept_TuneCP5_13TeV-madgraphMLM-pythia8.root nentries 822446
0	analyzed process	2017.TTJets_Leptons
10 %
20 %
30 %
40 %
50 %
60 %
70 %
80 %
90 %
94963.2
14511.7
14511.7
13276.2
6976.05
2054.44
2015.73
1744.09
1332.66
622.423
185.67
105.668


Lost electron: 14.6319
Lost muon: 26.4854
Hadronic tau: 0
e fake photon: 64.5509
Rest: 0
===========================================================================
iFile 2  Analyzing tree from /eos/user/s/seema/SUSYGMSB2023/SkimsUL_June2023/skimmed_Summer20UL17_TTJets_SingleLeptFromTbar_TuneCP5_13TeV-madgraphMLM-pythia8.root
===========================================================================
main(): chain->GetEntries() 1581449
NtupleVarsTProxy::Init(TTree *tree) tree->GetEntries()1581449
NtupleVarsTProxy::Init(TTree *tree) fChain->GetEntries() 1581449
AnalyzeTProxytBSM::EventLoop() 
Analyzing /eos/user/s/seema/SUSYGMSB2023/SkimsUL_June2023/skimmed_Summer20UL17_TTJets_SingleLeptFromTbar_TuneCP5_13TeV-madgraphMLM-pythia8.root nentries 1581449
0	analyzed process	2017.TTJets_Leptons
10 %
20 %
30 %
40 %
50 %
60 %
70 %
80 %
90 %
291901
29467.4
29467.4
28105.7
17807.3
5038.08
4936.49
4370.03
3240.9
1515.52
763.214
481.387


Lost electron: 39.6016
Lost muon: 167.847
Hadronic tau: 0
e fake photon: 273.939
Rest: 0
===========================================================================
iFile 3  Analyzing tree from /eos/user/s/seema/SUSYGMSB2023/SkimsUL_June2023/skimmed_Summer20UL17_TTJets_SingleLeptFromT_TuneCP5_13TeV-madgraphMLM-pythia8.root
===========================================================================
main(): chain->GetEntries() 1585571
NtupleVarsTProxy::Init(TTree *tree) tree->GetEntries()1585571
NtupleVarsTProxy::Init(TTree *tree) fChain->GetEntries() 1585571
AnalyzeTProxytBSM::EventLoop() 
Analyzing /eos/user/s/seema/SUSYGMSB2023/SkimsUL_June2023/skimmed_Summer20UL17_TTJets_SingleLeptFromT_TuneCP5_13TeV-madgraphMLM-pythia8.root nentries 1585571
0	analyzed process	2017.TTJets_Leptons
10 %
20 %
30 %
40 %
50 %
60 %
70 %
80 %
90 %
488761
44250.1
44250.1
42767.1
28485.2
7992.14
7828.47
6968.69
5111.73
2393.14
1342.77
848.897


Lost electron: 62.8522
Lost muon: 314.841
Hadronic tau: 0
e fake photon: 471.204
Rest: 0
dataset 2017 
If analyzing the lost electron estimation ?   LL
Which pho_ID: 	MVA
