/afs/cern.ch/user/c/cagrawal/public/MyAnalysis/CMSSW_14_0_2/src/SusySoft2023Ana
/afs/cern.ch/user/c/cagrawal/public/MyAnalysis/CMSSW_14_0_2/src/SusySoft2023Ana/condor/root_files_condor/Summer20UL17_WGJets_MonoPhoton_40to130.root
Treating the input files as BG for setting tree branches
AnalyzeLightBSM::BookHistogram 
File name = ./map_crosssection_SMprocess_v1.txt
values: 19.77 entries: 4.7646e+06
values: 0.8092 entries: 4.96626e+06
values: 19.77 entries: 3.59877e+06
values: 0.8092 entries: 3.60963e+06
values: 19.77 entries: 1.38616e+06
values: 0.8092 entries: 1.33067e+06
values: 19.77 entries: 1.60326e+06
values: 0.8092 entries: 1.45734e+06
values: 0.2984 entries: 890062
values: 3.757 entries: 1.6096e+06
===========================================================================
iFile 1  Analyzing tree from /eos/user/s/seema/SUSYGMSB2023/SkimsUL_June2023/skimmed_Summer20UL17_WGJets_MonoPhoton_PtG-40to130_TuneCP5_13TeV-madgraph-pythia8.root
===========================================================================
main(): chain->GetEntries() 100105
NtupleVarsTProxy::Init(TTree *tree) tree->GetEntries()100105
NtupleVarsTProxy::Init(TTree *tree) fChain->GetEntries() 100105
AnalyzeTProxytBSM::EventLoop() 
Analyzing /eos/user/s/seema/SUSYGMSB2023/SkimsUL_June2023/skimmed_Summer20UL17_WGJets_MonoPhoton_PtG-40to130_TuneCP5_13TeV-madgraph-pythia8.root nentries 100105
5.49354e-06	analyzed process	2017.WGJets_MonoPhoton_PtG-40to130UL
10 %
20 %
30 %
40 %
50 %
60 %
70 %
80 %
90 %
21920.9
17263.3
17263.3
14384
7219.69
2591.71
2544.37
2249.27
1742.5
1072.29
549.083
350.441


Lost electron: 82.5806
Lost muon: 257.067
Hadronic tau: 0
e fake photon: 0
Rest: 10.7927
dataset 2017 
If analyzing the lost electron estimation ?   LL
Which pho_ID: 	MVA
