/afs/cern.ch/user/c/cagrawal/public/MyAnalysis/CMSSW_14_0_2/src/SusySoft2023Ana
/afs/cern.ch/user/c/cagrawal/public/MyAnalysis/CMSSW_14_0_2/src/SusySoft2023Ana/Summer20UL17_ZNuNuGJets_MonoPhoton.root
Treating the input files as BG for setting tree branches
AnalyzeLightBSM::BookHistogram 
File name = ./map_crosssection_SMprocess_v1.txt
values: 19.77 entries: 4.7646e+06
values: 0.8092 entries: 4.96626e+06
values: 19.77 entries: 3.59877e+06
values: 0.8092 entries: 3.60963e+06
values: 19.77 entries: 1.38616e+06
values: 0.8092 entries: 1.33067e+06
values: 19.77 entries: 1.60326e+06
values: 0.8092 entries: 1.45734e+06
values: 0.2984 entries: 890062
values: 3.757 entries: 1.6096e+06
===========================================================================
iFile 1  Analyzing tree from /eos/user/s/seema/SUSYGMSB2023/SkimsUL_June2023/skimmed_Summer20UL17_ZNuNuGJets_MonoPhoton_PtG-130_TuneCP5_13TeV-amcatnloFXFX-pythia8.root
===========================================================================
main(): chain->GetEntries() 161780
NtupleVarsTProxy::Init(TTree *tree) tree->GetEntries()161780
NtupleVarsTProxy::Init(TTree *tree) fChain->GetEntries() 161780
AnalyzeTProxytBSM::EventLoop() 
Analyzing /eos/user/s/seema/SUSYGMSB2023/SkimsUL_June2023/skimmed_Summer20UL17_ZNuNuGJets_MonoPhoton_PtG-130_TuneCP5_13TeV-amcatnloFXFX-pythia8.root nentries 161780
0	analyzed process	2017.ZG
10 %
20 %
30 %
40 %
50 %
60 %
70 %
80 %
90 %
1900.69
1606.53
1606.53
1587.28
1212.85
627.376
622.093
541.161
533.03
393.182
390.731
383.265


Lost electron: 0
Lost muon: 0
Hadronic tau: 0
e fake photon: 0
Rest: 383.265
===========================================================================
iFile 2  Analyzing tree from /eos/user/s/seema/SUSYGMSB2023/SkimsUL_June2023/skimmed_Summer20UL17_ZNuNuGJets_MonoPhoton_PtG-40to130_TuneCP5_13TeV-amcatnloFXFX-pythia8.root
===========================================================================
main(): chain->GetEntries() 187779
NtupleVarsTProxy::Init(TTree *tree) tree->GetEntries()187779
NtupleVarsTProxy::Init(TTree *tree) fChain->GetEntries() 187779
AnalyzeTProxytBSM::EventLoop() 
Analyzing /eos/user/s/seema/SUSYGMSB2023/SkimsUL_June2023/skimmed_Summer20UL17_ZNuNuGJets_MonoPhoton_PtG-40to130_TuneCP5_13TeV-amcatnloFXFX-pythia8.root nentries 187779
0	analyzed process	2017.ZG
10 %
20 %
30 %
40 %
50 %
60 %
70 %
80 %
90 %
9291.2
7481.32
7481.32
7388.22
3113.69
1582.72
1557.93
1399.75
1381.17
1003.67
997.069
978.496


Lost electron: 0
Lost muon: 0
Hadronic tau: 0
e fake photon: 0
Rest: 978.496
dataset 2017 
If analyzing the lost electron estimation ?   LL
Which pho_ID: 	MVA
