/afs/cern.ch/user/c/cagrawal/public/MyAnalysis/CMSSW_14_0_2/src/SusySoft2023Ana
/afs/cern.ch/user/c/cagrawal/public/MyAnalysis/CMSSW_14_0_2/src/SusySoft2023Ana/condor/root_files_condor/Summer20UL16_TTJets_HT.root
Treating the input files as BG for setting tree branches
AnalyzeLightBSM::BookHistogram 
File name = ./map_crosssection_SMprocess_v1.txt
values: 19.77 entries: 4.7646e+06
values: 0.8092 entries: 4.96626e+06
values: 19.77 entries: 3.59877e+06
values: 0.8092 entries: 3.60963e+06
values: 19.77 entries: 1.38616e+06
values: 0.8092 entries: 1.33067e+06
values: 19.77 entries: 1.60326e+06
values: 0.8092 entries: 1.45734e+06
values: 0.2984 entries: 890062
values: 3.757 entries: 1.6096e+06
===========================================================================
iFile 1  Analyzing tree from /eos/user/s/seema/SUSYGMSB2023/SkimsUL_June2023/skimmed_Summer20UL16_TTJets_HT-1200to2500_TuneCP5_13TeV-madgraphMLM-pythia8.root
===========================================================================
main(): chain->GetEntries() 52534
NtupleVarsTProxy::Init(TTree *tree) tree->GetEntries()52534
NtupleVarsTProxy::Init(TTree *tree) fChain->GetEntries() 52534
AnalyzeTProxytBSM::EventLoop() 
Analyzing /eos/user/s/seema/SUSYGMSB2023/SkimsUL_June2023/skimmed_Summer20UL16_TTJets_HT-1200to2500_TuneCP5_13TeV-madgraphMLM-pythia8.root nentries 52534
0	analyzed process	2016postVFP.TTJets_HT
10 %
20 %
30 %
40 %
50 %
60 %
70 %
80 %
90 %
146.093
16.5459
16.5459
16.5459
16.5459
10.3817
9.80641
6.98527
4.98892
3.59965
1.6469
0.94434


Lost electron: 0.104341
Lost muon: 0.382808
Hadronic tau: 0
e fake photon: 0.429099
Rest: 0.0280917
===========================================================================
iFile 2  Analyzing tree from /eos/user/s/seema/SUSYGMSB2023/SkimsUL_June2023/skimmed_Summer20UL16_TTJets_HT-2500toInf_TuneCP5_13TeV-madgraphMLM-pythia8.root
===========================================================================
main(): chain->GetEntries() 29612
NtupleVarsTProxy::Init(TTree *tree) tree->GetEntries()29612
NtupleVarsTProxy::Init(TTree *tree) fChain->GetEntries() 29612
AnalyzeTProxytBSM::EventLoop() 
Analyzing /eos/user/s/seema/SUSYGMSB2023/SkimsUL_June2023/skimmed_Summer20UL16_TTJets_HT-2500toInf_TuneCP5_13TeV-madgraphMLM-pythia8.root nentries 29612
0	analyzed process	2016postVFP.TTJets_HT
10 %
20 %
30 %
40 %
50 %
60 %
70 %
80 %
90 %
148.108
16.8031
16.8031
16.8031
16.8031
10.5423
9.9555
7.0847
5.05802
3.64725
1.66936
0.959114


Lost electron: 0.106523
Lost muon: 0.388771
Hadronic tau: 0
e fake photon: 0.433795
Rest: 0.0300245
===========================================================================
iFile 3  Analyzing tree from /eos/user/s/seema/SUSYGMSB2023/SkimsUL_June2023/skimmed_Summer20UL16_TTJets_HT-600to800_TuneCP5_13TeV-madgraphMLM-pythia8.root
===========================================================================
main(): chain->GetEntries() 318290
NtupleVarsTProxy::Init(TTree *tree) tree->GetEntries()318290
NtupleVarsTProxy::Init(TTree *tree) fChain->GetEntries() 318290
AnalyzeTProxytBSM::EventLoop() 
Analyzing /eos/user/s/seema/SUSYGMSB2023/SkimsUL_June2023/skimmed_Summer20UL16_TTJets_HT-600to800_TuneCP5_13TeV-madgraphMLM-pythia8.root nentries 318290
0	analyzed process	2016postVFP.TTJets_HT
10 %
20 %
30 %
40 %
50 %
60 %
70 %
80 %
90 %
1783.53
179.674
179.674
179.494
179.431
104.059
99.5225
77.3639
56.7547
37.1524
17.5385
9.69147


Lost electron: 0.964645
Lost muon: 4.20285
Hadronic tau: 0
e fake photon: 4.44901
Rest: 0.0749577
===========================================================================
iFile 4  Analyzing tree from /eos/user/s/seema/SUSYGMSB2023/SkimsUL_June2023/skimmed_Summer20UL16_TTJets_HT-800to1200_TuneCP5_13TeV-madgraphMLM-pythia8.root
===========================================================================
main(): chain->GetEntries() 242882
NtupleVarsTProxy::Init(TTree *tree) tree->GetEntries()242882
NtupleVarsTProxy::Init(TTree *tree) fChain->GetEntries() 242882
AnalyzeTProxytBSM::EventLoop() 
Analyzing /eos/user/s/seema/SUSYGMSB2023/SkimsUL_June2023/skimmed_Summer20UL16_TTJets_HT-800to1200_TuneCP5_13TeV-madgraphMLM-pythia8.root nentries 242882
0	analyzed process	2016postVFP.TTJets_HT
10 %
20 %
30 %
40 %
50 %
60 %
70 %
80 %
90 %
2533.78
258.267
258.267
258.069
257.993
152.171
145.298
111.735
81.6576
54.6639
25.8002
14.4597


Lost electron: 1.59102
Lost muon: 6.10819
Hadronic tau: 0
e fake photon: 6.60494
Rest: 0.155583
dataset 2016postVFP 
If analyzing the lost electron estimation ?   LL
Which pho_ID: 	MVA
