/afs/cern.ch/user/c/cagrawal/public/MyAnalysis/CMSSW_14_0_2/src/SusySoft2023Ana
/afs/cern.ch/user/c/cagrawal/public/MyAnalysis/CMSSW_14_0_2/src/SusySoft2023Ana/Summer20UL16APV_QCD_HT.root
Treating the input files as BG for setting tree branches
AnalyzeLightBSM::BookHistogram 
File name = ./map_crosssection_SMprocess_v1.txt
values: 19.77 entries: 4.7646e+06
values: 0.8092 entries: 4.96626e+06
values: 19.77 entries: 3.59877e+06
values: 0.8092 entries: 3.60963e+06
values: 19.77 entries: 1.38616e+06
values: 0.8092 entries: 1.33067e+06
values: 19.77 entries: 1.60326e+06
values: 0.8092 entries: 1.45734e+06
values: 0.2984 entries: 890062
values: 3.757 entries: 1.6096e+06
===========================================================================
iFile 1  Analyzing tree from /eos/user/s/seema/SUSYGMSB2023/SkimsUL_June2023/skimmed_Summer20UL16APV_QCD_HT-1000to1500_TuneCP5_PSWeights_13TeV-madgraph-pythia8.root
===========================================================================
main(): chain->GetEntries() 36824
NtupleVarsTProxy::Init(TTree *tree) tree->GetEntries()36824
NtupleVarsTProxy::Init(TTree *tree) fChain->GetEntries() 36824
AnalyzeTProxytBSM::EventLoop() 
Analyzing /eos/user/s/seema/SUSYGMSB2023/SkimsUL_June2023/skimmed_Summer20UL16APV_QCD_HT-1000to1500_TuneCP5_PSWeights_13TeV-madgraph-pythia8.root nentries 36824
0	analyzed process	2016APV.QCD
10 %
20 %
30 %
40 %
50 %
60 %
70 %
80 %
90 %
178023
12294
12294
12279.5
12279.5
2472.55
1935.89
566.73
264.795
59.1824
59.1824
55.5263


Lost electron: 0
Lost muon: 0
Hadronic tau: 0
e fake photon: 0
Rest: 55.5263
===========================================================================
iFile 2  Analyzing tree from /eos/user/s/seema/SUSYGMSB2023/SkimsUL_June2023/skimmed_Summer20UL16APV_QCD_HT-1500to2000_TuneCP5_PSWeights_13TeV-madgraph-pythia8.root
===========================================================================
main(): chain->GetEntries() 52610
NtupleVarsTProxy::Init(TTree *tree) tree->GetEntries()52610
NtupleVarsTProxy::Init(TTree *tree) fChain->GetEntries() 52610
AnalyzeTProxytBSM::EventLoop() 
Analyzing /eos/user/s/seema/SUSYGMSB2023/SkimsUL_June2023/skimmed_Summer20UL16APV_QCD_HT-1500to2000_TuneCP5_PSWeights_13TeV-madgraph-pythia8.root nentries 52610
0	analyzed process	2016APV.QCD
10 %
20 %
30 %
40 %
50 %
60 %
70 %
80 %
90 %
212038
15636.6
15636.6
15618.9
15618.9
3299.03
2589.73
742.659
336.286
76.7244
76.2269
71.4596


Lost electron: 0
Lost muon: 0
Hadronic tau: 0
e fake photon: 0
Rest: 71.4596
===========================================================================
iFile 3  Analyzing tree from /eos/user/s/seema/SUSYGMSB2023/SkimsUL_June2023/skimmed_Summer20UL16APV_QCD_HT-2000toInf_TuneCP5_PSWeights_13TeV-madgraph-pythia8.root
===========================================================================
main(): chain->GetEntries() 43585
NtupleVarsTProxy::Init(TTree *tree) tree->GetEntries()43585
NtupleVarsTProxy::Init(TTree *tree) fChain->GetEntries() 43585
AnalyzeTProxytBSM::EventLoop() 
Analyzing /eos/user/s/seema/SUSYGMSB2023/SkimsUL_June2023/skimmed_Summer20UL16APV_QCD_HT-2000toInf_TuneCP5_PSWeights_13TeV-madgraph-pythia8.root nentries 43585
0	analyzed process	2016APV.QCD
10 %
20 %
30 %
40 %
50 %
60 %
70 %
80 %
90 %
223484
17167.2
17167.2
17148.4
17148.4
3765.53
2968.18
834.435
382.065
91.6241
90.6775
85.3718


Lost electron: 0
Lost muon: 0
Hadronic tau: 0
e fake photon: 0
Rest: 85.3718
===========================================================================
iFile 4  Analyzing tree from /eos/user/s/seema/SUSYGMSB2023/SkimsUL_June2023/skimmed_Summer20UL16APV_QCD_HT-200to300_TuneCP5_PSWeights_13TeV-madgraph-pythia8.root
===========================================================================
main(): chain->GetEntries() 486
NtupleVarsTProxy::Init(TTree *tree) tree->GetEntries()486
NtupleVarsTProxy::Init(TTree *tree) fChain->GetEntries() 486
AnalyzeTProxytBSM::EventLoop() 
Analyzing /eos/user/s/seema/SUSYGMSB2023/SkimsUL_June2023/skimmed_Summer20UL16APV_QCD_HT-200to300_TuneCP5_PSWeights_13TeV-madgraph-pythia8.root nentries 486
0	analyzed process	2016APV.QCD
10 %
20 %
30 %
40 %
50 %
60 %
70 %
80 %
90 %
2.69625e+06
68047.1
68047.1
68028.3
22236.4
4151.07
3353.72
834.435
382.065
91.6241
90.6775
85.3718


Lost electron: 0
Lost muon: 0
Hadronic tau: 0
e fake photon: 0
Rest: 85.3718
===========================================================================
iFile 5  Analyzing tree from /eos/user/s/seema/SUSYGMSB2023/SkimsUL_June2023/skimmed_Summer20UL16APV_QCD_HT-300to500_TuneCP5_PSWeights_13TeV-madgraph-pythia8.root
===========================================================================
main(): chain->GetEntries() 5626
NtupleVarsTProxy::Init(TTree *tree) tree->GetEntries()5626
NtupleVarsTProxy::Init(TTree *tree) fChain->GetEntries() 5626
AnalyzeTProxytBSM::EventLoop() 
Analyzing /eos/user/s/seema/SUSYGMSB2023/SkimsUL_June2023/skimmed_Summer20UL16APV_QCD_HT-300to500_TuneCP5_PSWeights_13TeV-madgraph-pythia8.root nentries 5626
0	analyzed process	2016APV.QCD
10 %
20 %
30 %
40 %
50 %
60 %
70 %
80 %
90 %
5.09892e+06
131253
131253
129953
52558
6803.51
5838.99
2169.03
1103.89
91.6241
90.6775
85.3718


Lost electron: 0
Lost muon: 0
Hadronic tau: 0
e fake photon: 0
Rest: 85.3718
===========================================================================
iFile 6  Analyzing tree from /eos/user/s/seema/SUSYGMSB2023/SkimsUL_June2023/skimmed_Summer20UL16APV_QCD_HT-500to700_TuneCP5_PSWeights_13TeV-madgraph-pythia8.root
===========================================================================
main(): chain->GetEntries() 28489
NtupleVarsTProxy::Init(TTree *tree) tree->GetEntries()28489
NtupleVarsTProxy::Init(TTree *tree) fChain->GetEntries() 28489
AnalyzeTProxytBSM::EventLoop() 
Analyzing /eos/user/s/seema/SUSYGMSB2023/SkimsUL_June2023/skimmed_Summer20UL16APV_QCD_HT-500to700_TuneCP5_PSWeights_13TeV-madgraph-pythia8.root nentries 28489
0	analyzed process	2016APV.QCD
10 %
20 %
30 %
40 %
50 %
60 %
70 %
80 %
90 %
6.00858e+06
160022
160022
158658
79347.6
9721.79
8429.39
3442.19
1791.39
174.253
173.306
168.001


Lost electron: 0
Lost muon: 0
Hadronic tau: 0
e fake photon: 0
Rest: 168.001
===========================================================================
iFile 7  Analyzing tree from /eos/user/s/seema/SUSYGMSB2023/SkimsUL_June2023/skimmed_Summer20UL16APV_QCD_HT-700to1000_TuneCP5_PSWeights_13TeV-madgraph-pythia8.root
===========================================================================
main(): chain->GetEntries() 18724
NtupleVarsTProxy::Init(TTree *tree) tree->GetEntries()18724
NtupleVarsTProxy::Init(TTree *tree) fChain->GetEntries() 18724
AnalyzeTProxytBSM::EventLoop() 
Analyzing /eos/user/s/seema/SUSYGMSB2023/SkimsUL_June2023/skimmed_Summer20UL16APV_QCD_HT-700to1000_TuneCP5_PSWeights_13TeV-madgraph-pythia8.root nentries 18724
0	analyzed process	2016APV.QCD
10 %
20 %
30 %
40 %
50 %
60 %
70 %
80 %
90 %
6.46232e+06
181662
181662
180274
100891
12894.9
11134.2
4452.12
2169.06
215.396
214.449
190.43


Lost electron: 0
Lost muon: 0
Hadronic tau: 0
e fake photon: 0
Rest: 190.43
dataset 2016APV 
If analyzing the lost electron estimation ?   LL
Which pho_ID: 	MVA
