/afs/cern.ch/user/c/cagrawal/public/MyAnalysis/CMSSW_14_0_2/src/SusySoft2023Ana
/afs/cern.ch/user/c/cagrawal/public/MyAnalysis/CMSSW_14_0_2/src/SusySoft2023Ana/condor/root_files_condor/Summer20UL16APV_TTJets_HT.root
Treating the input files as BG for setting tree branches
AnalyzeLightBSM::BookHistogram 
File name = ./map_crosssection_SMprocess_v1.txt
values: 19.77 entries: 4.7646e+06
values: 0.8092 entries: 4.96626e+06
values: 19.77 entries: 3.59877e+06
values: 0.8092 entries: 3.60963e+06
values: 19.77 entries: 1.38616e+06
values: 0.8092 entries: 1.33067e+06
values: 19.77 entries: 1.60326e+06
values: 0.8092 entries: 1.45734e+06
values: 0.2984 entries: 890062
values: 3.757 entries: 1.6096e+06
===========================================================================
iFile 1  Analyzing tree from /eos/user/s/seema/SUSYGMSB2023/SkimsUL_June2023/skimmed_Summer20UL16APV_TTJets_HT-1200to2500_TuneCP5_13TeV-madgraphMLM-pythia8.root
===========================================================================
main(): chain->GetEntries() 48805
NtupleVarsTProxy::Init(TTree *tree) tree->GetEntries()48805
NtupleVarsTProxy::Init(TTree *tree) fChain->GetEntries() 48805
AnalyzeTProxytBSM::EventLoop() 
Analyzing /eos/user/s/seema/SUSYGMSB2023/SkimsUL_June2023/skimmed_Summer20UL16APV_TTJets_HT-1200to2500_TuneCP5_13TeV-madgraphMLM-pythia8.root nentries 48805
0	analyzed process	2016preVFP.TTJets_HT
10 %
20 %
30 %
40 %
50 %
60 %
70 %
80 %
90 %
172.339
20.1032
20.1032
20.0997
20.0997
12.6424
11.7887
8.25934
5.85605
4.16694
1.96645
1.09293


Lost electron: 0.174432
Lost muon: 0.498089
Hadronic tau: 0
e fake photon: 0.382634
Rest: 0.0377741
===========================================================================
iFile 2  Analyzing tree from /eos/user/s/seema/SUSYGMSB2023/SkimsUL_June2023/skimmed_Summer20UL16APV_TTJets_HT-2500toInf_TuneCP5_13TeV-madgraphMLM-pythia8.root
===========================================================================
main(): chain->GetEntries() 28853
NtupleVarsTProxy::Init(TTree *tree) tree->GetEntries()28853
NtupleVarsTProxy::Init(TTree *tree) fChain->GetEntries() 28853
AnalyzeTProxytBSM::EventLoop() 
Analyzing /eos/user/s/seema/SUSYGMSB2023/SkimsUL_June2023/skimmed_Summer20UL16APV_TTJets_HT-2500toInf_TuneCP5_13TeV-madgraphMLM-pythia8.root nentries 28853
0	analyzed process	2016preVFP.TTJets_HT
10 %
20 %
30 %
40 %
50 %
60 %
70 %
80 %
90 %
174.62
20.4129
20.4129
20.4094
20.4094
12.8382
11.9676
8.3809
5.9415
4.22825
1.99562
1.11263


Lost electron: 0.177819
Lost muon: 0.50702
Hadronic tau: 0
e fake photon: 0.387943
Rest: 0.0398522
===========================================================================
iFile 3  Analyzing tree from /eos/user/s/seema/SUSYGMSB2023/SkimsUL_June2023/skimmed_Summer20UL16APV_TTJets_HT-600to800_TuneCP5_13TeV-madgraphMLM-pythia8.root
===========================================================================
main(): chain->GetEntries() 301896
NtupleVarsTProxy::Init(TTree *tree) tree->GetEntries()301896
NtupleVarsTProxy::Init(TTree *tree) fChain->GetEntries() 301896
AnalyzeTProxytBSM::EventLoop() 
Analyzing /eos/user/s/seema/SUSYGMSB2023/SkimsUL_June2023/skimmed_Summer20UL16APV_TTJets_HT-600to800_TuneCP5_13TeV-madgraphMLM-pythia8.root nentries 301896
0	analyzed process	2016preVFP.TTJets_HT
10 %
20 %
30 %
40 %
50 %
60 %
70 %
80 %
90 %
2147.67
225.944
225.944
225.741
225.612
130.454
123.684
96.4304
69.3373
45.0913
21.5359
11.8378


Lost electron: 1.23845
Lost muon: 5.36903
Hadronic tau: 0
e fake photon: 5.06244
Rest: 0.167888
===========================================================================
iFile 4  Analyzing tree from /eos/user/s/seema/SUSYGMSB2023/SkimsUL_June2023/skimmed_Summer20UL16APV_TTJets_HT-800to1200_TuneCP5_13TeV-madgraphMLM-pythia8.root
===========================================================================
main(): chain->GetEntries() 239686
NtupleVarsTProxy::Init(TTree *tree) tree->GetEntries()239686
NtupleVarsTProxy::Init(TTree *tree) fChain->GetEntries() 239686
AnalyzeTProxytBSM::EventLoop() 
Analyzing /eos/user/s/seema/SUSYGMSB2023/SkimsUL_June2023/skimmed_Summer20UL16APV_TTJets_HT-800to1200_TuneCP5_13TeV-madgraphMLM-pythia8.root nentries 239686
0	analyzed process	2016preVFP.TTJets_HT
10 %
20 %
30 %
40 %
50 %
60 %
70 %
80 %
90 %
3044.37
323.54
323.54
323.28
323.143
189.847
180.031
138.677
99.4756
65.998
31.1422
17.2276


Lost electron: 1.98036
Lost muon: 7.69848
Hadronic tau: 0
e fake photon: 7.33187
Rest: 0.216865
dataset 2016preVFP 
If analyzing the lost electron estimation ?   LL
Which pho_ID: 	MVA
