/afs/cern.ch/user/c/cagrawal/public/MyAnalysis/CMSSW_14_0_2/src/SusySoft2023Ana
/afs/cern.ch/user/c/cagrawal/public/MyAnalysis/CMSSW_14_0_2/src/SusySoft2023Ana/Summer20UL17_QCD_HT.root
Treating the input files as BG for setting tree branches
AnalyzeLightBSM::BookHistogram 
File name = ./map_crosssection_SMprocess_v1.txt
values: 19.77 entries: 4.7646e+06
values: 0.8092 entries: 4.96626e+06
values: 19.77 entries: 3.59877e+06
values: 0.8092 entries: 3.60963e+06
values: 19.77 entries: 1.38616e+06
values: 0.8092 entries: 1.33067e+06
values: 19.77 entries: 1.60326e+06
values: 0.8092 entries: 1.45734e+06
values: 0.2984 entries: 890062
values: 3.757 entries: 1.6096e+06
===========================================================================
iFile 1  Analyzing tree from /eos/user/s/seema/SUSYGMSB2023/SkimsUL_June2023/skimmed_Summer20UL17_QCD_HT-1000to1500_TuneCP5_PSWeights_13TeV-madgraph-pythia8.root
===========================================================================
main(): chain->GetEntries() 40601
NtupleVarsTProxy::Init(TTree *tree) tree->GetEntries()40601
NtupleVarsTProxy::Init(TTree *tree) fChain->GetEntries() 40601
AnalyzeTProxytBSM::EventLoop() 
Analyzing /eos/user/s/seema/SUSYGMSB2023/SkimsUL_June2023/skimmed_Summer20UL17_QCD_HT-1000to1500_TuneCP5_PSWeights_13TeV-madgraph-pythia8.root nentries 40601
0	analyzed process	2017.QCD
10 %
20 %
30 %
40 %
50 %
60 %
70 %
80 %
90 %
264562
13938
13938
13931.5
13925
2549.88
2108.01
808.829
349.192
62.4912
62.4912
62.4912


Lost electron: 0
Lost muon: 0
Hadronic tau: 0
e fake photon: 0
Rest: 62.4912
===========================================================================
iFile 2  Analyzing tree from /eos/user/s/seema/SUSYGMSB2023/SkimsUL_June2023/skimmed_Summer20UL17_QCD_HT-1500to2000_TuneCP5_PSWeights_13TeV-madgraph-pythia8.root
===========================================================================
main(): chain->GetEntries() 55732
NtupleVarsTProxy::Init(TTree *tree) tree->GetEntries()55732
NtupleVarsTProxy::Init(TTree *tree) fChain->GetEntries() 55732
AnalyzeTProxytBSM::EventLoop() 
Analyzing /eos/user/s/seema/SUSYGMSB2023/SkimsUL_June2023/skimmed_Summer20UL17_QCD_HT-1500to2000_TuneCP5_PSWeights_13TeV-madgraph-pythia8.root nentries 55732
0	analyzed process	2017.QCD
10 %
20 %
30 %
40 %
50 %
60 %
70 %
80 %
90 %
311492
17548
17548
17539.8
17533.3
3409.69
2809.86
1025.25
445.079
86.6486
85.9758
84.6476


Lost electron: 0
Lost muon: 0
Hadronic tau: 0
e fake photon: 0
Rest: 84.6476
===========================================================================
iFile 3  Analyzing tree from /eos/user/s/seema/SUSYGMSB2023/SkimsUL_June2023/skimmed_Summer20UL17_QCD_HT-2000toInf_TuneCP5_PSWeights_13TeV-madgraph-pythia8.root
===========================================================================
main(): chain->GetEntries() 46391
NtupleVarsTProxy::Init(TTree *tree) tree->GetEntries()46391
NtupleVarsTProxy::Init(TTree *tree) fChain->GetEntries() 46391
AnalyzeTProxytBSM::EventLoop() 
Analyzing /eos/user/s/seema/SUSYGMSB2023/SkimsUL_June2023/skimmed_Summer20UL17_QCD_HT-2000toInf_TuneCP5_PSWeights_13TeV-madgraph-pythia8.root nentries 46391
0	analyzed process	2017.QCD
10 %
20 %
30 %
40 %
50 %
60 %
70 %
80 %
90 %
326293
19147.7
19147.7
19138.5
19132
3890.36
3205.53
1127.91
496.329
101.449
100.474
99.1459


Lost electron: 0
Lost muon: 0
Hadronic tau: 0
e fake photon: 0
Rest: 99.1459
===========================================================================
iFile 4  Analyzing tree from /eos/user/s/seema/SUSYGMSB2023/SkimsUL_June2023/skimmed_Summer20UL17_QCD_HT-200to300_TuneCP5_PSWeights_13TeV-madgraph-pythia8.root
===========================================================================
main(): chain->GetEntries() 5980
NtupleVarsTProxy::Init(TTree *tree) tree->GetEntries()5980
NtupleVarsTProxy::Init(TTree *tree) fChain->GetEntries() 5980
AnalyzeTProxytBSM::EventLoop() 
Analyzing /eos/user/s/seema/SUSYGMSB2023/SkimsUL_June2023/skimmed_Summer20UL17_QCD_HT-200to300_TuneCP5_PSWeights_13TeV-madgraph-pythia8.root nentries 5980
0	analyzed process	2017.QCD
10 %
20 %
30 %
40 %
50 %
60 %
70 %
80 %
90 %
1.33429e+07
238993
238993
234630
34368.8
4934.63
4249.81
1933.5
1163.55
101.449
100.474
99.1459


Lost electron: 0
Lost muon: 0
Hadronic tau: 0
e fake photon: 0
Rest: 99.1459
===========================================================================
iFile 5  Analyzing tree from /eos/user/s/seema/SUSYGMSB2023/SkimsUL_June2023/skimmed_Summer20UL17_QCD_HT-300to500_TuneCP5_PSWeights_13TeV-madgraph-pythia8.root
===========================================================================
main(): chain->GetEntries() 17244
NtupleVarsTProxy::Init(TTree *tree) tree->GetEntries()17244
NtupleVarsTProxy::Init(TTree *tree) fChain->GetEntries() 17244
AnalyzeTProxytBSM::EventLoop() 
Analyzing /eos/user/s/seema/SUSYGMSB2023/SkimsUL_June2023/skimmed_Summer20UL17_QCD_HT-300to500_TuneCP5_PSWeights_13TeV-madgraph-pythia8.root nentries 17244
0	analyzed process	2017.QCD
10 %
20 %
30 %
40 %
50 %
60 %
70 %
80 %
90 %
2.10352e+07
368358
368358
363995
109757
11167.9
9895.2
5747.58
3330.43
101.449
100.474
99.1459


Lost electron: 0
Lost muon: 0
Hadronic tau: 0
e fake photon: 0
Rest: 99.1459
===========================================================================
iFile 6  Analyzing tree from /eos/user/s/seema/SUSYGMSB2023/SkimsUL_June2023/skimmed_Summer20UL17_QCD_HT-500to700_TuneCP5_PSWeights_13TeV-madgraph-pythia8.root
===========================================================================
main(): chain->GetEntries() 38178
NtupleVarsTProxy::Init(TTree *tree) tree->GetEntries()38178
NtupleVarsTProxy::Init(TTree *tree) fChain->GetEntries() 38178
AnalyzeTProxytBSM::EventLoop() 
Analyzing /eos/user/s/seema/SUSYGMSB2023/SkimsUL_June2023/skimmed_Summer20UL17_QCD_HT-500to700_TuneCP5_PSWeights_13TeV-madgraph-pythia8.root nentries 38178
0	analyzed process	2017.QCD
10 %
20 %
30 %
40 %
50 %
60 %
70 %
80 %
90 %
2.29505e+07
414412
414412
409899
153755
16425.8
14370.2
8210.89
4826.8
292.562
291.587
171.894


Lost electron: 0
Lost muon: 0
Hadronic tau: 0
e fake photon: 0
Rest: 171.894
===========================================================================
iFile 7  Analyzing tree from /eos/user/s/seema/SUSYGMSB2023/SkimsUL_June2023/skimmed_Summer20UL17_QCD_HT-700to1000_TuneCP5_PSWeights_13TeV-madgraph-pythia8.root
===========================================================================
main(): chain->GetEntries() 70174
NtupleVarsTProxy::Init(TTree *tree) tree->GetEntries()70174
NtupleVarsTProxy::Init(TTree *tree) fChain->GetEntries() 70174
AnalyzeTProxytBSM::EventLoop() 
Analyzing /eos/user/s/seema/SUSYGMSB2023/SkimsUL_June2023/skimmed_Summer20UL17_QCD_HT-700to1000_TuneCP5_PSWeights_13TeV-madgraph-pythia8.root nentries 70174
0	analyzed process	2017.QCD
10 %
20 %
30 %
40 %
50 %
60 %
70 %
80 %
90 %
2.374e+07
441559
441559
437012
180756
20314.7
17724
9727.81
5513.39
356.177
345.914
208.299


Lost electron: 0
Lost muon: 0
Hadronic tau: 0
e fake photon: 0
Rest: 208.299
dataset 2017 
If analyzing the lost electron estimation ?   LL
Which pho_ID: 	MVA
