/afs/cern.ch/user/c/cagrawal/public/MyAnalysis/CMSSW_14_0_2/src/SusySoft2023Ana
/afs/cern.ch/user/c/cagrawal/public/MyAnalysis/CMSSW_14_0_2/src/SusySoft2023Ana/condor/root_files_condor/Summer20UL18_WJetsToLNu_HT.root
Treating the input files as BG for setting tree branches
AnalyzeLightBSM::BookHistogram 
File name = ./map_crosssection_SMprocess_v1.txt
values: 19.77 entries: 4.7646e+06
values: 0.8092 entries: 4.96626e+06
values: 19.77 entries: 3.59877e+06
values: 0.8092 entries: 3.60963e+06
values: 19.77 entries: 1.38616e+06
values: 0.8092 entries: 1.33067e+06
values: 19.77 entries: 1.60326e+06
values: 0.8092 entries: 1.45734e+06
values: 0.2984 entries: 890062
values: 3.757 entries: 1.6096e+06
===========================================================================
iFile 1  Analyzing tree from /eos/user/s/seema/SUSYGMSB2023/SkimsUL_June2023/skimmed_Summer20UL18_WJetsToLNu_HT-100To200_TuneCP5_13TeV-madgraphMLM-pythia8.root
===========================================================================
main(): chain->GetEntries() 123628
NtupleVarsTProxy::Init(TTree *tree) tree->GetEntries()123628
NtupleVarsTProxy::Init(TTree *tree) fChain->GetEntries() 123628
AnalyzeTProxytBSM::EventLoop() 
Analyzing /eos/user/s/seema/SUSYGMSB2023/SkimsUL_June2023/skimmed_Summer20UL18_WJetsToLNu_HT-100To200_TuneCP5_13TeV-madgraphMLM-pythia8.root nentries 123628
0	analyzed process	2018.WJets
10 %
20 %
30 %
40 %
50 %
60 %
70 %
80 %
90 %
192049
16399.7
16399.7
14455.2
719.874
144.774
140.357
121.047
74.078
20.8174
11.3539
9.09344


Lost electron: 1.0716
Lost muon: 3.8126
Hadronic tau: 0
e fake photon: 4.20924
Rest: 0
===========================================================================
iFile 2  Analyzing tree from /eos/user/s/seema/SUSYGMSB2023/SkimsUL_June2023/skimmed_Summer20UL18_WJetsToLNu_HT-1200To2500_TuneCP5_13TeV-madgraphMLM-pythia8.root
===========================================================================
main(): chain->GetEntries() 239612
NtupleVarsTProxy::Init(TTree *tree) tree->GetEntries()239612
NtupleVarsTProxy::Init(TTree *tree) fChain->GetEntries() 239612
AnalyzeTProxytBSM::EventLoop() 
Analyzing /eos/user/s/seema/SUSYGMSB2023/SkimsUL_June2023/skimmed_Summer20UL18_WJetsToLNu_HT-1200To2500_TuneCP5_13TeV-madgraphMLM-pythia8.root nentries 239612
0	analyzed process	2018.WJets
10 %
20 %
30 %
40 %
50 %
60 %
70 %
80 %
90 %
194727
16938.4
16938.4
14991.5
1256.21
439.851
421.958
344.595
245
156.335
88.2115
57.9098


Lost electron: 4.64584
Lost muon: 23.5441
Hadronic tau: 0
e fake photon: 29.7198
Rest: 0
===========================================================================
iFile 3  Analyzing tree from /eos/user/s/seema/SUSYGMSB2023/SkimsUL_June2023/skimmed_Summer20UL18_WJetsToLNu_HT-200To400_TuneCP5_13TeV-madgraphMLM-pythia8.root
===========================================================================
main(): chain->GetEntries() 731428
NtupleVarsTProxy::Init(TTree *tree) tree->GetEntries()731428
NtupleVarsTProxy::Init(TTree *tree) fChain->GetEntries() 731428
AnalyzeTProxytBSM::EventLoop() 
Analyzing /eos/user/s/seema/SUSYGMSB2023/SkimsUL_June2023/skimmed_Summer20UL18_WJetsToLNu_HT-200To400_TuneCP5_13TeV-madgraphMLM-pythia8.root nentries 731428
0	analyzed process	2018.WJets
10 %
20 %
30 %
40 %
50 %
60 %
70 %
80 %
90 %
458618
44277.8
44277.8
40490.6
16937.3
5238.18
5121.73
4756.25
3500.25
1536.09
1080.28
757.056


Lost electron: 34.5015
Lost muon: 280.693
Hadronic tau: 0
e fake photon: 441.861
Rest: 0
===========================================================================
iFile 4  Analyzing tree from /eos/user/s/seema/SUSYGMSB2023/SkimsUL_June2023/skimmed_Summer20UL18_WJetsToLNu_HT-2500ToInf_TuneCP5_13TeV-madgraphMLM-pythia8.root
===========================================================================
main(): chain->GetEntries() 91009
NtupleVarsTProxy::Init(TTree *tree) tree->GetEntries()91009
NtupleVarsTProxy::Init(TTree *tree) fChain->GetEntries() 91009
AnalyzeTProxytBSM::EventLoop() 
Analyzing /eos/user/s/seema/SUSYGMSB2023/SkimsUL_June2023/skimmed_Summer20UL18_WJetsToLNu_HT-2500ToInf_TuneCP5_13TeV-madgraphMLM-pythia8.root nentries 91009
0	analyzed process	2018.WJets
10 %
20 %
30 %
40 %
50 %
60 %
70 %
80 %
90 %
458691
44295.9
44295.9
40508.8
16955.5
5248.98
5131.77
4763.18
3505.9
1540.66
1082.79
758.644


Lost electron: 34.6553
Lost muon: 281.378
Hadronic tau: 0
e fake photon: 442.611
Rest: 0
===========================================================================
iFile 5  Analyzing tree from /eos/user/s/seema/SUSYGMSB2023/SkimsUL_June2023/skimmed_Summer20UL18_WJetsToLNu_HT-400To600_TuneCP5_13TeV-madgraphMLM-pythia8.root
===========================================================================
main(): chain->GetEntries() 189232
NtupleVarsTProxy::Init(TTree *tree) tree->GetEntries()189232
NtupleVarsTProxy::Init(TTree *tree) fChain->GetEntries() 189232
AnalyzeTProxytBSM::EventLoop() 
Analyzing /eos/user/s/seema/SUSYGMSB2023/SkimsUL_June2023/skimmed_Summer20UL18_WJetsToLNu_HT-400To600_TuneCP5_13TeV-madgraphMLM-pythia8.root nentries 189232
0	analyzed process	2018.WJets
10 %
20 %
30 %
40 %
50 %
60 %
70 %
80 %
90 %
530016
53377.2
53377.2
49279.2
25508.6
8979.56
8774.87
8102.69
5988.46
3203.86
2234.46
1497


Lost electron: 67.7243
Lost muon: 575.77
Hadronic tau: 0
e fake photon: 853.503
Rest: 0
===========================================================================
iFile 6  Analyzing tree from /eos/user/s/seema/SUSYGMSB2023/SkimsUL_June2023/skimmed_Summer20UL18_WJetsToLNu_HT-600To800_TuneCP5_13TeV-madgraphMLM-pythia8.root
===========================================================================
main(): chain->GetEntries() 234653
NtupleVarsTProxy::Init(TTree *tree) tree->GetEntries()234653
NtupleVarsTProxy::Init(TTree *tree) fChain->GetEntries() 234653
AnalyzeTProxytBSM::EventLoop() 
Analyzing /eos/user/s/seema/SUSYGMSB2023/SkimsUL_June2023/skimmed_Summer20UL18_WJetsToLNu_HT-600To800_TuneCP5_13TeV-madgraphMLM-pythia8.root nentries 234653
0	analyzed process	2018.WJets
10 %
20 %
30 %
40 %
50 %
60 %
70 %
80 %
90 %
550630
56411.6
56411.6
52255.6
28474.8
10451.1
10208.4
9371.7
6931.78
3904.75
2680.49
1778.09


Lost electron: 81.6876
Lost muon: 680.693
Hadronic tau: 0
e fake photon: 1015.71
Rest: 0
===========================================================================
iFile 7  Analyzing tree from /eos/user/s/seema/SUSYGMSB2023/SkimsUL_June2023/skimmed_Summer20UL18_WJetsToLNu_HT-800To1200_TuneCP5_13TeV-madgraphMLM-pythia8.root
===========================================================================
main(): chain->GetEntries() 243506
NtupleVarsTProxy::Init(TTree *tree) tree->GetEntries()243506
NtupleVarsTProxy::Init(TTree *tree) fChain->GetEntries() 243506
AnalyzeTProxytBSM::EventLoop() 
Analyzing /eos/user/s/seema/SUSYGMSB2023/SkimsUL_June2023/skimmed_Summer20UL18_WJetsToLNu_HT-800To1200_TuneCP5_13TeV-madgraphMLM-pythia8.root nentries 243506
0	analyzed process	2018.WJets
10 %
20 %
30 %
40 %
50 %
60 %
70 %
80 %
90 %
560799
58138.1
58138.1
53963.5
30182.1
11347.1
11076.9
10109.5
7482.59
4335.35
2937.5
1936.21


Lost electron: 90.1012
Lost muon: 741.944
Hadronic tau: 0
e fake photon: 1104.16
Rest: 0
dataset 2018 
If analyzing the lost electron estimation ?   LL
Which pho_ID: 	MVA
