/afs/cern.ch/user/c/cagrawal/public/MyAnalysis/CMSSW_14_0_2/src/SusySoft2023Ana
/afs/cern.ch/user/c/cagrawal/public/MyAnalysis/CMSSW_14_0_2/src/SusySoft2023Ana/condor/root_files_condor/Summer20UL17_WJetsToLNu_HT.root
Treating the input files as BG for setting tree branches
AnalyzeLightBSM::BookHistogram 
File name = ./map_crosssection_SMprocess_v1.txt
values: 19.77 entries: 4.7646e+06
values: 0.8092 entries: 4.96626e+06
values: 19.77 entries: 3.59877e+06
values: 0.8092 entries: 3.60963e+06
values: 19.77 entries: 1.38616e+06
values: 0.8092 entries: 1.33067e+06
values: 19.77 entries: 1.60326e+06
values: 0.8092 entries: 1.45734e+06
values: 0.2984 entries: 890062
values: 3.757 entries: 1.6096e+06
===========================================================================
iFile 1  Analyzing tree from /eos/user/s/seema/SUSYGMSB2023/SkimsUL_June2023/skimmed_Summer20UL17_WJetsToLNu_HT-100To200_TuneCP5_13TeV-madgraphMLM-pythia8.root
===========================================================================
main(): chain->GetEntries() 117145
NtupleVarsTProxy::Init(TTree *tree) tree->GetEntries()117145
NtupleVarsTProxy::Init(TTree *tree) fChain->GetEntries() 117145
AnalyzeTProxytBSM::EventLoop() 
Analyzing /eos/user/s/seema/SUSYGMSB2023/SkimsUL_June2023/skimmed_Summer20UL17_WJetsToLNu_HT-100To200_TuneCP5_13TeV-madgraphMLM-pythia8.root nentries 117145
0	analyzed process	2017.WJets
10 %
20 %
30 %
40 %
50 %
60 %
70 %
80 %
90 %
144876
12483.4
12483.4
11110.4
583.607
102.538
99.178
85.012
51.1773
12.0408
5.25942
5.25942


Lost electron: 0.756253
Lost muon: 0.902869
Hadronic tau: 0
e fake photon: 3.6003
Rest: 0
===========================================================================
iFile 2  Analyzing tree from /eos/user/s/seema/SUSYGMSB2023/SkimsUL_June2023/skimmed_Summer20UL17_WJetsToLNu_HT-1200To2500_TuneCP5_13TeV-madgraphMLM-pythia8.root
===========================================================================
main(): chain->GetEntries() 185230
NtupleVarsTProxy::Init(TTree *tree) tree->GetEntries()185230
NtupleVarsTProxy::Init(TTree *tree) fChain->GetEntries() 185230
AnalyzeTProxytBSM::EventLoop() 
Analyzing /eos/user/s/seema/SUSYGMSB2023/SkimsUL_June2023/skimmed_Summer20UL17_WJetsToLNu_HT-1200To2500_TuneCP5_13TeV-madgraphMLM-pythia8.root nentries 185230
0	analyzed process	2017.WJets
10 %
20 %
30 %
40 %
50 %
60 %
70 %
80 %
90 %
146835
12879.9
12879.9
11505.4
978.501
307.517
294.439
240.437
170.535
108.448
60.3118
40.0242


Lost electron: 3.03943
Lost muon: 15.1178
Hadronic tau: 0
e fake photon: 21.867
Rest: 0
===========================================================================
iFile 3  Analyzing tree from /eos/user/s/seema/SUSYGMSB2023/SkimsUL_June2023/skimmed_Summer20UL17_WJetsToLNu_HT-200To400_TuneCP5_13TeV-madgraphMLM-pythia8.root
===========================================================================
main(): chain->GetEntries() 544691
NtupleVarsTProxy::Init(TTree *tree) tree->GetEntries()544691
NtupleVarsTProxy::Init(TTree *tree) fChain->GetEntries() 544691
AnalyzeTProxytBSM::EventLoop() 
Analyzing /eos/user/s/seema/SUSYGMSB2023/SkimsUL_June2023/skimmed_Summer20UL17_WJetsToLNu_HT-200To400_TuneCP5_13TeV-madgraphMLM-pythia8.root nentries 544691
0	analyzed process	2017.WJets
10 %
20 %
30 %
40 %
50 %
60 %
70 %
80 %
90 %
343075
33338.2
33338.2
30672.8
12781.3
3615.78
3532.87
3284.78
2426.74
1146.48
816.658
580.227


Lost electron: 26.4014
Lost muon: 209.972
Hadronic tau: 0
e fake photon: 343.854
Rest: 0
===========================================================================
iFile 4  Analyzing tree from /eos/user/s/seema/SUSYGMSB2023/SkimsUL_June2023/skimmed_Summer20UL17_WJetsToLNu_HT-2500ToInf_TuneCP5_13TeV-madgraphMLM-pythia8.root
===========================================================================
main(): chain->GetEntries() 51914
NtupleVarsTProxy::Init(TTree *tree) tree->GetEntries()51914
NtupleVarsTProxy::Init(TTree *tree) fChain->GetEntries() 51914
AnalyzeTProxytBSM::EventLoop() 
Analyzing /eos/user/s/seema/SUSYGMSB2023/SkimsUL_June2023/skimmed_Summer20UL17_WJetsToLNu_HT-2500ToInf_TuneCP5_13TeV-madgraphMLM-pythia8.root nentries 51914
0	analyzed process	2017.WJets
10 %
20 %
30 %
40 %
50 %
60 %
70 %
80 %
90 %
343128
33351.3
33351.3
30685.8
12794.4
3623.16
3539.73
3289.52
2430.59
1149.66
818.393
581.35


Lost electron: 26.5197
Lost muon: 210.483
Hadronic tau: 0
e fake photon: 344.348
Rest: 0
===========================================================================
iFile 5  Analyzing tree from /eos/user/s/seema/SUSYGMSB2023/SkimsUL_June2023/skimmed_Summer20UL17_WJetsToLNu_HT-400To600_TuneCP5_13TeV-madgraphMLM-pythia8.root
===========================================================================
main(): chain->GetEntries() 141363
NtupleVarsTProxy::Init(TTree *tree) tree->GetEntries()141363
NtupleVarsTProxy::Init(TTree *tree) fChain->GetEntries() 141363
AnalyzeTProxytBSM::EventLoop() 
Analyzing /eos/user/s/seema/SUSYGMSB2023/SkimsUL_June2023/skimmed_Summer20UL17_WJetsToLNu_HT-400To600_TuneCP5_13TeV-madgraphMLM-pythia8.root nentries 141363
0	analyzed process	2017.WJets
10 %
20 %
30 %
40 %
50 %
60 %
70 %
80 %
90 %
395462
40020.6
40020.6
37143.7
19120.3
6203.84
6060.88
5595.65
4128.39
2328.53
1632.72
1113.62


Lost electron: 60.1063
Lost muon: 423.779
Hadronic tau: 0
e fake photon: 629.737
Rest: 0
===========================================================================
iFile 6  Analyzing tree from /eos/user/s/seema/SUSYGMSB2023/SkimsUL_June2023/skimmed_Summer20UL17_WJetsToLNu_HT-600To800_TuneCP5_13TeV-madgraphMLM-pythia8.root
===========================================================================
main(): chain->GetEntries() 172332
NtupleVarsTProxy::Init(TTree *tree) tree->GetEntries()172332
NtupleVarsTProxy::Init(TTree *tree) fChain->GetEntries() 172332
AnalyzeTProxytBSM::EventLoop() 
Analyzing /eos/user/s/seema/SUSYGMSB2023/SkimsUL_June2023/skimmed_Summer20UL17_WJetsToLNu_HT-600To800_TuneCP5_13TeV-madgraphMLM-pythia8.root nentries 172332
0	analyzed process	2017.WJets
10 %
20 %
30 %
40 %
50 %
60 %
70 %
80 %
90 %
410590
42254
42254
39337.7
21310.4
7226.16
7055.14
6477.11
4782.4
2832.6
1950.83
1319.7


Lost electron: 72.6007
Lost muon: 506.535
Hadronic tau: 0
e fake photon: 740.561
Rest: 0
===========================================================================
iFile 7  Analyzing tree from /eos/user/s/seema/SUSYGMSB2023/SkimsUL_June2023/skimmed_Summer20UL17_WJetsToLNu_HT-800To1200_TuneCP5_13TeV-madgraphMLM-pythia8.root
===========================================================================
main(): chain->GetEntries() 172624
NtupleVarsTProxy::Init(TTree *tree) tree->GetEntries()172624
NtupleVarsTProxy::Init(TTree *tree) fChain->GetEntries() 172624
AnalyzeTProxytBSM::EventLoop() 
Analyzing /eos/user/s/seema/SUSYGMSB2023/SkimsUL_June2023/skimmed_Summer20UL17_WJetsToLNu_HT-800To1200_TuneCP5_13TeV-madgraphMLM-pythia8.root nentries 172624
0	analyzed process	2017.WJets
10 %
20 %
30 %
40 %
50 %
60 %
70 %
80 %
90 %
418040
43527.9
43527.9
40599.1
22571.5
7852.17
7660.2
6994.31
5167.43
3137.4
2133.09
1433.38


Lost electron: 79.1889
Lost muon: 550.434
Hadronic tau: 0
e fake photon: 803.76
Rest: 0
dataset 2017 
If analyzing the lost electron estimation ?   LL
Which pho_ID: 	MVA
